ApsimVersion = 7.9 r4044
Title = ames-2001
           Date           year          yield        biomass     watertable          no3()   surfaceom_wt            lai    dlt_n_min()           Rain
   (dd/mm/yyyy)         (year)        (kg/ha)        (kg/ha)           (mm)        (kg/ha)        (kg/ha)      (m^2/m^2)        (kg/ha)           (mm)
     01/01/2001           2001            0.0            0.0        688.052           26.5            0.0          0.000            0.0          1.270
     02/01/2001           2001            0.0            0.0        704.762           26.6            0.0          0.000            0.0          0.000
     03/01/2001           2001            0.0            0.0        717.721           26.7            0.0          0.000           -0.0          0.000
     04/01/2001           2001            0.0            0.0        736.040           26.6            0.0          0.000           -0.0          0.000
     05/01/2001           2001            0.0            0.0        758.087           26.6            0.0          0.000           -0.0          0.000
     06/01/2001           2001            0.0            0.0        787.268           26.6            0.0          0.000           -0.0          0.000
     07/01/2001           2001            0.0            0.0        815.636           26.6            0.0          0.000           -0.0          0.000
     08/01/2001           2001            0.0            0.0        841.291           26.5            0.0          0.000           -0.0          0.000
     09/01/2001           2001            0.0            0.0        864.049           26.5            0.0          0.000           -0.0          0.000
     10/01/2001           2001            0.0            0.0        899.649           26.5            0.0          0.000           -0.0          0.000
     11/01/2001           2001            0.0            0.0        908.294           26.4            0.0          0.000           -0.0          2.790
     12/01/2001           2001            0.0            0.0        910.813           26.4            0.0          0.000           -0.0          0.250
     13/01/2001           2001            0.0            0.0        916.418           26.4            0.0          0.000           -0.0          0.000
     14/01/2001           2001            0.0            0.0        919.320           26.4            0.0          0.000           -0.0          1.270
     15/01/2001           2001            0.0            0.0        925.131           26.3            0.0          0.000           -0.0          0.000
     16/01/2001           2001            0.0            0.0        932.301           26.3            0.0          0.000           -0.0          0.000
     17/01/2001           2001            0.0            0.0        940.855           26.3            0.0          0.000           -0.0          0.000
     18/01/2001           2001            0.0            0.0        951.076           26.2            0.0          0.000           -0.0          0.000
     19/01/2001           2001            0.0            0.0        960.964           26.2            0.0          0.000           -0.0          0.000
     20/01/2001           2001            0.0            0.0        966.562           26.1            0.0          0.000           -0.0          0.000
     21/01/2001           2001            0.0            0.0        987.798           26.1            0.0          0.000           -0.0          0.000
     22/01/2001           2001            0.0            0.0        996.483           26.0            0.0          0.000           -0.0          0.000
     23/01/2001           2001            0.0            0.0       1002.697           26.0            0.0          0.000           -0.0          0.000
     24/01/2001           2001            0.0            0.0       1008.375           25.9            0.0          0.000           -0.0          0.000
     25/01/2001           2001            0.0            0.0       1013.680           25.9            0.0          0.000           -0.0          0.000
     26/01/2001           2001            0.0            0.0       1010.664           25.9            0.0          0.000           -0.0          3.300
     27/01/2001           2001            0.0            0.0       1009.666           25.8            0.0          0.000           -0.0          0.000
     28/01/2001           2001            0.0            0.0       1011.517           25.8            0.0          0.000           -0.0          0.250
     29/01/2001           2001            0.0            0.0        982.656           25.8            0.0          0.000           -0.0         15.750
     30/01/2001           2001            0.0            0.0        913.121           25.8            0.0          0.000           -0.0          3.300
     31/01/2001           2001            0.0            0.0        895.002           25.7            0.0          0.000           -0.0          0.000
     01/02/2001           2001            0.0            0.0        897.685           25.7            0.0          0.000           -0.0          0.000
     02/02/2001           2001            0.0            0.0        902.976           25.6            0.0          0.000           -0.0          0.000
     03/02/2001           2001            0.0            0.0        910.313           25.5            0.0          0.000           -0.0          0.000
     04/02/2001           2001            0.0            0.0        918.908           25.5            0.0          0.000           -0.0          0.000
     05/02/2001           2001            0.0            0.0        929.007           25.4            0.0          0.000           -0.0          0.000
     06/02/2001           2001            0.0            0.0        940.866           25.4            0.0          0.000           -0.0          0.000
     07/02/2001           2001            0.0            0.0        950.536           25.3            0.0          0.000           -0.0          0.250
     08/02/2001           2001            0.0            0.0        938.861           25.3            0.0          0.000           -0.0          4.320
     09/02/2001           2001            0.0            0.0        883.577           25.3            0.0          0.000           -0.0         14.480
     10/02/2001           2001            0.0            0.0        756.158           25.3            0.0          0.000           -0.0          0.000
     11/02/2001           2001            0.0            0.0        761.469           25.2            0.0          0.000           -0.0          0.000
     12/02/2001           2001            0.0            0.0        781.116           25.1            0.0          0.000           -0.0          0.000
     13/02/2001           2001            0.0            0.0        804.005           25.1            0.0          0.000           -0.0          0.000
     14/02/2001           2001            0.0            0.0        815.347           25.0            0.0          0.000           -0.0          1.520
     15/02/2001           2001            0.0            0.0        830.522           25.0            0.0          0.000           -0.0          0.000
     16/02/2001           2001            0.0            0.0        850.681           24.9            0.0          0.000           -0.0          0.000
     17/02/2001           2001            0.0            0.0        865.983           24.8            0.0          0.000           -0.0          0.000
     18/02/2001           2001            0.0            0.0        902.617           24.8            0.0          0.000           -0.0          0.000
     19/02/2001           2001            0.0            0.0        917.739           24.7            0.0          0.000           -0.0          0.000
     20/02/2001           2001            0.0            0.0        928.681           24.7            0.0          0.000           -0.0          0.000
     21/02/2001           2001            0.0            0.0        938.589           24.6            0.0          0.000           -0.0          0.000
     22/02/2001           2001            0.0            0.0        950.315           24.6            0.0          0.000           -0.0          0.000
     23/02/2001           2001            0.0            0.0        961.459           24.5            0.0          0.000           -0.0          0.000
     24/02/2001           2001            0.0            0.0        913.301           24.5            0.0          0.000           -0.0         11.940
     25/02/2001           2001            0.0            0.0        903.603           24.5            0.0          0.000           -0.0          0.000
     26/02/2001           2001            0.0            0.0        905.871           24.4            0.0          0.000           -0.0          0.000
     27/02/2001           2001            0.0            0.0        911.836           24.4            0.0          0.000           -0.0          0.000
     28/02/2001           2001            0.0            0.0        919.333           24.3            0.0          0.000           -0.0          0.000
     01/03/2001           2001            0.0            0.0        927.332           24.3            0.0          0.000           -0.0          0.000
     02/03/2001           2001            0.0            0.0        939.095           24.2            0.0          0.000           -0.0          0.000
     03/03/2001           2001            0.0            0.0        955.095           24.2            0.0          0.000           -0.0          0.000
     04/03/2001           2001            0.0            0.0        966.095           24.1            0.0          0.000           -0.0          0.000
     05/03/2001           2001            0.0            0.0        988.917           24.1            0.0          0.000           -0.0          0.000
     06/03/2001           2001            0.0            0.0        999.039           24.0            0.0          0.000           -0.0          0.000
     07/03/2001           2001            0.0            0.0       1004.797           24.0            0.0          0.000           -0.0          0.000
     08/03/2001           2001            0.0            0.0       1010.444           23.9            0.0          0.000           -0.0          0.000
     09/03/2001           2001            0.0            0.0       1017.332           23.9            0.0          0.000           -0.0          0.000
     10/03/2001           2001            0.0            0.0       1025.262           23.8            0.0          0.000           -0.0          0.000
     11/03/2001           2001            0.0            0.0       1033.498           23.8            0.0          0.000           -0.0          0.000
     12/03/2001           2001            0.0            0.0        996.602           23.9            0.0          0.000           -0.0         20.320
     13/03/2001           2001            0.0            0.0        972.407           23.8            0.0          0.000            0.0          0.000
     14/03/2001           2001            0.0            0.0        970.903           23.8            0.0          0.000            0.0          0.760
     15/03/2001           2001            0.0            0.0        973.155           23.7            0.0          0.000            0.0          0.250
     16/03/2001           2001            0.0            0.0        977.358           23.7            0.0          0.000           -0.0          0.250
     17/03/2001           2001            0.0            0.0        984.648           23.6            0.0          0.000           -0.0          0.000
     18/03/2001           2001            0.0            0.0        994.518           23.6            0.0          0.000           -0.0          0.000
     19/03/2001           2001            0.0            0.0       1008.607           23.5            0.0          0.000           -0.0          0.000
     20/03/2001           2001            0.0            0.0       1025.889           23.5            0.0          0.000            0.0          0.000
     21/03/2001           2001            0.0            0.0       1042.811           23.5            0.0          0.000            0.0          0.000
     22/03/2001           2001            0.0            0.0       1061.319           23.6            0.0          0.000            0.0          0.000
     23/03/2001           2001            0.0            0.0       1078.178           23.5            0.0          0.000            0.0          0.760
     24/03/2001           2001            0.0            0.0       1094.216           23.5            0.0          0.000           -0.0          0.000
     25/03/2001           2001            0.0            0.0       1107.940           23.5            0.0          0.000           -0.0          0.000
     26/03/2001           2001            0.0            0.0       1122.261           23.4            0.0          0.000           -0.0          0.000
     27/03/2001           2001            0.0            0.0       1142.327           23.4            0.0          0.000           -0.0          0.000
     28/03/2001           2001            0.0            0.0       1162.095           23.3            0.0          0.000           -0.0          0.000
     29/03/2001           2001            0.0            0.0       1228.366           23.3            0.0          0.000            0.0          1.270
     30/03/2001           2001            0.0            0.0       1239.833           23.4            0.0          0.000            0.0          0.000
     31/03/2001           2001            0.0            0.0       1247.059           23.4            0.0          0.000            0.0          4.320
     01/04/2001           2001            0.0            0.0       1255.120           23.5            0.0          0.000            0.0          0.000
     02/04/2001           2001            0.0            0.0       1263.420           23.6            0.0          0.000            0.0          0.000
     03/04/2001           2001            0.0            0.0       1268.106           23.8            0.0          0.000            0.0          0.000
     04/04/2001           2001            0.0            0.0       1273.319           24.1            0.0          0.000            0.1          0.000
     05/04/2001           2001            0.0            0.0       1278.704           24.7            0.0          0.000            0.2          0.000
     06/04/2001           2001            0.0            0.0       1281.637           25.5            0.0          0.000            0.2          6.350
     07/04/2001           2001            0.0            0.0       1283.984           26.3            0.0          0.000            0.2          0.254
     08/04/2001           2001            0.0            0.0       1283.440           27.2            0.0          0.000            0.2         13.716
     09/04/2001           2001            0.0            0.0       1280.418           27.9            0.0          0.000            0.2          0.000
     10/04/2001           2001            0.0            0.0       1272.683           28.6            0.0          0.000            0.2         10.414
     11/04/2001           2001            0.0            0.0       1229.498           29.7            0.0          0.000            0.2         22.098
     12/04/2001           2001            0.0            0.0       1191.859           30.4            0.0          0.000            0.2          0.000
     13/04/2001           2001            0.0            0.0       1184.798           31.0            0.0          0.000            0.2          2.286
     14/04/2001           2001            0.0            0.0       1189.513           31.6            0.0          0.000            0.2          0.000
     15/04/2001           2001            0.0            0.0       1197.760           32.1            0.0          0.000            0.1          0.254
     16/04/2001           2001            0.0            0.0       1205.477           32.4            0.0          0.000            0.1          0.000
     17/04/2001           2001            0.0            0.0       1214.842           32.5            0.0          0.000            0.0          0.000
     18/04/2001           2001            0.0            0.0       1226.458           32.8            0.0          0.000            0.1          0.000
     19/04/2001           2001            0.0            0.0       1240.577           33.3            0.0          0.000            0.2          0.000
     20/04/2001           2001            0.0            0.0       1256.371           34.4            0.0          0.000            0.4          1.778
     21/04/2001           2001            0.0            0.0       1266.689           35.4            0.0          0.000            0.3          0.508
     22/04/2001           2001            0.0            0.0       1267.148           36.5            0.0          0.000            0.3         18.542
     23/04/2001           2001            0.0            0.0       1260.282           37.3            0.0          0.000            0.3          0.000
     24/04/2001           2001            0.0            0.0       1253.551           38.0            0.0          0.000            0.2          1.778
     25/04/2001           2001            0.0            0.0       1260.356           38.7            0.0          0.000            0.3          0.000
     26/04/2001           2001            0.0            0.0       1266.393           39.9            0.0          0.000            0.5          0.000
     27/04/2001           2001            0.0            0.0       1273.077           41.2            0.0          0.000            0.6          0.000
     28/04/2001           2001            0.0            0.0       1281.169           42.6            0.0          0.000            0.6          0.000
     29/04/2001           2001            0.0            0.0       1290.759           44.1            0.0          0.000            0.7          0.000
     30/04/2001           2001            0.0            0.0       1300.240           45.4            0.0          0.000            0.6          6.604
     01/05/2001           2001            0.0            0.0       1308.405           46.8            0.0          0.000            0.7          4.572
     02/05/2001           2001            0.0            0.0       1309.209           47.9            0.0          0.000            0.5          9.906
     03/05/2001           2001            0.0            0.0       1295.990           48.8            0.0          0.000            0.4         21.082
     04/05/2001           2001            0.0            0.0       1276.372           49.5            0.0          0.000            0.4          3.048
     05/05/2001           2001            0.0            0.0       1261.578           50.2            0.0          0.000            0.4          3.810
     06/05/2001           2001            0.0            0.0       1233.345           51.0            0.0          0.000            0.4          5.588
     07/05/2001           2001            0.0            0.0       1229.177           51.6            0.0          0.000            0.4          0.000
     08/05/2001           2001            0.0            0.0       1235.992           52.3            0.0          0.000            0.5          0.000
     09/05/2001           2001            0.0            0.0       1247.613           53.2            0.0          0.000            0.6          1.778
     10/05/2001           2001            0.0            0.0       1245.001           54.3            0.0          0.000            0.6         24.892
     11/05/2001           2001            0.0            0.0       1229.654           55.1            0.0          0.000            0.6          0.000
     12/05/2001           2001            0.0            0.0       1231.480           55.7            0.0          0.000            0.5          0.000
     13/05/2001           2001            0.0            0.0       1230.179           56.2            0.0          0.000            0.4          6.604
     14/05/2001           2001            0.0            0.0       1235.686           57.0            0.0          0.000            0.6          0.000
     15/05/2001           2001            0.0            0.0       1248.769           58.2            0.0          0.000            1.0          0.000
     16/05/2001           2001            0.0            0.0       1263.909           59.5            0.0          0.000            1.1          0.000
     17/05/2001           2001            0.0            0.0       1271.881           60.7            0.0          0.000            1.0          0.000
     18/05/2001           2001            0.0            0.0       1280.877           61.7            0.0          0.000            0.9          0.000
     19/05/2001           2001            0.0            0.0       1291.203           62.8            0.0          0.000            0.9          0.000
     20/05/2001           2001            0.0            0.0       1295.238           63.7            0.0          0.000            0.6         40.132
     21/05/2001           2001            0.0            0.0       1279.942           64.1            0.0          0.000            0.4          1.270
     22/05/2001           2001            0.0            0.0       1272.760           64.4            0.0          0.000            0.3          0.000
     23/05/2001           2001            0.0            0.0       1268.375           64.6            0.0          0.000            0.3          3.810
     24/05/2001           2001            0.0            0.0       1267.036           64.8            0.0          0.000            0.3          0.762
     25/05/2001           2001            0.0            0.0       1263.735           65.1            0.0          0.000            0.3          6.858
     26/05/2001           2001            0.0            0.0       1254.778           65.3            0.0          0.000            0.3          5.080
     27/05/2001           2001            0.0            0.0       1250.971           65.6            0.0          0.000            0.4          0.508
     28/05/2001           2001            0.0            0.0       1253.306           66.0            0.0          0.000            0.4          3.302
     29/05/2001           2001            0.0            0.0       1262.055           66.5            0.0          0.000            0.5          0.000
     30/05/2001           2001            0.0            0.0       1266.680           66.8            0.0          0.000            0.5          0.000
     31/05/2001           2001            0.0            0.0       1264.838           67.2            0.0          0.000            0.3         16.256
     01/06/2001           2001            0.0            0.0       1251.229           67.4            0.0          0.000            0.4          1.778
     02/06/2001           2001            0.0            0.0       1247.818           67.7            0.0          0.000            0.4          0.000
     03/06/2001           2001            0.0            0.0       1253.129           68.0            0.0          0.000            0.4          0.000
     04/06/2001           2001            0.0            0.0       1261.282           68.2            0.0          0.000            0.4          0.508
     05/06/2001           2001            0.0            0.0       1260.681           68.6            0.0          0.000            0.4          7.620
     06/06/2001           2001            0.0            0.0       1263.243           69.0            0.0          0.000            0.5          0.000
     07/06/2001           2001            0.0            0.0       1267.754           69.6            0.0          0.000            0.7          0.000
     08/06/2001           2001            0.0            0.0       1274.047           70.3            0.0          0.000            0.8          0.000
     09/06/2001           2001            0.0            0.0       1282.166           71.1            0.0          0.000            0.9          0.000
     10/06/2001           2001            0.0            0.0       1291.549           72.2            0.0          0.000            1.0          3.556
     11/06/2001           2001            0.0            0.0       1302.817           73.5            0.0          0.000            1.2          0.000
     12/06/2001           2001            0.0            0.0       1313.397           74.6            0.0          0.000            1.1         14.986
     13/06/2001           2001            0.0            0.0       1321.624           75.7            0.0          0.000            1.2          0.000
     14/06/2001           2001            0.0            0.0       1324.495           76.6            0.0          0.000            1.0          9.652
     15/06/2001           2001            0.0            0.0       1327.600           77.4            0.0          0.000            0.9          0.000
     16/06/2001           2001            0.0            0.0       1332.321           78.2            0.0          0.000            1.0          4.064
     17/06/2001           2001            0.0            0.0       1340.598           79.2            0.0          0.000            1.1          0.000
     18/06/2001           2001            0.0            0.0       1351.705           80.4            0.0          0.000            1.3          0.000
     19/06/2001           2001            0.0            0.0       1364.835           81.4            0.0          0.000            1.0          0.000
     20/06/2001           2001            0.0            0.0       1379.401           82.2            0.0          0.000            0.9          0.254
     21/06/2001           2001            0.0            0.0       1394.888           83.0            0.0          0.000            0.8          0.000
     22/06/2001           2001            0.0            0.0       1410.897           83.6            0.0          0.000            0.7          0.000
     23/06/2001           2001            0.0            0.0       1427.016           84.3            0.0          0.000            0.7          0.000
     24/06/2001           2001            0.0            0.0       1443.557           85.2            0.0          0.000            0.9          0.000
     25/06/2001           2001            0.0            0.0       1461.022           86.4            0.0          0.000            1.2          0.000
     26/06/2001           2001            0.0            0.0       1479.204           87.9            0.0          0.000            1.3          0.000
     27/06/2001           2001            0.0            0.0       1497.722           89.2            0.0          0.000            1.3          0.000
     28/06/2001           2001            0.0            0.0       1516.091           90.6            0.0          0.000            1.3          0.000
     29/06/2001           2001            0.0            0.0       1533.912           91.9            0.0          0.000            1.3          0.000
     30/06/2001           2001            0.0            0.0       1551.309           93.2            0.0          0.000            1.3          0.000
     01/07/2001           2001            0.0            0.0       1567.475           94.2            0.0          0.000            1.1          0.000
     02/07/2001           2001            0.0            0.0       1581.713           95.0            0.0          0.000            0.9          0.000
     03/07/2001           2001            0.0            0.0       1593.782           96.0            0.0          0.000            1.0          1.016
     04/07/2001           2001            0.0            0.0       1603.840           97.3            0.0          0.000            1.2          0.000
     05/07/2001           2001            0.0            0.0       1612.223           98.5            0.0          0.000            1.2          0.000
     06/07/2001           2001            0.0            0.0       1619.279           99.7            0.0          0.000            1.2          0.000
     07/07/2001           2001            0.0            0.0       1625.299          101.0            0.0          0.000            1.3          0.000
     08/07/2001           2001            0.0            0.0       1630.325          102.6            0.0          0.000            1.6         10.160
     09/07/2001           2001            0.0            0.0       1634.657          103.8            0.0          0.000            1.3          0.000
     10/07/2001           2001            0.0            0.0       1638.451          104.9            0.0          0.000            1.3          0.000
     11/07/2001           2001            0.0            0.0       1642.492          106.1            0.0          0.000            1.2          0.000
     12/07/2001           2001            0.0            0.0       1647.242          107.3            0.0          0.000            1.2          0.000
     13/07/2001           2001            0.0            0.0       1653.074          108.5            0.0          0.000            1.2          0.000
     14/07/2001           2001            0.0            0.0       1660.602          109.8            0.0          0.000            1.2          0.000
     15/07/2001           2001            0.0            0.0       1671.052          111.0            0.0          0.000            1.2          0.000
     16/07/2001           2001            0.0            0.0       1687.020          112.2            0.0          0.000            1.2          0.000
     17/07/2001           2001            0.0            0.0       1711.800          113.5            0.0          0.000            1.3          0.000
     18/07/2001           2001            0.0            0.0       1741.262          114.8            0.0          0.000            1.2          0.508
     19/07/2001           2001            0.0            0.0       1761.722          116.3            0.0          0.000            1.6          9.144
     20/07/2001           2001            0.0            0.0       1781.350          117.7            0.0          0.000            1.4          0.000
     21/07/2001           2001            0.0            0.0       1787.790          118.9            0.0          0.000            1.3          0.000
     22/07/2001           2001            0.0            0.0       1791.222          120.3            0.0          0.000            1.3          0.000
     23/07/2001           2001            0.0            0.0       1794.590          121.8            0.0          0.000            1.4          0.000
     24/07/2001           2001            0.0            0.0       1797.774          123.3            0.0          0.000            1.5         19.050
     25/07/2001           2001            0.0            0.0       1800.661          124.5            0.0          0.000            1.4          0.000
     26/07/2001           2001            0.0            0.0       1802.666          125.6            0.0          0.000            1.2          0.000
     27/07/2001           2001            0.0            0.0       1804.243          126.6            0.0          0.000            1.0          0.000
     28/07/2001           2001            0.0            0.0       1805.679          127.7            0.0          0.000            1.1          2.794
     29/07/2001           2001            0.0            0.0       1807.714          128.8            0.0          0.000            1.1          0.000
     30/07/2001           2001            0.0            0.0       1810.252          130.1            0.0          0.000            1.2          0.000
     31/07/2001           2001            0.0            0.0       1813.349          131.7            0.0          0.000            1.4          0.000
     01/08/2001           2001            0.0            0.0       1816.956          133.4            0.0          0.000            1.5          0.000
     02/08/2001           2001            0.0            0.0       1820.993          135.1            0.0          0.000            1.5          0.000
     03/08/2001           2001            0.0            0.0       1824.759          136.5            0.0          0.000            1.6         25.400
     04/08/2001           2001            0.0            0.0       1827.379          137.9            0.0          0.000            1.6          0.000
     05/08/2001           2001            0.0            0.0       1827.607          139.3            0.0          0.000            1.5          0.000
     06/08/2001           2001            0.0            0.0       1827.495          140.7            0.0          0.000            1.4          0.000
     07/08/2001           2001            0.0            0.0       1827.913          142.2            0.0          0.000            1.4          0.000
     08/08/2001           2001            0.0            0.0       1829.149          143.7            0.0          0.000            1.4          0.000
     09/08/2001           2001            0.0            0.0       1831.211          145.0            0.0          0.000            1.3          0.000
     10/08/2001           2001            0.0            0.0       1834.206          146.1            0.0          0.000            1.1          0.000
     11/08/2001           2001            0.0            0.0       1837.993          147.2            0.0          0.000            1.1          0.000
     12/08/2001           2001            0.0            0.0       1842.410          148.3            0.0          0.000            1.1          0.000
     13/08/2001           2001            0.0            0.0       1847.322          149.4            0.0          0.000            1.1          0.000
     14/08/2001           2001            0.0            0.0       1825.297          150.3            0.0          0.000            0.9          0.762
     15/08/2001           2001            0.0            0.0       1830.115          151.0            0.0          0.000            0.9         20.066
     16/08/2001           2001            0.0            0.0       1832.532          151.8            0.0          0.000            0.9          0.254
     17/08/2001           2001            0.0            0.0       1831.455          152.6            0.0          0.000            1.0          0.000
     18/08/2001           2001            0.0            0.0       1829.465          153.4            0.0          0.000            0.9          3.556
     19/08/2001           2001            0.0            0.0       1827.771          154.2            0.0          0.000            0.8          0.000
     20/08/2001           2001            0.0            0.0       1827.123          154.9            0.0          0.000            0.8          0.000
     21/08/2001           2001            0.0            0.0       1827.623          155.8            0.0          0.000            0.9          0.000
     22/08/2001           2001            0.0            0.0       1828.929          156.8            0.0          0.000            1.0          2.286
     23/08/2001           2001            0.0            0.0       1831.444          157.8            0.0          0.000            1.0          0.000
     24/08/2001           2001            0.0            0.0       1833.733          159.0            0.0          0.000            1.1          9.144
     25/08/2001           2001            0.0            0.0       1835.070          160.0            0.0          0.000            1.1          2.032
     26/08/2001           2001            0.0            0.0       1836.074          161.1            0.0          0.000            1.1          0.000
     27/08/2001           2001            0.0            0.0       1836.958          162.1            0.0          0.000            1.0          0.000
     28/08/2001           2001            0.0            0.0       1837.869          163.1            0.0          0.000            1.0          0.000
     29/08/2001           2001            0.0            0.0       1838.888          164.2            0.0          0.000            1.0          0.000
     30/08/2001           2001            0.0            0.0       1840.369          165.2            0.0          0.000            1.0          0.000
     31/08/2001           2001            0.0            0.0       1841.999          166.1            0.0          0.000            0.9          0.000
     01/09/2001           2001            0.0            0.0       1843.521          167.0            0.0          0.000            0.8          0.000
     02/09/2001           2001            0.0            0.0       1844.998          167.8            0.0          0.000            0.8          0.000
     03/09/2001           2001            0.0            0.0       1846.490          168.7            0.0          0.000            0.9          0.000
     04/09/2001           2001            0.0            0.0       1848.016          169.7            0.0          0.000            0.9          0.000
     05/09/2001           2001            0.0            0.0       1849.584          170.7            0.0          0.000            0.9          0.000
     06/09/2001           2001            0.0            0.0       1851.045          171.4            0.0          0.000            1.0         29.972
     07/09/2001           2001            0.0            0.0       1848.407          171.6            0.0          0.000            0.8         64.262
     08/09/2001           2001            0.0            0.0       1800.685          171.5            0.0          0.000            0.7          4.572
     09/09/2001           2001            0.0            0.0       1762.357          171.5            0.0          0.000            0.6          0.000
     10/09/2001           2001            0.0            0.0       1674.870          171.7            0.0          0.000            0.7          0.000
     11/09/2001           2001            0.0            0.0       1563.695          172.1            0.0          0.000            0.8          0.000
     12/09/2001           2001            0.0            0.0       1557.705          172.7            0.0          0.000            0.9          0.000
     13/09/2001           2001            0.0            0.0       1557.486          173.1            0.0          0.000            0.7          0.000
     14/09/2001           2001            0.0            0.0       1559.633          173.4            0.0          0.000            0.6          0.508
     15/09/2001           2001            0.0            0.0       1562.806          173.8            0.0          0.000            0.6          0.000
     16/09/2001           2001            0.0            0.0       1557.139          173.8            0.0          0.000            0.5         27.940
     17/09/2001           2001            0.0            0.0       1525.610          173.9            0.0          0.000            0.6          0.254
     18/09/2001           2001            0.0            0.0       1495.343          173.8            0.0          0.000            0.5          2.794
     19/09/2001           2001            0.0            0.0       1476.829          173.9            0.0          0.000            0.6          0.000
     20/09/2001           2001            0.0            0.0       1464.515          174.2            0.0          0.000            0.6          3.556
     21/09/2001           2001            0.0            0.0       1459.246          174.4            0.0          0.000            0.6          0.000
     22/09/2001           2001            0.0            0.0       1458.802          174.7            0.0          0.000            0.6          0.000
     23/09/2001           2001            0.0            0.0       1460.738          174.9            0.0          0.000            0.5          0.000
     24/09/2001           2001            0.0            0.0       1464.963          175.0            0.0          0.000            0.4          0.000
     25/09/2001           2001            0.0            0.0       1471.546          175.1            0.0          0.000            0.3          0.000
     26/09/2001           2001            0.0            0.0       1480.340          175.3            0.0          0.000            0.4          0.000
     27/09/2001           2001            0.0            0.0       1491.039          175.6            0.0          0.000            0.5          0.000
     28/09/2001           2001            0.0            0.0       1503.216          176.0            0.0          0.000            0.5          0.000
     29/09/2001           2001            0.0            0.0       1516.347          176.3            0.0          0.000            0.5          0.000
     30/09/2001           2001            0.0            0.0       1529.969          176.6            0.0          0.000            0.4          0.000
     01/10/2001           2001            0.0            0.0       1544.071          177.1            0.0          0.000            0.6          0.000
     02/10/2001           2001            0.0            0.0       1558.151          177.7            0.0          0.000            0.6          0.000
     03/10/2001           2001            0.0            0.0       1571.531          178.3            0.0          0.000            0.6          0.000
     04/10/2001           2001            0.0            0.0       1582.891          178.6            0.0          0.000            0.5          2.030
     05/10/2001           2001            0.0            0.0       1593.809          178.9            0.0          0.000            0.3          0.000
     06/10/2001           2001            0.0            0.0       1602.352          179.0            0.0          0.000            0.2          0.000
     07/10/2001           2001            0.0            0.0       1609.561          179.2            0.0          0.000            0.3          0.000
     08/10/2001           2001            0.0            0.0       1615.785          179.5            0.0          0.000            0.4          0.000
     09/10/2001           2001            0.0            0.0       1621.167          179.9            0.0          0.000            0.5          0.250
     10/10/2001           2001            0.0            0.0       1624.192          180.1            0.0          0.000            0.4         15.750
     11/10/2001           2001            0.0            0.0       1624.434          180.3            0.0          0.000            0.4          0.000
     12/10/2001           2001            0.0            0.0       1622.820          180.5            0.0          0.000            0.3          0.000
     13/10/2001           2001            0.0            0.0       1616.937          180.4            0.0          0.000            0.3         21.840
     14/10/2001           2001            0.0            0.0       1599.870          180.3            0.0          0.000            0.2          0.000
     15/10/2001           2001            0.0            0.0       1581.170          180.1            0.0          0.000            0.2          0.000
     16/10/2001           2001            0.0            0.0       1568.480          180.0            0.0          0.000            0.2          0.000
     17/10/2001           2001            0.0            0.0       1560.611          180.0            0.0          0.000            0.2          0.000
     18/10/2001           2001            0.0            0.0       1556.921          180.0            0.0          0.000            0.2          0.000
     19/10/2001           2001            0.0            0.0       1556.014          180.0            0.0          0.000            0.2          0.000
     20/10/2001           2001            0.0            0.0       1557.264          180.1            0.0          0.000            0.3          0.000
     21/10/2001           2001            0.0            0.0       1560.255          180.3            0.0          0.000            0.3          0.000
     22/10/2001           2001            0.0            0.0       1557.162          180.3            0.0          0.000            0.2         19.050
     23/10/2001           2001            0.0            0.0       1538.831          180.2            0.0          0.000            0.3          0.510
     24/10/2001           2001            0.0            0.0       1517.783          180.1            0.0          0.000            0.2          3.050
     25/10/2001           2001            0.0            0.0       1503.004          179.9            0.0          0.000            0.1          0.000
     26/10/2001           2001            0.0            0.0       1493.786          179.7            0.0          0.000            0.1          0.000
     27/10/2001           2001            0.0            0.0       1489.049          179.6            0.0          0.000            0.1          0.000
     28/10/2001           2001            0.0            0.0       1488.010          179.5            0.0          0.000            0.1          0.000
     29/10/2001           2001            0.0            0.0       1489.681          179.5            0.0          0.000            0.2          0.000
     30/10/2001           2001            0.0            0.0       1491.549          179.4            0.0          0.000            0.2          2.540
     31/10/2001           2001            0.0            0.0       1492.403          179.4            0.0          0.000            0.3          0.000
     01/11/2001           2001            0.0            0.0       1493.999          179.6            0.0          0.000            0.4          0.000
     02/11/2001           2001            0.0            0.0       1497.113          179.6            0.0          0.000            0.3          0.000
     03/11/2001           2001            0.0            0.0       1501.656          179.8            0.0          0.000            0.3          0.000
     04/11/2001           2001            0.0            0.0       1507.462          179.9            0.0          0.000            0.3          0.000
     05/11/2001           2001            0.0            0.0       1514.282          180.1            0.0          0.000            0.3          0.000
     06/11/2001           2001            0.0            0.0       1521.874          180.4            0.0          0.000            0.4          0.000
     07/11/2001           2001            0.0            0.0       1530.067          180.7            0.0          0.000            0.5          0.000
     08/11/2001           2001            0.0            0.0       1538.573          180.9            0.0          0.000            0.3          0.000
     09/11/2001           2001            0.0            0.0       1547.094          181.0            0.0          0.000            0.2          0.000
     10/11/2001           2001            0.0            0.0       1555.455          181.1            0.0          0.000            0.2          0.000
     11/11/2001           2001            0.0            0.0       1563.495          181.2            0.0          0.000            0.2          0.000
     12/11/2001           2001            0.0            0.0       1570.991          181.2            0.0          0.000            0.2          0.000
     13/11/2001           2001            0.0            0.0       1577.430          181.4            0.0          0.000            0.3          0.760
     14/11/2001           2001            0.0            0.0       1582.549          181.7            0.0          0.000            0.4          0.000
     15/11/2001           2001            0.0            0.0       1586.775          182.0            0.0          0.000            0.4          0.000
     16/11/2001           2001            0.0            0.0       1590.640          182.4            0.0          0.000            0.4          0.000
     17/11/2001           2001            0.0            0.0       1594.345          182.7            0.0          0.000            0.4          0.000
     18/11/2001           2001            0.0            0.0       1597.705          182.9            0.0          0.000            0.3          0.000
     19/11/2001           2001            0.0            0.0       1600.232          183.0            0.0          0.000            0.2          2.030
     20/11/2001           2001            0.0            0.0       1602.341          183.0            0.0          0.000            0.1          0.000
     21/11/2001           2001            0.0            0.0       1603.973          183.0            0.0          0.000            0.1          0.000
     22/11/2001           2001            0.0            0.0       1605.658          183.1            0.0          0.000            0.2          0.000
     23/11/2001           2001            0.0            0.0       1603.928          183.1            0.0          0.000            0.2          9.650
     24/11/2001           2001            0.0            0.0       1590.851          182.9            0.0          0.000            0.2         10.410
     25/11/2001           2001            0.0            0.0       1571.557          182.7            0.0          0.000            0.1          1.270
     26/11/2001           2001            0.0            0.0       1539.253          182.4            0.0          0.000            0.1         12.190
     27/11/2001           2001            0.0            0.0       1498.359          182.1            0.0          0.000            0.1          0.000
     28/11/2001           2001            0.0            0.0       1468.923          181.8            0.0          0.000            0.0          0.000
     29/11/2001           2001            0.0            0.0       1450.707          181.5            0.0          0.000            0.0          0.000
     30/11/2001           2001            0.0            0.0       1438.594          181.3            0.0          0.000            0.0          0.000
     01/12/2001           2001            0.0            0.0       1431.377          181.0            0.0          0.000            0.0          0.000
     02/12/2001           2001            0.0            0.0       1427.688          180.8            0.0          0.000            0.1          0.000
     03/12/2001           2001            0.0            0.0       1426.013          180.6            0.0          0.000            0.1          0.000
     04/12/2001           2001            0.0            0.0       1425.236          180.5            0.0          0.000            0.1          0.000
     05/12/2001           2001            0.0            0.0       1423.551          180.4            0.0          0.000            0.2          2.790
     06/12/2001           2001            0.0            0.0       1421.342          180.2            0.0          0.000            0.1          0.000
     07/12/2001           2001            0.0            0.0       1419.900          180.0            0.0          0.000            0.1          0.000
     08/12/2001           2001            0.0            0.0       1419.238          179.7            0.0          0.000            0.0          0.000
     09/12/2001           2001            0.0            0.0       1419.674          179.5            0.0          0.000            0.0          0.000
     10/12/2001           2001            0.0            0.0       1421.220          179.3            0.0          0.000            0.0          0.000
     11/12/2001           2001            0.0            0.0       1423.681          179.2            0.0          0.000            0.0          0.000
     12/12/2001           2001            0.0            0.0       1425.100          179.0            0.0          0.000            0.0          2.790
     13/12/2001           2001            0.0            0.0       1424.328          178.7            0.0          0.000            0.0          0.000
     14/12/2001           2001            0.0            0.0       1423.225          178.5            0.0          0.000            0.0          0.000
     15/12/2001           2001            0.0            0.0       1422.773          178.3            0.0          0.000            0.0          0.000
     16/12/2001           2001            0.0            0.0       1422.657          178.1            0.0          0.000            0.0          0.000
     17/12/2001           2001            0.0            0.0       1423.261          177.9            0.0          0.000            0.0          0.000
     18/12/2001           2001            0.0            0.0       1424.585          177.7            0.0          0.000            0.0          0.000
     19/12/2001           2001            0.0            0.0       1426.315          177.5            0.0          0.000            0.0          0.000
     20/12/2001           2001            0.0            0.0       1428.528          177.3            0.0          0.000            0.0          0.000
     21/12/2001           2001            0.0            0.0       1430.940          177.1            0.0          0.000            0.0          0.000
     22/12/2001           2001            0.0            0.0       1431.055          176.9            0.0          0.000            0.0          4.060
     23/12/2001           2001            0.0            0.0       1428.220          176.7            0.0          0.000            0.0          0.000
     24/12/2001           2001            0.0            0.0       1424.993          176.5            0.0          0.000            0.0          0.000
     25/12/2001           2001            0.0            0.0       1422.054          176.3            0.0          0.000            0.0          0.000
     26/12/2001           2001            0.0            0.0       1419.517          176.1            0.0          0.000            0.0          0.000
     27/12/2001           2001            0.0            0.0       1417.316          175.9            0.0          0.000            0.0          0.000
     28/12/2001           2001            0.0            0.0       1415.386          175.7            0.0          0.000            0.0          0.000
     29/12/2001           2001            0.0            0.0       1413.638          175.5            0.0          0.000            0.0          0.000
     30/12/2001           2001            0.0            0.0       1412.038          175.4            0.0          0.000            0.0          0.000
     31/12/2001           2001            0.0            0.0       1410.567          175.2            0.0          0.000            0.0          0.000
