ApsimVersion = 7.9 r4044
Title = ames-2013
           Date           year          yield        biomass     watertable          no3()   surfaceom_wt            lai    dlt_n_min()           Rain
   (dd/mm/yyyy)         (year)        (kg/ha)        (kg/ha)           (mm)        (kg/ha)        (kg/ha)      (m^2/m^2)        (kg/ha)           (mm)
     01/01/2013           2013            0.0            0.0        694.027           26.5            0.0          0.000            0.0          0.000
     02/01/2013           2013            0.0            0.0        713.986           26.6            0.0          0.000           -0.0          0.000
     03/01/2013           2013            0.0            0.0        728.661           26.6            0.0          0.000           -0.0          0.000
     04/01/2013           2013            0.0            0.0        745.591           26.6            0.0          0.000           -0.0          0.000
     05/01/2013           2013            0.0            0.0        767.061           26.5            0.0          0.000           -0.0          0.000
     06/01/2013           2013            0.0            0.0        791.105           26.5            0.0          0.000           -0.0          0.000
     07/01/2013           2013            0.0            0.0        818.307           26.5            0.0          0.000           -0.0          0.000
     08/01/2013           2013            0.0            0.0        848.471           26.4            0.0          0.000           -0.0          0.000
     09/01/2013           2013            0.0            0.0        870.751           26.4            0.0          0.000           -0.0          0.000
     10/01/2013           2013            0.0            0.0        912.397           26.4            0.0          0.000           -0.0          0.000
     11/01/2013           2013            0.0            0.0        924.543           26.4            0.0          0.000            0.0          0.760
     12/01/2013           2013            0.0            0.0        940.194           26.4            0.0          0.000            0.0          0.000
     13/01/2013           2013            0.0            0.0        953.301           26.4            0.0          0.000           -0.0          0.000
     14/01/2013           2013            0.0            0.0        963.460           26.4            0.0          0.000           -0.0          0.000
     15/01/2013           2013            0.0            0.0        981.351           26.3            0.0          0.000           -0.0          0.000
     16/01/2013           2013            0.0            0.0        996.168           26.3            0.0          0.000           -0.0          0.000
     17/01/2013           2013            0.0            0.0       1005.135           26.3            0.0          0.000           -0.0          0.000
     18/01/2013           2013            0.0            0.0       1015.464           26.2            0.0          0.000           -0.0          0.000
     19/01/2013           2013            0.0            0.0       1026.778           26.3            0.0          0.000            0.0          0.000
     20/01/2013           2013            0.0            0.0       1036.607           26.3            0.0          0.000           -0.0          0.760
     21/01/2013           2013            0.0            0.0       1043.979           26.2            0.0          0.000           -0.0          0.000
     22/01/2013           2013            0.0            0.0       1049.811           26.2            0.0          0.000           -0.0          0.000
     23/01/2013           2013            0.0            0.0       1055.931           26.2            0.0          0.000           -0.0          0.000
     24/01/2013           2013            0.0            0.0       1061.970           26.1            0.0          0.000           -0.0          0.000
     25/01/2013           2013            0.0            0.0       1070.003           26.1            0.0          0.000           -0.0          0.000
     26/01/2013           2013            0.0            0.0       1079.178           26.0            0.0          0.000           -0.0          0.000
     27/01/2013           2013            0.0            0.0       1078.817           26.0            0.0          0.000           -0.0          4.060
     28/01/2013           2013            0.0            0.0       1071.105           26.0            0.0          0.000           -0.0          1.270
     29/01/2013           2013            0.0            0.0       1063.472           26.0            0.0          0.000            0.0          2.540
     30/01/2013           2013            0.0            0.0       1042.459           26.0            0.0          0.000           -0.0          5.330
     31/01/2013           2013            0.0            0.0       1032.759           25.9            0.0          0.000           -0.0          0.000
     01/02/2013           2013            0.0            0.0       1031.991           25.9            0.0          0.000           -0.0          0.000
     02/02/2013           2013            0.0            0.0       1034.839           25.8            0.0          0.000           -0.0          0.000
     03/02/2013           2013            0.0            0.0       1035.551           25.8            0.0          0.000           -0.0          1.520
     04/02/2013           2013            0.0            0.0       1038.269           25.7            0.0          0.000           -0.0          0.000
     05/02/2013           2013            0.0            0.0       1043.694           25.7            0.0          0.000           -0.0          0.000
     06/02/2013           2013            0.0            0.0       1051.243           25.6            0.0          0.000           -0.0          0.000
     07/02/2013           2013            0.0            0.0       1055.762           25.6            0.0          0.000           -0.0          2.030
     08/02/2013           2013            0.0            0.0       1059.733           25.5            0.0          0.000           -0.0          0.000
     09/02/2013           2013            0.0            0.0       1065.138           25.5            0.0          0.000           -0.0          0.000
     10/02/2013           2013            0.0            0.0       1061.249           25.5            0.0          0.000           -0.0          4.570
     11/02/2013           2013            0.0            0.0       1057.913           25.4            0.0          0.000           -0.0          0.000
     12/02/2013           2013            0.0            0.0       1062.207           25.4            0.0          0.000           -0.0          0.000
     13/02/2013           2013            0.0            0.0       1074.191           25.4            0.0          0.000            0.0          0.000
     14/02/2013           2013            0.0            0.0       1092.157           25.4            0.0          0.000            0.0          0.000
     15/02/2013           2013            0.0            0.0       1111.312           25.3            0.0          0.000           -0.0          0.000
     16/02/2013           2013            0.0            0.0       1128.983           25.3            0.0          0.000           -0.0          0.000
     17/02/2013           2013            0.0            0.0       1148.100           25.2            0.0          0.000           -0.0          0.000
     18/02/2013           2013            0.0            0.0       1164.929           25.2            0.0          0.000           -0.0          0.000
     19/02/2013           2013            0.0            0.0       1233.152           25.2            0.0          0.000           -0.0          0.000
     20/02/2013           2013            0.0            0.0       1242.618           25.1            0.0          0.000           -0.0          0.000
     21/02/2013           2013            0.0            0.0       1250.080           25.1            0.0          0.000           -0.0          0.000
     22/02/2013           2013            0.0            0.0       1246.411           25.1            0.0          0.000           -0.0          6.600
     23/02/2013           2013            0.0            0.0       1240.442           25.1            0.0          0.000           -0.0          0.000
     24/02/2013           2013            0.0            0.0       1237.967           25.1            0.0          0.000           -0.0          0.000
     25/02/2013           2013            0.0            0.0       1238.475           25.0            0.0          0.000           -0.0          0.000
     26/02/2013           2013            0.0            0.0       1235.436           25.0            0.0          0.000           -0.0          4.060
     27/02/2013           2013            0.0            0.0       1230.010           25.0            0.0          0.000           -0.0          1.270
     28/02/2013           2013            0.0            0.0       1226.997           24.9            0.0          0.000           -0.0          0.000
     01/03/2013           2013            0.0            0.0       1225.852           24.9            0.0          0.000           -0.0          0.000
     02/03/2013           2013            0.0            0.0       1225.981           24.8            0.0          0.000           -0.0          0.000
     03/03/2013           2013            0.0            0.0       1227.072           24.8            0.0          0.000           -0.0          0.000
     04/03/2013           2013            0.0            0.0       1228.124           24.8            0.0          0.000           -0.0          0.510
     05/03/2013           2013            0.0            0.0       1227.181           24.7            0.0          0.000           -0.0          1.780
     06/03/2013           2013            0.0            0.0       1226.703           24.7            0.0          0.000           -0.0          0.000
     07/03/2013           2013            0.0            0.0       1227.235           24.7            0.0          0.000           -0.0          0.000
     08/03/2013           2013            0.0            0.0       1229.575           24.6            0.0          0.000           -0.0          0.000
     09/03/2013           2013            0.0            0.0       1213.918           24.7            0.0          0.000           -0.0         16.260
     10/03/2013           2013            0.0            0.0       1183.985           24.7            0.0          0.000           -0.0          9.400
     11/03/2013           2013            0.0            0.0       1164.409           24.7            0.0          0.000           -0.0          2.540
     12/03/2013           2013            0.0            0.0       1147.830           24.6            0.0          0.000           -0.0          0.000
     13/03/2013           2013            0.0            0.0        979.000           24.6            0.0          0.000           -0.0          0.000
     14/03/2013           2013            0.0            0.0        985.711           24.5            0.0          0.000           -0.0          0.000
     15/03/2013           2013            0.0            0.0        997.127           24.5            0.0          0.000            0.0          0.000
     16/03/2013           2013            0.0            0.0       1010.541           24.4            0.0          0.000            0.0          0.000
     17/03/2013           2013            0.0            0.0       1022.798           24.4            0.0          0.000           -0.0          0.000
     18/03/2013           2013            0.0            0.0       1026.546           24.4            0.0          0.000           -0.0          2.790
     19/03/2013           2013            0.0            0.0       1030.402           24.3            0.0          0.000           -0.0          0.000
     20/03/2013           2013            0.0            0.0       1036.500           24.3            0.0          0.000           -0.0          0.000
     21/03/2013           2013            0.0            0.0       1043.190           24.2            0.0          0.000           -0.0          0.000
     22/03/2013           2013            0.0            0.0       1050.886           24.2            0.0          0.000           -0.0          0.000
     23/03/2013           2013            0.0            0.0       1060.650           24.1            0.0          0.000           -0.0          0.000
     24/03/2013           2013            0.0            0.0       1071.680           24.1            0.0          0.000           -0.0          0.250
     25/03/2013           2013            0.0            0.0       1075.067           24.1            0.0          0.000           -0.0          2.790
     26/03/2013           2013            0.0            0.0       1079.659           24.0            0.0          0.000           -0.0          0.000
     27/03/2013           2013            0.0            0.0       1092.932           24.0            0.0          0.000           -0.0          0.000
     28/03/2013           2013            0.0            0.0       1115.355           24.0            0.0          0.000            0.0          0.000
     29/03/2013           2013            0.0            0.0       1145.439           24.0            0.0          0.000            0.0          0.000
     30/03/2013           2013            0.0            0.0       1222.060           24.3            0.0          0.000            0.1          1.270
     31/03/2013           2013            0.0            0.0       1243.786           24.5            0.0          0.000            0.1          0.000
     01/04/2013           2013            0.0            0.0       1261.540           24.6            0.0          0.000            0.0          0.000
     02/04/2013           2013            0.0            0.0       1268.354           24.6            0.0          0.000            0.0          0.000
     03/04/2013           2013            0.0            0.0       1274.758           24.6            0.0          0.000            0.0          0.000
     04/04/2013           2013            0.0            0.0       1281.674           24.7            0.0          0.000            0.0          0.000
     05/04/2013           2013            0.0            0.0       1289.384           24.9            0.0          0.000            0.0          0.000
     06/04/2013           2013            0.0            0.0       1298.125           25.4            0.0          0.000            0.1          0.000
     07/04/2013           2013            0.0            0.0       1307.990           25.9            0.0          0.000            0.1          0.000
     08/04/2013           2013            0.0            0.0       1318.872           26.7            0.0          0.000            0.2          0.000
     09/04/2013           2013            0.0            0.0       1324.883           27.9            0.0          0.000            0.2         21.340
     10/04/2013           2013            0.0            0.0       1307.806           28.5            0.0          0.000            0.1         20.570
     11/04/2013           2013            0.0            0.0       1277.290           28.8            0.0          0.000            0.0         11.940
     12/04/2013           2013            0.0            0.0       1246.753           28.9            0.0          0.000            0.0          0.000
     13/04/2013           2013            0.0            0.0       1224.403           29.0            0.0          0.000            0.0          0.000
     14/04/2013           2013            0.0            0.0       1204.438           29.4            0.0          0.000            0.1         11.680
     15/04/2013           2013            0.0            0.0       1191.978           29.8            0.0          0.000            0.1          4.060
     16/04/2013           2013            0.0            0.0       1191.171           30.1            0.0          0.000            0.1          0.000
     17/04/2013           2013            0.0            0.0       1169.791           30.5            0.0          0.000            0.1         26.920
     18/04/2013           2013            0.0            0.0        614.857           30.9            0.0          0.000            0.0         32.510
     19/04/2013           2013            0.0            0.0        583.946           30.9            0.0          0.000            0.0          0.000
     20/04/2013           2013            0.0            0.0        620.229           30.8            0.0          0.000            0.0          0.000
     21/04/2013           2013            0.0            0.0        669.765           31.0            0.0          0.000            0.1          0.000
     22/04/2013           2013            0.0            0.0        611.338           31.6            0.0          0.000            0.2         12.700
     23/04/2013           2013            0.0            0.0        596.401           32.0            0.0          0.000            0.1          5.590
     24/04/2013           2013            0.0            0.0        634.341           32.1            0.0          0.000            0.1          0.000
     25/04/2013           2013            0.0            0.0        682.477           32.3            0.0          0.000            0.1          0.250
     26/04/2013           2013            0.0            0.0        736.901           32.8            0.0          0.000            0.2          0.000
     27/04/2013           2013            0.0            0.0        799.187           33.4            0.0          0.000            0.2          0.000
     28/04/2013           2013            0.0            0.0        876.139           34.2            0.0          0.000            0.3          0.000
     29/04/2013           2013            0.0            0.0        949.003           35.3            0.0          0.000            0.4          0.000
     30/04/2013           2013            0.0            0.0        981.678           36.9            0.0          0.000            0.6          0.000
     01/05/2013           2013            0.0            0.0       1025.763           38.1            0.0          0.000            0.5          0.000
     02/05/2013           2013            0.0            0.0       1005.740           38.8            0.0          0.000            0.1         27.430
     03/05/2013           2013            0.0            0.0        968.818           39.0            0.0          0.000            0.1          2.790
     04/05/2013           2013            0.0            0.0        945.868           39.2            0.0          0.000            0.0          2.540
     05/05/2013           2013            0.0            0.0        876.684           39.4            0.0          0.000            0.1          9.400
     06/05/2013           2013            0.0            0.0        885.331           39.8            0.0          0.000            0.2          0.000
     07/05/2013           2013            0.0            0.0        913.214           40.6            0.0          0.000            0.3          0.000
     08/05/2013           2013            0.0            0.0        959.899           41.5            0.0          0.000            0.4          0.000
     09/05/2013           2013            0.0            0.0        910.336           42.6            0.0          0.000            0.4         29.460
     10/05/2013           2013            0.0            0.0        880.337           43.3            0.0          0.000            0.3          0.510
     11/05/2013           2013            0.0            0.0        897.769           43.9            0.0          0.000            0.3          0.000
     12/05/2013           2013            0.0            0.0        931.501           44.3            0.0          0.000            0.2          0.000
     13/05/2013           2013            0.0            0.0        971.406           44.8            0.0          0.000            0.3          0.000
     14/05/2013           2013            0.0            0.0       1016.791           46.0            0.0          0.000            0.7          0.000
     15/05/2013           2013            0.0            0.0       1052.486           47.4            0.0          0.000            0.8          0.000
     16/05/2013           2013            0.0            0.0       1091.225           48.6            0.0          0.000            0.8          0.000
     17/05/2013           2013            0.0            0.0       1147.827           50.0            0.0          0.000            0.8          0.000
     18/05/2013           2013            0.0            0.0       1176.760           51.3            0.0          0.000            0.9          0.000
     19/05/2013           2013            0.0            0.0       1264.288           52.8            0.0          0.000            1.0          0.000
     20/05/2013           2013            0.0            0.0       1272.917           54.0            0.0          0.000            0.8          0.000
     21/05/2013           2013            0.0            0.0       1283.530           55.1            0.0          0.000            0.7          0.254
     22/05/2013           2013            0.0            0.0       1294.715           55.9            0.0          0.000            0.6          0.000
     23/05/2013           2013            0.0            0.0       1306.877           56.6            0.0          0.000            0.5          0.000
     24/05/2013           2013            0.0            0.0       1320.232           57.3            0.0          0.000            0.5          0.000
     25/05/2013           2013            0.0            0.0       1328.126           58.0            0.0          0.000            0.3         31.750
     26/05/2013           2013            0.0            0.0       1305.715           58.5            0.0          0.000            0.3         15.240
     27/05/2013           2013            0.0            0.0       1269.763           59.1            0.0          0.000            0.4         24.638
     28/05/2013           2013            0.0            0.0       1205.375           59.9            0.0          0.000            0.6          6.096
     29/05/2013           2013            0.0            0.0       1175.427           60.7            0.0          0.000            0.7          9.398
     30/05/2013           2013            0.0            0.0       1170.366           61.4            0.0          0.000            0.7          0.762
     31/05/2013           2013            0.0            0.0       1175.627           62.1            0.0          0.000            0.7          0.000
     01/06/2013           2013            0.0            0.0       1183.644           62.7            0.0          0.000            0.6          0.000
     02/06/2013           2013            0.0            0.0       1192.742           63.2            0.0          0.000            0.5          0.000
     03/06/2013           2013            0.0            0.0       1204.248           63.7            0.0          0.000            0.5          0.000
     04/06/2013           2013            0.0            0.0       1206.030           64.1            0.0          0.000            0.5          9.144
     05/06/2013           2013            0.0            0.0       1198.916           64.6            0.0          0.000            0.5          6.858
     06/06/2013           2013            0.0            0.0       1200.814           65.0            0.0          0.000            0.5          0.000
     07/06/2013           2013            0.0            0.0       1206.848           65.5            0.0          0.000            0.5          0.000
     08/06/2013           2013            0.0            0.0       1205.393           65.9            0.0          0.000            0.5          7.874
     09/06/2013           2013            0.0            0.0       1204.985           66.4            0.0          0.000            0.5          1.016
     10/06/2013           2013            0.0            0.0       1209.404           66.9            0.0          0.000            0.6          0.000
     11/06/2013           2013            0.0            0.0       1219.310           67.7            0.0          0.000            0.9          0.000
     12/06/2013           2013            0.0            0.0       1229.689           68.7            0.0          0.000            1.0          4.064
     13/06/2013           2013            0.0            0.0       1246.365           69.6            0.0          0.000            1.0          0.000
     14/06/2013           2013            0.0            0.0       1254.622           70.5            0.0          0.000            0.8          9.652
     15/06/2013           2013            0.0            0.0       1253.147           71.3            0.0          0.000            0.9          5.334
     16/06/2013           2013            0.0            0.0       1259.938           72.2            0.0          0.000            1.0          0.000
     17/06/2013           2013            0.0            0.0       1266.545           73.2            0.0          0.000            1.1          0.000
     18/06/2013           2013            0.0            0.0       1273.738           74.3            0.0          0.000            1.1          0.000
     19/06/2013           2013            0.0            0.0       1282.308           75.4            0.0          0.000            1.2          0.000
     20/06/2013           2013            0.0            0.0       1292.372           76.7            0.0          0.000            1.3          0.000
     21/06/2013           2013            0.0            0.0       1303.873           78.1            0.0          0.000            1.4          0.000
     22/06/2013           2013            0.0            0.0       1316.801           79.4            0.0          0.000            1.3          0.000
     23/06/2013           2013            0.0            0.0       1330.523           80.7            0.0          0.000            1.3          6.096
     24/06/2013           2013            0.0            0.0       1340.289           81.6            0.0          0.000            1.0         17.526
     25/06/2013           2013            0.0            0.0       1342.929           82.6            0.0          0.000            1.1          1.016
     26/06/2013           2013            0.0            0.0       1347.971           83.9            0.0          0.000            1.4          0.000
     27/06/2013           2013            0.0            0.0       1355.930           85.2            0.0          0.000            1.4          0.508
     28/06/2013           2013            0.0            0.0       1366.802           86.4            0.0          0.000            1.3          0.000
     29/06/2013           2013            0.0            0.0       1379.782           87.5            0.0          0.000            1.1          0.508
     30/06/2013           2013            0.0            0.0       1394.226           88.4            0.0          0.000            1.0          0.000
     01/07/2013           2013            0.0            0.0       1409.603           89.1            0.0          0.000            0.9          0.000
     02/07/2013           2013            0.0            0.0       1425.374           90.0            0.0          0.000            0.9          0.000
     03/07/2013           2013            0.0            0.0       1441.579           90.9            0.0          0.000            1.0          0.000
     04/07/2013           2013            0.0            0.0       1458.781           92.0            0.0          0.000            1.1          0.000
     05/07/2013           2013            0.0            0.0       1476.786           93.2            0.0          0.000            1.2          0.000
     06/07/2013           2013            0.0            0.0       1495.218           94.6            0.0          0.000            1.3          0.000
     07/07/2013           2013            0.0            0.0       1513.596           96.1            0.0          0.000            1.4          0.000
     08/07/2013           2013            0.0            0.0       1531.444           97.6            0.0          0.000            1.4          0.000
     09/07/2013           2013            0.0            0.0       1548.377           99.2            0.0          0.000            1.5          1.524
     10/07/2013           2013            0.0            0.0       1565.388          100.6            0.0          0.000            1.4          0.000
     11/07/2013           2013            0.0            0.0       1579.938          101.9            0.0          0.000            1.3          0.000
     12/07/2013           2013            0.0            0.0       1592.311          103.3            0.0          0.000            1.3          0.000
     13/07/2013           2013            0.0            0.0       1602.630          104.4            0.0          0.000            1.2          0.000
     14/07/2013           2013            0.0            0.0       1611.219          105.6            0.0          0.000            1.2          0.000
     15/07/2013           2013            0.0            0.0       1618.433          106.9            0.0          0.000            1.3          0.000
     16/07/2013           2013            0.0            0.0       1624.575          108.5            0.0          0.000            1.5          0.000
     17/07/2013           2013            0.0            0.0       1629.879          110.2            0.0          0.000            1.6          0.000
     18/07/2013           2013            0.0            0.0       1634.514          112.0            0.0          0.000            1.7          0.000
     19/07/2013           2013            0.0            0.0       1638.673          113.7            0.0          0.000            1.7          0.000
     20/07/2013           2013            0.0            0.0       1643.147          115.2            0.0          0.000            1.5          0.000
     21/07/2013           2013            0.0            0.0       1648.437          116.5            0.0          0.000            1.4          0.000
     22/07/2013           2013            0.0            0.0       1653.603          118.1            0.0          0.000            1.6         22.098
     23/07/2013           2013            0.0            0.0       1660.359          119.2            0.0          0.000            1.4          0.000
     24/07/2013           2013            0.0            0.0       1668.087          120.2            0.0          0.000            1.1          0.000
     25/07/2013           2013            0.0            0.0       1676.975          121.1            0.0          0.000            1.0          0.254
     26/07/2013           2013            0.0            0.0       1690.120          122.0            0.0          0.000            1.0          0.000
     27/07/2013           2013            0.0            0.0       1709.942          122.8            0.0          0.000            0.8          0.000
     28/07/2013           2013            0.0            0.0       1734.158          123.6            0.0          0.000            0.8          0.000
     29/07/2013           2013            0.0            0.0       1758.874          124.4            0.0          0.000            0.8          0.000
     30/07/2013           2013            0.0            0.0       1784.101          125.1            0.0          0.000            0.8          2.032
     31/07/2013           2013            0.0            0.0       1787.328          126.0            0.0          0.000            0.9          0.000
     01/08/2013           2013            0.0            0.0       1789.750          127.0            0.0          0.000            1.0          0.000
     02/08/2013           2013            0.0            0.0       1792.579          128.0            0.0          0.000            1.0          0.000
     03/08/2013           2013            0.0            0.0       1795.947          129.0            0.0          0.000            1.0          0.000
     04/08/2013           2013            0.0            0.0       1799.816          130.0            0.0          0.000            1.0          0.000
     05/08/2013           2013            0.0            0.0       1804.057          131.1            0.0          0.000            1.0          0.000
     06/08/2013           2013            0.0            0.0       1808.572          132.3            0.0          0.000            1.1          0.000
     07/08/2013           2013            0.0            0.0       1813.548          133.5            0.0          0.000            1.1          0.000
     08/08/2013           2013            0.0            0.0       1818.811          134.6            0.0          0.000            1.1          0.000
     09/08/2013           2013            0.0            0.0       1824.230          135.6            0.0          0.000            1.0          0.000
     10/08/2013           2013            0.0            0.0       1829.734          136.7            0.0          0.000            1.1          0.000
     11/08/2013           2013            0.0            0.0       1835.051          137.7            0.0          0.000            1.2         30.734
     12/08/2013           2013            0.0            0.0       1834.407          138.3            0.0          0.000            1.0         20.066
     13/08/2013           2013            0.0            0.0       1817.585          138.9            0.0          0.000            1.0          0.508
     14/08/2013           2013            0.0            0.0       1798.061          139.6            0.0          0.000            0.9          0.000
     15/08/2013           2013            0.0            0.0       1784.742          140.2            0.0          0.000            0.9          0.000
     16/08/2013           2013            0.0            0.0       1777.157          141.0            0.0          0.000            0.9          0.000
     17/08/2013           2013            0.0            0.0       1773.405          141.7            0.0          0.000            0.8          0.000
     18/08/2013           2013            0.0            0.0       1771.707          142.5            0.0          0.000            0.8          0.000
     19/08/2013           2013            0.0            0.0       1771.096          143.3            0.0          0.000            0.9          0.000
     20/08/2013           2013            0.0            0.0       1771.102          144.3            0.0          0.000            1.0          0.000
     21/08/2013           2013            0.0            0.0       1771.491          145.5            0.0          0.000            1.1          0.000
     22/08/2013           2013            0.0            0.0       1772.139          146.8            0.0          0.000            1.1          0.000
     23/08/2013           2013            0.0            0.0       1772.983          148.0            0.0          0.000            1.1          0.000
     24/08/2013           2013            0.0            0.0       1773.990          149.2            0.0          0.000            1.2          0.000
     25/08/2013           2013            0.0            0.0       1775.150          150.6            0.0          0.000            1.3          0.000
     26/08/2013           2013            0.0            0.0       1776.469          152.0            0.0          0.000            1.4          0.000
     27/08/2013           2013            0.0            0.0       1777.965          153.6            0.0          0.000            1.5          0.000
     28/08/2013           2013            0.0            0.0       1779.669          155.2            0.0          0.000            1.5          0.000
     29/08/2013           2013            0.0            0.0       1781.626          156.7            0.0          0.000            1.5          0.000
     30/08/2013           2013            0.0            0.0       1783.893          158.2            0.0          0.000            1.5          0.000
     31/08/2013           2013            0.0            0.0       1786.541          159.7            0.0          0.000            1.5          0.000
     01/09/2013           2013            0.0            0.0       1789.272          160.9            0.0          0.000            1.3          2.032
     02/09/2013           2013            0.0            0.0       1793.036          161.9            0.0          0.000            1.1          0.000
     03/09/2013           2013            0.0            0.0       1797.185          162.9            0.0          0.000            1.0          0.000
     04/09/2013           2013            0.0            0.0       1801.707          163.9            0.0          0.000            1.1          0.000
     05/09/2013           2013            0.0            0.0       1806.438          165.0            0.0          0.000            1.2          0.000
     06/09/2013           2013            0.0            0.0       1811.541          166.3            0.0          0.000            1.2          0.000
     07/09/2013           2013            0.0            0.0       1816.971          167.5            0.0          0.000            1.2          0.000
     08/09/2013           2013            0.0            0.0       1822.552          168.6            0.0          0.000            1.2          0.000
     09/09/2013           2013            0.0            0.0       1828.196          169.9            0.0          0.000            1.3          0.000
     10/09/2013           2013            0.0            0.0       1833.948          171.3            0.0          0.000            1.4          0.000
     11/09/2013           2013            0.0            0.0       1840.176          172.6            0.0          0.000            1.3          0.000
     12/09/2013           2013            0.0            0.0       1846.631          173.7            0.0          0.000            1.1          0.000
     13/09/2013           2013            0.0            0.0       1825.840          174.5            0.0          0.000            1.0          0.000
     14/09/2013           2013            0.0            0.0       1832.103          175.3            0.0          0.000            0.8          0.000
     15/09/2013           2013            0.0            0.0       1835.656          176.0            0.0          0.000            0.7          0.000
     16/09/2013           2013            0.0            0.0       1838.028          176.5            0.0          0.000            0.7          0.000
     17/09/2013           2013            0.0            0.0       1840.209          177.2            0.0          0.000            0.7          7.874
     18/09/2013           2013            0.0            0.0       1842.675          178.0            0.0          0.000            0.9          0.508
     19/09/2013           2013            0.0            0.0       1844.581          179.0            0.0          0.000            1.0          0.000
     20/09/2013           2013            0.0            0.0       1846.125          179.7            0.0          0.000            0.7          0.508
     21/09/2013           2013            0.0            0.0       1847.536          180.2            0.0          0.000            0.6          0.508
     22/09/2013           2013            0.0            0.0       1848.903          180.8            0.0          0.000            0.6          0.254
     23/09/2013           2013            0.0            0.0       1850.279          181.4            0.0          0.000            0.6          0.254
     24/09/2013           2013            0.0            0.0       1851.753          182.0            0.0          0.000            0.6          0.000
     25/09/2013           2013            0.0            0.0       1853.417          182.6            0.0          0.000            0.6          0.000
     26/09/2013           2013            0.0            0.0       1855.177          183.4            0.0          0.000            0.7          0.000
     27/09/2013           2013            0.0            0.0       1857.017          184.3            0.0          0.000            0.8          0.000
     28/09/2013           2013            0.0            0.0       1858.930          185.0            0.0          0.000            0.7          0.762
     29/09/2013           2013            0.0            0.0       1860.907          185.5            0.0          0.000            0.6          0.254
     30/09/2013           2013            0.0            0.0       1862.940          186.1            0.0          0.000            0.6          0.000
     01/10/2013           2013            0.0            0.0       1865.024          186.8            0.0          0.000            0.7          0.000
     02/10/2013           2013            0.0            0.0       1867.141          187.6            0.0          0.000            0.8          0.000
     03/10/2013           2013            0.0            0.0       1869.274          188.4            0.0          0.000            0.8          0.000
     04/10/2013           2013            0.0            0.0       1871.419          189.4            0.0          0.000            1.0          5.588
     05/10/2013           2013            0.0            0.0       1873.520          190.0            0.0          0.000            0.7          0.762
     06/10/2013           2013            0.0            0.0       1875.538          190.4            0.0          0.000            0.5          0.508
     07/10/2013           2013            0.0            0.0       1877.441          190.8            0.0          0.000            0.5          0.508
     08/10/2013           2013            0.0            0.0       1879.230          191.2            0.0          0.000            0.5          0.000
     09/10/2013           2013            0.0            0.0       1880.937          191.7            0.0          0.000            0.5          0.254
     10/10/2013           2013            0.0            0.0       1882.605          192.2            0.0          0.000            0.5          0.000
     11/10/2013           2013            0.0            0.0       1884.267          192.7            0.0          0.000            0.5          0.000
     12/10/2013           2013            0.0            0.0       1885.944          193.1            0.0          0.000            0.5          0.000
     13/10/2013           2013            0.0            0.0       1887.650          193.5            0.0          0.000            0.4          0.000
     14/10/2013           2013            0.0            0.0       1889.385          193.9            0.0          0.000            0.4          0.000
     15/10/2013           2013            0.0            0.0       1891.141          194.2            0.0          0.000            0.3          0.254
     16/10/2013           2013            0.0            0.0       1892.900          194.4            0.0          0.000            0.3          0.000
     17/10/2013           2013            0.0            0.0       1894.641          194.6            0.0          0.000            0.2          0.000
     18/10/2013           2013            0.0            0.0       1896.348          194.8            0.0          0.000            0.2          0.000
     19/10/2013           2013            0.0            0.0       1898.014          195.0            0.0          0.000            0.2          0.000
     20/10/2013           2013            0.0            0.0       1899.630          195.2            0.0          0.000            0.2          0.000
     21/10/2013           2013            0.0            0.0       1901.208          195.4            0.0          0.000            0.2          1.524
     22/10/2013           2013            0.0            0.0       1902.589          195.5            0.0          0.000            0.1          5.080
     23/10/2013           2013            0.0            0.0       1903.592          195.6            0.0          0.000            0.1          0.508
     24/10/2013           2013            0.0            0.0       1904.076          195.7            0.0          0.000            0.1          0.000
     25/10/2013           2013            0.0            0.0       1904.049          195.8            0.0          0.000            0.1          0.000
     26/10/2013           2013            0.0            0.0       1903.633          195.9            0.0          0.000            0.1          0.000
     27/10/2013           2013            0.0            0.0       1903.001          196.0            0.0          0.000            0.1          0.000
     28/10/2013           2013            0.0            0.0       1902.305          196.1            0.0          0.000            0.1          0.000
     29/10/2013           2013            0.0            0.0       1901.633          196.2            0.0          0.000            0.2          0.000
     30/10/2013           2013            0.0            0.0       1900.972          196.4            0.0          0.000            0.3          0.000
     31/10/2013           2013            0.0            0.0       1900.246          196.6            0.0          0.000            0.2          0.000
     01/11/2013           2013            0.0            0.0       1899.395          196.8            0.0          0.000            0.2          0.000
     02/11/2013           2013            0.0            0.0       1898.430          196.9            0.0          0.000            0.2          0.000
     03/11/2013           2013            0.0            0.0       1897.406          197.1            0.0          0.000            0.2          0.000
     04/11/2013           2013            0.0            0.0       1896.303          197.2            0.0          0.000            0.2          3.050
     05/11/2013           2013            0.0            0.0       1893.874          197.1            0.0          0.000            0.1         14.480
     06/11/2013           2013            0.0            0.0       1886.458          196.9            0.0          0.000            0.1          8.890
     07/11/2013           2013            0.0            0.0       1871.097          196.8            0.0          0.000            0.1          0.000
     08/11/2013           2013            0.0            0.0       1854.861          196.6            0.0          0.000            0.1          0.000
     09/11/2013           2013            0.0            0.0       1841.222          196.5            0.0          0.000            0.1          0.000
     10/11/2013           2013            0.0            0.0       1845.279          196.5            0.0          0.000            0.1          0.000
     11/11/2013           2013            0.0            0.0       1817.857          196.4            0.0          0.000            0.1          0.000
     12/11/2013           2013            0.0            0.0       1802.974          196.3            0.0          0.000            0.0          0.000
     13/11/2013           2013            0.0            0.0       1790.923          196.3            0.0          0.000            0.0          0.000
     14/11/2013           2013            0.0            0.0       1781.876          196.2            0.0          0.000            0.0          0.000
     15/11/2013           2013            0.0            0.0       1776.007          196.2            0.0          0.000            0.1          0.000
     16/11/2013           2013            0.0            0.0       1772.386          196.3            0.0          0.000            0.1          0.000
     17/11/2013           2013            0.0            0.0       1769.841          196.3            0.0          0.000            0.2          5.590
     18/11/2013           2013            0.0            0.0       1767.685          196.3            0.0          0.000            0.1          0.000
     19/11/2013           2013            0.0            0.0       1765.836          196.3            0.0          0.000            0.1          0.000
     20/11/2013           2013            0.0            0.0       1764.083          196.3            0.0          0.000            0.1          0.000
     21/11/2013           2013            0.0            0.0       1762.194          196.2            0.0          0.000            0.1          0.000
     22/11/2013           2013            0.0            0.0       1757.576          196.1            0.0          0.000            0.0          2.540
     23/11/2013           2013            0.0            0.0       1621.802          196.0            0.0          0.000            0.0          0.000
     24/11/2013           2013            0.0            0.0       1618.812          195.9            0.0          0.000            0.0          0.000
     25/11/2013           2013            0.0            0.0       1615.663          195.8            0.0          0.000            0.0          0.510
     26/11/2013           2013            0.0            0.0       1612.634          195.7            0.0          0.000            0.0          0.000
     27/11/2013           2013            0.0            0.0       1609.742          195.6            0.0          0.000            0.0          0.000
     28/11/2013           2013            0.0            0.0       1606.991          195.5            0.0          0.000            0.0          0.000
     29/11/2013           2013            0.0            0.0       1604.412          195.4            0.0          0.000            0.0          0.000
     30/11/2013           2013            0.0            0.0       1602.364          195.3            0.0          0.000            0.0          0.000
     01/12/2013           2013            0.0            0.0       1600.878          195.2            0.0          0.000            0.0          0.000
     02/12/2013           2013            0.0            0.0       1599.822          195.1            0.0          0.000            0.0          0.000
     03/12/2013           2013            0.0            0.0       1598.886          195.0            0.0          0.000            0.0          0.000
     04/12/2013           2013            0.0            0.0       1597.581          194.8            0.0          0.000            0.0          0.510
     05/12/2013           2013            0.0            0.0       1595.821          194.7            0.0          0.000            0.0          0.000
     06/12/2013           2013            0.0            0.0       1593.654          194.6            0.0          0.000            0.0          0.000
     07/12/2013           2013            0.0            0.0       1591.137          194.5            0.0          0.000            0.0          0.000
     08/12/2013           2013            0.0            0.0       1587.844          194.4            0.0          0.000            0.0          2.540
     09/12/2013           2013            0.0            0.0       1582.042          194.3            0.0          0.000            0.0          0.510
     10/12/2013           2013            0.0            0.0       1575.835          194.1            0.0          0.000            0.0          0.000
     11/12/2013           2013            0.0            0.0       1569.412          194.0            0.0          0.000            0.0          1.520
     12/12/2013           2013            0.0            0.0       1561.328          193.9            0.0          0.000            0.0          0.000
     13/12/2013           2013            0.0            0.0       1554.017          193.8            0.0          0.000           -0.0          0.000
     14/12/2013           2013            0.0            0.0       1547.348          193.6            0.0          0.000           -0.0          0.000
     15/12/2013           2013            0.0            0.0       1541.279          193.5            0.0          0.000           -0.0          0.000
     16/12/2013           2013            0.0            0.0       1535.741          193.3            0.0          0.000           -0.0          0.000
     17/12/2013           2013            0.0            0.0       1530.907          193.2            0.0          0.000           -0.0          0.000
     18/12/2013           2013            0.0            0.0       1527.219          193.0            0.0          0.000           -0.0          0.000
     19/12/2013           2013            0.0            0.0       1524.420          192.9            0.0          0.000           -0.0          0.000
     20/12/2013           2013            0.0            0.0       1521.936          192.7            0.0          0.000           -0.0          0.000
     21/12/2013           2013            0.0            0.0       1519.402          192.6            0.0          0.000           -0.0          0.000
     22/12/2013           2013            0.0            0.0       1515.563          192.4            0.0          0.000           -0.0          2.790
     23/12/2013           2013            0.0            0.0       1509.328          192.3            0.0          0.000           -0.0          0.000
     24/12/2013           2013            0.0            0.0       1503.046          192.1            0.0          0.000           -0.0          0.000
     25/12/2013           2013            0.0            0.0       1497.365          192.0            0.0          0.000           -0.0          0.000
     26/12/2013           2013            0.0            0.0       1492.577          191.8            0.0          0.000           -0.0          0.000
     27/12/2013           2013            0.0            0.0       1489.216          191.7            0.0          0.000           -0.0          0.000
     28/12/2013           2013            0.0            0.0       1487.546          191.5            0.0          0.000            0.0          0.000
     29/12/2013           2013            0.0            0.0       1487.231          191.4            0.0          0.000           -0.0          0.000
     30/12/2013           2013            0.0            0.0       1486.747          191.3            0.0          0.000           -0.0          0.760
     31/12/2013           2013            0.0            0.0       1485.664          191.1            0.0          0.000           -0.0          0.000
