ApsimVersion = 7.9 r4044
Title = ames-2010
           Date           year          yield        biomass     watertable          no3()   surfaceom_wt            lai    dlt_n_min()           Rain
   (dd/mm/yyyy)         (year)        (kg/ha)        (kg/ha)           (mm)        (kg/ha)        (kg/ha)      (m^2/m^2)        (kg/ha)           (mm)
     01/01/2010           2010            0.0            0.0        693.912           26.5            0.0          0.000            0.0          0.000
     02/01/2010           2010            0.0            0.0        713.177           26.5            0.0          0.000           -0.0          0.000
     03/01/2010           2010            0.0            0.0        726.253           26.5            0.0          0.000           -0.0          0.000
     04/01/2010           2010            0.0            0.0        741.002           26.4            0.0          0.000           -0.0          0.000
     05/01/2010           2010            0.0            0.0        758.966           26.4            0.0          0.000           -0.0          0.000
     06/01/2010           2010            0.0            0.0        750.629           26.3            0.0          0.000           -0.0          3.560
     07/01/2010           2010            0.0            0.0        719.964           26.3            0.0          0.000           -0.0          4.830
     08/01/2010           2010            0.0            0.0        720.145           26.2            0.0          0.000           -0.0          0.000
     09/01/2010           2010            0.0            0.0        731.963           26.2            0.0          0.000           -0.0          0.000
     10/01/2010           2010            0.0            0.0        747.941           26.1            0.0          0.000           -0.0          0.000
     11/01/2010           2010            0.0            0.0        769.502           26.0            0.0          0.000           -0.0          0.000
     12/01/2010           2010            0.0            0.0        791.932           26.0            0.0          0.000           -0.0          0.000
     13/01/2010           2010            0.0            0.0        820.099           25.9            0.0          0.000           -0.0          0.000
     14/01/2010           2010            0.0            0.0        848.719           25.8            0.0          0.000           -0.0          0.000
     15/01/2010           2010            0.0            0.0        867.090           25.8            0.0          0.000           -0.0          0.000
     16/01/2010           2010            0.0            0.0        904.682           25.7            0.0          0.000           -0.0          0.000
     17/01/2010           2010            0.0            0.0        917.184           25.6            0.0          0.000           -0.0          0.000
     18/01/2010           2010            0.0            0.0        926.741           25.6            0.0          0.000           -0.0          0.000
     19/01/2010           2010            0.0            0.0        936.058           25.5            0.0          0.000           -0.0          0.000
     20/01/2010           2010            0.0            0.0        929.205           25.5            0.0          0.000           -0.0          4.060
     21/01/2010           2010            0.0            0.0        925.963           25.4            0.0          0.000           -0.0          0.510
     22/01/2010           2010            0.0            0.0        929.728           25.4            0.0          0.000           -0.0          0.000
     23/01/2010           2010            0.0            0.0        908.690           25.4            0.0          0.000           -0.0          6.860
     24/01/2010           2010            0.0            0.0        896.961           25.3            0.0          0.000           -0.0          1.780
     25/01/2010           2010            0.0            0.0        876.687           25.3            0.0          0.000           -0.0          5.590
     26/01/2010           2010            0.0            0.0        870.329           25.2            0.0          0.000           -0.0          0.760
     27/01/2010           2010            0.0            0.0        869.532           25.2            0.0          0.000           -0.0          0.510
     28/01/2010           2010            0.0            0.0        873.415           25.1            0.0          0.000           -0.0          0.000
     29/01/2010           2010            0.0            0.0        879.972           25.0            0.0          0.000           -0.0          0.000
     30/01/2010           2010            0.0            0.0        886.969           25.0            0.0          0.000           -0.0          0.000
     31/01/2010           2010            0.0            0.0        893.964           24.9            0.0          0.000           -0.0          0.000
     01/02/2010           2010            0.0            0.0        899.597           24.9            0.0          0.000           -0.0          0.510
     02/02/2010           2010            0.0            0.0        900.928           24.8            0.0          0.000           -0.0          1.520
     03/02/2010           2010            0.0            0.0        906.123           24.8            0.0          0.000           -0.0          0.000
     04/02/2010           2010            0.0            0.0        913.586           24.7            0.0          0.000           -0.0          0.000
     05/02/2010           2010            0.0            0.0        914.297           24.7            0.0          0.000           -0.0          2.290
     06/02/2010           2010            0.0            0.0        918.137           24.6            0.0          0.000           -0.0          0.000
     07/02/2010           2010            0.0            0.0        917.602           24.6            0.0          0.000           -0.0          2.030
     08/02/2010           2010            0.0            0.0        909.374           24.5            0.0          0.000           -0.0          2.790
     09/02/2010           2010            0.0            0.0        904.476           24.5            0.0          0.000           -0.0          1.520
     10/02/2010           2010            0.0            0.0        906.832           24.4            0.0          0.000           -0.0          0.000
     11/02/2010           2010            0.0            0.0        912.676           24.4            0.0          0.000           -0.0          0.000
     12/02/2010           2010            0.0            0.0        920.201           24.3            0.0          0.000           -0.0          0.000
     13/02/2010           2010            0.0            0.0        928.364           24.3            0.0          0.000           -0.0          0.000
     14/02/2010           2010            0.0            0.0        928.829           24.2            0.0          0.000           -0.0          2.290
     15/02/2010           2010            0.0            0.0        927.524           24.2            0.0          0.000           -0.0          1.020
     16/02/2010           2010            0.0            0.0        931.904           24.1            0.0          0.000           -0.0          0.000
     17/02/2010           2010            0.0            0.0        940.057           24.1            0.0          0.000           -0.0          0.000
     18/02/2010           2010            0.0            0.0        950.427           24.0            0.0          0.000           -0.0          0.000
     19/02/2010           2010            0.0            0.0        943.226           24.0            0.0          0.000           -0.0          4.060
     20/02/2010           2010            0.0            0.0        937.431           24.0            0.0          0.000           -0.0          1.020
     21/02/2010           2010            0.0            0.0        939.797           23.9            0.0          0.000           -0.0          0.000
     22/02/2010           2010            0.0            0.0        946.512           23.9            0.0          0.000           -0.0          0.000
     23/02/2010           2010            0.0            0.0        955.233           23.8            0.0          0.000           -0.0          0.000
     24/02/2010           2010            0.0            0.0        963.297           23.8            0.0          0.000           -0.0          0.000
     25/02/2010           2010            0.0            0.0        980.383           23.7            0.0          0.000           -0.0          0.000
     26/02/2010           2010            0.0            0.0        993.576           23.7            0.0          0.000           -0.0          0.000
     27/02/2010           2010            0.0            0.0        999.375           23.6            0.0          0.000           -0.0          0.000
     28/02/2010           2010            0.0            0.0       1005.603           23.6            0.0          0.000           -0.0          0.000
     01/03/2010           2010            0.0            0.0       1012.536           23.5            0.0          0.000           -0.0          0.000
     02/03/2010           2010            0.0            0.0       1019.965           23.5            0.0          0.000           -0.0          0.000
     03/03/2010           2010            0.0            0.0       1028.799           23.4            0.0          0.000           -0.0          0.000
     04/03/2010           2010            0.0            0.0       1038.707           23.4            0.0          0.000           -0.0          0.000
     05/03/2010           2010            0.0            0.0       1050.528           23.3            0.0          0.000           -0.0          0.000
     06/03/2010           2010            0.0            0.0       1054.389           23.3            0.0          0.000           -0.0          3.560
     07/03/2010           2010            0.0            0.0       1053.904           23.3            0.0          0.000            0.0          1.520
     08/03/2010           2010            0.0            0.0       1058.343           23.3            0.0          0.000            0.0          0.000
     09/03/2010           2010            0.0            0.0       1044.409           23.3            0.0          0.000            0.0          7.110
     10/03/2010           2010            0.0            0.0       1012.831           23.3            0.0          0.000            0.0          7.370
     11/03/2010           2010            0.0            0.0        971.445           23.4            0.0          0.000            0.0         16.510
     12/03/2010           2010            0.0            0.0        892.127           23.4            0.0          0.000            0.0          0.250
     13/03/2010           2010            0.0            0.0        890.194           23.4            0.0          0.000            0.0          0.250
     14/03/2010           2010            0.0            0.0        901.594           23.4            0.0          0.000            0.0          0.000
     15/03/2010           2010            0.0            0.0        918.814           23.5            0.0          0.000            0.0          0.000
     16/03/2010           2010            0.0            0.0        936.555           23.6            0.0          0.000            0.0          0.000
     17/03/2010           2010            0.0            0.0        908.901           23.8            0.0          0.000            0.0         14.220
     18/03/2010           2010            0.0            0.0        901.023           24.1            0.0          0.000            0.1          0.000
     19/03/2010           2010            0.0            0.0        908.663           24.2            0.0          0.000            0.0          0.000
     20/03/2010           2010            0.0            0.0        904.529           24.3            0.0          0.000            0.0          4.570
     21/03/2010           2010            0.0            0.0        916.092           24.3            0.0          0.000            0.0          0.000
     22/03/2010           2010            0.0            0.0        942.014           24.3            0.0          0.000            0.0          0.000
     23/03/2010           2010            0.0            0.0        969.781           24.5            0.0          0.000            0.0          0.000
     24/03/2010           2010            0.0            0.0       1000.213           24.7            0.0          0.000            0.1          0.000
     25/03/2010           2010            0.0            0.0       1018.218           24.8            0.0          0.000            0.0          0.000
     26/03/2010           2010            0.0            0.0       1036.563           24.9            0.0          0.000            0.0          0.000
     27/03/2010           2010            0.0            0.0       1054.268           25.1            0.0          0.000            0.1          0.000
     28/03/2010           2010            0.0            0.0       1076.098           25.3            0.0          0.000            0.1          0.000
     29/03/2010           2010            0.0            0.0       1107.683           25.6            0.0          0.000            0.1          0.000
     30/03/2010           2010            0.0            0.0       1146.523           26.4            0.0          0.000            0.2          0.000
     31/03/2010           2010            0.0            0.0       1171.344           27.6            0.0          0.000            0.4          0.000
     01/04/2010           2010            0.0            0.0       1254.064           29.3            0.0          0.000            0.5          0.000
     02/04/2010           2010            0.0            0.0       1265.378           30.5            0.0          0.000            0.4          4.060
     03/04/2010           2010            0.0            0.0       1271.944           31.3            0.0          0.000            0.2          0.000
     04/04/2010           2010            0.0            0.0       1278.188           32.0            0.0          0.000            0.2          0.000
     05/04/2010           2010            0.0            0.0       1283.976           32.7            0.0          0.000            0.2          2.030
     06/04/2010           2010            0.0            0.0       1283.149           33.6            0.0          0.000            0.2         18.030
     07/04/2010           2010            0.0            0.0       1274.528           34.2            0.0          0.000            0.2          2.790
     08/04/2010           2010            0.0            0.0       1269.906           34.6            0.0          0.000            0.1          0.000
     09/04/2010           2010            0.0            0.0       1270.058           35.1            0.0          0.000            0.2          0.000
     10/04/2010           2010            0.0            0.0       1272.130           35.7            0.0          0.000            0.2          1.020
     11/04/2010           2010            0.0            0.0       1275.851           36.4            0.0          0.000            0.3          0.000
     12/04/2010           2010            0.0            0.0       1280.676           37.3            0.0          0.000            0.3          0.000
     13/04/2010           2010            0.0            0.0       1286.899           38.4            0.0          0.000            0.4          0.000
     14/04/2010           2010            0.0            0.0       1294.612           39.8            0.0          0.000            0.6          0.000
     15/04/2010           2010            0.0            0.0       1303.524           41.3            0.0          0.000            0.6          0.000
     16/04/2010           2010            0.0            0.0       1311.613           42.4            0.0          0.000            0.4          7.110
     17/04/2010           2010            0.0            0.0       1319.582           43.1            0.0          0.000            0.3          0.000
     18/04/2010           2010            0.0            0.0       1328.620           43.8            0.0          0.000            0.3          0.000
     19/04/2010           2010            0.0            0.0       1338.993           44.6            0.0          0.000            0.3          0.000
     20/04/2010           2010            0.0            0.0       1350.697           45.4            0.0          0.000            0.4          0.000
     21/04/2010           2010            0.0            0.0       1363.404           46.2            0.0          0.000            0.4          0.000
     22/04/2010           2010            0.0            0.0       1377.017           46.9            0.0          0.000            0.4          0.000
     23/04/2010           2010            0.0            0.0       1386.700           47.7            0.0          0.000            0.3         14.480
     24/04/2010           2010            0.0            0.0       1383.245           48.5            0.0          0.000            0.4          9.650
     25/04/2010           2010            0.0            0.0       1369.500           49.1            0.0          0.000            0.3          3.050
     26/04/2010           2010            0.0            0.0       1347.974           49.6            0.0          0.000            0.2         11.940
     27/04/2010           2010            0.0            0.0       1332.590           50.0            0.0          0.000            0.2          0.510
     28/04/2010           2010            0.0            0.0       1327.609           50.5            0.0          0.000            0.3          0.000
     29/04/2010           2010            0.0            0.0       1329.804           51.3            0.0          0.000            0.5          0.000
     30/04/2010           2010            0.0            0.0       1327.728           52.1            0.0          0.000            0.4         18.290
     01/05/2010           2010            0.0            0.0       1320.986           52.8            0.0          0.000            0.4          0.508
     02/05/2010           2010            0.0            0.0       1319.913           53.4            0.0          0.000            0.4          0.000
     03/05/2010           2010            0.0            0.0       1322.039           54.0            0.0          0.000            0.4          2.286
     04/05/2010           2010            0.0            0.0       1328.284           54.7            0.0          0.000            0.5          0.508
     05/05/2010           2010            0.0            0.0       1337.302           55.4            0.0          0.000            0.5          0.000
     06/05/2010           2010            0.0            0.0       1346.466           55.9            0.0          0.000            0.3          6.096
     07/05/2010           2010            0.0            0.0       1354.929           56.3            0.0          0.000            0.3          0.000
     08/05/2010           2010            0.0            0.0       1363.079           56.6            0.0          0.000            0.2          0.000
     09/05/2010           2010            0.0            0.0       1371.888           56.8            0.0          0.000            0.2          0.000
     10/05/2010           2010            0.0            0.0       1373.531           57.1            0.0          0.000            0.2         17.018
     11/05/2010           2010            0.0            0.0       1357.094           57.4            0.0          0.000            0.2          9.144
     12/05/2010           2010            0.0            0.0       1312.731           57.8            0.0          0.000            0.1         34.036
     13/05/2010           2010            0.0            0.0       1273.044           57.9            0.0          0.000            0.2          2.794
     14/05/2010           2010            0.0            0.0       1256.334           58.2            0.0          0.000            0.3          0.000
     15/05/2010           2010            0.0            0.0       1250.570           58.5            0.0          0.000            0.3          0.000
     16/05/2010           2010            0.0            0.0       1257.110           58.9            0.0          0.000            0.4          0.000
     17/05/2010           2010            0.0            0.0       1264.791           59.4            0.0          0.000            0.5          0.000
     18/05/2010           2010            0.0            0.0       1271.094           60.0            0.0          0.000            0.5          0.000
     19/05/2010           2010            0.0            0.0       1278.873           60.6            0.0          0.000            0.6          0.000
     20/05/2010           2010            0.0            0.0       1287.378           61.2            0.0          0.000            0.5          2.286
     21/05/2010           2010            0.0            0.0       1296.119           61.8            0.0          0.000            0.5          0.762
     22/05/2010           2010            0.0            0.0       1305.209           62.6            0.0          0.000            0.7          0.254
     23/05/2010           2010            0.0            0.0       1315.087           63.6            0.0          0.000            1.0          0.000
     24/05/2010           2010            0.0            0.0       1326.457           65.0            0.0          0.000            1.2          0.000
     25/05/2010           2010            0.0            0.0       1338.844           66.3            0.0          0.000            1.2          4.826
     26/05/2010           2010            0.0            0.0       1352.576           67.5            0.0          0.000            1.1          0.000
     27/05/2010           2010            0.0            0.0       1367.422           68.5            0.0          0.000            0.9          0.254
     28/05/2010           2010            0.0            0.0       1383.332           69.4            0.0          0.000            0.9          0.000
     29/05/2010           2010            0.0            0.0       1399.950           70.4            0.0          0.000            0.9          0.000
     30/05/2010           2010            0.0            0.0       1416.553           71.5            0.0          0.000            1.0          2.286
     31/05/2010           2010            0.0            0.0       1433.610           72.5            0.0          0.000            0.9          0.762
     01/06/2010           2010            0.0            0.0       1450.247           73.6            0.0          0.000            1.0         15.240
     02/06/2010           2010            0.0            0.0       1466.402           74.6            0.0          0.000            0.9          0.000
     03/06/2010           2010            0.0            0.0       1482.627           75.4            0.0          0.000            0.9          1.016
     04/06/2010           2010            0.0            0.0       1495.948           76.5            0.0          0.000            0.9         18.034
     05/06/2010           2010            0.0            0.0       1501.786           77.4            0.0          0.000            0.9          5.080
     06/06/2010           2010            0.0            0.0       1505.868           78.2            0.0          0.000            0.9          0.000
     07/06/2010           2010            0.0            0.0       1510.594           79.0            0.0          0.000            0.9          0.254
     08/06/2010           2010            0.0            0.0       1509.873           79.9            0.0          0.000            0.8         16.764
     09/06/2010           2010            0.0            0.0       1502.713           80.7            0.0          0.000            0.9          0.254
     10/06/2010           2010            0.0            0.0       1483.370           81.4            0.0          0.000            0.7         21.590
     11/06/2010           2010            0.0            0.0       1450.899           82.1            0.0          0.000            0.9          4.318
     12/06/2010           2010            0.0            0.0       1406.109           83.0            0.0          0.000            0.9         30.988
     13/06/2010           2010            0.0            0.0       1331.625           83.6            0.0          0.000            0.7         21.082
     14/06/2010           2010            0.0            0.0       1289.598           84.1            0.0          0.000            0.8          3.048
     15/06/2010           2010            0.0            0.0       1277.163           84.7            0.0          0.000            0.8          0.254
     16/06/2010           2010            0.0            0.0       1275.095           85.3            0.0          0.000            0.9          0.000
     17/06/2010           2010            0.0            0.0       1274.210           86.1            0.0          0.000            1.0         10.922
     18/06/2010           2010            0.0            0.0       1268.529           86.8            0.0          0.000            0.9         11.938
     19/06/2010           2010            0.0            0.0       1264.612           87.4            0.0          0.000            0.9          0.508
     20/06/2010           2010            0.0            0.0       1265.083           88.2            0.0          0.000            1.0          0.254
     21/06/2010           2010            0.0            0.0       1267.002           89.0            0.0          0.000            1.0          3.810
     22/06/2010           2010            0.0            0.0       1270.474           90.0            0.0          0.000            1.2          2.286
     23/06/2010           2010            0.0            0.0       1273.874           90.8            0.0          0.000            1.1          6.604
     24/06/2010           2010            0.0            0.0       1278.863           91.7            0.0          0.000            1.1          0.000
     25/06/2010           2010            0.0            0.0       1280.618           92.5            0.0          0.000            1.0         23.114
     26/06/2010           2010            0.0            0.0       1260.607           93.4            0.0          0.000            1.0         44.704
     27/06/2010           2010            0.0            0.0       1142.409           94.2            0.0          0.000            0.9         39.878
     28/06/2010           2010            0.0            0.0        845.774           94.7            0.0          0.000            0.9          0.000
     29/06/2010           2010            0.0            0.0        834.500           95.1            0.0          0.000            0.9          0.254
     30/06/2010           2010            0.0            0.0        897.565           95.6            0.0          0.000            0.9          0.000
     01/07/2010           2010            0.0            0.0        974.405           96.1            0.0          0.000            1.0          0.000
     02/07/2010           2010            0.0            0.0       1022.165           96.8            0.0          0.000            1.0          0.000
     03/07/2010           2010            0.0            0.0       1059.694           97.7            0.0          0.000            1.2          0.000
     04/07/2010           2010            0.0            0.0       1057.499           98.5            0.0          0.000            0.9         24.638
     05/07/2010           2010            0.0            0.0       1026.496           99.1            0.0          0.000            1.0          1.778
     06/07/2010           2010            0.0            0.0       1032.389           99.8            0.0          0.000            1.1          0.000
     07/07/2010           2010            0.0            0.0       1043.755          100.6            0.0          0.000            1.1          2.286
     08/07/2010           2010            0.0            0.0       1068.438          101.3            0.0          0.000            1.1          0.000
     09/07/2010           2010            0.0            0.0       1105.751          102.2            0.0          0.000            1.2          0.000
     10/07/2010           2010            0.0            0.0       1159.906          103.1            0.0          0.000            1.2          0.000
     11/07/2010           2010            0.0            0.0       1240.439          104.0            0.0          0.000            1.2          3.048
     12/07/2010           2010            0.0            0.0       1260.979          104.9            0.0          0.000            1.1          6.096
     13/07/2010           2010            0.0            0.0       1269.430          105.8            0.0          0.000            1.2          0.254
     14/07/2010           2010            0.0            0.0       1277.349          107.1            0.0          0.000            1.4          2.540
     15/07/2010           2010            0.0            0.0       1286.366          108.2            0.0          0.000            1.3          0.000
     16/07/2010           2010            0.0            0.0       1296.824          109.3            0.0          0.000            1.3          1.016
     17/07/2010           2010            0.0            0.0       1308.844          110.3            0.0          0.000            1.1          0.000
     18/07/2010           2010            0.0            0.0       1321.309          111.4            0.0          0.000            1.2         16.002
     19/07/2010           2010            0.0            0.0       1327.844          112.2            0.0          0.000            1.0         13.462
     20/07/2010           2010            0.0            0.0       1328.307          112.9            0.0          0.000            1.1          1.524
     21/07/2010           2010            0.0            0.0       1331.393          113.9            0.0          0.000            1.2          0.000
     22/07/2010           2010            0.0            0.0       1334.752          114.9            0.0          0.000            1.2          7.112
     23/07/2010           2010            0.0            0.0       1332.886          115.8            0.0          0.000            1.2         12.192
     24/07/2010           2010            0.0            0.0       1328.146          116.6            0.0          0.000            1.2          2.540
     25/07/2010           2010            0.0            0.0       1328.520          117.4            0.0          0.000            1.2          0.000
     26/07/2010           2010            0.0            0.0       1334.016          118.4            0.0          0.000            1.2          0.000
     27/07/2010           2010            0.0            0.0       1343.353          119.6            0.0          0.000            1.4          0.000
     28/07/2010           2010            0.0            0.0       1355.437          120.7            0.0          0.000            1.3          0.000
     29/07/2010           2010            0.0            0.0       1369.453          121.7            0.0          0.000            1.2          0.000
     30/07/2010           2010            0.0            0.0       1376.579          122.4            0.0          0.000            0.9         34.544
     31/07/2010           2010            0.0            0.0       1363.288          123.1            0.0          0.000            1.1          0.254
     01/08/2010           2010            0.0            0.0       1360.072          123.9            0.0          0.000            1.2          0.000
     02/08/2010           2010            0.0            0.0       1358.766          124.9            0.0          0.000            1.2         10.668
     03/08/2010           2010            0.0            0.0       1350.076          125.7            0.0          0.000            1.2         18.034
     04/08/2010           2010            0.0            0.0       1331.306          126.3            0.0          0.000            1.1         11.430
     05/08/2010           2010            0.0            0.0       1319.519          127.0            0.0          0.000            1.1          0.000
     06/08/2010           2010            0.0            0.0       1317.362          127.6            0.0          0.000            1.1          0.254
     07/08/2010           2010            0.0            0.0       1318.282          128.4            0.0          0.000            1.1          7.620
     08/08/2010           2010            0.0            0.0       1301.357          129.1            0.0          0.000            1.0         69.088
     09/08/2010           2010            0.0            0.0       1207.257          129.5            0.0          0.000            1.0         34.036
     10/08/2010           2010            0.0            0.0        412.824          129.9            0.0          0.000            1.0         86.868
     11/08/2010           2010            0.0            0.0        448.003          130.0            0.0          0.000            1.1          4.318
     12/08/2010           2010            0.0            0.0        570.117          130.3            0.0          0.000            1.2          0.254
     13/08/2010           2010            0.0            0.0        644.798          130.8            0.0          0.000            1.2          0.000
     14/08/2010           2010            0.0            0.0        702.257          131.3            0.0          0.000            1.2          0.000
     15/08/2010           2010            0.0            0.0        775.060          131.7            0.0          0.000            1.1          0.000
     16/08/2010           2010            0.0            0.0        864.289          132.0            0.0          0.000            1.0          0.000
     17/08/2010           2010            0.0            0.0        887.193          132.2            0.0          0.000            0.8          9.906
     18/08/2010           2010            0.0            0.0        900.470          132.4            0.0          0.000            0.9          0.254
     19/08/2010           2010            0.0            0.0        936.136          132.8            0.0          0.000            1.0          0.000
     20/08/2010           2010            0.0            0.0        964.900          133.2            0.0          0.000            1.0          2.286
     21/08/2010           2010            0.0            0.0       1001.554          133.9            0.0          0.000            1.2          0.000
     22/08/2010           2010            0.0            0.0       1033.255          134.7            0.0          0.000            1.3          0.000
     23/08/2010           2010            0.0            0.0       1066.287          135.5            0.0          0.000            1.3          0.254
     24/08/2010           2010            0.0            0.0       1106.108          136.2            0.0          0.000            1.1          0.254
     25/08/2010           2010            0.0            0.0       1160.907          136.8            0.0          0.000            0.9          0.254
     26/08/2010           2010            0.0            0.0       1213.517          137.4            0.0          0.000            0.9          0.000
     27/08/2010           2010            0.0            0.0       1265.298          138.1            0.0          0.000            1.0          0.000
     28/08/2010           2010            0.0            0.0       1274.285          138.9            0.0          0.000            1.1          0.000
     29/08/2010           2010            0.0            0.0       1284.952          139.8            0.0          0.000            1.1          0.000
     30/08/2010           2010            0.0            0.0       1296.709          140.7            0.0          0.000            1.1          0.000
     31/08/2010           2010            0.0            0.0       1291.264          141.3            0.0          0.000            0.9         80.518
     01/09/2010           2010            0.0            0.0       1212.720          141.6            0.0          0.000            1.0          1.270
     02/09/2010           2010            0.0            0.0       1187.144          141.9            0.0          0.000            0.8          2.032
     03/09/2010           2010            0.0            0.0       1189.360          142.0            0.0          0.000            0.7          0.254
     04/09/2010           2010            0.0            0.0       1197.524          142.1            0.0          0.000            0.7          0.000
     05/09/2010           2010            0.0            0.0       1206.710          142.4            0.0          0.000            0.7          0.508
     06/09/2010           2010            0.0            0.0       1213.702          142.7            0.0          0.000            0.8          3.810
     07/09/2010           2010            0.0            0.0       1223.396          143.0            0.0          0.000            0.7          0.000
     08/09/2010           2010            0.0            0.0       1236.348          143.2            0.0          0.000            0.7          0.000
     09/09/2010           2010            0.0            0.0       1251.432          143.5            0.0          0.000            0.7          0.000
     10/09/2010           2010            0.0            0.0       1253.584          143.8            0.0          0.000            0.7         12.954
     11/09/2010           2010            0.0            0.0       1253.108          144.0            0.0          0.000            0.7          0.254
     12/09/2010           2010            0.0            0.0       1260.557          144.3            0.0          0.000            0.8          0.000
     13/09/2010           2010            0.0            0.0       1265.846          144.8            0.0          0.000            0.8          0.254
     14/09/2010           2010            0.0            0.0       1271.198          145.2            0.0          0.000            0.8          0.000
     15/09/2010           2010            0.0            0.0       1277.358          145.7            0.0          0.000            0.9          0.000
     16/09/2010           2010            0.0            0.0       1283.937          146.1            0.0          0.000            0.7          0.000
     17/09/2010           2010            0.0            0.0       1291.153          146.4            0.0          0.000            0.7          0.254
     18/09/2010           2010            0.0            0.0       1293.915          146.5            0.0          0.000            0.5         12.700
     19/09/2010           2010            0.0            0.0       1288.038          146.5            0.0          0.000            0.4          7.366
     20/09/2010           2010            0.0            0.0       1282.900          146.6            0.0          0.000            0.6          0.254
     21/09/2010           2010            0.0            0.0       1266.304          146.8            0.0          0.000            0.6         32.766
     22/09/2010           2010            0.0            0.0       1206.885          147.0            0.0          0.000            0.7          0.508
     23/09/2010           2010            0.0            0.0       1172.485          147.1            0.0          0.000            0.7         18.034
     24/09/2010           2010            0.0            0.0        975.506          147.1            0.0          0.000            0.6          0.000
     25/09/2010           2010            0.0            0.0        883.534          146.9            0.0          0.000            0.4         16.256
     26/09/2010           2010            0.0            0.0        864.931          146.6            0.0          0.000            0.4          0.254
     27/09/2010           2010            0.0            0.0        877.302          146.3            0.0          0.000            0.4          0.000
     28/09/2010           2010            0.0            0.0        907.643          146.2            0.0          0.000            0.5          0.000
     29/09/2010           2010            0.0            0.0        945.562          146.3            0.0          0.000            0.6          0.000
     30/09/2010           2010            0.0            0.0        975.595          146.3            0.0          0.000            0.6          0.000
     01/10/2010           2010            0.0            0.0       1014.956          146.4            0.0          0.000            0.6          0.000
     02/10/2010           2010            0.0            0.0       1037.247          146.3            0.0          0.000            0.4          0.000
     03/10/2010           2010            0.0            0.0       1060.320          146.1            0.0          0.000            0.3          0.000
     04/10/2010           2010            0.0            0.0       1088.525          146.0            0.0          0.000            0.3          0.000
     05/10/2010           2010            0.0            0.0       1124.554          146.0            0.0          0.000            0.3          0.000
     06/10/2010           2010            0.0            0.0       1163.756          146.1            0.0          0.000            0.5          0.000
     07/10/2010           2010            0.0            0.0       1237.482          146.2            0.0          0.000            0.4          0.000
     08/10/2010           2010            0.0            0.0       1260.324          146.4            0.0          0.000            0.6          0.000
     09/10/2010           2010            0.0            0.0       1269.176          146.8            0.0          0.000            0.7          0.000
     10/10/2010           2010            0.0            0.0       1277.035          147.2            0.0          0.000            0.7          0.000
     11/10/2010           2010            0.0            0.0       1285.042          147.6            0.0          0.000            0.7          0.000
     12/10/2010           2010            0.0            0.0       1292.849          147.9            0.0          0.000            0.7          2.290
     13/10/2010           2010            0.0            0.0       1300.585          148.2            0.0          0.000            0.5          0.250
     14/10/2010           2010            0.0            0.0       1308.619          148.3            0.0          0.000            0.5          0.000
     15/10/2010           2010            0.0            0.0       1317.292          148.5            0.0          0.000            0.4          0.000
     16/10/2010           2010            0.0            0.0       1326.651          148.6            0.0          0.000            0.4          0.000
     17/10/2010           2010            0.0            0.0       1336.561          148.7            0.0          0.000            0.4          0.000
     18/10/2010           2010            0.0            0.0       1346.854          148.8            0.0          0.000            0.3          0.000
     19/10/2010           2010            0.0            0.0       1357.355          148.9            0.0          0.000            0.3          0.000
     20/10/2010           2010            0.0            0.0       1368.135          149.0            0.0          0.000            0.3          0.000
     21/10/2010           2010            0.0            0.0       1379.135          149.1            0.0          0.000            0.3          0.000
     22/10/2010           2010            0.0            0.0       1390.256          149.2            0.0          0.000            0.3          0.000
     23/10/2010           2010            0.0            0.0       1400.615          149.4            0.0          0.000            0.4          2.030
     24/10/2010           2010            0.0            0.0       1409.226          149.6            0.0          0.000            0.5          0.000
     25/10/2010           2010            0.0            0.0       1416.134          149.8            0.0          0.000            0.4          0.000
     26/10/2010           2010            0.0            0.0       1417.987          149.9            0.0          0.000            0.3          7.110
     27/10/2010           2010            0.0            0.0       1416.080          149.8            0.0          0.000            0.2          0.510
     28/10/2010           2010            0.0            0.0       1414.885          149.7            0.0          0.000            0.2          0.000
     29/10/2010           2010            0.0            0.0       1415.788          149.6            0.0          0.000            0.1          0.000
     30/10/2010           2010            0.0            0.0       1418.863          149.5            0.0          0.000            0.2          0.000
     31/10/2010           2010            0.0            0.0       1423.204          149.5            0.0          0.000            0.2          0.000
     01/11/2010           2010            0.0            0.0       1428.411          149.4            0.0          0.000            0.1          0.000
     02/11/2010           2010            0.0            0.0       1434.251          149.3            0.0          0.000            0.1          0.000
     03/11/2010           2010            0.0            0.0       1440.618          149.3            0.0          0.000            0.2          0.000
     04/11/2010           2010            0.0            0.0       1447.504          149.3            0.0          0.000            0.1          0.000
     05/11/2010           2010            0.0            0.0       1454.819          149.2            0.0          0.000            0.1          0.000
     06/11/2010           2010            0.0            0.0       1462.503          149.2            0.0          0.000            0.1          0.000
     07/11/2010           2010            0.0            0.0       1470.577          149.2            0.0          0.000            0.2          0.000
     08/11/2010           2010            0.0            0.0       1479.109          149.3            0.0          0.000            0.3          0.000
     09/11/2010           2010            0.0            0.0       1488.030          149.5            0.0          0.000            0.3          0.000
     10/11/2010           2010            0.0            0.0       1497.005          149.7            0.0          0.000            0.3          0.000
     11/11/2010           2010            0.0            0.0       1505.864          149.7            0.0          0.000            0.2          0.000
     12/11/2010           2010            0.0            0.0       1504.005          149.7            0.0          0.000            0.1         23.370
     13/11/2010           2010            0.0            0.0       1446.617          149.5            0.0          0.000            0.1         30.480
     14/11/2010           2010            0.0            0.0       1375.712          149.2            0.0          0.000            0.1          0.000
     15/11/2010           2010            0.0            0.0       1348.001          148.9            0.0          0.000            0.1          0.000
     16/11/2010           2010            0.0            0.0       1334.188          148.6            0.0          0.000            0.1          1.020
     17/11/2010           2010            0.0            0.0       1326.455          148.4            0.0          0.000            0.0          0.000
     18/11/2010           2010            0.0            0.0       1321.914          148.1            0.0          0.000            0.0          0.000
     19/11/2010           2010            0.0            0.0       1319.564          147.9            0.0          0.000            0.0          0.000
     20/11/2010           2010            0.0            0.0       1318.519          147.6            0.0          0.000            0.0          0.000
     21/11/2010           2010            0.0            0.0       1317.806          147.4            0.0          0.000            0.0          0.510
     22/11/2010           2010            0.0            0.0       1317.333          147.1            0.0          0.000            0.0          0.000
     23/11/2010           2010            0.0            0.0       1317.184          146.9            0.0          0.000            0.0          0.000
     24/11/2010           2010            0.0            0.0       1316.595          146.7            0.0          0.000            0.0          1.270
     25/11/2010           2010            0.0            0.0       1315.676          146.4            0.0          0.000            0.0          0.000
     26/11/2010           2010            0.0            0.0       1315.056          146.2            0.0          0.000            0.0          0.000
     27/11/2010           2010            0.0            0.0       1315.384          145.9            0.0          0.000            0.0          0.000
     28/11/2010           2010            0.0            0.0       1316.737          145.7            0.0          0.000            0.0          0.000
     29/11/2010           2010            0.0            0.0       1318.321          145.5            0.0          0.000            0.0          0.250
     30/11/2010           2010            0.0            0.0       1319.081          145.3            0.0          0.000            0.0          1.020
     01/12/2010           2010            0.0            0.0       1319.478          145.1            0.0          0.000            0.0          0.000
     02/12/2010           2010            0.0            0.0       1320.041          144.9            0.0          0.000            0.0          0.000
     03/12/2010           2010            0.0            0.0       1320.629          144.6            0.0          0.000            0.0          0.000
     04/12/2010           2010            0.0            0.0       1321.119          144.4            0.0          0.000            0.0          0.000
     05/12/2010           2010            0.0            0.0       1321.508          144.2            0.0          0.000            0.0          0.000
     06/12/2010           2010            0.0            0.0       1321.814          144.0            0.0          0.000            0.0          0.000
     07/12/2010           2010            0.0            0.0       1322.061          143.8            0.0          0.000            0.0          0.000
     08/12/2010           2010            0.0            0.0       1322.353          143.6            0.0          0.000            0.0          0.000
     09/12/2010           2010            0.0            0.0       1322.919          143.4            0.0          0.000            0.0          0.000
     10/12/2010           2010            0.0            0.0       1324.109          143.2            0.0          0.000            0.0          0.000
     11/12/2010           2010            0.0            0.0       1324.767          143.0            0.0          0.000            0.0          1.780
     12/12/2010           2010            0.0            0.0       1320.750          142.8            0.0          0.000            0.0          5.080
     13/12/2010           2010            0.0            0.0       1316.311          142.6            0.0          0.000            0.0          0.000
     14/12/2010           2010            0.0            0.0       1312.850          142.4            0.0          0.000            0.0          0.000
     15/12/2010           2010            0.0            0.0       1310.418          142.2            0.0          0.000            0.0          0.000
     16/12/2010           2010            0.0            0.0       1307.638          142.0            0.0          0.000           -0.0          2.540
     17/12/2010           2010            0.0            0.0       1304.715          141.8            0.0          0.000           -0.0          0.000
     18/12/2010           2010            0.0            0.0       1302.604          141.7            0.0          0.000           -0.0          0.000
     19/12/2010           2010            0.0            0.0       1301.181          141.5            0.0          0.000           -0.0          0.000
     20/12/2010           2010            0.0            0.0       1300.279          141.3            0.0          0.000           -0.0          0.000
     21/12/2010           2010            0.0            0.0       1299.807          141.1            0.0          0.000           -0.0          0.000
     22/12/2010           2010            0.0            0.0       1299.589          140.9            0.0          0.000           -0.0          0.000
     23/12/2010           2010            0.0            0.0       1299.544          140.7            0.0          0.000           -0.0          0.000
     24/12/2010           2010            0.0            0.0       1294.359          140.5            0.0          0.000           -0.0          9.140
     25/12/2010           2010            0.0            0.0       1288.268          140.3            0.0          0.000           -0.0          0.000
     26/12/2010           2010            0.0            0.0       1284.003          140.1            0.0          0.000           -0.0          0.000
     27/12/2010           2010            0.0            0.0       1281.391          139.9            0.0          0.000           -0.0          0.000
     28/12/2010           2010            0.0            0.0       1279.959          139.7            0.0          0.000           -0.0          0.000
     29/12/2010           2010            0.0            0.0       1279.235          139.4            0.0          0.000           -0.0          0.000
     30/12/2010           2010            0.0            0.0       1278.965          139.2            0.0          0.000           -0.0          0.000
     31/12/2010           2010            0.0            0.0       1278.311          139.0            0.0          0.000            0.0          1.780
