ApsimVersion = 7.9 r4044
Title = craw-2005
           Date           year          yield        biomass     watertable          no3()   surfaceom_wt            lai           Rain    dlt_n_min()
   (dd/mm/yyyy)         (year)        (kg/ha)        (kg/ha)           (mm)        (kg/ha)        (kg/ha)      (m^2/m^2)           (mm)        (kg/ha)
     01/01/2005           2005            0.0            0.0        702.380           40.8            0.0          0.000          3.556            0.1
     02/01/2005           2005            0.0            0.0        669.321           41.1            0.0          0.000          7.645            0.0
     03/01/2005           2005            0.0            0.0        553.461           41.3            0.0          0.000          9.449            0.0
     04/01/2005           2005            0.0            0.0        471.419           41.3            0.0          0.000          6.706            0.0
     05/01/2005           2005            0.0            0.0        356.956           41.2            0.0          0.000          8.915           -0.0
     06/01/2005           2005            0.0            0.0        324.344           41.1            0.0          0.000          0.000           -0.0
     07/01/2005           2005            0.0            0.0        341.311           40.9            0.0          0.000          0.000           -0.0
     08/01/2005           2005            0.0            0.0        359.380           40.8            0.0          0.000          0.000           -0.0
     09/01/2005           2005            0.0            0.0        371.002           40.7            0.0          0.000          0.000           -0.0
     10/01/2005           2005            0.0            0.0        356.202           40.5            0.0          0.000          3.251           -0.0
     11/01/2005           2005            0.0            0.0        362.749           40.4            0.0          0.000          0.000           -0.0
     12/01/2005           2005            0.0            0.0        141.436           40.4            0.0          0.000         14.732           -0.0
     13/01/2005           2005            0.0            0.0        157.605           40.2            0.0          0.000          0.000           -0.0
     14/01/2005           2005            0.0            0.0        176.657           40.1            0.0          0.000          0.000           -0.0
     15/01/2005           2005            0.0            0.0        199.875           40.0            0.0          0.000          0.000           -0.0
     16/01/2005           2005            0.0            0.0        215.026           39.8            0.0          0.000          0.000           -0.0
     17/01/2005           2005            0.0            0.0        233.146           39.7            0.0          0.000          0.000           -0.0
     18/01/2005           2005            0.0            0.0        260.129           39.6            0.0          0.000          0.000           -0.0
     19/01/2005           2005            0.0            0.0        280.631           39.5            0.0          0.000          0.000           -0.0
     20/01/2005           2005            0.0            0.0        308.182           39.4            0.0          0.000          0.000           -0.0
     21/01/2005           2005            0.0            0.0        321.929           39.3            0.0          0.000          0.000           -0.0
     22/01/2005           2005            0.0            0.0        339.538           39.2            0.0          0.000          0.000           -0.0
     23/01/2005           2005            0.0            0.0        357.748           39.0            0.0          0.000          0.000           -0.0
     24/01/2005           2005            0.0            0.0        374.124           38.9            0.0          0.000          0.000           -0.0
     25/01/2005           2005            0.0            0.0        394.958           38.8            0.0          0.000          0.000           -0.0
     26/01/2005           2005            0.0            0.0        409.102           38.7            0.0          0.000          0.000           -0.0
     27/01/2005           2005            0.0            0.0        422.495           38.6            0.0          0.000          0.000           -0.0
     28/01/2005           2005            0.0            0.0        437.278           38.5            0.0          0.000          0.000           -0.0
     29/01/2005           2005            0.0            0.0        452.148           38.4            0.0          0.000          0.000           -0.0
     30/01/2005           2005            0.0            0.0        467.271           38.3            0.0          0.000          0.000           -0.0
     31/01/2005           2005            0.0            0.0        483.982           38.2            0.0          0.000          0.000           -0.0
     01/02/2005           2005            0.0            0.0        499.185           38.1            0.0          0.000          0.000           -0.0
     02/02/2005           2005            0.0            0.0        527.089           38.0            0.0          0.000          0.000           -0.0
     03/02/2005           2005            0.0            0.0        546.412           37.9            0.0          0.000          0.000            0.0
     04/02/2005           2005            0.0            0.0        572.591           37.8            0.0          0.000          0.000            0.0
     05/02/2005           2005            0.0            0.0        596.777           37.8            0.0          0.000          0.000            0.0
     06/02/2005           2005            0.0            0.0        580.370           37.9            0.0          0.000          8.280            0.0
     07/02/2005           2005            0.0            0.0        566.014           37.8            0.0          0.000          0.000            0.0
     08/02/2005           2005            0.0            0.0        543.360           37.8            0.0          0.000          3.251           -0.0
     09/02/2005           2005            0.0            0.0        541.935           37.7            0.0          0.000          0.000           -0.0
     10/02/2005           2005            0.0            0.0        547.613           37.6            0.0          0.000          0.000           -0.0
     11/02/2005           2005            0.0            0.0        567.593           37.5            0.0          0.000          0.000           -0.0
     12/02/2005           2005            0.0            0.0        564.441           37.4            0.0          0.000          4.597           -0.0
     13/02/2005           2005            0.0            0.0        507.433           37.4            0.0          0.000          8.738            0.0
     14/02/2005           2005            0.0            0.0        509.997           37.4            0.0          0.000          0.000            0.0
     15/02/2005           2005            0.0            0.0        514.667           37.4            0.0          0.000          0.000            0.0
     16/02/2005           2005            0.0            0.0        525.886           37.3            0.0          0.000          0.000            0.0
     17/02/2005           2005            0.0            0.0        538.941           37.2            0.0          0.000          0.000           -0.0
     18/02/2005           2005            0.0            0.0        553.326           37.1            0.0          0.000          0.000           -0.0
     19/02/2005           2005            0.0            0.0        546.266           37.0            0.0          0.000          2.972           -0.0
     20/02/2005           2005            0.0            0.0        532.802           36.9            0.0          0.000          2.540           -0.0
     21/02/2005           2005            0.0            0.0        535.324           36.9            0.0          0.000          0.000           -0.0
     22/02/2005           2005            0.0            0.0        548.041           36.8            0.0          0.000          0.000           -0.0
     23/02/2005           2005            0.0            0.0        563.179           36.7            0.0          0.000          0.000           -0.0
     24/02/2005           2005            0.0            0.0        576.887           36.6            0.0          0.000          0.000           -0.0
     25/02/2005           2005            0.0            0.0        601.362           36.5            0.0          0.000          0.000            0.0
     26/02/2005           2005            0.0            0.0        634.095           36.4            0.0          0.000          0.000            0.0
     27/02/2005           2005            0.0            0.0        652.620           36.4            0.0          0.000          2.819            0.0
     28/02/2005           2005            0.0            0.0        661.590           36.3            0.0          0.000          0.000           -0.0
     01/03/2005           2005            0.0            0.0        675.477           36.2            0.0          0.000          0.000           -0.0
     02/03/2005           2005            0.0            0.0        690.221           36.1            0.0          0.000          0.000           -0.0
     03/03/2005           2005            0.0            0.0        719.185           36.1            0.0          0.000          0.000           -0.0
     04/03/2005           2005            0.0            0.0        742.388           36.0            0.0          0.000          0.000            0.0
     05/03/2005           2005            0.0            0.0        770.410           36.0            0.0          0.000          0.000            0.0
     06/03/2005           2005            0.0            0.0        783.264           36.1            0.0          0.000          4.648            0.1
     07/03/2005           2005            0.0            0.0        794.080           36.2            0.0          0.000          0.000            0.1
     08/03/2005           2005            0.0            0.0        804.360           36.2            0.0          0.000          0.000            0.0
     09/03/2005           2005            0.0            0.0        816.679           36.2            0.0          0.000          0.000            0.0
     10/03/2005           2005            0.0            0.0        830.934           36.1            0.0          0.000          0.000           -0.0
     11/03/2005           2005            0.0            0.0        847.531           36.1            0.0          0.000          0.000            0.0
     12/03/2005           2005            0.0            0.0        864.538           36.0            0.0          0.000          0.000           -0.0
     13/03/2005           2005            0.0            0.0        882.852           35.9            0.0          0.000          0.000           -0.0
     14/03/2005           2005            0.0            0.0        903.130           35.9            0.0          0.000          0.000           -0.0
     15/03/2005           2005            0.0            0.0        927.668           35.8            0.0          0.000          0.000           -0.0
     16/03/2005           2005            0.0            0.0        957.268           35.7            0.0          0.000          0.000            0.0
     17/03/2005           2005            0.0            0.0        995.230           35.7            0.0          0.000          0.000            0.0
     18/03/2005           2005            0.0            0.0       1037.590           35.8            0.0          0.000          0.000            0.0
     19/03/2005           2005            0.0            0.0       1081.207           35.8            0.0          0.000          0.000            0.0
     20/03/2005           2005            0.0            0.0       1093.135           35.8            0.0          0.000          0.000            0.0
     21/03/2005           2005            0.0            0.0       1138.241           35.9            0.0          0.000          0.000            0.0
     22/03/2005           2005            0.0            0.0       1157.922           35.9            0.0          0.000          8.712            0.0
     23/03/2005           2005            0.0            0.0       1166.593           36.0            0.0          0.000          0.000            0.0
     24/03/2005           2005            0.0            0.0       1164.388           36.1            0.0          0.000         14.554            0.0
     25/03/2005           2005            0.0            0.0       1147.776           36.0            0.0          0.000          0.000            0.0
     26/03/2005           2005            0.0            0.0       1131.670           36.0            0.0          0.000          0.000            0.0
     27/03/2005           2005            0.0            0.0       1125.446           36.1            0.0          0.000          0.000            0.0
     28/03/2005           2005            0.0            0.0       1126.420           36.2            0.0          0.000          0.000            0.1
     29/03/2005           2005            0.0            0.0       1132.916           36.6            0.0          0.000          0.000            0.2
     30/03/2005           2005            0.0            0.0       1143.438           37.2            0.0          0.000          0.000            0.3
     31/03/2005           2005            0.0            0.0       1158.348           37.8            0.0          0.000          0.000            0.3
     01/04/2005           2005            0.0            0.0       1176.918           38.2            0.0          0.000          0.000            0.2
     02/04/2005           2005            0.0            0.0       1198.057           38.5            0.0          0.000          0.000            0.2
     03/04/2005           2005            0.0            0.0       1222.181           39.0            0.0          0.000          0.000            0.2
     04/04/2005           2005            0.0            0.0       1250.361           39.8            0.0          0.000          0.000            0.4
     05/04/2005           2005            0.0            0.0       1284.575           40.7            0.0          0.000          0.000            0.5
     06/04/2005           2005            0.0            0.0       1308.910           41.8            0.0          0.000          0.762            0.5
     07/04/2005           2005            0.0            0.0       1335.690           42.6            0.0          0.000          0.508            0.4
     08/04/2005           2005            0.0            0.0       1367.851           43.3            0.0          0.000          0.000            0.4
     09/04/2005           2005            0.0            0.0       1394.764           44.2            0.0          0.000          0.000            0.4
     10/04/2005           2005            0.0            0.0       1421.281           45.2            0.0          0.000          0.000            0.6
     11/04/2005           2005            0.0            0.0       1447.884           46.4            0.0          0.000          5.842            0.6
     12/04/2005           2005            0.0            0.0       1473.790           47.3            0.0          0.000         15.494            0.4
     13/04/2005           2005            0.0            0.0       1491.739           47.9            0.0          0.000          0.000            0.3
     14/04/2005           2005            0.0            0.0       1502.610           48.5            0.0          0.000          0.000            0.3
     15/04/2005           2005            0.0            0.0       1512.178           49.0            0.0          0.000          0.000            0.4
     16/04/2005           2005            0.0            0.0       1522.679           49.7            0.0          0.000          0.000            0.4
     17/04/2005           2005            0.0            0.0       1534.874           50.6            0.0          0.000          0.000            0.6
     18/04/2005           2005            0.0            0.0       1548.877           51.6            0.0          0.000          0.000            0.7
     19/04/2005           2005            0.0            0.0       1565.786           52.8            0.0          0.000          0.000            0.8
     20/04/2005           2005            0.0            0.0       1585.562           54.0            0.0          0.000          0.000            0.8
     21/04/2005           2005            0.0            0.0       1606.786           54.9            0.0          0.000          8.890            0.6
     22/04/2005           2005            0.0            0.0       1626.334           55.5            0.0          0.000          8.382            0.4
     23/04/2005           2005            0.0            0.0       1642.278           55.9            0.0          0.000          2.286            0.2
     24/04/2005           2005            0.0            0.0       1654.736           56.2            0.0          0.000          2.540            0.2
     25/04/2005           2005            0.0            0.0       1665.037           56.5            0.0          0.000          0.508            0.3
     26/04/2005           2005            0.0            0.0       1674.464           56.8            0.0          0.000          0.762            0.2
     27/04/2005           2005            0.0            0.0       1683.952           57.1            0.0          0.000          0.508            0.2
     28/04/2005           2005            0.0            0.0       1693.924           57.4            0.0          0.000          0.254            0.2
     29/04/2005           2005            0.0            0.0       1704.411           57.6            0.0          0.000          0.254            0.2
     30/04/2005           2005            0.0            0.0       1715.304           57.9            0.0          0.000          0.508            0.2
     01/05/2005           2005            0.0            0.0       1726.412           58.0            0.0          0.000          0.000            0.1
     02/05/2005           2005            0.0            0.0       1737.479           58.2            0.0          0.000          0.000            0.1
     03/05/2005           2005            0.0            0.0       1753.373           58.3            0.0          0.000          0.000            0.1
     04/05/2005           2005            0.0            0.0       1773.488           58.5            0.0          0.000          0.000            0.1
     05/05/2005           2005            0.0            0.0       1792.487           58.8            0.0          0.000          0.000            0.2
     06/05/2005           2005            0.0            0.0       1814.710           59.3            0.0          0.000          0.000            0.4
     07/05/2005           2005            0.0            0.0       1838.213           59.9            0.0          0.000          0.000            0.5
     08/05/2005           2005            0.0            0.0       1858.449           60.9            0.0          0.000          3.048            0.8
     09/05/2005           2005            0.0            0.0       1831.963           61.8            0.0          0.000          0.254            0.7
     10/05/2005           2005            0.0            0.0       1847.385           62.7            0.0          0.000          0.000            0.8
     11/05/2005           2005            0.0            0.0       1860.454           63.7            0.0          0.000          6.350            0.8
     12/05/2005           2005            0.0            0.0       1874.309           64.3            0.0          0.000          3.810            0.6
     13/05/2005           2005            0.0            0.0       1888.442           65.1            0.0          0.000         11.938            0.6
     14/05/2005           2005            0.0            0.0       1902.681           65.6            0.0          0.000          0.508            0.5
     15/05/2005           2005            0.0            0.0       1916.486           66.0            0.0          0.000          0.000            0.4
     16/05/2005           2005            0.0            0.0       1929.662           66.4            0.0          0.000          0.000            0.3
     17/05/2005           2005            0.0            0.0       1942.129           66.9            0.0          0.000          0.000            0.5
     18/05/2005           2005            0.0            0.0       1953.931           67.7            0.0          0.000          1.016            0.7
     19/05/2005           2005            0.0            0.0       1965.163           68.4            0.0          0.000          0.254            0.7
     20/05/2005           2005            0.0            0.0       1975.923           69.2            0.0          0.000          0.000            0.7
     21/05/2005           2005            0.0            0.0       1986.280           69.8            0.0          0.000          0.762            0.6
     22/05/2005           2005            0.0            0.0       1996.266           70.6            0.0          0.000          0.000            0.7
     23/05/2005           2005            0.0            0.0       2005.887           71.6            0.0          0.000          0.000            0.9
     24/05/2005           2005            0.0            0.0       2015.128           72.7            0.0          0.000          0.000            0.9
     25/05/2005           2005            0.0            0.0       2023.968           73.6            0.0          0.000          0.000            0.8
     26/05/2005           2005            0.0            0.0       2032.381           74.6            0.0          0.000          0.000            0.8
     27/05/2005           2005            0.0            0.0       2040.345           75.5            0.0          0.000          0.000            0.8
     28/05/2005           2005            0.0            0.0       2047.846           76.4            0.0          0.000          0.000            0.8
     29/05/2005           2005            0.0            0.0       2054.961           77.1            0.0          0.000          2.540            0.7
     30/05/2005           2005            0.0            0.0       2061.492           77.8            0.0          0.000          0.000            0.7
     31/05/2005           2005            0.0            0.0       2067.580           78.7            0.0          0.000          0.000            0.8
     01/06/2005           2005            0.0            0.0       2073.234           79.8            0.0          0.000          0.000            1.0
     02/06/2005           2005            0.0            0.0       2078.472           81.1            0.0          0.000          0.000            1.1
     03/06/2005           2005            0.0            0.0       2083.393           82.3            0.0          0.000          2.032            1.1
     04/06/2005           2005            0.0            0.0       2087.851           83.5            0.0          0.000          3.810            1.1
     05/06/2005           2005            0.0            0.0       2091.984           84.6            0.0          0.000          4.572            1.1
     06/06/2005           2005            0.0            0.0       2095.812           85.9            0.0          0.000          0.254            1.2
     07/06/2005           2005            0.0            0.0       2099.387           87.5            0.0          0.000          0.000            1.4
     08/06/2005           2005            0.0            0.0       2102.970           89.2            0.0          0.000         12.954            1.7
     09/06/2005           2005            0.0            0.0       2106.614           90.7            0.0          0.000          2.032            1.6
     10/06/2005           2005            0.0            0.0       2110.292           92.2            0.0          0.000          1.524            1.5
     11/06/2005           2005            0.0            0.0       2113.971           93.8            0.0          0.000          6.858            1.6
     12/06/2005           2005            0.0            0.0       2117.643           95.4            0.0          0.000         17.272            1.6
     13/06/2005           2005            0.0            0.0       2121.228           97.0            0.0          0.000          1.270            1.6
     14/06/2005           2005            0.0            0.0       2124.610           98.4            0.0          0.000          0.254            1.4
     15/06/2005           2005            0.0            0.0       2127.768           99.5            0.0          0.000          0.000            1.2
     16/06/2005           2005            0.0            0.0       2130.690          100.6            0.0          0.000          0.000            1.1
     17/06/2005           2005            0.0            0.0       2133.394          101.7            0.0          0.000          0.000            1.1
     18/06/2005           2005            0.0            0.0       2135.920          102.9            0.0          0.000          0.000            1.2
     19/06/2005           2005            0.0            0.0       2138.316          104.3            0.0          0.000          0.000            1.3
     20/06/2005           2005            0.0            0.0       2140.627          105.8            0.0          0.000          0.000            1.4
     21/06/2005           2005            0.0            0.0       2142.892          107.5            0.0          0.000          0.000            1.5
     22/06/2005           2005            0.0            0.0       2145.139          109.3            0.0          0.000          0.000            1.7
     23/06/2005           2005            0.0            0.0       2147.383          111.4            0.0          0.000          0.000            1.8
     24/06/2005           2005            0.0            0.0       2149.633          113.5            0.0          0.000          0.000            2.0
     25/06/2005           2005            0.0            0.0       2151.892          115.6            0.0          0.000          0.000            2.0
     26/06/2005           2005            0.0            0.0       2154.155          117.7            0.0          0.000          0.000            2.0
     27/06/2005           2005            0.0            0.0       2156.417          119.6            0.0          0.000          4.064            1.9
     28/06/2005           2005            0.0            0.0       2158.672          121.3            0.0          0.000          0.254            1.7
     29/06/2005           2005            0.0            0.0       2160.911          123.0            0.0          0.000          0.000            1.7
     30/06/2005           2005            0.0            0.0       2163.127          124.9            0.0          0.000          9.652            1.9
     01/07/2005           2005            0.0            0.0       2165.308          126.2            0.0          0.000          0.000            1.4
     02/07/2005           2005            0.0            0.0       2167.449          127.4            0.0          0.000          0.000            1.3
     03/07/2005           2005            0.0            0.0       2169.554          128.7            0.0          0.000          1.778            1.3
     04/07/2005           2005            0.0            0.0       2171.596          130.0            0.0          0.000          4.572            1.3
     05/07/2005           2005            0.0            0.0       2173.582          131.1            0.0          0.000          0.254            1.2
     06/07/2005           2005            0.0            0.0       2175.508          132.5            0.0          0.000          0.000            1.3
     07/07/2005           2005            0.0            0.0       2177.374          133.9            0.0          0.000          0.000            1.4
     08/07/2005           2005            0.0            0.0       2179.180          135.5            0.0          0.000          0.000            1.5
     09/07/2005           2005            0.0            0.0       2180.926          137.2            0.0          0.000          0.000            1.6
     10/07/2005           2005            0.0            0.0       2182.615          139.0            0.0          0.000          0.000            1.7
     11/07/2005           2005            0.0            0.0       2184.248          140.8            0.0          0.000          0.000            1.7
     12/07/2005           2005            0.0            0.0       2185.829          142.5            0.0          0.000          0.000            1.7
     13/07/2005           2005            0.0            0.0       2187.359          144.3            0.0          0.000          0.000            1.7
     14/07/2005           2005            0.0            0.0       2188.840          146.1            0.0          0.000          0.000            1.8
     15/07/2005           2005            0.0            0.0       2190.275          148.1            0.0          0.000          0.000            1.9
     16/07/2005           2005            0.0            0.0       2191.665          150.2            0.0          0.000          0.000            2.0
     17/07/2005           2005            0.0            0.0       2193.012          152.3            0.0          0.000          0.000            2.0
     18/07/2005           2005            0.0            0.0       2194.317          154.3            0.0          0.000          0.000            2.0
     19/07/2005           2005            0.0            0.0       2195.581          156.1            0.0          0.000          0.000            1.9
     20/07/2005           2005            0.0            0.0       2196.813          158.0            0.0          0.000          2.286            1.8
     21/07/2005           2005            0.0            0.0       2197.998          159.9            0.0          0.000          0.508            1.9
     22/07/2005           2005            0.0            0.0       2199.145          162.0            0.0          0.000          0.000            2.0
     23/07/2005           2005            0.0            0.0       2200.256          164.1            0.0          0.000          0.000            2.0
     24/07/2005           2005            0.0            0.0       2201.330          166.3            0.0          0.000          0.000            2.1
     25/07/2005           2005            0.0            0.0       2202.369          168.6            0.0          0.000          0.000            2.2
     26/07/2005           2005            0.0            0.0       2203.382          170.6            0.0          0.000         18.542            2.3
     27/07/2005           2005            0.0            0.0       2204.358          172.0            0.0          0.000          4.318            1.7
     28/07/2005           2005            0.0            0.0       2205.274          173.2            0.0          0.000          0.000            1.4
     29/07/2005           2005            0.0            0.0       2206.123          174.4            0.0          0.000          0.000            1.4
     30/07/2005           2005            0.0            0.0       2206.891          175.8            0.0          0.000          0.000            1.5
     31/07/2005           2005            0.0            0.0       2207.577          177.1            0.0          0.000          0.000            1.4
     01/08/2005           2005            0.0            0.0       2208.183          178.6            0.0          0.000          0.000            1.5
     02/08/2005           2005            0.0            0.0       2208.721          180.4            0.0          0.000          0.000            1.7
     03/08/2005           2005            0.0            0.0       2209.205          182.5            0.0          0.000          0.000            1.8
     04/08/2005           2005            0.0            0.0       2209.649          184.3            0.0          0.000          0.000            1.8
     05/08/2005           2005            0.0            0.0       2210.068          186.0            0.0          0.000          0.000            1.6
     06/08/2005           2005            0.0            0.0       2210.474          187.5            0.0          0.000          0.000            1.6
     07/08/2005           2005            0.0            0.0       2210.875          189.2            0.0          0.000          0.000            1.6
     08/08/2005           2005            0.0            0.0       2211.279          190.9            0.0          0.000          0.000            1.7
     09/08/2005           2005            0.0            0.0       2211.687          192.6            0.0          0.000          6.350            1.7
     10/08/2005           2005            0.0            0.0       2212.105          194.2            0.0          0.000          1.524            1.6
     11/08/2005           2005            0.0            0.0       2212.531          196.1            0.0          0.000         12.192            2.0
     12/08/2005           2005            0.0            0.0       2212.966          197.7            0.0          0.000          4.572            1.8
     13/08/2005           2005            0.0            0.0       2213.403          199.1            0.0          0.000          2.540            1.6
     14/08/2005           2005            0.0            0.0       2213.829          200.4            0.0          0.000          2.032            1.4
     15/08/2005           2005            0.0            0.0       2214.232          201.7            0.0          0.000          1.524            1.3
     16/08/2005           2005            0.0            0.0       2214.598          202.8            0.0          0.000          1.270            1.2
     17/08/2005           2005            0.0            0.0       2214.918          204.0            0.0          0.000          0.762            1.2
     18/08/2005           2005            0.0            0.0       2215.191          205.4            0.0          0.000          1.016            1.4
     19/08/2005           2005            0.0            0.0       2215.420          207.0            0.0          0.000          0.762            1.5
     20/08/2005           2005            0.0            0.0       2215.614          208.6            0.0          0.000          0.508            1.5
     21/08/2005           2005            0.0            0.0       2215.782          210.1            0.0          0.000          0.254            1.4
     22/08/2005           2005            0.0            0.0       2215.936          211.6            0.0          0.000          0.254            1.4
     23/08/2005           2005            0.0            0.0       2216.087          212.8            0.0          0.000          0.000            1.2
     24/08/2005           2005            0.0            0.0       2216.242          214.0            0.0          0.000          0.000            1.2
     25/08/2005           2005            0.0            0.0       2216.405          215.1            0.0          0.000          2.032            1.2
     26/08/2005           2005            0.0            0.0       2216.586          216.3            0.0          0.000          1.270            1.2
     27/08/2005           2005            0.0            0.0       2216.786          217.6            0.0          0.000          0.000            1.3
     28/08/2005           2005            0.0            0.0       2217.005          219.0            0.0          0.000          0.000            1.3
     29/08/2005           2005            0.0            0.0       2217.241          220.4            0.0          0.000          0.000            1.4
     30/08/2005           2005            0.0            0.0       2217.495          221.8            0.0          0.000          0.000            1.4
     31/08/2005           2005            0.0            0.0       2217.764          223.1            0.0          0.000          0.000            1.3
     01/09/2005           2005            0.0            0.0       2218.047          224.5            0.0          0.000          0.000            1.3
     02/09/2005           2005            0.0            0.0       2218.345          225.8            0.0          0.000          0.000            1.3
     03/09/2005           2005            0.0            0.0       2218.661          227.0            0.0          0.000          0.000            1.3
     04/09/2005           2005            0.0            0.0       2218.993          228.2            0.0          0.000          0.000            1.2
     05/09/2005           2005            0.0            0.0       2219.339          229.5            0.0          0.000          0.000            1.3
     06/09/2005           2005            0.0            0.0       2219.698          230.9            0.0          0.000          0.000            1.4
     07/09/2005           2005            0.0            0.0       2220.068          232.3            0.0          0.000          0.000            1.4
     08/09/2005           2005            0.0            0.0       2220.449          233.6            0.0          0.000          4.064            1.3
     09/09/2005           2005            0.0            0.0       2220.838          234.8            0.0          0.000          0.000            1.3
     10/09/2005           2005            0.0            0.0       2221.233          236.2            0.0          0.000          0.000            1.4
     11/09/2005           2005            0.0            0.0       2221.634          237.7            0.0          0.000          0.000            1.5
     12/09/2005           2005            0.0            0.0       2222.037          239.2            0.0          0.000          0.000            1.4
     13/09/2005           2005            0.0            0.0       2222.441          240.6            0.0          0.000          0.508            1.4
     14/09/2005           2005            0.0            0.0       2222.845          241.8            0.0          0.000          0.000            1.2
     15/09/2005           2005            0.0            0.0       2223.248          242.7            0.0          0.000          0.762            1.0
     16/09/2005           2005            0.0            0.0       2223.649          243.6            0.0          0.000          0.254            0.9
     17/09/2005           2005            0.0            0.0       2224.046          244.5            0.0          0.000          0.000            1.0
     18/09/2005           2005            0.0            0.0       2224.439          245.5            0.0          0.000          0.254            1.1
     19/09/2005           2005            0.0            0.0       2224.828          246.6            0.0          0.000          2.794            1.1
     20/09/2005           2005            0.0            0.0       2225.210          247.7            0.0          0.000          0.000            1.1
     21/09/2005           2005            0.0            0.0       2225.586          248.8            0.0          0.000          0.000            1.1
     22/09/2005           2005            0.0            0.0       2225.955          250.0            0.0          0.000          0.000            1.2
     23/09/2005           2005            0.0            0.0       2226.317          251.1            0.0          0.000          0.000            1.1
     24/09/2005           2005            0.0            0.0       2226.670          252.1            0.0          0.000          0.000            1.0
     25/09/2005           2005            0.0            0.0       2227.016          253.1            0.0          0.000          0.508            1.0
     26/09/2005           2005            0.0            0.0       2227.353          254.0            0.0          0.000          0.508            0.9
     27/09/2005           2005            0.0            0.0       2227.683          254.8            0.0          0.000          0.000            0.8
     28/09/2005           2005            0.0            0.0       2228.005          255.6            0.0          0.000          7.112            0.9
     29/09/2005           2005            0.0            0.0       2228.315          256.2            0.0          0.000          2.286            0.7
     30/09/2005           2005            0.0            0.0       2228.615          256.7            0.0          0.000          0.000            0.6
     01/10/2005           2005            0.0            0.0       2228.899          257.4            0.0          0.000          0.000            0.7
     02/10/2005           2005            0.0            0.0       2229.165          258.2            0.0          0.000          0.000            0.8
     03/10/2005           2005            0.0            0.0       2229.411          259.1            0.0          0.000          0.000            1.0
     04/10/2005           2005            0.0            0.0       2229.635          260.3            0.0          0.000          0.000            1.1
     05/10/2005           2005            0.0            0.0       2229.842          261.5            0.0          0.000          5.334            1.1
     06/10/2005           2005            0.0            0.0       2230.025          262.1            0.0          0.000          0.000            0.7
     07/10/2005           2005            0.0            0.0       2230.191          262.6            0.0          0.000          0.000            0.5
     08/10/2005           2005            0.0            0.0       2230.342          262.9            0.0          0.000          0.000            0.4
     09/10/2005           2005            0.0            0.0       2230.479          263.3            0.0          0.000          0.000            0.4
     10/10/2005           2005            0.0            0.0       2230.604          263.7            0.0          0.000          0.000            0.4
     11/10/2005           2005            0.0            0.0       2230.721          264.1            0.0          0.000          0.000            0.4
     12/10/2005           2005            0.0            0.0       2230.831          264.6            0.0          0.000          0.000            0.5
     13/10/2005           2005            0.0            0.0       2230.937          265.1            0.0          0.000          0.254            0.5
     14/10/2005           2005            0.0            0.0       2231.040          265.6            0.0          0.000          0.000            0.5
     15/10/2005           2005            0.0            0.0       2231.142          266.2            0.0          0.000          0.000            0.6
     16/10/2005           2005            0.0            0.0       2231.246          266.7            0.0          0.000          0.000            0.5
     17/10/2005           2005            0.0            0.0       2231.353          267.3            0.0          0.000          0.254            0.6
     18/10/2005           2005            0.0            0.0       2231.462          267.9            0.0          0.000          0.000            0.6
     19/10/2005           2005            0.0            0.0       2231.577          268.4            0.0          0.000          0.000            0.6
     20/10/2005           2005            0.0            0.0       2231.694          269.1            0.0          0.000         19.050            0.6
     21/10/2005           2005            0.0            0.0       2231.813          269.5            0.0          0.000          9.144            0.5
     22/10/2005           2005            0.0            0.0       2231.861          269.9            0.0          0.000          3.556            0.4
     23/10/2005           2005            0.0            0.0       2231.728          270.1            0.0          0.000          1.524            0.3
     24/10/2005           2005            0.0            0.0       2231.278          270.3            0.0          0.000          0.762            0.2
     25/10/2005           2005            0.0            0.0       2230.400          270.5            0.0          0.000          0.000            0.2
     26/10/2005           2005            0.0            0.0       2229.051          270.7            0.0          0.000          0.000            0.2
     27/10/2005           2005            0.0            0.0       2227.273          270.9            0.0          0.000          0.000            0.2
     28/10/2005           2005            0.0            0.0       2225.184          271.1            0.0          0.000          0.000            0.2
     29/10/2005           2005            0.0            0.0       2222.943          271.3            0.0          0.000          0.000            0.3
     30/10/2005           2005            0.0            0.0       2220.714          271.6            0.0          0.000          0.000            0.3
     31/10/2005           2005            0.0            0.0       2218.632          271.9            0.0          0.000          0.000            0.3
     01/11/2005           2005            0.0            0.0       2216.729          272.1            0.0          0.000          0.000            0.3
     02/11/2005           2005            0.0            0.0       2214.859          272.4            0.0          0.000          0.000            0.3
     03/11/2005           2005            0.0            0.0       2213.048          272.8            0.0          0.000          0.000            0.4
     04/11/2005           2005            0.0            0.0       2211.332          273.1            0.0          0.000          0.000            0.4
     05/11/2005           2005            0.0            0.0       2209.698          273.4            0.0          0.000          2.032            0.4
     06/11/2005           2005            0.0            0.0       2208.234          273.7            0.0          0.000          1.778            0.3
     07/11/2005           2005            0.0            0.0       2206.907          274.1            0.0          0.000          0.000            0.4
     08/11/2005           2005            0.0            0.0       2205.710          274.5            0.0          0.000          0.000            0.4
     09/11/2005           2005            0.0            0.0       2204.631          274.8            0.0          0.000          0.000            0.4
     10/11/2005           2005            0.0            0.0       2203.660          275.0            0.0          0.000          0.000            0.2
     11/11/2005           2005            0.0            0.0       2202.789          275.2            0.0          0.000          0.000            0.3
     12/11/2005           2005            0.0            0.0       2201.990          275.6            0.0          0.000          3.378            0.4
     13/11/2005           2005            0.0            0.0       2201.295          275.9            0.0          0.000          0.000            0.3
     14/11/2005           2005            0.0            0.0       2200.673          276.0            0.0          0.000          0.000            0.2
     15/11/2005           2005            0.0            0.0       2200.086          276.2            0.0          0.000         11.811            0.1
     16/11/2005           2005            0.0            0.0       2199.472          276.3            0.0          0.000          0.000            0.1
     17/11/2005           2005            0.0            0.0       2198.682          276.3            0.0          0.000          0.000            0.0
     18/11/2005           2005            0.0            0.0       2197.610          276.3            0.0          0.000          0.000            0.0
     19/11/2005           2005            0.0            0.0       2196.186          276.4            0.0          0.000          0.000            0.1
     20/11/2005           2005            0.0            0.0       2194.394          276.4            0.0          0.000          0.000            0.1
     21/11/2005           2005            0.0            0.0       2192.263          276.5            0.0          0.000          0.000            0.1
     22/11/2005           2005            0.0            0.0       2189.856          276.6            0.0          0.000          0.000            0.1
     23/11/2005           2005            0.0            0.0       2187.253          276.6            0.0          0.000          0.000            0.1
     24/11/2005           2005            0.0            0.0       2184.538          276.7            0.0          0.000          0.000            0.1
     25/11/2005           2005            0.0            0.0       2181.782          276.7            0.0          0.000          0.000            0.0
     26/11/2005           2005            0.0            0.0       2179.040          276.7            0.0          0.000          0.000            0.0
     27/11/2005           2005            0.0            0.0       2176.291          276.8            0.0          0.000         10.465            0.1
     28/11/2005           2005            0.0            0.0       2173.394          276.9            0.0          0.000          0.000            0.1
     29/11/2005           2005            0.0            0.0       2170.161          276.9            0.0          0.000          0.000            0.0
     30/11/2005           2005            0.0            0.0       2166.481          276.8            0.0          0.000          5.842            0.0
     01/12/2005           2005            0.0            0.0       2161.927          276.7            0.0          0.000          0.000            0.0
     02/12/2005           2005            0.0            0.0       2156.427          276.6            0.0          0.000          0.000            0.0
     03/12/2005           2005            0.0            0.0       2149.962          276.5            0.0          0.000          0.000            0.0
     04/12/2005           2005            0.0            0.0       2142.655          276.4            0.0          0.000          0.000            0.0
     05/12/2005           2005            0.0            0.0       2134.744          276.4            0.0          0.000          0.000            0.0
     06/12/2005           2005            0.0            0.0       2126.543          276.3            0.0          0.000          0.000            0.0
     07/12/2005           2005            0.0            0.0       2118.333          276.2            0.0          0.000          5.766            0.0
     08/12/2005           2005            0.0            0.0       2110.156          276.0            0.0          0.000          2.718            0.0
     09/12/2005           2005            0.0            0.0       2102.248          275.9            0.0          0.000          0.000            0.0
     10/12/2005           2005            0.0            0.0       2094.370          275.7            0.0          0.000          0.000            0.0
     11/12/2005           2005            0.0            0.0       2085.732          275.5            0.0          0.000          0.000            0.0
     12/12/2005           2005            0.0            0.0       2076.119          275.3            0.0          0.000          0.000            0.0
     13/12/2005           2005            0.0            0.0       2065.453          275.1            0.0          0.000          6.934            0.0
     14/12/2005           2005            0.0            0.0       2053.145          274.9            0.0          0.000          0.000            0.0
     15/12/2005           2005            0.0            0.0       2039.076          274.6            0.0          0.000          0.000            0.0
     16/12/2005           2005            0.0            0.0       2023.156          274.4            0.0          0.000          0.000            0.0
     17/12/2005           2005            0.0            0.0       2005.565          274.1            0.0          0.000          0.000            0.0
     18/12/2005           2005            0.0            0.0       1986.706          273.9            0.0          0.000          0.000            0.0
     19/12/2005           2005            0.0            0.0       1967.104          273.7            0.0          0.000          0.000            0.0
     20/12/2005           2005            0.0            0.0       1947.307          273.6            0.0          0.000          0.000            0.0
     21/12/2005           2005            0.0            0.0       1927.806          273.4            0.0          0.000          0.000            0.0
     22/12/2005           2005            0.0            0.0       1909.037          273.2            0.0          0.000          0.000            0.0
     23/12/2005           2005            0.0            0.0       1891.338          273.0            0.0          0.000          0.000            0.0
     24/12/2005           2005            0.0            0.0       1874.809          272.8            0.0          0.000          0.000            0.0
     25/12/2005           2005            0.0            0.0       1859.055          272.6            0.0          0.000          1.000            0.0
     26/12/2005           2005            0.0            0.0       1842.469          272.4            0.0          0.000          0.000            0.0
     27/12/2005           2005            0.0            0.0       1866.130          272.2            0.0          0.000          0.000            0.0
     28/12/2005           2005            0.0            0.0       1846.405          272.0            0.0          0.000          0.000            0.0
     29/12/2005           2005            0.0            0.0       1831.428          271.8            0.0          0.000          0.000            0.0
     30/12/2005           2005            0.0            0.0       1819.070          271.6            0.0          0.000          0.000            0.0
     31/12/2005           2005            0.0            0.0       1808.409          271.4            0.0          0.000          0.000            0.0
