ApsimVersion = 7.9 r4044
Title = craw-2001
           Date           year          yield        biomass     watertable          no3()   surfaceom_wt            lai           Rain    dlt_n_min()
   (dd/mm/yyyy)         (year)        (kg/ha)        (kg/ha)           (mm)        (kg/ha)        (kg/ha)      (m^2/m^2)           (mm)        (kg/ha)
     01/01/2001           2001            0.0            0.0        713.934           40.6            0.0          0.000          0.000            0.0
     02/01/2001           2001            0.0            0.0        725.614           40.6            0.0          0.000          0.000           -0.0
     03/01/2001           2001            0.0            0.0        732.593           40.5            0.0          0.000          0.000           -0.0
     04/01/2001           2001            0.0            0.0        741.476           40.4            0.0          0.000          0.000           -0.0
     05/01/2001           2001            0.0            0.0        755.336           40.3            0.0          0.000          0.000           -0.0
     06/01/2001           2001            0.0            0.0        768.756           40.3            0.0          0.000          0.000           -0.0
     07/01/2001           2001            0.0            0.0        776.983           40.2            0.0          0.000          0.000           -0.0
     08/01/2001           2001            0.0            0.0        785.768           40.1            0.0          0.000          0.000           -0.0
     09/01/2001           2001            0.0            0.0        792.635           40.0            0.0          0.000          0.000           -0.0
     10/01/2001           2001            0.0            0.0        800.407           39.9            0.0          0.000          0.000           -0.0
     11/01/2001           2001            0.0            0.0        804.262           39.9            0.0          0.000          3.226           -0.0
     12/01/2001           2001            0.0            0.0        803.826           39.8            0.0          0.000          0.000           -0.0
     13/01/2001           2001            0.0            0.0        783.837           39.7            0.0          0.000         10.287           -0.0
     14/01/2001           2001            0.0            0.0        754.206           39.6            0.0          0.000          0.000           -0.0
     15/01/2001           2001            0.0            0.0        723.624           39.6            0.0          0.000          0.000           -0.0
     16/01/2001           2001            0.0            0.0        723.320           39.5            0.0          0.000          0.000           -0.0
     17/01/2001           2001            0.0            0.0        725.931           39.4            0.0          0.000          0.000           -0.0
     18/01/2001           2001            0.0            0.0        732.125           39.3            0.0          0.000          0.000           -0.0
     19/01/2001           2001            0.0            0.0        738.983           39.2            0.0          0.000          0.000           -0.0
     20/01/2001           2001            0.0            0.0        745.793           39.1            0.0          0.000          0.000           -0.0
     21/01/2001           2001            0.0            0.0        757.398           39.0            0.0          0.000          0.000           -0.0
     22/01/2001           2001            0.0            0.0        766.272           38.9            0.0          0.000          0.000           -0.0
     23/01/2001           2001            0.0            0.0        772.529           38.9            0.0          0.000          0.000           -0.0
     24/01/2001           2001            0.0            0.0        779.222           38.8            0.0          0.000          0.000           -0.0
     25/01/2001           2001            0.0            0.0        786.578           38.7            0.0          0.000          0.000           -0.0
     26/01/2001           2001            0.0            0.0        792.816           38.6            0.0          0.000          0.000           -0.0
     27/01/2001           2001            0.0            0.0        799.520           38.5            0.0          0.000          0.000           -0.0
     28/01/2001           2001            0.0            0.0        773.465           38.6            0.0          0.000         21.184           -0.0
     29/01/2001           2001            0.0            0.0        612.274           38.6            0.0          0.000          6.325           -0.0
     30/01/2001           2001            0.0            0.0        552.182           38.5            0.0          0.000          0.000           -0.0
     31/01/2001           2001            0.0            0.0        545.241           38.4            0.0          0.000          0.000           -0.0
     01/02/2001           2001            0.0            0.0        553.422           38.3            0.0          0.000          0.000           -0.0
     02/02/2001           2001            0.0            0.0        560.153           38.2            0.0          0.000          0.000           -0.0
     03/02/2001           2001            0.0            0.0        568.437           38.1            0.0          0.000          0.000           -0.0
     04/02/2001           2001            0.0            0.0        577.890           38.0            0.0          0.000          0.000           -0.0
     05/02/2001           2001            0.0            0.0        590.068           37.9            0.0          0.000          0.000           -0.0
     06/02/2001           2001            0.0            0.0        605.314           37.8            0.0          0.000          0.000           -0.0
     07/02/2001           2001            0.0            0.0        577.010           37.8            0.0          0.000          8.509           -0.0
     08/02/2001           2001            0.0            0.0        182.936           37.9            0.0          0.000         37.871           -0.0
     09/02/2001           2001            0.0            0.0        165.220           37.8            0.0          0.000          0.000           -0.0
     10/02/2001           2001            0.0            0.0        186.503           37.7            0.0          0.000          0.000           -0.0
     11/02/2001           2001            0.0            0.0        207.866           37.6            0.0          0.000          0.000           -0.0
     12/02/2001           2001            0.0            0.0        241.805           37.5            0.0          0.000          0.000           -0.0
     13/02/2001           2001            0.0            0.0        267.226           37.4            0.0          0.000          0.000           -0.0
     14/02/2001           2001            0.0            0.0        291.558           37.3            0.0          0.000          0.000           -0.0
     15/02/2001           2001            0.0            0.0        307.817           37.2            0.0          0.000          0.000           -0.0
     16/02/2001           2001            0.0            0.0        322.669           37.1            0.0          0.000          0.000           -0.0
     17/02/2001           2001            0.0            0.0        337.506           37.0            0.0          0.000          0.000           -0.0
     18/02/2001           2001            0.0            0.0        362.746           36.9            0.0          0.000          0.000           -0.0
     19/02/2001           2001            0.0            0.0        384.818           36.8            0.0          0.000          0.000           -0.0
     20/02/2001           2001            0.0            0.0        401.246           36.7            0.0          0.000          0.000           -0.0
     21/02/2001           2001            0.0            0.0        413.911           36.6            0.0          0.000          0.000           -0.0
     22/02/2001           2001            0.0            0.0        427.513           36.5            0.0          0.000          0.000           -0.0
     23/02/2001           2001            0.0            0.0          6.155           36.6            0.0          0.000         30.963           -0.0
     24/02/2001           2001            0.0            0.0          0.591           36.6            0.0          0.000          9.830           -0.0
     25/02/2001           2001            0.0            0.0        126.311           36.5            0.0          0.000          0.000            0.0
     26/02/2001           2001            0.0            0.0          1.450           36.4            0.0          0.000          5.359           -0.0
     27/02/2001           2001            0.0            0.0         79.979           36.3            0.0          0.000          0.000           -0.0
     28/02/2001           2001            0.0            0.0        116.027           36.2            0.0          0.000          0.000           -0.0
     01/03/2001           2001            0.0            0.0        162.494           36.1            0.0          0.000          0.000           -0.0
     02/03/2001           2001            0.0            0.0        193.382           36.0            0.0          0.000          0.000           -0.0
     03/03/2001           2001            0.0            0.0        262.465           35.9            0.0          0.000          0.000           -0.0
     04/03/2001           2001            0.0            0.0        282.671           35.8            0.0          0.000          0.000           -0.0
     05/03/2001           2001            0.0            0.0        316.220           35.7            0.0          0.000          0.000           -0.0
     06/03/2001           2001            0.0            0.0        345.600           35.6            0.0          0.000          0.000           -0.0
     07/03/2001           2001            0.0            0.0        369.407           35.5            0.0          0.000          0.000           -0.0
     08/03/2001           2001            0.0            0.0        381.364           35.4            0.0          0.000          0.000           -0.0
     09/03/2001           2001            0.0            0.0        376.472           35.3            0.0          0.000          3.988           -0.0
     10/03/2001           2001            0.0            0.0        389.623           35.2            0.0          0.000          0.000           -0.0
     11/03/2001           2001            0.0            0.0        387.430           35.1            0.0          0.000          3.302           -0.0
     12/03/2001           2001            0.0            0.0        394.711           35.0            0.0          0.000          0.000            0.0
     13/03/2001           2001            0.0            0.0        414.152           35.0            0.0          0.000          0.000            0.0
     14/03/2001           2001            0.0            0.0        308.261           35.0            0.0          0.000         13.259            0.0
     15/03/2001           2001            0.0            0.0          2.503           35.0            0.0          0.000         16.459            0.0
     16/03/2001           2001            0.0            0.0          0.591           34.9            0.0          0.000          6.172            0.0
     17/03/2001           2001            0.0            0.0        114.154           34.8            0.0          0.000          0.000           -0.0
     18/03/2001           2001            0.0            0.0        197.500           34.7            0.0          0.000          0.000           -0.0
     19/03/2001           2001            0.0            0.0        271.364           34.6            0.0          0.000          0.000            0.0
     20/03/2001           2001            0.0            0.0        340.165           34.5            0.0          0.000          0.000            0.0
     21/03/2001           2001            0.0            0.0        376.986           34.5            0.0          0.000          0.000            0.0
     22/03/2001           2001            0.0            0.0        411.745           34.6            0.0          0.000          0.000            0.1
     23/03/2001           2001            0.0            0.0        442.465           34.6            0.0          0.000          0.000            0.0
     24/03/2001           2001            0.0            0.0        468.584           34.5            0.0          0.000          0.000            0.0
     25/03/2001           2001            0.0            0.0        487.361           34.4            0.0          0.000          0.000           -0.0
     26/03/2001           2001            0.0            0.0        515.771           34.3            0.0          0.000          0.000           -0.0
     27/03/2001           2001            0.0            0.0        545.147           34.2            0.0          0.000          0.000           -0.0
     28/03/2001           2001            0.0            0.0        568.753           34.1            0.0          0.000          0.000           -0.0
     29/03/2001           2001            0.0            0.0        588.199           34.1            0.0          0.000          0.000            0.0
     30/03/2001           2001            0.0            0.0        614.514           34.1            0.0          0.000          0.000            0.0
     31/03/2001           2001            0.0            0.0        643.688           34.1            0.0          0.000          0.000            0.0
     01/04/2001           2001            0.0            0.0        686.871           34.1            0.0          0.000          0.000            0.0
     02/04/2001           2001            0.0            0.0        728.531           34.2            0.0          0.000          0.000            0.1
     03/04/2001           2001            0.0            0.0        770.315           34.3            0.0          0.000          0.000            0.1
     04/04/2001           2001            0.0            0.0        792.578           34.6            0.0          0.000          0.000            0.1
     05/04/2001           2001            0.0            0.0        811.540           35.0            0.0          0.000          6.604            0.2
     06/04/2001           2001            0.0            0.0        801.987           35.7            0.0          0.000         11.430            0.2
     07/04/2001           2001            0.0            0.0        790.887           36.5            0.0          0.000          0.000            0.3
     08/04/2001           2001            0.0            0.0        798.397           37.4            0.0          0.000          0.000            0.4
     09/04/2001           2001            0.0            0.0        809.694           38.4            0.0          0.000          6.096            0.4
     10/04/2001           2001            0.0            0.0        814.030           39.3            0.0          0.000          4.572            0.3
     11/04/2001           2001            0.0            0.0        818.744           40.3            0.0          0.000          0.254            0.4
     12/04/2001           2001            0.0            0.0        828.295           41.0            0.0          0.000          0.000            0.3
     13/04/2001           2001            0.0            0.0        848.234           41.6            0.0          0.000          0.000            0.3
     14/04/2001           2001            0.0            0.0        862.136           42.3            0.0          0.000         12.192            0.3
     15/04/2001           2001            0.0            0.0        866.527           42.9            0.0          0.000          1.524            0.3
     16/04/2001           2001            0.0            0.0        872.201           43.2            0.0          0.000          0.000            0.1
     17/04/2001           2001            0.0            0.0        889.664           43.3            0.0          0.000          0.000            0.1
     18/04/2001           2001            0.0            0.0        920.357           43.5            0.0          0.000          0.000            0.1
     19/04/2001           2001            0.0            0.0        962.144           43.8            0.0          0.000          0.000            0.2
     20/04/2001           2001            0.0            0.0       1015.783           44.6            0.0          0.000          0.000            0.5
     21/04/2001           2001            0.0            0.0       1083.461           45.6            0.0          0.000          0.762            0.7
     22/04/2001           2001            0.0            0.0       1131.176           46.8            0.0          0.000         32.258            0.5
     23/04/2001           2001            0.0            0.0       1131.326           47.5            0.0          0.000          0.254            0.4
     24/04/2001           2001            0.0            0.0       1123.512           48.1            0.0          0.000          2.032            0.3
     25/04/2001           2001            0.0            0.0       1119.536           48.7            0.0          0.000          5.080            0.3
     26/04/2001           2001            0.0            0.0       1121.099           49.4            0.0          0.000          0.000            0.5
     27/04/2001           2001            0.0            0.0       1129.377           50.2            0.0          0.000          0.000            0.6
     28/04/2001           2001            0.0            0.0       1139.735           51.1            0.0          0.000          7.874            0.5
     29/04/2001           2001            0.0            0.0       1153.201           51.9            0.0          0.000          0.000            0.6
     30/04/2001           2001            0.0            0.0       1170.239           52.9            0.0          0.000          1.016            0.8
     01/05/2001           2001            0.0            0.0       1190.888           54.1            0.0          0.000          1.016            0.9
     02/05/2001           2001            0.0            0.0       1214.535           55.4            0.0          0.000          0.000            1.0
     03/05/2001           2001            0.0            0.0       1233.233           56.6            0.0          0.000         44.450            0.7
     04/05/2001           2001            0.0            0.0       1218.382           57.5            0.0          0.000          0.254            0.7
     05/05/2001           2001            0.0            0.0       1182.516           58.3            0.0          0.000          8.890            0.6
     06/05/2001           2001            0.0            0.0       1154.866           59.0            0.0          0.000          0.762            0.7
     07/05/2001           2001            0.0            0.0       1141.537           59.6            0.0          0.000          0.762            0.6
     08/05/2001           2001            0.0            0.0       1139.759           60.2            0.0          0.000          0.000            0.6
     09/05/2001           2001            0.0            0.0       1147.498           61.0            0.0          0.000          0.000            0.8
     10/05/2001           2001            0.0            0.0       1154.877           61.8            0.0          0.000         30.480            0.7
     11/05/2001           2001            0.0            0.0       1145.553           62.5            0.0          0.000          3.302            0.7
     12/05/2001           2001            0.0            0.0       1135.755           63.0            0.0          0.000          0.000            0.6
     13/05/2001           2001            0.0            0.0       1132.372           63.4            0.0          0.000          1.270            0.5
     14/05/2001           2001            0.0            0.0       1130.756           64.0            0.0          0.000         11.176            0.6
     15/05/2001           2001            0.0            0.0       1131.344           64.9            0.0          0.000          0.000            1.0
     16/05/2001           2001            0.0            0.0       1138.904           66.0            0.0          0.000          0.000            1.3
     17/05/2001           2001            0.0            0.0       1145.574           67.0            0.0          0.000         17.526            0.9
     18/05/2001           2001            0.0            0.0       1145.596           67.8            0.0          0.000          0.000            1.0
     19/05/2001           2001            0.0            0.0       1149.325           68.6            0.0          0.000          0.000            1.0
     20/05/2001           2001            0.0            0.0       1154.870           69.4            0.0          0.000          8.128            0.9
     21/05/2001           2001            0.0            0.0       1161.348           70.0            0.0          0.000          2.540            0.7
     22/05/2001           2001            0.0            0.0       1170.308           70.3            0.0          0.000          0.000            0.6
     23/05/2001           2001            0.0            0.0       1181.174           70.6            0.0          0.000          1.270            0.4
     24/05/2001           2001            0.0            0.0       1188.996           70.8            0.0          0.000          8.890            0.3
     25/05/2001           2001            0.0            0.0       1193.550           70.9            0.0          0.000          0.000            0.4
     26/05/2001           2001            0.0            0.0       1188.951           71.2            0.0          0.000         21.336            0.3
     27/05/2001           2001            0.0            0.0       1167.519           71.4            0.0          0.000          0.000            0.4
     28/05/2001           2001            0.0            0.0       1149.663           71.7            0.0          0.000          1.778            0.5
     29/05/2001           2001            0.0            0.0       1145.400           72.1            0.0          0.000          0.000            0.6
     30/05/2001           2001            0.0            0.0       1149.144           72.4            0.0          0.000          0.508            0.6
     31/05/2001           2001            0.0            0.0       1146.221           72.7            0.0          0.000         33.020            0.3
     01/06/2001           2001            0.0            0.0       1112.581           72.9            0.0          0.000          3.048            0.4
     02/06/2001           2001            0.0            0.0       1089.303           73.0            0.0          0.000          0.000            0.4
     03/06/2001           2001            0.0            0.0       1056.809           73.2            0.0          0.000          0.000            0.4
     04/06/2001           2001            0.0            0.0        893.155           73.4            0.0          0.000          2.032            0.5
     05/06/2001           2001            0.0            0.0        886.848           73.7            0.0          0.000         13.462            0.5
     06/06/2001           2001            0.0            0.0        862.044           74.0            0.0          0.000          1.524            0.5
     07/06/2001           2001            0.0            0.0        853.795           74.4            0.0          0.000          0.000            0.7
     08/06/2001           2001            0.0            0.0        866.750           74.9            0.0          0.000          0.000            0.8
     09/06/2001           2001            0.0            0.0        901.435           75.6            0.0          0.000          0.000            0.9
     10/06/2001           2001            0.0            0.0        955.927           76.4            0.0          0.000          0.000            1.1
     11/06/2001           2001            0.0            0.0       1032.559           77.6            0.0          0.000          0.000            1.4
     12/06/2001           2001            0.0            0.0       1093.583           79.0            0.0          0.000          0.000            1.5
     13/06/2001           2001            0.0            0.0       1148.335           80.5            0.0          0.000          0.000            1.6
     14/06/2001           2001            0.0            0.0       1185.186           81.8            0.0          0.000         14.478            1.4
     15/06/2001           2001            0.0            0.0       1213.642           82.9            0.0          0.000          1.524            1.3
     16/06/2001           2001            0.0            0.0       1241.238           84.0            0.0          0.000          0.000            1.3
     17/06/2001           2001            0.0            0.0       1271.014           85.2            0.0          0.000          0.508            1.4
     18/06/2001           2001            0.0            0.0       1301.383           86.6            0.0          0.000          0.000            1.5
     19/06/2001           2001            0.0            0.0       1326.210           87.8            0.0          0.000          0.508            1.4
     20/06/2001           2001            0.0            0.0       1361.702           88.8            0.0          0.000         12.192            1.1
     21/06/2001           2001            0.0            0.0       1386.449           89.6            0.0          0.000          1.524            1.0
     22/06/2001           2001            0.0            0.0       1409.290           90.5            0.0          0.000          0.000            1.0
     23/06/2001           2001            0.0            0.0       1430.317           91.4            0.0          0.000          0.000            1.0
     24/06/2001           2001            0.0            0.0       1454.550           92.3            0.0          0.000          0.000            1.1
     25/06/2001           2001            0.0            0.0       1480.574           93.5            0.0          0.000          0.000            1.2
     26/06/2001           2001            0.0            0.0       1507.043           94.7            0.0          0.000          0.000            1.2
     27/06/2001           2001            0.0            0.0       1532.780           95.9            0.0          0.000          0.000            1.2
     28/06/2001           2001            0.0            0.0       1559.111           97.1            0.0          0.000          0.000            1.3
     29/06/2001           2001            0.0            0.0       1587.559           98.5            0.0          0.000          0.000            1.4
     30/06/2001           2001            0.0            0.0       1617.243          100.1            0.0          0.000          0.000            1.5
     01/07/2001           2001            0.0            0.0       1647.046          101.5            0.0          0.000          0.000            1.4
     02/07/2001           2001            0.0            0.0       1675.837          102.7            0.0          0.000          0.000            1.2
     03/07/2001           2001            0.0            0.0       1702.770          104.2            0.0          0.000          6.350            1.4
     04/07/2001           2001            0.0            0.0       1726.762          105.5            0.0          0.000          0.000            1.4
     05/07/2001           2001            0.0            0.0       1752.218          107.0            0.0          0.000          0.000            1.4
     06/07/2001           2001            0.0            0.0       1787.270          108.4            0.0          0.000          0.000            1.4
     07/07/2001           2001            0.0            0.0       1810.710          110.1            0.0          0.000          0.000            1.6
     08/07/2001           2001            0.0            0.0       1844.559          111.8            0.0          0.000          0.254            1.6
     09/07/2001           2001            0.0            0.0       1825.988          113.6            0.0          0.000          0.000            1.7
     10/07/2001           2001            0.0            0.0       1847.090          115.5            0.0          0.000          0.000            1.8
     11/07/2001           2001            0.0            0.0       1862.719          117.4            0.0          0.000          0.000            1.8
     12/07/2001           2001            0.0            0.0       1878.793          119.1            0.0          0.000          0.000            1.7
     13/07/2001           2001            0.0            0.0       1895.240          120.8            0.0          0.000          0.000            1.7
     14/07/2001           2001            0.0            0.0       1911.871          122.5            0.0          0.000          0.000            1.7
     15/07/2001           2001            0.0            0.0       1928.459          124.1            0.0          0.000          0.000            1.6
     16/07/2001           2001            0.0            0.0       1944.767          125.8            0.0          0.000          0.000            1.7
     17/07/2001           2001            0.0            0.0       1960.572          127.5            0.0          0.000          0.000            1.7
     18/07/2001           2001            0.0            0.0       1975.678          129.3            0.0          0.000          0.000            1.7
     19/07/2001           2001            0.0            0.0       1990.264          131.1            0.0          0.000         28.956            1.9
     20/07/2001           2001            0.0            0.0       2003.595          132.9            0.0          0.000          0.000            1.9
     21/07/2001           2001            0.0            0.0       2015.365          134.9            0.0          0.000          0.000            2.1
     22/07/2001           2001            0.0            0.0       2025.778          136.7            0.0          0.000          0.000            1.9
     23/07/2001           2001            0.0            0.0       2034.895          138.6            0.0          0.000          0.000            1.9
     24/07/2001           2001            0.0            0.0       2043.177          140.7            0.0          0.000         23.368            2.0
     25/07/2001           2001            0.0            0.0       2050.242          142.4            0.0          0.000          3.302            1.8
     26/07/2001           2001            0.0            0.0       2056.050          143.9            0.0          0.000          0.000            1.6
     27/07/2001           2001            0.0            0.0       2060.897          145.2            0.0          0.000          0.000            1.5
     28/07/2001           2001            0.0            0.0       2064.915          146.8            0.0          0.000          0.762            1.6
     29/07/2001           2001            0.0            0.0       2068.303          148.3            0.0          0.000          0.000            1.5
     30/07/2001           2001            0.0            0.0       2071.278          149.8            0.0          0.000          0.000            1.5
     31/07/2001           2001            0.0            0.0       2074.033          151.7            0.0          0.000          0.000            1.7
     01/08/2001           2001            0.0            0.0       2076.712          153.7            0.0          0.000          0.000            1.9
     02/08/2001           2001            0.0            0.0       2079.389          155.6            0.0          0.000          4.572            1.8
     03/08/2001           2001            0.0            0.0       2082.132          157.3            0.0          0.000          0.000            1.7
     04/08/2001           2001            0.0            0.0       2084.943          159.0            0.0          0.000          0.000            1.7
     05/08/2001           2001            0.0            0.0       2087.805          160.9            0.0          0.000          0.000            1.8
     06/08/2001           2001            0.0            0.0       2090.692          162.9            0.0          0.000          0.000            1.9
     07/08/2001           2001            0.0            0.0       2093.573          165.0            0.0          0.000          0.000            2.0
     08/08/2001           2001            0.0            0.0       2096.424          167.0            0.0          0.000          0.254            1.9
     09/08/2001           2001            0.0            0.0       2099.234          169.1            0.0          0.000          8.636            2.0
     10/08/2001           2001            0.0            0.0       2102.137          170.6            0.0          0.000          0.000            1.6
     11/08/2001           2001            0.0            0.0       2105.182          172.0            0.0          0.000          0.000            1.5
     12/08/2001           2001            0.0            0.0       2108.360          173.4            0.0          0.000          0.000            1.5
     13/08/2001           2001            0.0            0.0       2111.646          174.9            0.0          0.000          0.000            1.5
     14/08/2001           2001            0.0            0.0       2115.009          176.1            0.0          0.000          0.000            1.3
     15/08/2001           2001            0.0            0.0       2118.431          177.2            0.0          0.000          2.286            1.2
     16/08/2001           2001            0.0            0.0       2121.874          178.2            0.0          0.000          0.508            1.1
     17/08/2001           2001            0.0            0.0       2125.315          179.3            0.0          0.000          0.000            1.1
     18/08/2001           2001            0.0            0.0       2128.741          180.5            0.0          0.000          8.382            1.3
     19/08/2001           2001            0.0            0.0       2132.120          181.5            0.0          0.000          0.000            1.1
     20/08/2001           2001            0.0            0.0       2135.440          182.5            0.0          0.000          0.000            1.0
     21/08/2001           2001            0.0            0.0       2138.689          183.6            0.0          0.000          0.000            1.1
     22/08/2001           2001            0.0            0.0       2141.874          184.9            0.0          0.000          1.270            1.3
     23/08/2001           2001            0.0            0.0       2144.954          186.3            0.0          0.000          0.000            1.3
     24/08/2001           2001            0.0            0.0       2147.965          187.6            0.0          0.000          2.540            1.3
     25/08/2001           2001            0.0            0.0       2150.862          188.8            0.0          0.000          1.016            1.2
     26/08/2001           2001            0.0            0.0       2153.665          190.1            0.0          0.000          0.254            1.3
     27/08/2001           2001            0.0            0.0       2156.374          191.5            0.0          0.000          0.000            1.4
     28/08/2001           2001            0.0            0.0       2158.992          192.9            0.0          0.000          0.000            1.4
     29/08/2001           2001            0.0            0.0       2161.520          194.3            0.0          0.000          0.000            1.3
     30/08/2001           2001            0.0            0.0       2163.960          195.6            0.0          0.000          0.000            1.3
     31/08/2001           2001            0.0            0.0       2166.316          196.9            0.0          0.000          0.000            1.3
     01/09/2001           2001            0.0            0.0       2168.590          198.1            0.0          0.000          0.000            1.2
     02/09/2001           2001            0.0            0.0       2170.787          199.2            0.0          0.000          0.000            1.1
     03/09/2001           2001            0.0            0.0       2172.908          200.5            0.0          0.000          0.000            1.3
     04/09/2001           2001            0.0            0.0       2174.957          201.9            0.0          0.000          0.000            1.3
     05/09/2001           2001            0.0            0.0       2176.936          203.1            0.0          0.000          0.000            1.3
     06/09/2001           2001            0.0            0.0       2178.848          204.4            0.0          0.000          0.000            1.3
     07/09/2001           2001            0.0            0.0       2180.702          205.7            0.0          0.000          5.080            1.3
     08/09/2001           2001            0.0            0.0       2182.483          206.8            0.0          0.000          1.016            1.1
     09/09/2001           2001            0.0            0.0       2184.200          207.7            0.0          0.000          6.096            1.1
     10/09/2001           2001            0.0            0.0       2185.853          208.5            0.0          0.000          0.000            0.9
     11/09/2001           2001            0.0            0.0       2187.440          209.4            0.0          0.000          0.000            0.9
     12/09/2001           2001            0.0            0.0       2188.959          210.3            0.0          0.000          0.000            1.0
     13/09/2001           2001            0.0            0.0       2190.425          211.2            0.0          0.000          2.540            0.9
     14/09/2001           2001            0.0            0.0       2191.811          211.9            0.0          0.000          0.000            0.8
     15/09/2001           2001            0.0            0.0       2193.134          212.6            0.0          0.000          0.000            0.7
     16/09/2001           2001            0.0            0.0       2194.398          213.3            0.0          0.000          0.254            0.7
     17/09/2001           2001            0.0            0.0       2195.607          214.1            0.0          0.000          0.508            0.7
     18/09/2001           2001            0.0            0.0       2196.783          214.5            0.0          0.000         55.626            0.7
     19/09/2001           2001            0.0            0.0       2197.802          214.8            0.0          0.000          0.254            0.7
     20/09/2001           2001            0.0            0.0       2197.777          215.0            0.0          0.000         11.938            0.7
     21/09/2001           2001            0.0            0.0       2195.840          215.3            0.0          0.000          0.000            0.8
     22/09/2001           2001            0.0            0.0       2190.814          215.7            0.0          0.000          0.000            0.8
     23/09/2001           2001            0.0            0.0       2183.420          215.8            0.0          0.000         16.510            0.6
     24/09/2001           2001            0.0            0.0       2172.484          215.9            0.0          0.000          0.000            0.5
     25/09/2001           2001            0.0            0.0       2157.411          215.9            0.0          0.000          0.000            0.5
     26/09/2001           2001            0.0            0.0       2140.047          216.1            0.0          0.000          0.000            0.5
     27/09/2001           2001            0.0            0.0       2122.420          216.4            0.0          0.000          0.000            0.6
     28/09/2001           2001            0.0            0.0       2107.041          216.7            0.0          0.000          0.000            0.6
     29/09/2001           2001            0.0            0.0       2094.868          217.1            0.0          0.000          0.000            0.5
     30/09/2001           2001            0.0            0.0       2084.353          217.4            0.0          0.000          0.000            0.5
     01/10/2001           2001            0.0            0.0       2075.170          218.0            0.0          0.000          0.000            0.7
     02/10/2001           2001            0.0            0.0       2067.365          218.6            0.0          0.000          0.000            0.8
     03/10/2001           2001            0.0            0.0       2061.040          219.3            0.0          0.000          0.000            0.8
     04/10/2001           2001            0.0            0.0       2055.681          219.5            0.0          0.000         35.306            0.5
     05/10/2001           2001            0.0            0.0       2050.896          219.4            0.0          0.000          0.000            0.4
     06/10/2001           2001            0.0            0.0       2043.686          219.3            0.0          0.000          0.000            0.3
     07/10/2001           2001            0.0            0.0       2033.329          219.3            0.0          0.000          0.000            0.3
     08/10/2001           2001            0.0            0.0       2020.109          219.5            0.0          0.000          0.000            0.4
     09/10/2001           2001            0.0            0.0       2005.049          219.8            0.0          0.000          0.000            0.6
     10/10/2001           2001            0.0            0.0       1989.151          220.1            0.0          0.000          5.080            0.6
     11/10/2001           2001            0.0            0.0       1972.998          220.4            0.0          0.000          0.000            0.5
     12/10/2001           2001            0.0            0.0       1957.307          220.6            0.0          0.000          0.000            0.5
     13/10/2001           2001            0.0            0.0       1942.258          220.9            0.0          0.000          3.048            0.5
     14/10/2001           2001            0.0            0.0       1928.315          221.1            0.0          0.000          0.000            0.4
     15/10/2001           2001            0.0            0.0       1915.241          221.1            0.0          0.000          1.270            0.3
     16/10/2001           2001            0.0            0.0       1903.211          221.1            0.0          0.000          0.000            0.2
     17/10/2001           2001            0.0            0.0       1892.175          221.2            0.0          0.000          0.000            0.2
     18/10/2001           2001            0.0            0.0       1882.323          221.3            0.0          0.000          0.000            0.3
     19/10/2001           2001            0.0            0.0       1873.893          221.5            0.0          0.000          0.000            0.3
     20/10/2001           2001            0.0            0.0       1867.116          221.7            0.0          0.000          0.000            0.4
     21/10/2001           2001            0.0            0.0       1861.642          221.9            0.0          0.000          9.652            0.4
     22/10/2001           2001            0.0            0.0       1856.628          221.8            0.0          0.000         42.164            0.4
     23/10/2001           2001            0.0            0.0       1845.048          221.6            0.0          0.000          0.254            0.5
     24/10/2001           2001            0.0            0.0       1844.585          221.3            0.0          0.000          4.572            0.4
     25/10/2001           2001            0.0            0.0       1797.124          220.9            0.0          0.000          0.000            0.2
     26/10/2001           2001            0.0            0.0       1705.877          220.5            0.0          0.000          0.000            0.2
     27/10/2001           2001            0.0            0.0       1618.817          220.2            0.0          0.000          0.000            0.1
     28/10/2001           2001            0.0            0.0       1577.722          219.9            0.0          0.000          0.000            0.2
     29/10/2001           2001            0.0            0.0       1551.268          219.8            0.0          0.000          0.000            0.3
     30/10/2001           2001            0.0            0.0       1533.269          219.6            0.0          0.000          2.540            0.3
     31/10/2001           2001            0.0            0.0       1522.821          219.6            0.0          0.000          0.000            0.3
     01/11/2001           2001            0.0            0.0       1516.373          219.6            0.0          0.000          0.000            0.5
     02/11/2001           2001            0.0            0.0       1513.602          219.7            0.0          0.000          0.000            0.5
     03/11/2001           2001            0.0            0.0       1514.303          219.8            0.0          0.000          0.000            0.4
     04/11/2001           2001            0.0            0.0       1518.138          219.9            0.0          0.000          0.000            0.4
     05/11/2001           2001            0.0            0.0       1524.570          220.0            0.0          0.000          0.000            0.4
     06/11/2001           2001            0.0            0.0       1532.971          220.2            0.0          0.000          0.000            0.4
     07/11/2001           2001            0.0            0.0       1542.717          220.4            0.0          0.000          0.000            0.5
     08/11/2001           2001            0.0            0.0       1553.638          220.6            0.0          0.000          0.000            0.4
     09/11/2001           2001            0.0            0.0       1565.926          220.6            0.0          0.000          0.000            0.2
     10/11/2001           2001            0.0            0.0       1579.431          220.7            0.0          0.000          0.000            0.3
     11/11/2001           2001            0.0            0.0       1593.935          220.8            0.0          0.000          0.000            0.2
     12/11/2001           2001            0.0            0.0       1609.198          220.9            0.0          0.000          0.000            0.2
     13/11/2001           2001            0.0            0.0       1624.760          221.1            0.0          0.000          1.016            0.3
     14/11/2001           2001            0.0            0.0       1640.192          221.4            0.0          0.000          0.000            0.5
     15/11/2001           2001            0.0            0.0       1655.208          221.9            0.0          0.000          0.508            0.6
     16/11/2001           2001            0.0            0.0       1669.715          222.4            0.0          0.000          0.000            0.6
     17/11/2001           2001            0.0            0.0       1683.703          222.8            0.0          0.000          0.000            0.5
     18/11/2001           2001            0.0            0.0       1697.145          223.2            0.0          0.000          1.524            0.5
     19/11/2001           2001            0.0            0.0       1709.489          223.4            0.0          0.000          0.000            0.3
     20/11/2001           2001            0.0            0.0       1720.792          223.5            0.0          0.000          0.000            0.2
     21/11/2001           2001            0.0            0.0       1731.089          223.6            0.0          0.000          0.000            0.2
     22/11/2001           2001            0.0            0.0       1740.755          223.7            0.0          0.000          0.000            0.2
     23/11/2001           2001            0.0            0.0       1753.422          223.8            0.0          0.000          9.982            0.3
     24/11/2001           2001            0.0            0.0       1764.718          223.9            0.0          0.000          2.692            0.3
     25/11/2001           2001            0.0            0.0       1764.070          223.9            0.0          0.000          0.000            0.2
     26/11/2001           2001            0.0            0.0       1769.213          223.8            0.0          0.000          0.000            0.2
     27/11/2001           2001            0.0            0.0       1763.754          223.7            0.0          0.000          0.000            0.1
     28/11/2001           2001            0.0            0.0       1756.338          223.6            0.0          0.000          0.000            0.1
     29/11/2001           2001            0.0            0.0       1748.942          223.4            0.0          0.000          0.000            0.1
     30/11/2001           2001            0.0            0.0       1742.725          223.3            0.0          0.000          0.000            0.1
     01/12/2001           2001            0.0            0.0       1738.176          223.2            0.0          0.000          0.000            0.1
     02/12/2001           2001            0.0            0.0       1734.851          223.1            0.0          0.000          0.000            0.1
     03/12/2001           2001            0.0            0.0       1732.265          223.1            0.0          0.000          0.000            0.1
     04/12/2001           2001            0.0            0.0       1730.502          223.1            0.0          0.000          0.000            0.3
     05/12/2001           2001            0.0            0.0       1729.515          223.2            0.0          0.000          0.000            0.3
     06/12/2001           2001            0.0            0.0       1729.304          223.3            0.0          0.000          0.000            0.2
     07/12/2001           2001            0.0            0.0       1729.889          223.3            0.0          0.000          0.000            0.1
     08/12/2001           2001            0.0            0.0       1731.225          223.2            0.0          0.000          0.000            0.1
     09/12/2001           2001            0.0            0.0       1733.236          223.1            0.0          0.000          0.000            0.1
     10/12/2001           2001            0.0            0.0       1735.856          223.1            0.0          0.000          0.000            0.1
     11/12/2001           2001            0.0            0.0       1738.664          223.0            0.0          0.000          4.470            0.1
     12/12/2001           2001            0.0            0.0       1740.170          222.8            0.0          0.000         14.148            0.1
     13/12/2001           2001            0.0            0.0       1736.922          222.5            0.0          0.000          0.000            0.1
     14/12/2001           2001            0.0            0.0       1727.351          222.2            0.0          0.000          0.000            0.0
     15/12/2001           2001            0.0            0.0       1713.746          221.9            0.0          0.000          3.886            0.1
     16/12/2001           2001            0.0            0.0       1695.753          221.7            0.0          0.000          0.000            0.1
     17/12/2001           2001            0.0            0.0       1675.841          221.4            0.0          0.000          0.000            0.1
     18/12/2001           2001            0.0            0.0       1656.098          221.2            0.0          0.000          0.000            0.1
     19/12/2001           2001            0.0            0.0       1638.279          220.9            0.0          0.000          0.000            0.0
     20/12/2001           2001            0.0            0.0       1623.524          220.7            0.0          0.000          0.000            0.0
     21/12/2001           2001            0.0            0.0       1608.657          220.4            0.0          0.000         11.836            0.0
     22/12/2001           2001            0.0            0.0       1589.152          220.0            0.0          0.000          4.140            0.0
     23/12/2001           2001            0.0            0.0       1566.026          219.7            0.0          0.000          0.000            0.0
     24/12/2001           2001            0.0            0.0       1542.918          219.3            0.0          0.000          0.000            0.0
     25/12/2001           2001            0.0            0.0       1520.679          219.0            0.0          0.000          0.000            0.0
     26/12/2001           2001            0.0            0.0       1500.425          218.7            0.0          0.000          0.000            0.0
     27/12/2001           2001            0.0            0.0       1482.839          218.4            0.0          0.000          0.000            0.0
     28/12/2001           2001            0.0            0.0       1468.043          218.1            0.0          0.000          0.000            0.0
     29/12/2001           2001            0.0            0.0       1455.790          217.8            0.0          0.000          0.000            0.0
     30/12/2001           2001            0.0            0.0       1445.711          217.5            0.0          0.000          0.000            0.0
     31/12/2001           2001            0.0            0.0       1437.451          217.3            0.0          0.000          0.000            0.0
