ApsimVersion = 7.9 r4044
Title = craw-2009
           Date           year          yield        biomass     watertable          no3()   surfaceom_wt            lai           Rain    dlt_n_min()
   (dd/mm/yyyy)         (year)        (kg/ha)        (kg/ha)           (mm)        (kg/ha)        (kg/ha)      (m^2/m^2)           (mm)        (kg/ha)
     01/01/2009           2009            0.0            0.0        714.524           40.7            0.0          0.000          0.000            0.1
     02/01/2009           2009            0.0            0.0        727.555           40.8            0.0          0.000          0.000            0.0
     03/01/2009           2009            0.0            0.0        734.668           40.9            0.0          0.000          0.000           -0.0
     04/01/2009           2009            0.0            0.0        742.284           40.8            0.0          0.000          0.000           -0.0
     05/01/2009           2009            0.0            0.0        753.912           40.8            0.0          0.000          0.000           -0.0
     06/01/2009           2009            0.0            0.0        763.886           40.7            0.0          0.000          0.000           -0.0
     07/01/2009           2009            0.0            0.0        769.905           40.6            0.0          0.000          0.000           -0.0
     08/01/2009           2009            0.0            0.0        775.071           40.5            0.0          0.000          0.000           -0.0
     09/01/2009           2009            0.0            0.0        781.162           40.4            0.0          0.000          0.000           -0.0
     10/01/2009           2009            0.0            0.0        784.735           40.3            0.0          0.000          1.020           -0.0
     11/01/2009           2009            0.0            0.0        785.154           40.2            0.0          0.000          1.270           -0.0
     12/01/2009           2009            0.0            0.0        785.897           40.1            0.0          0.000          0.000           -0.0
     13/01/2009           2009            0.0            0.0        784.888           40.1            0.0          0.000          2.030           -0.0
     14/01/2009           2009            0.0            0.0        771.089           40.0            0.0          0.000          5.590           -0.0
     15/01/2009           2009            0.0            0.0        741.912           39.9            0.0          0.000          0.000           -0.0
     16/01/2009           2009            0.0            0.0        734.456           39.9            0.0          0.000          0.000           -0.0
     17/01/2009           2009            0.0            0.0        739.848           39.8            0.0          0.000          0.000           -0.0
     18/01/2009           2009            0.0            0.0        745.402           39.7            0.0          0.000          0.000           -0.0
     19/01/2009           2009            0.0            0.0        755.186           39.6            0.0          0.000          0.250           -0.0
     20/01/2009           2009            0.0            0.0        762.558           39.5            0.0          0.000          0.000           -0.0
     21/01/2009           2009            0.0            0.0        768.398           39.5            0.0          0.000          0.000           -0.0
     22/01/2009           2009            0.0            0.0        774.345           39.4            0.0          0.000          0.000           -0.0
     23/01/2009           2009            0.0            0.0        781.512           39.3            0.0          0.000          0.000           -0.0
     24/01/2009           2009            0.0            0.0        788.034           39.2            0.0          0.000          0.000           -0.0
     25/01/2009           2009            0.0            0.0        790.933           39.2            0.0          0.000          2.030           -0.0
     26/01/2009           2009            0.0            0.0        791.472           39.1            0.0          0.000          0.000           -0.0
     27/01/2009           2009            0.0            0.0        792.743           39.0            0.0          0.000          0.000           -0.0
     28/01/2009           2009            0.0            0.0        795.444           39.0            0.0          0.000          0.000           -0.0
     29/01/2009           2009            0.0            0.0        799.389           38.9            0.0          0.000          0.000           -0.0
     30/01/2009           2009            0.0            0.0        804.244           38.8            0.0          0.000          0.000           -0.0
     31/01/2009           2009            0.0            0.0        812.719           38.8            0.0          0.000          0.000           -0.0
     01/02/2009           2009            0.0            0.0        823.333           38.7            0.0          0.000          0.000           -0.0
     02/02/2009           2009            0.0            0.0        834.264           38.6            0.0          0.000          0.000           -0.0
     03/02/2009           2009            0.0            0.0        844.375           38.6            0.0          0.000          0.000           -0.0
     04/02/2009           2009            0.0            0.0        853.471           38.5            0.0          0.000          0.000           -0.0
     05/02/2009           2009            0.0            0.0        864.973           38.4            0.0          0.000          0.000           -0.0
     06/02/2009           2009            0.0            0.0        881.288           38.4            0.0          0.000          0.000           -0.0
     07/02/2009           2009            0.0            0.0        903.151           38.3            0.0          0.000          0.000            0.0
     08/02/2009           2009            0.0            0.0        926.582           38.2            0.0          0.000          0.000           -0.0
     09/02/2009           2009            0.0            0.0        950.316           38.2            0.0          0.000          0.000            0.0
     10/02/2009           2009            0.0            0.0        975.773           38.2            0.0          0.000          0.760            0.0
     11/02/2009           2009            0.0            0.0       1001.099           38.2            0.0          0.000          0.250            0.0
     12/02/2009           2009            0.0            0.0       1016.266           38.2            0.0          0.000          4.570            0.0
     13/02/2009           2009            0.0            0.0       1024.262           38.2            0.0          0.000          0.000           -0.0
     14/02/2009           2009            0.0            0.0       1024.723           38.1            0.0          0.000          2.790           -0.0
     15/02/2009           2009            0.0            0.0       1019.128           38.1            0.0          0.000          0.000           -0.0
     16/02/2009           2009            0.0            0.0       1016.878           38.0            0.0          0.000          0.000           -0.0
     17/02/2009           2009            0.0            0.0       1019.927           37.9            0.0          0.000          0.000           -0.0
     18/02/2009           2009            0.0            0.0       1017.290           37.9            0.0          0.000          4.060           -0.0
     19/02/2009           2009            0.0            0.0       1008.358           37.8            0.0          0.000          0.000           -0.0
     20/02/2009           2009            0.0            0.0       1002.408           37.8            0.0          0.000          0.000           -0.0
     21/02/2009           2009            0.0            0.0        996.129           37.7            0.0          0.000          2.290           -0.0
     22/02/2009           2009            0.0            0.0        989.589           37.6            0.0          0.000          0.000           -0.0
     23/02/2009           2009            0.0            0.0        986.920           37.6            0.0          0.000          0.000           -0.0
     24/02/2009           2009            0.0            0.0        992.770           37.5            0.0          0.000          0.000           -0.0
     25/02/2009           2009            0.0            0.0       1009.706           37.5            0.0          0.000          0.000            0.0
     26/02/2009           2009            0.0            0.0       1031.115           37.4            0.0          0.000          0.000            0.0
     27/02/2009           2009            0.0            0.0       1024.675           37.4            0.0          0.000          9.910           -0.0
     28/02/2009           2009            0.0            0.0       1001.608           37.3            0.0          0.000          0.000           -0.0
     01/03/2009           2009            0.0            0.0        982.649           37.3            0.0          0.000          0.000           -0.0
     02/03/2009           2009            0.0            0.0        972.835           37.2            0.0          0.000          0.000           -0.0
     03/03/2009           2009            0.0            0.0        970.543           37.2            0.0          0.000          0.000           -0.0
     04/03/2009           2009            0.0            0.0        978.198           37.1            0.0          0.000          0.000           -0.0
     05/03/2009           2009            0.0            0.0        997.563           37.1            0.0          0.000          0.000            0.0
     06/03/2009           2009            0.0            0.0       1028.590           37.2            0.0          0.000          0.000            0.1
     07/03/2009           2009            0.0            0.0       1035.448           37.3            0.0          0.000         10.920            0.0
     08/03/2009           2009            0.0            0.0        915.723           37.6            0.0          0.000         50.290            0.0
     09/03/2009           2009            0.0            0.0        546.291           37.6            0.0          0.000          9.140            0.0
     10/03/2009           2009            0.0            0.0        170.490           37.7            0.0          0.000         23.620            0.0
     11/03/2009           2009            0.0            0.0        166.171           37.6            0.0          0.000          0.760           -0.0
     12/03/2009           2009            0.0            0.0        186.367           37.5            0.0          0.000          0.000           -0.0
     13/03/2009           2009            0.0            0.0        228.755           37.3            0.0          0.000          0.000           -0.0
     14/03/2009           2009            0.0            0.0        287.718           37.2            0.0          0.000          0.000           -0.0
     15/03/2009           2009            0.0            0.0        359.027           37.2            0.0          0.000          0.000            0.0
     16/03/2009           2009            0.0            0.0        391.450           37.2            0.0          0.000          0.000            0.1
     17/03/2009           2009            0.0            0.0        437.921           37.4            0.0          0.000          0.000            0.1
     18/03/2009           2009            0.0            0.0        481.437           37.7            0.0          0.000          0.000            0.1
     19/03/2009           2009            0.0            0.0        509.865           37.7            0.0          0.000          0.000            0.1
     20/03/2009           2009            0.0            0.0        561.241           37.8            0.0          0.000          0.000            0.0
     21/03/2009           2009            0.0            0.0        590.007           38.0            0.0          0.000          0.000            0.1
     22/03/2009           2009            0.0            0.0        620.580           38.2            0.0          0.000          0.000            0.1
     23/03/2009           2009            0.0            0.0        640.227           38.7            0.0          0.000          3.300            0.2
     24/03/2009           2009            0.0            0.0        644.835           39.1            0.0          0.000          1.780            0.2
     25/03/2009           2009            0.0            0.0        592.309           39.3            0.0          0.000         10.670            0.1
     26/03/2009           2009            0.0            0.0        575.377           39.4            0.0          0.000          0.250            0.1
     27/03/2009           2009            0.0            0.0        579.024           39.5            0.0          0.000          0.510            0.0
     28/03/2009           2009            0.0            0.0        587.852           39.4            0.0          0.000          0.000            0.0
     29/03/2009           2009            0.0            0.0        569.606           39.4            0.0          0.000          8.890            0.0
     30/03/2009           2009            0.0            0.0        572.315           39.4            0.0          0.000          0.000            0.0
     31/03/2009           2009            0.0            0.0        590.330           39.5            0.0          0.000          0.250            0.1
     01/04/2009           2009            0.0            0.0        625.259           39.5            0.0          0.000          0.000            0.1
     02/04/2009           2009            0.0            0.0        660.005           39.6            0.0          0.000          0.000            0.1
     03/04/2009           2009            0.0            0.0        685.033           39.7            0.0          0.000          3.560            0.1
     04/04/2009           2009            0.0            0.0        711.061           39.8            0.0          0.000          0.000            0.1
     05/04/2009           2009            0.0            0.0        728.562           39.9            0.0          0.000          3.050            0.1
     06/04/2009           2009            0.0            0.0        731.416           39.9            0.0          0.000          2.540            0.0
     07/04/2009           2009            0.0            0.0        747.250           39.9            0.0          0.000          0.000            0.0
     08/04/2009           2009            0.0            0.0        773.229           39.9            0.0          0.000          0.000            0.0
     09/04/2009           2009            0.0            0.0        791.850           40.0            0.0          0.000          0.000            0.0
     10/04/2009           2009            0.0            0.0        815.673           40.1            0.0          0.000          0.000            0.1
     11/04/2009           2009            0.0            0.0        848.415           40.2            0.0          0.000          0.000            0.1
     12/04/2009           2009            0.0            0.0        887.728           40.3            0.0          0.000          0.000            0.1
     13/04/2009           2009            0.0            0.0        906.689           40.5            0.0          0.000         15.240            0.1
     14/04/2009           2009            0.0            0.0        892.946           40.6            0.0          0.000          0.000            0.1
     15/04/2009           2009            0.0            0.0        893.186           40.8            0.0          0.000          0.000            0.1
     16/04/2009           2009            0.0            0.0        912.747           41.0            0.0          0.000          0.000            0.2
     17/04/2009           2009            0.0            0.0        947.322           41.4            0.0          0.000          0.000            0.2
     18/04/2009           2009            0.0            0.0        990.872           41.9            0.0          0.000          0.508            0.3
     19/04/2009           2009            0.0            0.0       1030.538           42.4            0.0          0.000          1.524            0.2
     20/04/2009           2009            0.0            0.0       1068.966           42.7            0.0          0.000          0.000            0.2
     21/04/2009           2009            0.0            0.0       1091.097           43.0            0.0          0.000          0.000            0.2
     22/04/2009           2009            0.0            0.0       1137.458           43.4            0.0          0.000          0.000            0.2
     23/04/2009           2009            0.0            0.0       1165.185           44.0            0.0          0.000          1.016            0.4
     24/04/2009           2009            0.0            0.0       1190.110           44.9            0.0          0.000          0.254            0.5
     25/04/2009           2009            0.0            0.0       1210.483           45.8            0.0          0.000         14.986            0.4
     26/04/2009           2009            0.0            0.0       1219.370           46.7            0.0          0.000          6.604            0.5
     27/04/2009           2009            0.0            0.0       1212.699           47.5            0.0          0.000          3.556            0.4
     28/04/2009           2009            0.0            0.0       1202.958           48.0            0.0          0.000          0.000            0.3
     29/04/2009           2009            0.0            0.0       1183.851           48.6            0.0          0.000         26.924            0.2
     30/04/2009           2009            0.0            0.0       1101.284           49.4            0.0          0.000         36.576            0.3
     01/05/2009           2009            0.0            0.0        621.190           49.8            0.0          0.000          0.254            0.3
     02/05/2009           2009            0.0            0.0        592.584           50.3            0.0          0.000          0.000            0.3
     03/05/2009           2009            0.0            0.0        632.730           50.7            0.0          0.000          0.000            0.4
     04/05/2009           2009            0.0            0.0        687.321           51.2            0.0          0.000          0.000            0.4
     05/05/2009           2009            0.0            0.0        733.507           51.8            0.0          0.000          0.000            0.5
     06/05/2009           2009            0.0            0.0        773.769           52.5            0.0          0.000          0.762            0.6
     07/05/2009           2009            0.0            0.0        796.610           53.2            0.0          0.000          0.254            0.6
     08/05/2009           2009            0.0            0.0        810.445           54.0            0.0          0.000         14.224            0.5
     09/05/2009           2009            0.0            0.0        813.634           54.5            0.0          0.000          0.254            0.4
     10/05/2009           2009            0.0            0.0        825.915           54.9            0.0          0.000          0.000            0.4
     11/05/2009           2009            0.0            0.0        852.048           55.3            0.0          0.000          0.000            0.4
     12/05/2009           2009            0.0            0.0        878.023           55.7            0.0          0.000          7.620            0.4
     13/05/2009           2009            0.0            0.0        868.251           56.2            0.0          0.000         17.018            0.4
     14/05/2009           2009            0.0            0.0        834.348           56.6            0.0          0.000          0.000            0.4
     15/05/2009           2009            0.0            0.0        723.107           57.2            0.0          0.000         42.164            0.3
     16/05/2009           2009            0.0            0.0        511.804           57.4            0.0          0.000          0.000            0.3
     17/05/2009           2009            0.0            0.0        545.277           57.5            0.0          0.000          0.000            0.3
     18/05/2009           2009            0.0            0.0        582.709           57.7            0.0          0.000          0.000            0.4
     19/05/2009           2009            0.0            0.0        640.430           58.2            0.0          0.000          0.000            0.6
     20/05/2009           2009            0.0            0.0        708.965           58.8            0.0          0.000          0.000            0.7
     21/05/2009           2009            0.0            0.0        774.436           59.6            0.0          0.000          0.000            0.8
     22/05/2009           2009            0.0            0.0        808.827           60.4            0.0          0.000          0.000            0.9
     23/05/2009           2009            0.0            0.0        852.053           61.3            0.0          0.000          5.105            0.9
     24/05/2009           2009            0.0            0.0        901.790           62.2            0.0          0.000          0.000            1.0
     25/05/2009           2009            0.0            0.0        954.482           62.9            0.0          0.000          3.861            0.8
     26/05/2009           2009            0.0            0.0        953.512           63.6            0.0          0.000         37.770            0.6
     27/05/2009           2009            0.0            0.0        850.511           64.0            0.0          0.000          0.000            0.6
     28/05/2009           2009            0.0            0.0        806.648           64.4            0.0          0.000          0.000            0.6
     29/05/2009           2009            0.0            0.0        801.086           64.9            0.0          0.000          0.000            0.7
     30/05/2009           2009            0.0            0.0        817.100           65.4            0.0          0.000          0.000            0.7
     31/05/2009           2009            0.0            0.0        850.510           66.0            0.0          0.000          0.000            0.7
     01/06/2009           2009            0.0            0.0        878.903           66.7            0.0          0.000         14.605            0.7
     02/06/2009           2009            0.0            0.0        870.950           67.1            0.0          0.000          6.096            0.6
     03/06/2009           2009            0.0            0.0        861.242           67.5            0.0          0.000          0.000            0.6
     04/06/2009           2009            0.0            0.0        873.016           67.9            0.0          0.000          0.000            0.7
     05/06/2009           2009            0.0            0.0        906.330           68.5            0.0          0.000          0.000            0.8
     06/06/2009           2009            0.0            0.0        945.988           69.1            0.0          0.000          5.334            0.8
     07/06/2009           2009            0.0            0.0        952.509           69.8            0.0          0.000         28.448            0.7
     08/06/2009           2009            0.0            0.0        871.778           70.3            0.0          0.000          7.620            0.7
     09/06/2009           2009            0.0            0.0        827.082           70.7            0.0          0.000          0.000            0.6
     10/06/2009           2009            0.0            0.0        815.947           71.1            0.0          0.000          0.254            0.7
     11/06/2009           2009            0.0            0.0        808.535           71.6            0.0          0.000         12.446            0.7
     12/06/2009           2009            0.0            0.0        800.196           72.2            0.0          0.000          2.286            0.8
     13/06/2009           2009            0.0            0.0        794.925           72.6            0.0          0.000          2.286            0.7
     14/06/2009           2009            0.0            0.0        798.449           73.0            0.0          0.000          0.000            0.7
     15/06/2009           2009            0.0            0.0        811.707           73.5            0.0          0.000          0.000            0.8
     16/06/2009           2009            0.0            0.0        806.358           74.0            0.0          0.000         19.558            0.7
     17/06/2009           2009            0.0            0.0        781.495           74.7            0.0          0.000          0.762            1.0
     18/06/2009           2009            0.0            0.0        706.104           75.1            0.0          0.000         27.686            0.9
     19/06/2009           2009            0.0            0.0        564.505           75.8            0.0          0.000          5.334            1.1
     20/06/2009           2009            0.0            0.0        571.412           76.6            0.0          0.000          0.000            1.2
     21/06/2009           2009            0.0            0.0        411.295           76.7            0.0          0.000         43.180            0.9
     22/06/2009           2009            0.0            0.0        370.986           77.3            0.0          0.000          0.254            1.2
     23/06/2009           2009            0.0            0.0        361.497           77.5            0.0          0.000         12.446            1.2
     24/06/2009           2009            0.0            0.0        396.328           78.1            0.0          0.000          0.000            1.2
     25/06/2009           2009            0.0            0.0        476.046           79.1            0.0          0.000          0.000            1.4
     26/06/2009           2009            0.0            0.0        534.771           80.2            0.0          0.000          0.000            1.4
     27/06/2009           2009            0.0            0.0        574.758           81.2            0.0          0.000          7.874            1.4
     28/06/2009           2009            0.0            0.0        622.504           82.2            0.0          0.000          0.000            1.3
     29/06/2009           2009            0.0            0.0        696.176           83.0            0.0          0.000          0.000            1.3
     30/06/2009           2009            0.0            0.0        762.996           83.8            0.0          0.000          0.000            1.1
     01/07/2009           2009            0.0            0.0        789.212           84.4            0.0          0.000          0.000            1.0
     02/07/2009           2009            0.0            0.0        824.682           85.1            0.0          0.000          0.000            1.1
     03/07/2009           2009            0.0            0.0        866.188           85.9            0.0          0.000          4.826            1.1
     04/07/2009           2009            0.0            0.0        866.886           86.3            0.0          0.000         33.782            0.7
     05/07/2009           2009            0.0            0.0        800.337           86.9            0.0          0.000          0.000            0.9
     06/07/2009           2009            0.0            0.0        789.558           87.5            0.0          0.000          0.000            1.1
     07/07/2009           2009            0.0            0.0        792.692           88.3            0.0          0.000          6.858            1.1
     08/07/2009           2009            0.0            0.0        805.838           88.9            0.0          0.000          0.000            1.0
     09/07/2009           2009            0.0            0.0        826.583           89.6            0.0          0.000          0.000            1.0
     10/07/2009           2009            0.0            0.0        822.734           90.0            0.0          0.000         32.258            0.9
     11/07/2009           2009            0.0            0.0        775.922           90.7            0.0          0.000          0.254            1.1
     12/07/2009           2009            0.0            0.0        768.291           91.3            0.0          0.000          0.000            1.1
     13/07/2009           2009            0.0            0.0        783.260           92.0            0.0          0.000          0.000            1.1
     14/07/2009           2009            0.0            0.0        810.717           92.8            0.0          0.000          0.000            1.2
     15/07/2009           2009            0.0            0.0        851.891           93.8            0.0          0.000          0.254            1.3
     16/07/2009           2009            0.0            0.0        905.136           94.6            0.0          0.000          0.000            1.2
     17/07/2009           2009            0.0            0.0        972.033           95.3            0.0          0.000          0.000            1.0
     18/07/2009           2009            0.0            0.0       1048.190           95.9            0.0          0.000          0.000            0.9
     19/07/2009           2009            0.0            0.0       1094.719           96.5            0.0          0.000          0.000            0.9
     20/07/2009           2009            0.0            0.0       1147.636           97.2            0.0          0.000          0.000            0.9
     21/07/2009           2009            0.0            0.0       1178.928           97.8            0.0          0.000         27.686            0.7
     22/07/2009           2009            0.0            0.0       1185.255           98.3            0.0          0.000          0.000            0.9
     23/07/2009           2009            0.0            0.0       1183.913           99.0            0.0          0.000          0.000            1.0
     24/07/2009           2009            0.0            0.0       1184.198           99.8            0.0          0.000          8.001            1.0
     25/07/2009           2009            0.0            0.0       1189.531          100.6            0.0          0.000          0.000            1.1
     26/07/2009           2009            0.0            0.0       1201.329          101.5            0.0          0.000          0.000            1.2
     27/07/2009           2009            0.0            0.0       1218.895          102.5            0.0          0.000          0.000            1.3
     28/07/2009           2009            0.0            0.0       1242.861          103.5            0.0          0.000          0.000            1.2
     29/07/2009           2009            0.0            0.0       1272.784          104.4            0.0          0.000          0.000            1.1
     30/07/2009           2009            0.0            0.0       1302.550          105.3            0.0          0.000          0.000            1.1
     31/07/2009           2009            0.0            0.0       1327.587          106.3            0.0          0.000          0.000            1.1
     01/08/2009           2009            0.0            0.0       1365.115          107.2            0.0          0.000          4.064            1.1
     02/08/2009           2009            0.0            0.0       1395.712          108.1            0.0          0.000          0.000            1.1
     03/08/2009           2009            0.0            0.0       1425.102          109.3            0.0          0.000          1.016            1.3
     04/08/2009           2009            0.0            0.0       1455.325          110.6            0.0          0.000          0.000            1.3
     05/08/2009           2009            0.0            0.0       1486.594          111.7            0.0          0.000          0.000            1.2
     06/08/2009           2009            0.0            0.0       1516.274          112.7            0.0          0.000          0.000            1.1
     07/08/2009           2009            0.0            0.0       1544.268          113.9            0.0          0.000         17.780            1.1
     08/08/2009           2009            0.0            0.0       1570.412          115.3            0.0          0.000          0.000            1.5
     09/08/2009           2009            0.0            0.0       1593.709          116.7            0.0          0.000         17.526            1.4
     10/08/2009           2009            0.0            0.0       1610.964          117.9            0.0          0.000          0.508            1.4
     11/08/2009           2009            0.0            0.0       1622.294          119.2            0.0          0.000          0.254            1.4
     12/08/2009           2009            0.0            0.0       1632.128          120.4            0.0          0.000          0.000            1.4
     13/08/2009           2009            0.0            0.0       1642.705          121.8            0.0          0.000          1.016            1.5
     14/08/2009           2009            0.0            0.0       1655.121          123.2            0.0          0.000          0.000            1.5
     15/08/2009           2009            0.0            0.0       1669.559          124.6            0.0          0.000          0.254            1.5
     16/08/2009           2009            0.0            0.0       1685.093          126.1            0.0          0.000          8.382            1.5
     17/08/2009           2009            0.0            0.0       1699.806          127.4            0.0          0.000          7.620            1.4
     18/08/2009           2009            0.0            0.0       1712.724          128.6            0.0          0.000          0.000            1.3
     19/08/2009           2009            0.0            0.0       1723.104          129.7            0.0          0.000         10.160            1.2
     20/08/2009           2009            0.0            0.0       1730.022          130.5            0.0          0.000         15.494            1.0
     21/08/2009           2009            0.0            0.0       1730.250          131.1            0.0          0.000          2.032            1.0
     22/08/2009           2009            0.0            0.0       1724.502          131.7            0.0          0.000          0.000            0.9
     23/08/2009           2009            0.0            0.0       1717.007          132.4            0.0          0.000          0.000            1.0
     24/08/2009           2009            0.0            0.0       1710.813          133.2            0.0          0.000          0.000            1.0
     25/08/2009           2009            0.0            0.0       1707.879          134.3            0.0          0.000          0.000            1.2
     26/08/2009           2009            0.0            0.0       1706.424          134.7            0.0          0.000         56.388            0.8
     27/08/2009           2009            0.0            0.0       1677.742          134.5            0.0          0.000         65.278            0.6
     28/08/2009           2009            0.0            0.0       1451.206          134.6            0.0          0.000          9.906            0.7
     29/08/2009           2009            0.0            0.0       1144.914          134.7            0.0          0.000          0.000            0.7
     30/08/2009           2009            0.0            0.0       1066.966          134.8            0.0          0.000          0.000            0.6
     31/08/2009           2009            0.0            0.0        864.706          134.8            0.0          0.000          0.000            0.6
     01/09/2009           2009            0.0            0.0        869.589          134.9            0.0          0.000          0.000            0.6
     02/09/2009           2009            0.0            0.0        893.886          135.0            0.0          0.000          0.000            0.6
     03/09/2009           2009            0.0            0.0        929.592          135.3            0.0          0.000          0.000            0.7
     04/09/2009           2009            0.0            0.0        973.336          135.6            0.0          0.000          0.000            0.7
     05/09/2009           2009            0.0            0.0       1024.132          136.0            0.0          0.000          0.000            0.8
     06/09/2009           2009            0.0            0.0       1082.353          136.4            0.0          0.000          0.000            0.8
     07/09/2009           2009            0.0            0.0       1117.493          136.9            0.0          0.000          0.000            0.9
     08/09/2009           2009            0.0            0.0       1153.896          137.5            0.0          0.000          0.000            0.9
     09/09/2009           2009            0.0            0.0       1180.328          138.2            0.0          0.000          0.000            1.0
     10/09/2009           2009            0.0            0.0       1205.271          138.9            0.0          0.000          0.000            1.0
     11/09/2009           2009            0.0            0.0       1231.965          139.7            0.0          0.000          0.000            1.1
     12/09/2009           2009            0.0            0.0       1260.170          140.6            0.0          0.000          0.000            1.1
     13/09/2009           2009            0.0            0.0       1292.502          141.4            0.0          0.000          0.000            1.1
     14/09/2009           2009            0.0            0.0       1314.800          142.2            0.0          0.000          0.000            1.0
     15/09/2009           2009            0.0            0.0       1346.237          143.0            0.0          0.000          0.000            1.0
     16/09/2009           2009            0.0            0.0       1377.769          143.9            0.0          0.000          0.000            1.1
     17/09/2009           2009            0.0            0.0       1405.982          144.6            0.0          0.000          0.000            1.0
     18/09/2009           2009            0.0            0.0       1433.784          145.4            0.0          0.000          0.000            0.9
     19/09/2009           2009            0.0            0.0       1463.611          146.2            0.0          0.000          0.000            1.0
     20/09/2009           2009            0.0            0.0       1493.298          147.0            0.0          0.000          0.000            0.9
     21/09/2009           2009            0.0            0.0       1521.131          147.8            0.0          0.000          5.588            0.9
     22/09/2009           2009            0.0            0.0       1545.040          148.6            0.0          0.000          1.778            0.9
     23/09/2009           2009            0.0            0.0       1567.743          149.4            0.0          0.000          0.000            0.9
     24/09/2009           2009            0.0            0.0       1589.226          150.2            0.0          0.000          5.080            0.9
     25/09/2009           2009            0.0            0.0       1607.180          150.8            0.0          0.000         17.780            0.8
     26/09/2009           2009            0.0            0.0       1616.578          151.1            0.0          0.000          0.000            0.7
     27/09/2009           2009            0.0            0.0       1615.906          151.6            0.0          0.000          0.000            0.8
     28/09/2009           2009            0.0            0.0       1611.637          152.0            0.0          0.000          0.000            0.7
     29/09/2009           2009            0.0            0.0       1607.480          152.4            0.0          0.000          0.000            0.6
     30/09/2009           2009            0.0            0.0       1605.775          152.7            0.0          0.000          0.000            0.5
     01/10/2009           2009            0.0            0.0       1604.579          152.8            0.0          0.000         30.226            0.4
     02/10/2009           2009            0.0            0.0       1591.577          152.7            0.0          0.000          2.794            0.4
     03/10/2009           2009            0.0            0.0       1560.961          152.5            0.0          0.000          1.270            0.3
     04/10/2009           2009            0.0            0.0       1527.091          152.5            0.0          0.000          0.254            0.3
     05/10/2009           2009            0.0            0.0       1496.650          152.4            0.0          0.000          0.000            0.3
     06/10/2009           2009            0.0            0.0       1470.294          152.4            0.0          0.000          6.350            0.3
     07/10/2009           2009            0.0            0.0       1449.084          152.4            0.0          0.000          0.000            0.4
     08/10/2009           2009            0.0            0.0       1431.407          152.3            0.0          0.000          1.524            0.3
     09/10/2009           2009            0.0            0.0       1416.590          152.2            0.0          0.000          2.540            0.2
     10/10/2009           2009            0.0            0.0       1403.128          152.0            0.0          0.000          0.000            0.1
     11/10/2009           2009            0.0            0.0       1392.888          151.8            0.0          0.000          0.000            0.1
     12/10/2009           2009            0.0            0.0       1385.651          151.6            0.0          0.000          0.000            0.1
     13/10/2009           2009            0.0            0.0       1380.947          151.4            0.0          0.000          0.762            0.1
     14/10/2009           2009            0.0            0.0       1377.115          151.2            0.0          0.000          3.302            0.1
     15/10/2009           2009            0.0            0.0       1371.471          151.0            0.0          0.000          3.810            0.1
     16/10/2009           2009            0.0            0.0       1364.527          150.8            0.0          0.000          0.000            0.1
     17/10/2009           2009            0.0            0.0       1358.465          150.7            0.0          0.000          0.000            0.1
     18/10/2009           2009            0.0            0.0       1355.241          150.5            0.0          0.000          0.000            0.1
     19/10/2009           2009            0.0            0.0       1355.953          150.5            0.0          0.000          0.000            0.2
     20/10/2009           2009            0.0            0.0       1360.366          150.6            0.0          0.000          0.000            0.4
     21/10/2009           2009            0.0            0.0       1367.743          150.8            0.0          0.000          0.508            0.5
     22/10/2009           2009            0.0            0.0       1372.932          150.8            0.0          0.000         13.462            0.3
     23/10/2009           2009            0.0            0.0       1366.506          150.6            0.0          0.000         10.922            0.2
     24/10/2009           2009            0.0            0.0       1342.022          150.4            0.0          0.000          4.572            0.2
     25/10/2009           2009            0.0            0.0       1312.883          150.2            0.0          0.000          1.016            0.2
     26/10/2009           2009            0.0            0.0       1265.293          150.0            0.0          0.000          0.508            0.2
     27/10/2009           2009            0.0            0.0       1209.956          149.7            0.0          0.000         18.288            0.1
     28/10/2009           2009            0.0            0.0       1164.142          149.4            0.0          0.000          0.000            0.2
     29/10/2009           2009            0.0            0.0       1118.388          149.2            0.0          0.000         16.510            0.2
     30/10/2009           2009            0.0            0.0        803.274          149.0            0.0          0.000         22.606            0.2
     31/10/2009           2009            0.0            0.0        494.166          148.5            0.0          0.000          7.366            0.2
     01/11/2009           2009            0.0            0.0        488.137          147.9            0.0          0.000          0.508            0.1
     02/11/2009           2009            0.0            0.0        494.546          147.4            0.0          0.000          0.000            0.2
     03/11/2009           2009            0.0            0.0        513.209          146.9            0.0          0.000          0.000            0.1
     04/11/2009           2009            0.0            0.0        533.745          146.4            0.0          0.000          0.000            0.1
     05/11/2009           2009            0.0            0.0        560.445          146.0            0.0          0.000          0.000            0.1
     06/11/2009           2009            0.0            0.0        582.907          145.6            0.0          0.000          0.000            0.2
     07/11/2009           2009            0.0            0.0        614.106          145.4            0.0          0.000          0.000            0.3
     08/11/2009           2009            0.0            0.0        653.635          145.2            0.0          0.000          0.000            0.3
     09/11/2009           2009            0.0            0.0        689.794          145.0            0.0          0.000          0.000            0.3
     10/11/2009           2009            0.0            0.0        681.485          144.7            0.0          0.000         15.494            0.2
     11/11/2009           2009            0.0            0.0        603.395          144.3            0.0          0.000          0.000            0.2
     12/11/2009           2009            0.0            0.0        605.697          143.9            0.0          0.000          0.000            0.2
     13/11/2009           2009            0.0            0.0        620.637          143.6            0.0          0.000          0.000            0.2
     14/11/2009           2009            0.0            0.0        636.038          143.2            0.0          0.000          0.254            0.2
     15/11/2009           2009            0.0            0.0        652.753          142.8            0.0          0.000          0.000            0.1
     16/11/2009           2009            0.0            0.0        585.933          142.4            0.0          0.000         15.494            0.1
     17/11/2009           2009            0.0            0.0        398.573          142.0            0.0          0.000         13.970            0.1
     18/11/2009           2009            0.0            0.0        365.641          141.4            0.0          0.000          0.000            0.1
     19/11/2009           2009            0.0            0.0        372.780          140.8            0.0          0.000          0.000            0.1
     20/11/2009           2009            0.0            0.0        390.878          140.3            0.0          0.000          0.000            0.1
     21/11/2009           2009            0.0            0.0        408.507          139.8            0.0          0.000          0.000            0.1
     22/11/2009           2009            0.0            0.0        430.669          139.3            0.0          0.000          0.000            0.1
     23/11/2009           2009            0.0            0.0        461.023          138.9            0.0          0.000          0.000            0.2
     24/11/2009           2009            0.0            0.0        484.332          138.4            0.0          0.000          0.000            0.1
     25/11/2009           2009            0.0            0.0        501.822          138.0            0.0          0.000          0.000            0.1
     26/11/2009           2009            0.0            0.0        520.709          137.5            0.0          0.000          0.000            0.1
     27/11/2009           2009            0.0            0.0        532.960          137.0            0.0          0.000          0.000            0.0
     28/11/2009           2009            0.0            0.0        554.444          136.6            0.0          0.000          0.000            0.1
     29/11/2009           2009            0.0            0.0        570.879          136.2            0.0          0.000          0.000            0.1
     30/11/2009           2009            0.0            0.0        589.021          135.7            0.0          0.000          0.000            0.1
     01/12/2009           2009            0.0            0.0        613.111          135.4            0.0          0.000          0.000            0.1
     02/12/2009           2009            0.0            0.0        634.584          135.0            0.0          0.000          0.000            0.1
     03/12/2009           2009            0.0            0.0        652.771          134.6            0.0          0.000          0.000            0.0
     04/12/2009           2009            0.0            0.0        668.019          134.2            0.0          0.000          0.000            0.0
     05/12/2009           2009            0.0            0.0        685.249          133.8            0.0          0.000          0.000            0.0
     06/12/2009           2009            0.0            0.0        701.795          133.5            0.0          0.000          0.000            0.0
     07/12/2009           2009            0.0            0.0        711.032          133.1            0.0          0.000          2.030            0.0
     08/12/2009           2009            0.0            0.0        697.093          132.8            0.0          0.000          4.320            0.0
     09/12/2009           2009            0.0            0.0        564.451          132.5            0.0          0.000         16.760            0.0
     10/12/2009           2009            0.0            0.0        500.633          132.1            0.0          0.000          0.760            0.0
     11/12/2009           2009            0.0            0.0        496.296          131.7            0.0          0.000          0.000           -0.0
     12/12/2009           2009            0.0            0.0        500.609          131.3            0.0          0.000          0.000           -0.0
     13/12/2009           2009            0.0            0.0        507.349          131.0            0.0          0.000          0.000           -0.0
     14/12/2009           2009            0.0            0.0        511.714          130.6            0.0          0.000          0.510           -0.0
     15/12/2009           2009            0.0            0.0        515.854          130.2            0.0          0.000          0.250           -0.0
     16/12/2009           2009            0.0            0.0        521.726          129.9            0.0          0.000          0.000           -0.0
     17/12/2009           2009            0.0            0.0        530.505          129.5            0.0          0.000          0.000           -0.0
     18/12/2009           2009            0.0            0.0        538.548          129.2            0.0          0.000          0.000           -0.0
     19/12/2009           2009            0.0            0.0        546.268          128.8            0.0          0.000          0.000           -0.0
     20/12/2009           2009            0.0            0.0        555.883          128.5            0.0          0.000          0.000           -0.0
     21/12/2009           2009            0.0            0.0        549.777          128.2            0.0          0.000          2.290           -0.0
     22/12/2009           2009            0.0            0.0        553.523          127.8            0.0          0.000          0.000           -0.0
     23/12/2009           2009            0.0            0.0        559.333          127.5            0.0          0.000          0.000           -0.0
     24/12/2009           2009            0.0            0.0        519.531          127.2            0.0          0.000          7.620           -0.0
     25/12/2009           2009            0.0            0.0        373.592          126.9            0.0          0.000         15.490           -0.0
     26/12/2009           2009            0.0            0.0        295.099          126.5            0.0          0.000          2.030           -0.0
     27/12/2009           2009            0.0            0.0        266.411          126.1            0.0          0.000          3.560           -0.0
     28/12/2009           2009            0.0            0.0        273.705          125.7            0.0          0.000          0.000           -0.0
     29/12/2009           2009            0.0            0.0        290.040          125.3            0.0          0.000          0.000           -0.0
     30/12/2009           2009            0.0            0.0        301.086          124.9            0.0          0.000          0.250           -0.0
     31/12/2009           2009            0.0            0.0        298.978          124.6            0.0          0.000          1.270           -0.0
