ApsimVersion = 7.9 r4044
Title = lewi-2001
           Date           year          yield        biomass     watertable          no3()   surfaceom_wt            lai           Rain    dlt_n_min()
   (dd/mm/yyyy)         (year)        (kg/ha)        (kg/ha)           (mm)        (kg/ha)        (kg/ha)      (m^2/m^2)           (mm)        (kg/ha)
     01/01/2001           2001            0.0            0.0       2042.635           31.1         2000.0          0.000          0.000            0.1
     02/01/2001           2001            0.0            0.0       1901.107           31.5         2000.0          0.000          0.000            0.0
     03/01/2001           2001            0.0            0.0       1874.655           31.8         2000.0          0.000          0.000           -0.0
     04/01/2001           2001            0.0            0.0       1854.820           32.0         2000.0          0.000          0.000           -0.0
     05/01/2001           2001            0.0            0.0       1841.778           32.1         2000.0          0.000          0.000           -0.0
     06/01/2001           2001            0.0            0.0       1833.311           32.3         1999.3          0.000          0.000           -0.0
     07/01/2001           2001            0.0            0.0       1827.460           32.5         1999.3          0.000          0.000           -0.0
     08/01/2001           2001            0.0            0.0       1817.497           32.6         1999.3          0.000          0.000           -0.0
     09/01/2001           2001            0.0            0.0       1830.182           32.7         1999.3          0.000          0.000           -0.0
     10/01/2001           2001            0.0            0.0       1820.401           32.8         1998.6          0.000          0.000           -0.0
     11/01/2001           2001            0.0            0.0       1812.024           32.9         1998.2          0.000          0.000           -0.0
     12/01/2001           2001            0.0            0.0       1804.712           33.0         1998.2          0.000          0.000           -0.0
     13/01/2001           2001            0.0            0.0       1798.402           33.1         1998.2          0.000          6.147           -0.0
     14/01/2001           2001            0.0            0.0       1792.501           33.2         1998.2          0.000          0.000           -0.0
     15/01/2001           2001            0.0            0.0       1786.675           33.2         1998.2          0.000          0.000           -0.0
     16/01/2001           2001            0.0            0.0       1780.726           33.3         1998.2          0.000          0.000           -0.0
     17/01/2001           2001            0.0            0.0       1774.686           33.3         1998.2          0.000          0.000           -0.0
     18/01/2001           2001            0.0            0.0       1768.548           33.3         1998.2          0.000          0.000           -0.0
     19/01/2001           2001            0.0            0.0       1761.846           33.3         1998.2          0.000          0.000           -0.0
     20/01/2001           2001            0.0            0.0       1738.059           33.3         1998.2          0.000          0.000           -0.0
     21/01/2001           2001            0.0            0.0       1471.409           33.3         1998.2          0.000          0.000           -0.0
     22/01/2001           2001            0.0            0.0       1467.285           33.3         1998.2          0.000          0.000           -0.0
     23/01/2001           2001            0.0            0.0       1463.161           33.2         1998.2          0.000          0.000           -0.0
     24/01/2001           2001            0.0            0.0       1459.287           33.2         1998.2          0.000          0.000           -0.0
     25/01/2001           2001            0.0            0.0       1454.944           33.2         1998.2          0.000          4.521           -0.0
     26/01/2001           2001            0.0            0.0       1449.128           33.2         1998.2          0.000          0.000           -0.0
     27/01/2001           2001            0.0            0.0       1442.635           33.2         1998.2          0.000          0.000           -0.0
     28/01/2001           2001            0.0            0.0       1433.995           33.2         1998.2          0.000         12.878           -0.0
     29/01/2001           2001            0.0            0.0       1418.946           33.2         1998.2          0.000          6.147           -0.0
     30/01/2001           2001            0.0            0.0       1398.759           33.2         1998.2          0.000          0.000           -0.0
     31/01/2001           2001            0.0            0.0       1380.385           33.1         1998.2          0.000          0.000           -0.0
     01/02/2001           2001            0.0            0.0       1365.756           33.1         1998.2          0.000          0.000           -0.0
     02/02/2001           2001            0.0            0.0       1354.771           33.0         1998.2          0.000          0.000           -0.0
     03/02/2001           2001            0.0            0.0       1346.754           33.0         1998.2          0.000          0.000           -0.0
     04/02/2001           2001            0.0            0.0       1340.986           33.0         1998.2          0.000          0.000           -0.0
     05/02/2001           2001            0.0            0.0       1336.903           32.9         1998.2          0.000          0.000           -0.0
     06/02/2001           2001            0.0            0.0       1334.095           32.9         1998.2          0.000          0.000           -0.0
     07/02/2001           2001            0.0            0.0       1331.508           32.9         1998.2          0.000          4.140           -0.0
     08/02/2001           2001            0.0            0.0       1325.560           32.9         1998.2          0.000         13.564           -0.0
     09/02/2001           2001            0.0            0.0       1313.895           32.9         1998.2          0.000          0.000           -0.0
     10/02/2001           2001            0.0            0.0       1301.844           32.8         1998.2          0.000          0.000           -0.0
     11/02/2001           2001            0.0            0.0       1294.156           32.8         1998.2          0.000          0.000           -0.0
     12/02/2001           2001            0.0            0.0       1289.692           32.7         1998.1          0.000          0.000           -0.0
     13/02/2001           2001            0.0            0.0       1286.593           32.7         1998.1          0.000          2.921           -0.0
     14/02/2001           2001            0.0            0.0       1283.768           32.6         1998.1          0.000          0.000           -0.0
     15/02/2001           2001            0.0            0.0       1281.707           32.6         1998.1          0.000          0.000           -0.0
     16/02/2001           2001            0.0            0.0       1280.253           32.5         1998.1          0.000          0.000           -0.0
     17/02/2001           2001            0.0            0.0       1279.296           32.5         1998.1          0.000          0.000           -0.0
     18/02/2001           2001            0.0            0.0       1278.787           32.4         1998.1          0.000          0.000           -0.0
     19/02/2001           2001            0.0            0.0       1278.727           32.4         1998.1          0.000          0.000           -0.0
     20/02/2001           2001            0.0            0.0       1278.994           32.3         1998.1          0.000          0.000           -0.0
     21/02/2001           2001            0.0            0.0       1279.424           32.3         1998.1          0.000          0.000           -0.0
     22/02/2001           2001            0.0            0.0       1279.970           32.2         1998.1          0.000          0.000           -0.0
     23/02/2001           2001            0.0            0.0       1278.173           32.3         1998.1          0.000         10.922           -0.0
     24/02/2001           2001            0.0            0.0       1270.976           32.3         1998.1          0.000          9.525           -0.0
     25/02/2001           2001            0.0            0.0       1256.503           32.2         1998.1          0.000          0.000           -0.0
     26/02/2001           2001            0.0            0.0       1221.111           32.2         1998.1          0.000          0.000           -0.0
     27/02/2001           2001            0.0            0.0       1213.020           32.1         1998.1          0.000          0.000           -0.0
     28/02/2001           2001            0.0            0.0       1208.668           32.1         1998.1          0.000          0.000           -0.0
     01/03/2001           2001            0.0            0.0       1206.868           32.0         1998.1          0.000          0.000           -0.0
     02/03/2001           2001            0.0            0.0       1206.883           32.0         1998.1          0.000          0.000           -0.0
     03/03/2001           2001            0.0            0.0       1208.844           31.9         1998.1          0.000          0.000           -0.0
     04/03/2001           2001            0.0            0.0       1212.069           31.9         1998.1          0.000          0.000           -0.0
     05/03/2001           2001            0.0            0.0       1215.889           31.8         1998.1          0.000          0.000           -0.0
     06/03/2001           2001            0.0            0.0       1219.928           31.8         1998.1          0.000          0.000           -0.0
     07/03/2001           2001            0.0            0.0       1223.936           31.7         1998.1          0.000          0.000           -0.0
     08/03/2001           2001            0.0            0.0       1227.853           31.7         1998.1          0.000          0.000           -0.0
     09/03/2001           2001            0.0            0.0       1230.311           31.6         1998.1          0.000          3.302           -0.0
     10/03/2001           2001            0.0            0.0       1228.472           31.6         1998.0          0.000          3.454           -0.0
     11/03/2001           2001            0.0            0.0       1217.800           31.6         1998.0          0.000          9.576           -0.0
     12/03/2001           2001            0.0            0.0       1206.978           31.6         1998.0          0.000          0.000           -0.0
     13/03/2001           2001            0.0            0.0       1200.759           31.5         1990.4          0.000          0.000            0.0
     14/03/2001           2001            0.0            0.0       1198.989           31.6         1973.9          0.000          0.000            0.0
     15/03/2001           2001            0.0            0.0       1199.660           31.5         1973.4          0.000          0.000            0.0
     16/03/2001           2001            0.0            0.0       1201.865           31.5         1973.3          0.000          0.000            0.0
     17/03/2001           2001            0.0            0.0       1205.700           31.4         1973.1          0.000          0.000            0.0
     18/03/2001           2001            0.0            0.0       1211.394           31.4         1972.5          0.000          0.000            0.0
     19/03/2001           2001            0.0            0.0       1218.665           31.4         1969.7          0.000          0.000            0.0
     20/03/2001           2001            0.0            0.0       1227.643           31.5         1964.7          0.000          0.000            0.0
     21/03/2001           2001            0.0            0.0       1237.642           31.6         1961.6          0.000          0.000            0.0
     22/03/2001           2001            0.0            0.0       1248.195           31.7         1957.1          0.000          0.000            0.1
     23/03/2001           2001            0.0            0.0       1259.301           31.8         1957.1          0.000          0.000            0.0
     24/03/2001           2001            0.0            0.0       1264.669           31.8         1957.1          0.000          0.000            0.0
     25/03/2001           2001            0.0            0.0       1267.789           31.8         1957.1          0.000          0.000           -0.0
     26/03/2001           2001            0.0            0.0       1274.094           31.7         1957.1          0.000          0.000           -0.0
     27/03/2001           2001            0.0            0.0       1278.854           31.7         1957.1          0.000          0.000           -0.0
     28/03/2001           2001            0.0            0.0       1282.433           31.7         1957.1          0.000          0.000            0.0
     29/03/2001           2001            0.0            0.0       1285.794           31.7         1957.1          0.000          0.000            0.0
     30/03/2001           2001            0.0            0.0       1288.748           31.9         1957.1          0.000          3.404            0.1
     31/03/2001           2001            0.0            0.0       1291.750           32.0         1957.1          0.000          0.000            0.0
     01/04/2001           2001            0.0            0.0       1294.653           32.1         1957.1          0.000          0.000            0.0
     02/04/2001           2001            0.0            0.0       1297.824           32.3         1957.1          0.000          0.000            0.1
     03/04/2001           2001            0.0            0.0       1300.160           32.5         1942.3          0.000          7.112            0.1
     04/04/2001           2001            0.0            0.0       1301.465           32.8         1900.5          0.000          0.000            0.1
     05/04/2001           2001            0.0            0.0       1299.663           33.4         1831.9          0.000         11.684            0.2
     06/04/2001           2001            0.0            0.0       1295.391           34.0         1761.4          0.000          0.508            0.2
     07/04/2001           2001            0.0            0.0       1291.209           34.5         1711.3          0.000          0.000            0.2
     08/04/2001           2001            0.0            0.0       1288.803           35.2         1645.4          0.000          3.302            0.3
     09/04/2001           2001            0.0            0.0       1288.344           35.9         1611.6          0.000          0.254            0.3
     10/04/2001           2001            0.0            0.0       1285.966           36.7         1570.0          0.000         35.560            0.2
     11/04/2001           2001            0.0            0.0       1266.694           37.4         1513.9          0.000         23.368            0.2
     12/04/2001           2001            0.0            0.0       1177.976           37.8         1491.8          0.000          0.000            0.2
     13/04/2001           2001            0.0            0.0       1066.782           38.2         1465.0          0.000          1.524            0.2
     14/04/2001           2001            0.0            0.0       1060.244           38.6         1439.0          0.000          0.000            0.2
     15/04/2001           2001            0.0            0.0       1068.774           39.0         1430.6          0.000          0.000            0.2
     16/04/2001           2001            0.0            0.0       1085.381           39.2         1430.3          0.000          0.000            0.1
     17/04/2001           2001            0.0            0.0       1107.145           39.4         1429.1          0.000          0.000            0.1
     18/04/2001           2001            0.0            0.0       1132.287           39.6         1429.1          0.000          0.000            0.1
     19/04/2001           2001            0.0            0.0       1160.651           39.9         1429.1          0.000          0.000            0.2
     20/04/2001           2001            0.0            0.0       1192.430           40.4         1429.1          0.000          2.794            0.4
     21/04/2001           2001            0.0            0.0       1206.985           41.0         1364.0          0.000          5.588            0.4
     22/04/2001           2001            0.0            0.0       1214.305           41.5         1292.7          0.000          2.032            0.4
     23/04/2001           2001            0.0            0.0       1220.961           42.0         1270.2          0.000          0.000            0.3
     24/04/2001           2001            0.0            0.0       1229.886           42.3          939.5          0.000          0.000            0.3
     25/04/2001           2001            0.0            0.0       1242.785           42.8          924.4          0.000          0.000            0.3
     26/04/2001           2001            0.0            0.0       1260.567           43.3          919.6          0.000          0.000            0.5
     27/04/2001           2001            0.0            0.0       1268.534           44.0          919.6          0.000          0.000            0.6
     28/04/2001           2001            0.0            0.0       1279.377           44.9          919.6          0.000          0.000            0.7
     29/04/2001           2001            0.0            0.0       1288.926           45.8          919.6          0.000          0.000            0.7
     30/04/2001           2001            0.0            0.0       1296.840           46.6          858.6          0.000          6.350            0.7
     01/05/2001           2001            0.0            0.0       1304.468           47.4          806.9          0.000          0.000            0.7
     02/05/2001           2001            0.0            0.0       1310.207           48.1          763.0          0.000         11.176            0.6
     03/05/2001           2001            0.0            0.0       1311.348           48.8          738.6          0.000         21.336            0.4
     04/05/2001           2001            0.0            0.0       1302.399           49.1          709.0          0.000          5.842            0.4
     05/05/2001           2001            0.0            0.0       1287.110           49.3          666.9          0.000         12.446            0.5
     06/05/2001           2001            0.0            0.0       1272.395           49.6          640.9          0.000          0.000            0.5
     07/05/2001           2001            0.0            0.0       1260.110           50.0          627.4          0.000          0.000            0.5
     08/05/2001           2001            0.0            0.0       1234.564           50.4          619.4          0.000          0.000            0.5
     09/05/2001           2001            0.0            0.0       1236.205           50.9          569.8          0.000         10.414            0.7
     10/05/2001           2001            0.0            0.0       1235.215           51.2          524.5          0.000          8.382            0.7
     11/05/2001           2001            0.0            0.0       1236.118           51.7          504.0          0.000          0.000            0.7
     12/05/2001           2001            0.0            0.0       1239.361           52.1          491.4          0.000          1.270            0.5
     13/05/2001           2001            0.0            0.0       1236.095           52.7          465.6          0.000         34.290            0.5
     14/05/2001           2001            0.0            0.0       1215.155           53.1          439.1          0.000          0.000            0.8
     15/05/2001           2001            0.0            0.0       1207.187           53.8          424.8          0.000          0.000            1.1
     16/05/2001           2001            0.0            0.0       1209.331           54.6          421.3          0.000          0.000            1.1
     17/05/2001           2001            0.0            0.0       1217.058           55.5          421.3          0.000          0.000            1.1
     18/05/2001           2001            0.0            0.0       1230.082           56.3          421.3          0.000          0.000            1.0
     19/05/2001           2001            0.0            0.0       1248.019           57.2          421.3          0.000          0.000            1.0
     20/05/2001           2001            0.0            0.0       1261.449           58.1          401.0          0.000         45.212            0.7
     21/05/2001           2001            0.0            0.0       1240.661           58.4          392.9          0.000          0.000            0.6
     22/05/2001           2001            0.0            0.0       1225.872           58.8          386.1          0.000          0.000            0.5
     23/05/2001           2001            0.0            0.0       1219.992           59.0          380.8          0.000          1.524            0.4
     24/05/2001           2001            0.0            0.0       1220.022           59.3          377.2          0.000          0.254            0.4
     25/05/2001           2001            0.0            0.0       1225.319           59.5          373.5          0.000          0.254            0.5
     26/05/2001           2001            0.0            0.0       1233.828           59.9          370.8          0.000          0.000            0.5
     27/05/2001           2001            0.0            0.0       1242.986           60.3          366.9          0.000          2.286            0.6
     28/05/2001           2001            0.0            0.0       1252.471           60.7          362.0          0.000          3.302            0.6
     29/05/2001           2001            0.0            0.0       1259.397           61.2          359.8          0.000          0.508            0.7
     30/05/2001           2001            0.0            0.0       1255.741           61.7          347.2          0.000         30.480            0.5
     31/05/2001           2001            0.0            0.0       1219.121           62.0          340.5          0.000          8.636            0.4
     01/06/2001           2001            0.0            0.0       1191.572           62.2          326.9          0.000          5.080            0.5
     02/06/2001           2001            0.0            0.0       1182.122           62.5          316.5          0.000          0.000            0.5
     03/06/2001           2001            0.0            0.0       1179.178           62.7          308.0          0.000          0.000            0.5
     04/06/2001           2001            0.0            0.0       1177.894           63.0          299.1          0.000          3.810            0.5
     05/06/2001           2001            0.0            0.0       1172.375           63.3          283.1          0.000         11.176            0.5
     06/06/2001           2001            0.0            0.0       1166.950           63.7          267.9          0.000          0.000            0.7
     07/06/2001           2001            0.0            0.0       1165.703           64.2          254.7          0.000          0.000            0.8
     08/06/2001           2001            0.0            0.0       1170.193           64.8          250.0          0.000          0.000            1.0
     09/06/2001           2001            0.0            0.0       1181.662           65.5          250.0          0.000          0.000            1.0
     10/06/2001           2001            0.0            0.0       1190.930           66.3          230.0          0.000         18.796            1.0
     11/06/2001           2001            0.0            0.0       1197.367           67.3          218.1          0.000          0.000            1.3
     12/06/2001           2001            0.0            0.0       1205.936           68.5          211.0          0.000          0.000            1.5
     13/06/2001           2001            0.0            0.0       1216.701           69.7          206.7          0.000          0.000            1.5
     14/06/2001           2001            0.0            0.0       1223.636           70.7          190.2          0.000         11.684            1.3
     15/06/2001           2001            0.0            0.0       1229.574           71.6          180.4          0.000          0.000            1.2
     16/06/2001           2001            0.0            0.0       1239.008           72.4          175.0          0.000          0.000            1.2
     17/06/2001           2001            0.0            0.0       1253.498           73.4          172.5          0.000          0.000            1.3
     18/06/2001           2001            0.0            0.0       1263.747           74.5          158.7          0.000         10.922            1.3
     19/06/2001           2001            0.0            0.0       1266.612           75.4          149.8          0.000          5.080            1.1
     20/06/2001           2001            0.0            0.0       1271.173           76.0          141.6          0.000          0.762            0.9
     21/06/2001           2001            0.0            0.0       1275.690           76.7          135.8          0.000          0.254            1.0
     22/06/2001           2001            0.0            0.0       1280.101           77.4          132.9          0.000          0.000            1.0
     23/06/2001           2001            0.0            0.0       1285.267           78.1          131.7          0.000          0.000            1.0
     24/06/2001           2001            0.0            0.0       1291.333           79.2          131.7          0.000          0.000            1.3
     25/06/2001           2001            0.0            0.0       1298.258           80.5          131.7          0.000          0.000            1.5
     26/06/2001           2001            0.0            0.0       1305.853           81.8          131.7          0.000          0.000            1.5
     27/06/2001           2001            0.0            0.0       1313.892           83.1          131.7          0.000          0.000            1.4
     28/06/2001           2001            0.0            0.0       1322.960           84.3          131.7          0.000          0.000            1.3
     29/06/2001           2001            0.0            0.0       1334.023           85.5          131.7          0.000          0.000            1.3
     30/06/2001           2001            0.0            0.0       1346.429           86.8          131.7          0.000          0.000            1.4
     01/07/2001           2001            0.0            0.0       1359.777           87.9          131.7          0.000          0.000            1.2
     02/07/2001           2001            0.0            0.0       1373.704           89.0          131.7          0.000          0.254            1.2
     03/07/2001           2001            0.0            0.0       1387.852           90.4          121.2          0.000         11.938            1.5
     04/07/2001           2001            0.0            0.0       1401.748           91.9          114.4          0.000          0.000            1.6
     05/07/2001           2001            0.0            0.0       1415.844           93.2          111.2          0.000          0.000            1.4
     06/07/2001           2001            0.0            0.0       1430.484           94.6          110.9          0.000          0.000            1.4
     07/07/2001           2001            0.0            0.0       1445.620           96.1          110.9          0.000          0.000            1.6
     08/07/2001           2001            0.0            0.0       1461.079           97.7          110.9          0.000          0.000            1.6
     09/07/2001           2001            0.0            0.0       1476.626           99.3          110.9          0.000          0.000            1.6
     10/07/2001           2001            0.0            0.0       1491.995          100.8          110.9          0.000          0.254            1.6
     11/07/2001           2001            0.0            0.0       1506.909          102.2          110.9          0.000          1.270            1.5
     12/07/2001           2001            0.0            0.0       1521.123          103.5          110.9          0.000          1.524            1.4
     13/07/2001           2001            0.0            0.0       1534.447          104.8          110.9          0.000          0.000            1.3
     14/07/2001           2001            0.0            0.0       1546.769          106.1          110.9          0.000          0.000            1.4
     15/07/2001           2001            0.0            0.0       1558.029          107.4          110.9          0.000          0.000            1.3
     16/07/2001           2001            0.0            0.0       1568.218          108.7          110.9          0.000          0.000            1.4
     17/07/2001           2001            0.0            0.0       1577.471          110.5          102.0          0.000          7.112            1.8
     18/07/2001           2001            0.0            0.0       1585.555          112.1           95.1          0.000          0.000            1.6
     19/07/2001           2001            0.0            0.0       1592.831          113.8           87.5          0.000          4.318            1.9
     20/07/2001           2001            0.0            0.0       1598.995          115.6           82.0          0.000          0.000            1.8
     21/07/2001           2001            0.0            0.0       1604.467          117.3           79.1          0.000          0.000            1.8
     22/07/2001           2001            0.0            0.0       1609.611          119.3           78.5          0.000          0.000            1.9
     23/07/2001           2001            0.0            0.0       1614.552          121.3           78.5          0.000          0.254            1.9
     24/07/2001           2001            0.0            0.0       1619.332          123.1           78.5          0.000          0.000            1.8
     25/07/2001           2001            0.0            0.0       1623.952          124.7           78.5          0.000          0.000            1.6
     26/07/2001           2001            0.0            0.0       1628.398          126.2           78.5          0.000          0.000            1.5
     27/07/2001           2001            0.0            0.0       1632.645          127.5           78.5          0.000          0.000            1.5
     28/07/2001           2001            0.0            0.0       1636.673          129.0           78.5          0.000          0.000            1.5
     29/07/2001           2001            0.0            0.0       1640.475          130.7           78.5          0.000          0.000            1.7
     30/07/2001           2001            0.0            0.0       1644.053          132.6           78.5          0.000          0.000            1.8
     31/07/2001           2001            0.0            0.0       1647.414          134.7           78.5          0.000          0.000            2.0
     01/08/2001           2001            0.0            0.0       1650.563          136.9           78.5          0.000          0.000            2.1
     02/08/2001           2001            0.0            0.0       1653.508          139.1           78.5          0.000          0.000            2.2
     03/08/2001           2001            0.0            0.0       1656.256          141.2           78.5          0.000          0.000            2.1
     04/08/2001           2001            0.0            0.0       1658.813          143.3           78.5          0.000          0.000            2.1
     05/08/2001           2001            0.0            0.0       1661.186          145.4           78.5          0.000          0.000            2.2
     06/08/2001           2001            0.0            0.0       1663.384          147.6           78.5          0.000          0.000            2.2
     07/08/2001           2001            0.0            0.0       1665.417          149.8           78.5          0.000          0.000            2.2
     08/08/2001           2001            0.0            0.0       1667.294          152.0           78.5          0.000          0.000            2.2
     09/08/2001           2001            0.0            0.0       1669.025          154.0           78.5          0.000          0.000            2.0
     10/08/2001           2001            0.0            0.0       1670.618          155.7           78.5          0.000          0.000            1.8
     11/08/2001           2001            0.0            0.0       1672.084          157.3           78.5          0.000          0.000            1.7
     12/08/2001           2001            0.0            0.0       1673.431          158.9           78.5          0.000          0.000            1.7
     13/08/2001           2001            0.0            0.0       1674.668          160.5           78.5          0.000          0.000            1.7
     14/08/2001           2001            0.0            0.0       1675.801          162.0           78.5          0.000          0.000            1.5
     15/08/2001           2001            0.0            0.0       1676.815          163.1           74.0          0.000         29.718            1.4
     16/08/2001           2001            0.0            0.0       1676.169          164.2           70.1          0.000          0.000            1.4
     17/08/2001           2001            0.0            0.0       1671.522          165.2           64.6          0.000         11.176            1.3
     18/08/2001           2001            0.0            0.0       1663.349          166.2           61.1          0.000          0.000            1.4
     19/08/2001           2001            0.0            0.0       1653.905          167.3           58.9          0.000          0.000            1.4
     20/08/2001           2001            0.0            0.0       1645.118          168.4           58.0          0.000          0.000            1.4
     21/08/2001           2001            0.0            0.0       1638.148          169.9           58.0          0.000          0.000            1.5
     22/08/2001           2001            0.0            0.0       1633.314          171.5           58.0          0.000          0.000            1.7
     23/08/2001           2001            0.0            0.0       1630.456          173.1           58.0          0.000          0.000            1.6
     24/08/2001           2001            0.0            0.0       1629.211          174.6           58.0          0.000          1.016            1.6
     25/08/2001           2001            0.0            0.0       1629.198          176.0           58.0          0.000          0.000            1.5
     26/08/2001           2001            0.0            0.0       1630.107          177.4           58.0          0.000          0.000            1.4
     27/08/2001           2001            0.0            0.0       1631.704          178.9           58.0          0.000          0.000            1.5
     28/08/2001           2001            0.0            0.0       1633.813          180.3           58.0          0.000          0.000            1.4
     29/08/2001           2001            0.0            0.0       1636.286          181.8           58.0          0.000          0.000            1.5
     30/08/2001           2001            0.0            0.0       1639.002          183.3           58.0          0.000          0.000            1.5
     31/08/2001           2001            0.0            0.0       1641.855          184.7           58.0          0.000          0.000            1.4
     01/09/2001           2001            0.0            0.0       1644.760          186.0           58.0          0.000          0.000            1.3
     02/09/2001           2001            0.0            0.0       1647.652          187.4           58.0          0.000          0.000            1.4
     03/09/2001           2001            0.0            0.0       1650.479          189.0           58.0          0.000          0.000            1.5
     04/09/2001           2001            0.0            0.0       1653.207          190.5           58.0          0.000          0.000            1.5
     05/09/2001           2001            0.0            0.0       1655.812          192.0           58.0          0.000          0.000            1.5
     06/09/2001           2001            0.0            0.0       1658.273          193.6           53.3          0.000          7.112            1.8
     07/09/2001           2001            0.0            0.0       1660.399          194.6           49.1          0.000         29.210            1.4
     08/09/2001           2001            0.0            0.0       1659.092          195.4           46.4          0.000          3.048            1.2
     09/09/2001           2001            0.0            0.0       1651.136          196.1           44.4          0.000          0.762            1.1
     10/09/2001           2001            0.0            0.0       1640.310          197.0           42.8          0.000          0.000            1.2
     11/09/2001           2001            0.0            0.0       1629.633          197.9           41.7          0.000          0.000            1.2
     12/09/2001           2001            0.0            0.0       1621.010          199.1           41.4          0.000          0.000            1.3
     13/09/2001           2001            0.0            0.0       1614.955          200.1           41.4          0.000          0.000            1.2
     14/09/2001           2001            0.0            0.0       1611.106          201.0           41.4          0.000          0.000            1.0
     15/09/2001           2001            0.0            0.0       1608.468          201.7           40.0          0.000          4.318            0.9
     16/09/2001           2001            0.0            0.0       1605.669          202.2           38.3          0.000         12.954            0.8
     17/09/2001           2001            0.0            0.0       1600.514          202.7           36.2          0.000          0.762            0.9
     18/09/2001           2001            0.0            0.0       1591.226          203.1           34.6          0.000          5.588            0.8
     19/09/2001           2001            0.0            0.0       1579.499          203.6           32.9          0.000          0.000            0.9
     20/09/2001           2001            0.0            0.0       1567.001          204.2           30.9          0.000          1.524            1.0
     21/09/2001           2001            0.0            0.0       1555.888          204.9           29.8          0.000          0.000            1.0
     22/09/2001           2001            0.0            0.0       1547.212          205.7           28.9          0.000          1.016            1.0
     23/09/2001           2001            0.0            0.0       1540.877          206.3           28.5          0.000          0.000            0.9
     24/09/2001           2001            0.0            0.0       1536.727          206.7           28.4          0.000          0.000            0.7
     25/09/2001           2001            0.0            0.0       1534.681          207.2           28.4          0.000          0.000            0.6
     26/09/2001           2001            0.0            0.0       1534.620          207.6           28.4          0.000          0.000            0.6
     27/09/2001           2001            0.0            0.0       1536.332          208.1           28.4          0.000          0.000            0.7
     28/09/2001           2001            0.0            0.0       1539.540          208.7           28.4          0.000          0.000            0.7
     29/09/2001           2001            0.0            0.0       1543.931          209.3           28.4          0.000          0.000            0.7
     30/09/2001           2001            0.0            0.0       1549.197          210.0           28.4          0.000          0.000            0.7
     01/10/2001           2001            0.0            0.0       1555.055          210.8           28.4          0.000          0.000            0.9
     02/10/2001           2001            0.0            0.0       1561.266          211.7           28.4          0.000          0.000            0.9
     03/10/2001           2001            0.0            0.0       1567.623          212.6           28.4          0.000          0.000            0.9
     04/10/2001           2001            0.0            0.0       1573.786          213.2           27.8          0.000          6.604            0.7
     05/10/2001           2001            0.0            0.0       1579.157          213.7           27.4          0.000          0.000            0.6
     06/10/2001           2001            0.0            0.0       1583.669          214.1           27.1          0.000          0.000            0.5
     07/10/2001           2001            0.0            0.0       1587.470          214.5           26.7          0.000          0.000            0.5
     08/10/2001           2001            0.0            0.0       1590.807          215.1           26.1          0.000          0.000            0.6
     09/10/2001           2001            0.0            0.0       1593.876          215.8           25.4          0.000          1.778            0.7
     10/10/2001           2001            0.0            0.0       1596.087          216.1           24.6          0.000         17.272            0.6
     11/10/2001           2001            0.0            0.0       1595.578          216.4           24.0          0.000          0.000            0.6
     12/10/2001           2001            0.0            0.0       1591.438          216.7           23.6          0.000          0.000            0.5
     13/10/2001           2001            0.0            0.0       1584.705          216.8           22.9          0.000         19.558            0.5
     14/10/2001           2001            0.0            0.0       1571.496          216.8           22.5          0.000          0.000            0.5
     15/10/2001           2001            0.0            0.0       1552.661          216.8           22.4          0.000          0.000            0.4
     16/10/2001           2001            0.0            0.0       1534.191          216.8           22.3          0.000          0.000            0.3
     17/10/2001           2001            0.0            0.0       1518.813          216.8           22.0          0.000          0.000            0.3
     18/10/2001           2001            0.0            0.0       1507.389          216.9           21.8          0.000          0.000            0.4
     19/10/2001           2001            0.0            0.0       1499.583          217.1           21.6          0.000          0.000            0.4
     20/10/2001           2001            0.0            0.0       1494.840          217.3           21.5          0.000          0.000            0.5
     21/10/2001           2001            0.0            0.0       1492.533          217.6           21.4          0.000          0.000            0.5
     22/10/2001           2001            0.0            0.0       1489.865          217.7           20.9          0.000         10.668            0.4
     23/10/2001           2001            0.0            0.0       1485.158          217.9           20.2          0.000          0.000            0.5
     24/10/2001           2001            0.0            0.0       1478.949          217.9           19.9          0.000          3.048            0.4
     25/10/2001           2001            0.0            0.0       1471.946          217.9           19.9          0.000          0.000            0.3
     26/10/2001           2001            0.0            0.0       1465.890          217.8           19.9          0.000          0.000            0.2
     27/10/2001           2001            0.0            0.0       1461.455          217.8           19.9          0.000          0.000            0.2
     28/10/2001           2001            0.0            0.0       1458.873          217.8           19.5          0.000          0.000            0.3
     29/10/2001           2001            0.0            0.0       1458.001          218.0           19.4          0.000          0.000            0.3
     30/10/2001           2001            0.0            0.0       1458.375          218.2           19.1          0.000          0.762            0.4
     31/10/2001           2001            0.0            0.0       1459.546          218.4           18.9          0.000          0.000            0.5
     01/11/2001           2001            0.0            0.0       1461.381          218.8           18.7          0.000          0.000            0.6
     02/11/2001           2001            0.0            0.0       1463.919          219.1           18.7          0.000          0.000            0.5
     03/11/2001           2001            0.0            0.0       1467.178          219.5           18.7          0.000          0.000            0.5
     04/11/2001           2001            0.0            0.0       1471.148          219.9           18.7          0.000          0.000            0.6
     05/11/2001           2001            0.0            0.0       1475.755          220.3           18.7          0.000          0.000            0.5
     06/11/2001           2001            0.0            0.0       1480.897          220.8           18.7          0.000          0.000            0.6
     07/11/2001           2001            0.0            0.0       1486.468          221.3           18.7          0.000          0.000            0.7
     08/11/2001           2001            0.0            0.0       1492.298          221.6           18.7          0.000          0.000            0.4
     09/11/2001           2001            0.0            0.0       1498.221          221.9           18.7          0.000          0.000            0.3
     10/11/2001           2001            0.0            0.0       1504.131          222.1           18.7          0.000          0.000            0.4
     11/11/2001           2001            0.0            0.0       1509.964          222.4           18.7          0.000          0.000            0.4
     12/11/2001           2001            0.0            0.0       1515.633          222.6           18.7          0.000          0.000            0.4
     13/11/2001           2001            0.0            0.0       1520.923          223.0           18.7          0.000          0.000            0.5
     14/11/2001           2001            0.0            0.0       1525.543          223.5           18.7          0.000          0.000            0.6
     15/11/2001           2001            0.0            0.0       1529.454          224.1           18.7          0.000          0.000            0.7
     16/11/2001           2001            0.0            0.0       1532.835          224.6           18.7          0.000          0.000            0.7
     17/11/2001           2001            0.0            0.0       1535.841          225.1           18.7          0.000          0.000            0.6
     18/11/2001           2001            0.0            0.0       1538.440          225.5           18.7          0.000          0.000            0.5
     19/11/2001           2001            0.0            0.0       1540.617          225.7           18.7          0.000          0.000            0.3
     20/11/2001           2001            0.0            0.0       1542.418          225.8           18.7          0.000          0.000            0.2
     21/11/2001           2001            0.0            0.0       1543.937          226.0           18.7          0.000          0.000            0.2
     22/11/2001           2001            0.0            0.0       1545.175          226.1           18.7          0.000          2.642            0.3
     23/11/2001           2001            0.0            0.0       1544.208          226.1           18.3          0.000         21.641            0.3
     24/11/2001           2001            0.0            0.0       1533.894          225.8           18.1          0.000          4.267            0.3
     25/11/2001           2001            0.0            0.0       1508.035          225.5           18.0          0.000          6.121            0.2
     26/11/2001           2001            0.0            0.0       1478.761          225.3           17.9          0.000          0.000            0.2
     27/11/2001           2001            0.0            0.0       1453.501          225.0           17.9          0.000          0.000            0.1
     28/11/2001           2001            0.0            0.0       1433.263          224.7           17.9          0.000          0.000            0.1
     29/11/2001           2001            0.0            0.0       1417.552          224.4           17.9          0.000          0.000            0.1
     30/11/2001           2001            0.0            0.0       1405.475          224.1           17.9          0.000          0.000            0.1
     01/12/2001           2001            0.0            0.0       1396.474          223.9           17.8          0.000          0.000            0.1
     02/12/2001           2001            0.0            0.0       1390.162          223.6           17.7          0.000          0.000            0.1
     03/12/2001           2001            0.0            0.0       1385.909          223.4           17.7          0.000          0.000            0.1
     04/12/2001           2001            0.0            0.0       1382.607          223.3           17.0          0.000          2.591            0.2
     05/12/2001           2001            0.0            0.0       1379.741          223.2           16.8          0.000          0.000            0.3
     06/12/2001           2001            0.0            0.0       1377.373          223.0           16.7          0.000          0.000            0.2
     07/12/2001           2001            0.0            0.0       1375.633          222.8           16.7          0.000          0.000            0.1
     08/12/2001           2001            0.0            0.0       1374.522          222.6           16.7          0.000          0.000            0.1
     09/12/2001           2001            0.0            0.0       1374.087          222.4           16.7          0.000          0.000            0.1
     10/12/2001           2001            0.0            0.0       1374.347          222.2           16.7          0.000          0.000            0.1
     11/12/2001           2001            0.0            0.0       1374.337          222.0           16.6          0.000          6.248            0.1
     12/12/2001           2001            0.0            0.0       1373.132          221.8           16.6          0.000          0.000            0.1
     13/12/2001           2001            0.0            0.0       1371.198          221.5           16.6          0.000          0.000            0.1
     14/12/2001           2001            0.0            0.0       1369.109          221.3           16.6          0.000          0.000            0.1
     15/12/2001           2001            0.0            0.0       1367.401          221.0           16.4          0.000          0.000            0.1
     16/12/2001           2001            0.0            0.0       1366.186          220.8           16.4          0.000          0.000            0.1
     17/12/2001           2001            0.0            0.0       1365.541          220.6           16.4          0.000          0.000            0.1
     18/12/2001           2001            0.0            0.0       1365.416          220.4           16.4          0.000          0.000            0.1
     19/12/2001           2001            0.0            0.0       1365.708          220.1           16.4          0.000          0.000            0.0
     20/12/2001           2001            0.0            0.0       1366.419          219.9           16.4          0.000          0.000            0.0
     21/12/2001           2001            0.0            0.0       1367.193          219.7           16.4          0.000          2.921            0.0
     22/12/2001           2001            0.0            0.0       1367.401          219.5           16.4          0.000          0.000            0.0
     23/12/2001           2001            0.0            0.0       1367.116          219.2           16.4          0.000          0.000            0.0
     24/12/2001           2001            0.0            0.0       1366.495          219.0           16.4          0.000          0.000            0.0
     25/12/2001           2001            0.0            0.0       1365.669          218.8           16.4          0.000          0.000            0.0
     26/12/2001           2001            0.0            0.0       1364.725          218.6           16.4          0.000          0.000            0.0
     27/12/2001           2001            0.0            0.0       1363.721          218.3           16.4          0.000          0.000            0.0
     28/12/2001           2001            0.0            0.0       1362.690          218.1           16.4          0.000          0.000            0.0
     29/12/2001           2001            0.0            0.0       1361.644          217.9           16.4          0.000          0.000            0.0
     30/12/2001           2001            0.0            0.0       1360.584          217.7           16.4          0.000          0.000            0.0
     31/12/2001           2001            0.0            0.0       1359.518          217.5           16.4          0.000          0.000            0.0
