ApsimVersion = 7.9 r4044
Title = mcna-2000
           Date           year          yield        biomass     watertable          no3()   surfaceom_wt            lai           Rain    dlt_n_min()
   (dd/mm/yyyy)         (year)        (kg/ha)        (kg/ha)           (mm)        (kg/ha)        (kg/ha)      (m^2/m^2)           (mm)        (kg/ha)
     01/01/2000           2000            0.0            0.0       1024.739           40.6         1989.7          0.000          0.000            0.1
     02/01/2000           2000            0.0            0.0       1028.750           41.9         1981.7          0.000          0.000            0.1
     03/01/2000           2000            0.0            0.0       1030.665           42.8         1981.7          0.000          0.000            0.0
     04/01/2000           2000            0.0            0.0       1029.914           43.5         1981.7          0.000          0.510           -0.0
     05/01/2000           2000            0.0            0.0       1031.305           44.0         1981.7          0.000          0.000           -0.0
     06/01/2000           2000            0.0            0.0       1035.795           44.3         1981.7          0.000          0.000           -0.0
     07/01/2000           2000            0.0            0.0       1043.015           44.5         1981.7          0.000          0.000           -0.0
     08/01/2000           2000            0.0            0.0       1051.862           44.8         1976.3          0.000          0.000            0.0
     09/01/2000           2000            0.0            0.0       1052.660           45.2         1960.6          0.000          1.270            0.0
     10/01/2000           2000            0.0            0.0       1053.952           45.6         1956.3          0.000          0.760            0.0
     11/01/2000           2000            0.0            0.0       1056.069           45.9         1956.3          0.000          0.000           -0.0
     12/01/2000           2000            0.0            0.0       1059.513           46.1         1956.3          0.000          0.000           -0.0
     13/01/2000           2000            0.0            0.0       1062.391           46.3         1956.3          0.000          0.000           -0.0
     14/01/2000           2000            0.0            0.0       1068.955           46.4         1956.3          0.000          0.000           -0.0
     15/01/2000           2000            0.0            0.0       1075.602           46.5         1945.6          0.000          0.000            0.0
     16/01/2000           2000            0.0            0.0       1079.729           46.6         1945.6          0.000          0.000           -0.0
     17/01/2000           2000            0.0            0.0       1080.575           46.7         1945.6          0.000          0.250           -0.0
     18/01/2000           2000            0.0            0.0       1084.089           46.8         1945.0          0.000          0.510           -0.0
     19/01/2000           2000            0.0            0.0       1086.260           46.8         1945.0          0.000          0.000           -0.0
     20/01/2000           2000            0.0            0.0       1076.240           46.9         1945.0          0.000          2.540           -0.0
     21/01/2000           2000            0.0            0.0       1071.917           46.8         1945.0          0.000          0.000           -0.0
     22/01/2000           2000            0.0            0.0       1071.306           46.8         1944.9          0.000          1.270           -0.0
     23/01/2000           2000            0.0            0.0       1071.017           46.8         1944.9          0.000          0.000           -0.0
     24/01/2000           2000            0.0            0.0       1074.556           46.7         1944.9          0.000          0.000           -0.0
     25/01/2000           2000            0.0            0.0       1076.836           46.7         1944.9          0.000          0.000           -0.0
     26/01/2000           2000            0.0            0.0       1078.693           46.6         1944.9          0.000          0.000           -0.0
     27/01/2000           2000            0.0            0.0       1080.750           46.6         1944.9          0.000          0.000           -0.0
     28/01/2000           2000            0.0            0.0       1082.677           46.5         1944.9          0.000          0.000           -0.0
     29/01/2000           2000            0.0            0.0       1080.460           46.4         1944.9          0.000          0.760           -0.0
     30/01/2000           2000            0.0            0.0       1053.515           46.4         1944.9          0.000          5.080           -0.0
     31/01/2000           2000            0.0            0.0       1046.910           46.3         1944.9          0.000          0.000           -0.0
     01/02/2000           2000            0.0            0.0       1045.831           46.2         1944.9          0.000          0.000           -0.0
     02/02/2000           2000            0.0            0.0       1049.125           46.1         1944.9          0.000          0.000           -0.0
     03/02/2000           2000            0.0            0.0       1055.815           46.0         1944.9          0.000          0.000           -0.0
     04/02/2000           2000            0.0            0.0       1059.542           46.0         1944.9          0.000          0.000           -0.0
     05/02/2000           2000            0.0            0.0       1065.111           45.9         1944.9          0.000          0.000           -0.0
     06/02/2000           2000            0.0            0.0       1073.449           45.8         1942.7          0.000          0.000           -0.0
     07/02/2000           2000            0.0            0.0       1082.981           45.7         1942.7          0.000          0.000           -0.0
     08/02/2000           2000            0.0            0.0       1092.759           45.6         1942.7          0.000          0.000           -0.0
     09/02/2000           2000            0.0            0.0       1103.499           45.6         1930.8          0.000          0.000            0.0
     10/02/2000           2000            0.0            0.0       1109.156           45.5         1930.8          0.000          0.000            0.0
     11/02/2000           2000            0.0            0.0       1112.454           45.5         1930.8          0.000          0.000           -0.0
     12/02/2000           2000            0.0            0.0       1115.070           45.4         1930.8          0.000          0.000           -0.0
     13/02/2000           2000            0.0            0.0       1115.804           45.4         1930.8          0.000          0.250           -0.0
     14/02/2000           2000            0.0            0.0       1105.361           45.3         1930.8          0.000          2.540           -0.0
     15/02/2000           2000            0.0            0.0       1110.066           45.2         1922.7          0.000          0.000            0.0
     16/02/2000           2000            0.0            0.0       1116.914           45.2         1922.7          0.000          0.000           -0.0
     17/02/2000           2000            0.0            0.0       1121.408           45.1         1922.7          0.000          0.000           -0.0
     18/02/2000           2000            0.0            0.0       1030.000           45.2         1922.7          0.000         20.320           -0.0
     19/02/2000           2000            0.0            0.0        936.052           45.2         1922.7          0.000         16.510           -0.0
     20/02/2000           2000            0.0            0.0        930.851           45.1         1922.7          0.000          0.000           -0.0
     21/02/2000           2000            0.0            0.0        938.626           45.0         1900.5          0.000          0.000            0.0
     22/02/2000           2000            0.0            0.0        945.082           45.1         1859.6          0.000          0.000            0.1
     23/02/2000           2000            0.0            0.0        952.644           45.3         1811.1          0.000          0.000            0.2
     24/02/2000           2000            0.0            0.0        910.275           45.7         1769.2          0.000         13.210            0.2
     25/02/2000           2000            0.0            0.0        904.251           46.1         1710.2          0.000          0.250            0.2
     26/02/2000           2000            0.0            0.0        901.048           46.5         1689.1          0.000          2.540            0.1
     27/02/2000           2000            0.0            0.0        909.874           46.7         1678.2          0.000          0.000            0.1
     28/02/2000           2000            0.0            0.0        919.986           47.0         1654.8          0.000          0.000            0.1
     29/02/2000           2000            0.0            0.0        924.511           47.3         1630.5          0.000          0.000            0.1
     01/03/2000           2000            0.0            0.0        922.111           47.6         1625.7          0.000          3.050            0.1
     02/03/2000           2000            0.0            0.0        928.263           47.8         1624.5          0.000          0.000            0.0
     03/03/2000           2000            0.0            0.0        935.064           47.9         1622.9          0.000          0.000            0.0
     04/03/2000           2000            0.0            0.0        947.642           48.1         1613.4          0.000          0.000            0.1
     05/03/2000           2000            0.0            0.0        962.497           48.3         1600.4          0.000          0.000            0.1
     06/03/2000           2000            0.0            0.0        973.150           48.7         1588.6          0.000          0.000            0.2
     07/03/2000           2000            0.0            0.0        984.120           49.3         1580.3          0.000          0.000            0.4
     08/03/2000           2000            0.0            0.0        995.426           50.0         1580.3          0.000          0.000            0.3
     09/03/2000           2000            0.0            0.0       1004.525           50.5         1580.3          0.000          0.000            0.1
     10/03/2000           2000            0.0            0.0       1012.118           50.9         1580.3          0.000          0.000            0.0
     11/03/2000           2000            0.0            0.0       1025.804           51.0         1580.3          0.000          0.000            0.0
     12/03/2000           2000            0.0            0.0       1038.443           51.2         1580.3          0.000          0.000            0.0
     13/03/2000           2000            0.0            0.0       1055.132           51.3         1580.3          0.000          0.000            0.0
     14/03/2000           2000            0.0            0.0       1069.247           51.5         1580.3          0.000          0.000            0.1
     15/03/2000           2000            0.0            0.0       1077.910           51.7         1580.3          0.000          0.000            0.1
     16/03/2000           2000            0.0            0.0       1092.668           51.8         1580.3          0.000          0.000            0.0
     17/03/2000           2000            0.0            0.0       1110.417           51.9         1580.3          0.000          0.000            0.0
     18/03/2000           2000            0.0            0.0       1119.493           52.0         1580.3          0.000          0.250            0.0
     19/03/2000           2000            0.0            0.0       1085.851           52.1         1580.3          0.000          7.110            0.0
     20/03/2000           2000            0.0            0.0       1071.848           52.1         1576.6          0.000          1.520            0.0
     21/03/2000           2000            0.0            0.0       1069.940           52.1         1561.6          0.000          0.250            0.0
     22/03/2000           2000            0.0            0.0       1080.839           52.3         1528.9          0.000          0.000            0.1
     23/03/2000           2000            0.0            0.0       1097.692           52.5         1489.5          0.000          0.000            0.2
     24/03/2000           2000            0.0            0.0       1114.340           52.9         1452.5          0.000          0.760            0.3
     25/03/2000           2000            0.0            0.0       1142.210           53.3         1438.5          0.000          0.000            0.2
     26/03/2000           2000            0.0            0.0       1169.712           53.7         1424.7          0.000          0.000            0.3
     27/03/2000           2000            0.0            0.0       1220.631           54.1         1423.2          0.000          0.000            0.2
     28/03/2000           2000            0.0            0.0       1241.500           54.5         1423.2          0.000          0.000            0.1
     29/03/2000           2000            0.0            0.0       1262.580           54.8         1423.2          0.000          0.000            0.1
     30/03/2000           2000            0.0            0.0       1270.473           55.1         1423.2          0.000          0.000            0.1
     31/03/2000           2000            0.0            0.0       1283.886           55.4         1423.2          0.000          0.000            0.2
     01/04/2000           2000            0.0            0.0       1292.753           55.7         1423.2          0.000          0.508            0.1
     02/04/2000           2000            0.0            0.0       1300.678           56.1         1423.2          0.000          0.000            0.1
     03/04/2000           2000            0.0            0.0       1308.639           56.4         1423.2          0.000          0.000            0.1
     04/04/2000           2000            0.0            0.0       1317.414           56.7         1423.2          0.000          0.000            0.1
     05/04/2000           2000            0.0            0.0       1328.587           57.0         1423.2          0.000          0.000            0.3
     06/04/2000           2000            0.0            0.0       1343.483           57.5         1423.2          0.000          0.000            0.3
     07/04/2000           2000            0.0            0.0       1360.425           57.9         1423.2          0.000          1.524            0.1
     08/04/2000           2000            0.0            0.0       1374.469           58.2         1423.2          0.000          3.048            0.1
     09/04/2000           2000            0.0            0.0       1389.686           58.5         1423.2          0.000          0.000            0.1
     10/04/2000           2000            0.0            0.0       1400.194           58.8         1410.5          0.000          5.080            0.1
     11/04/2000           2000            0.0            0.0       1404.168           59.0         1407.2          0.000          0.000            0.1
     12/04/2000           2000            0.0            0.0       1410.965           59.2         1402.7          0.000          0.000            0.1
     13/04/2000           2000            0.0            0.0       1424.274           59.5         1380.0          0.000          0.000            0.2
     14/04/2000           2000            0.0            0.0       1445.850           59.9         1354.5          0.000          0.000            0.3
     15/04/2000           2000            0.0            0.0       1472.726           60.4         1340.7          0.000          0.000            0.3
     16/04/2000           2000            0.0            0.0       1499.315           60.8         1331.4          0.000          2.794            0.2
     17/04/2000           2000            0.0            0.0       1519.940           61.1         1328.2          0.000          0.000            0.2
     18/04/2000           2000            0.0            0.0       1542.067           61.5         1324.8          0.000          0.000            0.2
     19/04/2000           2000            0.0            0.0       1567.702           62.1         1324.8          0.000          0.000            0.5
     20/04/2000           2000            0.0            0.0       1578.036           62.7         1293.8          0.000         18.288            0.3
     21/04/2000           2000            0.0            0.0       1554.944           63.1         1275.4          0.000          0.000            0.2
     22/04/2000           2000            0.0            0.0       1544.977           63.5         1249.0          0.000          0.000            0.3
     23/04/2000           2000            0.0            0.0       1550.394           64.0         1221.4          0.000          0.000            0.4
     24/04/2000           2000            0.0            0.0       1565.852           64.5          906.4          0.000          0.000            0.3
     25/04/2000           2000            0.0            0.0       1588.767           64.9          904.0          0.000          0.000            0.3
     26/04/2000           2000            0.0            0.0       1615.940           65.4          904.0          0.000          0.000            0.3
     27/04/2000           2000            0.0            0.0       1640.715           65.9          872.6          0.000          6.858            0.3
     28/04/2000           2000            0.0            0.0       1663.596           66.4          840.8          0.000          0.000            0.4
     29/04/2000           2000            0.0            0.0       1689.018           66.8          827.1          0.000          0.000            0.4
     30/04/2000           2000            0.0            0.0       1717.911           67.3          812.7          0.000          0.000            0.4
     01/05/2000           2000            0.0            0.0       1746.199           67.8          779.9          0.000          6.858            0.4
     02/05/2000           2000            0.0            0.0       1780.737           68.3          753.9          0.000          0.000            0.4
     03/05/2000           2000            0.0            0.0       1812.155           68.8          727.6          0.000          0.000            0.5
     04/05/2000           2000            0.0            0.0       1821.036           69.5          711.1          0.000          0.000            0.7
     05/05/2000           2000            0.0            0.0       1853.759           70.2          708.4          0.000          0.000            0.7
     06/05/2000           2000            0.0            0.0       1882.764           71.0          708.4          0.000          0.000            0.7
     07/05/2000           2000            0.0            0.0       1915.845           71.9          708.4          0.000          0.000            0.7
     08/05/2000           2000            0.0            0.0       1951.475           72.8          708.4          0.000          0.508            0.8
     09/05/2000           2000            0.0            0.0       1987.536           73.5          686.7          0.000         11.430            0.5
     10/05/2000           2000            0.0            0.0       2021.284           74.1          665.0          0.000          0.000            0.5
     11/05/2000           2000            0.0            0.0       2050.766           74.8          635.5          0.000          0.000            0.8
     12/05/2000           2000            0.0            0.0       2076.495           75.5          622.2          0.000          0.000            0.7
     13/05/2000           2000            0.0            0.0       2098.812           76.0          620.6          0.000          0.000            0.4
     14/05/2000           2000            0.0            0.0       2118.174           76.5          620.6          0.000          0.000            0.3
     15/05/2000           2000            0.0            0.0       2134.999           76.9          620.6          0.000          0.000            0.4
     16/05/2000           2000            0.0            0.0       2149.932           77.5          620.6          0.000          0.000            0.5
     17/05/2000           2000            0.0            0.0       2165.483           78.2          620.6          0.000          0.254            0.6
     18/05/2000           2000            0.0            0.0       2181.915           78.9          620.6          0.000          0.000            0.6
     19/05/2000           2000            0.0            0.0       2198.634           79.5          620.6          0.000          0.000            0.4
     20/05/2000           2000            0.0            0.0       2215.010           80.0          620.6          0.000          0.000            0.4
     21/05/2000           2000            0.0            0.0       2230.566           80.6          620.6          0.000          0.762            0.5
     22/05/2000           2000            0.0            0.0       2245.001           81.4          620.6          0.000          0.000            0.6
     23/05/2000           2000            0.0            0.0       2265.933           82.3          620.6          0.000          0.000            0.7
     24/05/2000           2000            0.0            0.0       2303.839           83.3          620.6          0.000          0.000            0.8
     25/05/2000           2000            0.0            0.0       2349.336           84.2          620.6          0.000          0.000            0.7
     26/05/2000           2000            0.0            0.0       2297.923           84.9          592.7          0.000         13.970            0.8
     27/05/2000           2000            0.0            0.0       2309.315           85.4          566.0          0.000          0.254            0.7
     28/05/2000           2000            0.0            0.0       2322.024           85.9          547.7          0.000          0.000            0.6
     29/05/2000           2000            0.0            0.0       2335.547           86.4          528.6          0.000          0.000            0.6
     30/05/2000           2000            0.0            0.0       2349.961           87.1          512.9          0.000          0.762            0.8
     31/05/2000           2000            0.0            0.0       2365.193           88.1          507.8          0.000          0.000            0.9
     01/06/2000           2000            0.0            0.0       2381.095           89.0          467.1          0.000          6.350            1.1
     02/06/2000           2000            0.0            0.0       2397.624           89.7          444.6          0.000          1.270            0.7
     03/06/2000           2000            0.0            0.0       2414.598           90.3          431.9          0.000          0.000            0.7
     04/06/2000           2000            0.0            0.0       2431.929           91.0          403.6          0.000         28.194            0.8
     05/06/2000           2000            0.0            0.0       2449.275           91.4          391.0          0.000          0.000            0.7
     06/06/2000           2000            0.0            0.0       2465.842           91.8          381.3          0.000          0.000            0.6
     07/06/2000           2000            0.0            0.0       2481.271           92.3          372.9          0.000          0.000            0.7
     08/06/2000           2000            0.0            0.0       2495.348           93.0          372.9          0.000          0.000            0.8
     09/06/2000           2000            0.0            0.0       2508.129           93.9          372.9          0.000          0.000            0.9
     10/06/2000           2000            0.0            0.0       2519.833           94.9          372.9          0.000          0.000            1.0
     11/06/2000           2000            0.0            0.0       2530.868           95.8          372.9          0.000          2.286            0.9
     12/06/2000           2000            0.0            0.0       2541.143           96.7          372.9          0.000          3.556            0.9
     13/06/2000           2000            0.0            0.0       2551.159           97.6          343.0          0.000         37.338            1.0
     14/06/2000           2000            0.0            0.0       2560.528           98.3          322.9          0.000          0.000            1.0
     15/06/2000           2000            0.0            0.0       2568.121           98.9          309.6          0.000          0.000            1.0
     16/06/2000           2000            0.0            0.0       2573.820           99.6          290.6          0.000          6.604            0.9
     17/06/2000           2000            0.0            0.0       2576.865          100.1          281.3          0.000          0.000            0.7
     18/06/2000           2000            0.0            0.0       2577.945          100.6          273.7          0.000          0.000            0.7
     19/06/2000           2000            0.0            0.0       2577.830          101.2          264.5          0.000          3.302            0.8
     20/06/2000           2000            0.0            0.0       2576.810          102.1          258.9          0.000          1.016            1.0
     21/06/2000           2000            0.0            0.0       2575.793          102.9          258.9          0.000          0.000            0.9
     22/06/2000           2000            0.0            0.0       2575.252          103.8          258.9          0.000          0.000            0.9
     23/06/2000           2000            0.0            0.0       2575.197          105.0          238.1          0.000         21.590            1.2
     24/06/2000           2000            0.0            0.0       2575.963          105.8          219.0          0.000         28.194            1.0
     25/06/2000           2000            0.0            0.0       2576.352          106.7          201.5          0.000         45.212            1.0
     26/06/2000           2000            0.0            0.0       2568.992          107.3          189.8          0.000          0.000            1.0
     27/06/2000           2000            0.0            0.0       2543.463          108.0          183.0          0.000          0.000            1.0
     28/06/2000           2000            0.0            0.0       2507.621          108.6          178.6          0.000          1.778            0.9
     29/06/2000           2000            0.0            0.0       2463.455          109.3          177.6          0.000          0.000            0.9
     30/06/2000           2000            0.0            0.0       2420.995          110.1          177.6          0.000          0.000            0.9
     01/07/2000           2000            0.0            0.0       2384.103          110.9          177.6          0.000          0.000            0.9
     02/07/2000           2000            0.0            0.0       2352.348          112.1          163.3          0.000         16.002            1.3
     03/07/2000           2000            0.0            0.0       2327.459          113.3          154.2          0.000          0.254            1.3
     04/07/2000           2000            0.0            0.0       2306.875          114.5          146.5          0.000          1.524            1.3
     05/07/2000           2000            0.0            0.0       2336.963          115.7          138.8          0.000          3.810            1.4
     06/07/2000           2000            0.0            0.0       2291.433          117.0          132.9          0.000          2.540            1.4
     07/07/2000           2000            0.0            0.0       2294.492          118.4          129.9          0.000          1.016            1.5
     08/07/2000           2000            0.0            0.0       2305.983          119.7          129.9          0.000          0.762            1.2
     09/07/2000           2000            0.0            0.0       2324.052          121.1          129.9          0.000          0.762            1.3
     10/07/2000           2000            0.0            0.0       2347.551          122.4          129.9          0.000          0.254            1.2
     11/07/2000           2000            0.0            0.0       2294.063          123.6          129.9          0.000          0.254            1.1
     12/07/2000           2000            0.0            0.0       2302.388          124.7          129.9          0.000          0.254            1.0
     13/07/2000           2000            0.0            0.0       2310.939          126.1          119.5          0.000         16.764            1.4
     14/07/2000           2000            0.0            0.0       2320.996          127.5          113.3          0.000          0.000            1.3
     15/07/2000           2000            0.0            0.0       2332.194          128.7          108.9          0.000          1.270            1.2
     16/07/2000           2000            0.0            0.0       2344.785          129.7          106.3          0.000          0.254            1.1
     17/07/2000           2000            0.0            0.0       2358.414          130.8          106.1          0.000          0.000            1.0
     18/07/2000           2000            0.0            0.0       2372.948          131.8           99.4          0.000         10.414            1.1
     19/07/2000           2000            0.0            0.0       2388.367          132.7           93.6          0.000          0.000            1.0
     20/07/2000           2000            0.0            0.0       2404.430          133.5           89.1          0.000          0.000            0.9
     21/07/2000           2000            0.0            0.0       2420.946          134.2           87.3          0.000          0.000            0.8
     22/07/2000           2000            0.0            0.0       2437.726          135.0           87.1          0.000          0.000            0.8
     23/07/2000           2000            0.0            0.0       2454.597          136.0           87.1          0.000          0.000            0.8
     24/07/2000           2000            0.0            0.0       2471.403          137.0           87.1          0.000          0.000            0.9
     25/07/2000           2000            0.0            0.0       2488.120          138.0           87.1          0.000          2.032            0.9
     26/07/2000           2000            0.0            0.0       2504.352          139.1           80.1          0.000          6.604            1.0
     27/07/2000           2000            0.0            0.0       2520.161          140.0           75.1          0.000          0.000            0.9
     28/07/2000           2000            0.0            0.0       2535.501          141.1           69.1          0.000          7.366            1.3
     29/07/2000           2000            0.0            0.0       2550.141          142.0           64.3          0.000          0.000            0.9
     30/07/2000           2000            0.0            0.0       2564.195          143.0           59.2          0.000          5.588            1.1
     31/07/2000           2000            0.0            0.0       2577.394          143.9           56.0          0.000          0.000            0.9
     01/08/2000           2000            0.0            0.0       2589.841          144.9           54.1          0.000          0.000            0.9
     02/08/2000           2000            0.0            0.0       2601.523          146.1           53.8          0.000          0.000            1.0
     03/08/2000           2000            0.0            0.0       2612.554          147.1           49.4          0.000          4.064            0.9
     04/08/2000           2000            0.0            0.0       2622.718          148.0           46.6          0.000          0.000            0.8
     05/08/2000           2000            0.0            0.0       2632.205          149.0           44.7          0.000          0.762            0.9
     06/08/2000           2000            0.0            0.0       2641.052          150.2           41.1          0.000          8.382            1.4
     07/08/2000           2000            0.0            0.0       2649.300          151.2           38.8          0.000          0.254            1.0
     08/08/2000           2000            0.0            0.0       2524.250          152.3           35.7          0.000         38.354            1.3
     09/08/2000           2000            0.0            0.0       2530.108          153.5           33.7          0.000          0.000            1.5
     10/08/2000           2000            0.0            0.0       2533.898          154.8           32.7          0.000          0.000            1.5
     11/08/2000           2000            0.0            0.0       2537.077          155.9           32.5          0.000          0.000            1.1
     12/08/2000           2000            0.0            0.0       2539.868          157.0           32.5          0.000          0.000            1.1
     13/08/2000           2000            0.0            0.0       2542.328          158.3           29.9          0.000          9.652            1.4
     14/08/2000           2000            0.0            0.0       2544.472          159.7           27.5          0.000          3.048            1.5
     15/08/2000           2000            0.0            0.0       2546.347          161.0           25.9          0.000          0.000            1.4
     16/08/2000           2000            0.0            0.0       2548.002          162.1           25.0          0.000          0.000            1.1
     17/08/2000           2000            0.0            0.0       2549.491          163.1           24.3          0.000          0.254            1.0
     18/08/2000           2000            0.0            0.0       2550.867          164.1           24.2          0.000          0.000            0.9
     19/08/2000           2000            0.0            0.0       2552.181          164.8           24.2          0.000          1.016            0.8
     20/08/2000           2000            0.0            0.0       2553.478          165.6           24.2          0.000          0.000            0.7
     21/08/2000           2000            0.0            0.0       2554.794          166.4           24.2          0.000          0.000            0.8
     22/08/2000           2000            0.0            0.0       2556.138          167.3           24.2          0.000          1.778            0.8
     23/08/2000           2000            0.0            0.0       2557.565          168.6           22.3          0.000          9.398            1.4
     24/08/2000           2000            0.0            0.0       2559.069          169.6           20.9          0.000          0.254            1.1
     25/08/2000           2000            0.0            0.0       2560.650          170.8           20.1          0.000          0.000            1.0
     26/08/2000           2000            0.0            0.0       2562.302          172.0           19.8          0.000          0.000            1.1
     27/08/2000           2000            0.0            0.0       2564.018          173.2           19.7          0.000          0.000            1.0
     28/08/2000           2000            0.0            0.0       2565.791          174.5           19.7          0.000          0.000            1.1
     29/08/2000           2000            0.0            0.0       2567.712          175.8           19.7          0.000          0.000            1.1
     30/08/2000           2000            0.0            0.0       2569.874          177.0           19.7          0.000          0.000            1.1
     31/08/2000           2000            0.0            0.0       2572.315          178.4           19.7          0.000          0.000            1.2
     01/09/2000           2000            0.0            0.0       2575.052          179.6           19.7          0.000          0.000            1.1
     02/09/2000           2000            0.0            0.0       2578.085          180.9           19.7          0.000          0.000            1.2
     03/09/2000           2000            0.0            0.0       2581.404          182.2           19.7          0.000          0.000            1.2
     04/09/2000           2000            0.0            0.0       2584.997          183.1           19.7          0.000          0.000            1.0
     05/09/2000           2000            0.0            0.0       2588.849          183.9           19.7          0.000          0.000            0.8
     06/09/2000           2000            0.0            0.0       2592.942          184.7           19.7          0.000          0.000            0.8
     07/09/2000           2000            0.0            0.0       2597.258          185.5           19.7          0.000          0.000            0.8
     08/09/2000           2000            0.0            0.0       2601.777          186.5           19.7          0.000          0.000            0.9
     09/09/2000           2000            0.0            0.0       2606.480          187.5           19.7          0.000          0.000            1.0
     10/09/2000           2000            0.0            0.0       2611.346          188.6           19.7          0.000          0.000            1.0
     11/09/2000           2000            0.0            0.0       2616.355          189.7           19.7          0.000          0.000            1.1
     12/09/2000           2000            0.0            0.0       2621.487          190.7           19.7          0.000          0.000            0.9
     13/09/2000           2000            0.0            0.0       2626.722          191.6           19.7          0.000          0.254            0.9
     14/09/2000           2000            0.0            0.0       2632.042          192.4           19.7          0.000          3.556            0.8
     15/09/2000           2000            0.0            0.0       2637.427          193.0           19.7          0.000          0.000            0.7
     16/09/2000           2000            0.0            0.0       2642.860          193.6           19.7          0.000          0.000            0.6
     17/09/2000           2000            0.0            0.0       2648.322          194.3           19.7          0.000          0.000            0.7
     18/09/2000           2000            0.0            0.0       2653.798          195.2           19.7          0.000          0.000            0.8
     19/09/2000           2000            0.0            0.0       2659.287          195.9           19.7          0.000          1.524            0.7
     20/09/2000           2000            0.0            0.0       2664.763          196.6           19.1          0.000         17.780            0.8
     21/09/2000           2000            0.0            0.0       2670.211          197.0           18.7          0.000          0.000            0.6
     22/09/2000           2000            0.0            0.0       2675.612          197.5           17.5          0.000         19.050            0.7
     23/09/2000           2000            0.0            0.0       2680.908          197.7           17.0          0.000         12.954            0.5
     24/09/2000           2000            0.0            0.0       2685.706          197.8           16.8          0.000          5.842            0.4
     25/09/2000           2000            0.0            0.0       2689.151          197.9           16.5          0.000          0.000            0.4
     26/09/2000           2000            0.0            0.0       2690.517          198.2           16.2          0.000          0.000            0.5
     27/09/2000           2000            0.0            0.0       2689.309          198.6           15.8          0.000          0.000            0.6
     28/09/2000           2000            0.0            0.0       2685.460          199.1           15.6          0.000          0.000            0.7
     29/09/2000           2000            0.0            0.0       2679.301          199.7           15.6          0.000          0.000            0.7
     30/09/2000           2000            0.0            0.0       2671.413          200.5           15.6          0.000          0.000            0.8
     01/10/2000           2000            0.0            0.0       2662.480          201.2           15.6          0.000          0.000            0.7
     02/10/2000           2000            0.0            0.0       2653.157          201.9           15.6          0.000          0.000            0.7
     03/10/2000           2000            0.0            0.0       2643.881          202.6           14.8          0.000         17.018            0.7
     04/10/2000           2000            0.0            0.0       2635.018          203.1           14.4          0.000          0.508            0.6
     05/10/2000           2000            0.0            0.0       2626.964          203.3           14.3          0.000          6.604            0.3
     06/10/2000           2000            0.0            0.0       2619.563          203.5           14.3          0.000          0.000            0.2
     07/10/2000           2000            0.0            0.0       2612.680          203.6           14.3          0.000          0.000            0.1
     08/10/2000           2000            0.0            0.0       2606.189          203.7           14.3          0.000          0.000            0.1
     09/10/2000           2000            0.0            0.0       2600.033          203.8           14.3          0.000          0.000            0.1
     10/10/2000           2000            0.0            0.0       2594.235          203.9           14.2          0.000          0.000            0.2
     11/10/2000           2000            0.0            0.0       2588.873          204.1           14.1          0.000          0.000            0.2
     12/10/2000           2000            0.0            0.0       2584.048          204.4           14.0          0.000          0.000            0.4
     13/10/2000           2000            0.0            0.0       2579.750          205.0           12.9          0.000          4.572            0.6
     14/10/2000           2000            0.0            0.0       2576.223          205.7           12.2          0.000          0.000            0.7
     15/10/2000           2000            0.0            0.0       2573.367          206.2           11.8          0.000          0.000            0.5
     16/10/2000           2000            0.0            0.0       2571.127          206.6           11.6          0.000          0.000            0.4
     17/10/2000           2000            0.0            0.0       2569.408          207.0           11.5          0.000          0.000            0.4
     18/10/2000           2000            0.0            0.0       2568.142          207.3           11.2          0.000          0.000            0.4
     19/10/2000           2000            0.0            0.0       2567.282          207.8           11.1          0.000          0.000            0.4
     20/10/2000           2000            0.0            0.0       2566.789          208.3           11.0          0.000          0.000            0.5
     21/10/2000           2000            0.0            0.0       2566.629          208.8           11.0          0.000          0.000            0.4
     22/10/2000           2000            0.0            0.0       2566.769          209.3           11.0          0.000          0.508            0.4
     23/10/2000           2000            0.0            0.0       2567.178          209.8           11.0          0.000          1.778            0.5
     24/10/2000           2000            0.0            0.0       2567.833          210.5           10.3          0.000          5.334            0.7
     25/10/2000           2000            0.0            0.0       2568.753          211.2            9.6          0.000          1.016            0.8
     26/10/2000           2000            0.0            0.0       2569.957          211.9            9.0          0.000          0.762            0.7
     27/10/2000           2000            0.0            0.0       2571.455          212.4            8.8          0.000          0.254            0.5
     28/10/2000           2000            0.0            0.0       2573.250          212.8            8.6          0.000          0.000            0.4
     29/10/2000           2000            0.0            0.0       2575.284          213.2            8.4          0.000          2.794            0.4
     30/10/2000           2000            0.0            0.0       2577.661          213.7            8.0          0.000          0.000            0.5
     31/10/2000           2000            0.0            0.0       2580.297          214.3            7.7          0.000          0.000            0.6
     01/11/2000           2000            0.0            0.0       2583.132          214.9            7.3          0.000         14.732            0.6
     02/11/2000           2000            0.0            0.0       2586.197          215.4            7.1          0.000          0.000            0.5
     03/11/2000           2000            0.0            0.0       2589.436          215.6            7.1          0.000          0.000            0.3
     04/11/2000           2000            0.0            0.0       2592.719          215.9            7.0          0.000          0.000            0.3
     05/11/2000           2000            0.0            0.0       2595.997          216.1            6.9          0.000          1.524            0.3
     06/11/2000           2000            0.0            0.0       2599.180          216.3            6.8          0.000         19.380            0.2
     07/11/2000           2000            0.0            0.0       2602.142          216.2            6.8          0.000          0.000            0.1
     08/11/2000           2000            0.0            0.0       2604.371          216.2            6.8          0.000          0.000            0.1
     09/11/2000           2000            0.0            0.0       2605.558          216.1            6.8          0.000          0.000            0.0
     10/11/2000           2000            0.0            0.0       2605.387          216.1            6.8          0.000          0.000            0.0
     11/11/2000           2000            0.0            0.0       2603.702          216.0            6.8          0.000          0.000            0.0
     12/11/2000           2000            0.0            0.0       2600.539          216.0            6.8          0.000          0.000            0.0
     13/11/2000           2000            0.0            0.0       2596.111          216.0            6.8          0.000          0.000            0.0
     14/11/2000           2000            0.0            0.0       2590.768          216.0            6.8          0.000          0.000            0.0
     15/11/2000           2000            0.0            0.0       2584.966          215.9            6.8          0.000          0.000            0.0
     16/11/2000           2000            0.0            0.0       2579.239          215.9            6.8          0.000          0.000            0.0
     17/11/2000           2000            0.0            0.0       2573.991          215.9            6.8          0.000          0.000            0.0
     18/11/2000           2000            0.0            0.0       2569.039          215.9            6.8          0.000          0.000            0.0
     19/11/2000           2000            0.0            0.0       2564.270          215.9            6.8          0.000          0.000            0.0
     20/11/2000           2000            0.0            0.0       2559.635          215.9            6.8          0.000          0.000            0.0
     21/11/2000           2000            0.0            0.0       2555.111          215.9            6.8          0.000          0.000            0.0
     22/11/2000           2000            0.0            0.0       2550.680          215.9            6.8          0.000          0.000            0.0
     23/11/2000           2000            0.0            0.0       2546.322          215.9            6.8          0.000          0.000            0.0
     24/11/2000           2000            0.0            0.0       2541.999          215.9            6.8          0.000          0.000            0.0
     25/11/2000           2000            0.0            0.0       2537.638          215.9            6.8          0.000          0.000            0.0
     26/11/2000           2000            0.0            0.0       2533.054          215.9            6.8          0.000          0.000            0.0
     27/11/2000           2000            0.0            0.0       2527.685          215.9            6.8          0.000          0.000            0.0
     28/11/2000           2000            0.0            0.0       2523.183          215.9            6.8          0.000          0.000            0.0
     29/11/2000           2000            0.0            0.0       2520.758          215.9            6.8          0.000          0.000            0.0
     30/11/2000           2000            0.0            0.0       2518.871          215.9            6.8          0.000          0.000            0.0
     01/12/2000           2000            0.0            0.0       2649.496          215.9            6.8          0.000          0.510            0.0
     02/12/2000           2000            0.0            0.0       2648.231          215.9            6.8          0.000          1.270            0.0
     03/12/2000           2000            0.0            0.0       2647.216          215.9            6.8          0.000          0.000            0.0
     04/12/2000           2000            0.0            0.0       2646.345          215.9            6.8          0.000          0.000            0.0
     05/12/2000           2000            0.0            0.0       2645.529          215.9            6.8          0.000          0.000            0.0
     06/12/2000           2000            0.0            0.0       2644.717          215.9            6.8          0.000          2.030            0.0
     07/12/2000           2000            0.0            0.0       2643.800          215.9            6.8          0.000          0.000            0.0
     08/12/2000           2000            0.0            0.0       2642.725          215.9            6.8          0.000          0.000            0.0
     09/12/2000           2000            0.0            0.0       2641.459          215.9            6.8          0.000          0.000            0.0
     10/12/2000           2000            0.0            0.0       2639.997          215.8            6.8          0.000          0.000            0.0
     11/12/2000           2000            0.0            0.0       2638.320          215.8            6.8          0.000          6.100            0.0
     12/12/2000           2000            0.0            0.0       2635.954          215.8            6.8          0.000          6.860            0.0
     13/12/2000           2000            0.0            0.0       2632.218          215.7            6.8          0.000          0.760            0.0
     14/12/2000           2000            0.0            0.0       2626.097          215.6            6.8          0.000          4.830            0.0
     15/12/2000           2000            0.0            0.0       2616.606          215.5            6.8          0.000          0.000            0.0
     16/12/2000           2000            0.0            0.0       2603.993          215.4            6.8          0.000          1.520            0.0
     17/12/2000           2000            0.0            0.0       2585.964          215.3            6.8          0.000          0.000            0.0
     18/12/2000           2000            0.0            0.0       2563.887          215.2            6.8          0.000          0.000            0.0
     19/12/2000           2000            0.0            0.0       2538.539          215.1            6.8          0.000          4.830            0.0
     20/12/2000           2000            0.0            0.0       2509.058          215.0            6.8          0.000          0.000            0.0
     21/12/2000           2000            0.0            0.0       2476.900          214.9            6.8          0.000          3.810            0.0
     22/12/2000           2000            0.0            0.0       2440.847          214.8            6.8          0.000          0.000            0.0
     23/12/2000           2000            0.0            0.0       2403.073          214.7            6.8          0.000          0.000            0.0
     24/12/2000           2000            0.0            0.0       2365.511          214.6            6.8          0.000          0.000            0.0
     25/12/2000           2000            0.0            0.0       2329.670          214.5            6.8          0.000          0.000            0.0
     26/12/2000           2000            0.0            0.0       2320.661          214.4            6.8          0.000          1.270            0.0
     27/12/2000           2000            0.0            0.0       2207.312          214.3            6.8          0.000          0.000            0.0
     28/12/2000           2000            0.0            0.0       2183.011          214.2            6.8          0.000          0.000            0.0
     29/12/2000           2000            0.0            0.0       2164.372          214.1            6.8          0.000          2.540            0.0
     30/12/2000           2000            0.0            0.0       2151.084          214.0            6.8          0.000          0.510            0.0
     31/12/2000           2000            0.0            0.0       2139.546          213.9            6.8          0.000          0.000            0.0
