ApsimVersion = 7.9 r4044
Title = nash-2011
           Date           year          yield        biomass     watertable          no3()   surfaceom_wt            lai           Rain    dlt_n_min()
   (dd/mm/yyyy)         (year)        (kg/ha)        (kg/ha)           (mm)        (kg/ha)        (kg/ha)      (m^2/m^2)           (mm)        (kg/ha)
     01/01/2011           2011            0.0            0.0        725.696           47.3         2000.0          0.000          0.250            0.0
     02/01/2011           2011            0.0            0.0        764.539           47.6         2000.0          0.000          0.000            0.0
     03/01/2011           2011            0.0            0.0        798.928           47.6         2000.0          0.000          0.000            0.0
     04/01/2011           2011            0.0            0.0        830.481           47.6         2000.0          0.000          0.000           -0.0
     05/01/2011           2011            0.0            0.0        858.942           47.5         2000.0          0.000          0.000           -0.0
     06/01/2011           2011            0.0            0.0        883.940           47.4         2000.0          0.000          0.250           -0.0
     07/01/2011           2011            0.0            0.0        907.577           47.3         2000.0          0.000          0.250           -0.0
     08/01/2011           2011            0.0            0.0        927.007           47.1         2000.0          0.000          0.510           -0.0
     09/01/2011           2011            0.0            0.0        945.048           47.0         2000.0          0.000          0.000           -0.0
     10/01/2011           2011            0.0            0.0        960.055           46.9         2000.0          0.000          0.250           -0.0
     11/01/2011           2011            0.0            0.0        934.064           46.8         2000.0          0.000          7.000           -0.0
     12/01/2011           2011            0.0            0.0        920.746           46.7         2000.0          0.000          1.000           -0.0
     13/01/2011           2011            0.0            0.0        924.774           46.5         2000.0          0.000          0.000           -0.0
     14/01/2011           2011            0.0            0.0        937.871           46.4         2000.0          0.000          0.000           -0.0
     15/01/2011           2011            0.0            0.0        953.384           46.3         2000.0          0.000          0.000           -0.0
     16/01/2011           2011            0.0            0.0        967.948           46.2         2000.0          0.000          0.000           -0.0
     17/01/2011           2011            0.0            0.0        946.472           46.1         2000.0          0.000          6.500           -0.0
     18/01/2011           2011            0.0            0.0        930.980           45.9         2000.0          0.000          1.100           -0.0
     19/01/2011           2011            0.0            0.0        928.085           45.8         2000.0          0.000          1.000           -0.0
     20/01/2011           2011            0.0            0.0        936.699           45.7         2000.0          0.000          0.000           -0.0
     21/01/2011           2011            0.0            0.0        950.181           45.6         2000.0          0.000          0.000           -0.0
     22/01/2011           2011            0.0            0.0        962.873           45.4         2000.0          0.000          0.250           -0.0
     23/01/2011           2011            0.0            0.0        974.801           45.3         2000.0          0.000          0.000           -0.0
     24/01/2011           2011            0.0            0.0        986.179           45.3         2000.0          0.000          0.000           -0.0
     25/01/2011           2011            0.0            0.0        993.435           45.2         2000.0          0.000          0.000           -0.0
     26/01/2011           2011            0.0            0.0       1033.744           45.1         2000.0          0.000          0.000           -0.0
     27/01/2011           2011            0.0            0.0       1040.440           45.0         2000.0          0.000          0.000           -0.0
     28/01/2011           2011            0.0            0.0       1042.892           45.0         2000.0          0.000          0.000           -0.0
     29/01/2011           2011            0.0            0.0       1044.680           44.9         2000.0          0.000          0.000           -0.0
     30/01/2011           2011            0.0            0.0       1044.202           44.8         2000.0          0.000          2.000           -0.0
     31/01/2011           2011            0.0            0.0       1040.543           44.8         2000.0          0.000          1.500           -0.0
     01/02/2011           2011            0.0            0.0       1026.816           44.7         2000.0          0.000          6.500           -0.0
     02/02/2011           2011            0.0            0.0       1009.733           44.7         2000.0          0.000          3.000           -0.0
     03/02/2011           2011            0.0            0.0       1002.279           44.6         2000.0          0.000          0.000           -0.0
     04/02/2011           2011            0.0            0.0        999.417           44.5         2000.0          0.000          0.000           -0.0
     05/02/2011           2011            0.0            0.0        999.459           44.4         2000.0          0.000          0.000           -0.0
     06/02/2011           2011            0.0            0.0        999.617           44.3         2000.0          0.000          1.270           -0.0
     07/02/2011           2011            0.0            0.0       1000.134           44.2         2000.0          0.000          0.000           -0.0
     08/02/2011           2011            0.0            0.0       1001.374           44.1         2000.0          0.000          0.000           -0.0
     09/02/2011           2011            0.0            0.0       1002.996           44.1         2000.0          0.000          0.000           -0.0
     10/02/2011           2011            0.0            0.0       1004.741           44.0         2000.0          0.000          0.000           -0.0
     11/02/2011           2011            0.0            0.0       1006.906           43.9         2000.0          0.000          0.000           -0.0
     12/02/2011           2011            0.0            0.0       1009.779           43.8         2000.0          0.000          0.000           -0.0
     13/02/2011           2011            0.0            0.0       1014.100           43.7         1999.1          0.000          0.000           -0.0
     14/02/2011           2011            0.0            0.0       1019.709           43.7         1995.5          0.000          0.000            0.0
     15/02/2011           2011            0.0            0.0       1027.639           43.6         1993.2          0.000          0.000            0.0
     16/02/2011           2011            0.0            0.0       1034.899           43.6         1987.8          0.000          0.000            0.0
     17/02/2011           2011            0.0            0.0       1040.548           43.6         1977.4          0.000          0.000            0.0
     18/02/2011           2011            0.0            0.0       1046.375           43.6         1977.0          0.000          0.000            0.0
     19/02/2011           2011            0.0            0.0       1051.865           43.5         1977.0          0.000          0.000           -0.0
     20/02/2011           2011            0.0            0.0       1053.806           43.4         1976.9          0.000          2.500           -0.0
     21/02/2011           2011            0.0            0.0       1031.580           43.5         1976.9          0.000         18.000           -0.0
     22/02/2011           2011            0.0            0.0        957.413           43.4         1976.9          0.000          5.500           -0.0
     23/02/2011           2011            0.0            0.0        808.568           43.1         1976.9          0.000          0.000           -0.0
     24/02/2011           2011            0.0            0.0        828.611           42.9         1976.9          0.000          0.000           -0.0
     25/02/2011           2011            0.0            0.0        853.941           42.7         1976.9          0.000          0.000           -0.0
     26/02/2011           2011            0.0            0.0        879.007           42.5         1976.9          0.000          0.000           -0.0
     27/02/2011           2011            0.0            0.0        899.805           42.3         1976.9          0.000          1.100           -0.0
     28/02/2011           2011            0.0            0.0        923.183           42.2         1976.9          0.000          0.000           -0.0
     01/03/2011           2011            0.0            0.0        952.599           42.0         1976.9          0.000          0.000           -0.0
     02/03/2011           2011            0.0            0.0        975.765           41.9         1976.9          0.000          0.000           -0.0
     03/03/2011           2011            0.0            0.0        993.457           41.8         1976.9          0.000          0.000           -0.0
     04/03/2011           2011            0.0            0.0       1035.089           41.8         1976.9          0.000          3.900           -0.0
     05/03/2011           2011            0.0            0.0       1034.500           41.7         1976.9          0.000          0.000           -0.0
     06/03/2011           2011            0.0            0.0       1034.723           41.6         1976.9          0.000          0.000           -0.0
     07/03/2011           2011            0.0            0.0       1035.764           41.6         1976.9          0.000          0.000           -0.0
     08/03/2011           2011            0.0            0.0       1035.900           41.5         1976.3          0.000          1.500           -0.0
     09/03/2011           2011            0.0            0.0       1019.063           41.5         1976.3          0.000          8.800           -0.0
     10/03/2011           2011            0.0            0.0       1007.182           41.4         1976.3          0.000          1.100           -0.0
     11/03/2011           2011            0.0            0.0       1004.517           41.3         1975.7          0.000          0.000           -0.0
     12/03/2011           2011            0.0            0.0       1005.440           41.2         1975.7          0.000          0.000           -0.0
     13/03/2011           2011            0.0            0.0       1007.610           41.1         1975.7          0.000          0.000           -0.0
     14/03/2011           2011            0.0            0.0       1013.046           41.0         1975.7          0.000          0.000           -0.0
     15/03/2011           2011            0.0            0.0       1021.587           41.0         1974.4          0.000          0.000            0.0
     16/03/2011           2011            0.0            0.0       1032.044           41.0         1967.4          0.000          0.000            0.0
     17/03/2011           2011            0.0            0.0       1038.963           41.1         1953.5          0.000          0.000            0.1
     18/03/2011           2011            0.0            0.0       1046.026           41.1         1952.8          0.000          0.000            0.0
     19/03/2011           2011            0.0            0.0       1054.291           41.2         1951.1          0.000          0.000            0.0
     20/03/2011           2011            0.0            0.0       1047.354           41.4         1932.0          0.000         11.000            0.0
     21/03/2011           2011            0.0            0.0       1015.860           41.6         1919.6          0.000         14.000            0.0
     22/03/2011           2011            0.0            0.0        814.616           41.7         1913.7          0.000          4.000            0.0
     23/03/2011           2011            0.0            0.0        734.596           41.6         1913.7          0.000         19.000            0.0
     24/03/2011           2011            0.0            0.0        720.350           41.3         1913.7          0.000          0.700            0.0
     25/03/2011           2011            0.0            0.0        747.061           41.0         1913.7          0.000          0.000            0.0
     26/03/2011           2011            0.0            0.0        781.519           40.7         1913.7          0.000          0.000            0.0
     27/03/2011           2011            0.0            0.0        819.454           40.4         1913.7          0.000          0.000           -0.0
     28/03/2011           2011            0.0            0.0        857.862           40.2         1913.7          0.000          0.000           -0.0
     29/03/2011           2011            0.0            0.0        901.200           40.0         1912.8          0.000          0.000            0.0
     30/03/2011           2011            0.0            0.0        950.070           39.9         1912.0          0.000          0.000            0.0
     31/03/2011           2011            0.0            0.0        990.978           39.9         1910.7          0.000          0.000            0.0
     01/04/2011           2011            0.0            0.0       1013.042           39.9         1905.7          0.000          0.000            0.0
     02/04/2011           2011            0.0            0.0       1050.371           40.1         1902.8          0.000          0.000            0.1
     03/04/2011           2011            0.0            0.0       1063.634           40.7         1895.3          0.000          0.000            0.2
     04/04/2011           2011            0.0            0.0       1074.714           41.1         1895.2          0.000          0.000            0.1
     05/04/2011           2011            0.0            0.0       1086.062           41.4         1895.2          0.000          0.000            0.1
     06/04/2011           2011            0.0            0.0       1099.377           41.8         1895.2          0.000          0.000            0.1
     07/04/2011           2011            0.0            0.0       1113.295           42.2         1895.2          0.000          0.000            0.1
     08/04/2011           2011            0.0            0.0       1127.126           42.9         1895.2          0.000          0.000            0.2
     09/04/2011           2011            0.0            0.0       1141.101           43.8         1895.2          0.000          0.000            0.3
     10/04/2011           2011            0.0            0.0       1155.906           45.4         1895.2          0.000          0.762            0.5
     11/04/2011           2011            0.0            0.0       1173.962           46.6         1895.2          0.000          0.000            0.3
     12/04/2011           2011            0.0            0.0       1198.931           47.6         1895.2          0.000          0.000            0.3
     13/04/2011           2011            0.0            0.0       1229.947           48.7         1895.2          0.000          0.000            0.3
     14/04/2011           2011            0.0            0.0       1264.106           49.6         1895.2          0.000          0.000            0.2
     15/04/2011           2011            0.0            0.0       1291.531           50.2         1885.4          0.000          6.858            0.1
     16/04/2011           2011            0.0            0.0       1287.638           50.7         1881.6          0.000          7.112            0.1
     17/04/2011           2011            0.0            0.0       1248.114           51.1         1871.7          0.000          9.144            0.1
     18/04/2011           2011            0.0            0.0       1193.233           51.4         1864.4          0.000          7.112            0.1
     19/04/2011           2011            0.0            0.0       1118.449           51.8         1863.5          0.000         22.860            0.0
     20/04/2011           2011            0.0            0.0       1055.132           51.9         1860.2          0.000          0.254            0.0
     21/04/2011           2011            0.0            0.0       1038.060           52.1         1856.0          0.000          0.000            0.0
     22/04/2011           2011            0.0            0.0       1027.236           52.2         1845.0          0.000          2.540            0.1
     23/04/2011           2011            0.0            0.0       1022.906           52.5         1826.6          0.000          0.000            0.1
     24/04/2011           2011            0.0            0.0       1026.671           52.8         1358.5          0.000          0.000            0.1
     25/04/2011           2011            0.0            0.0       1009.705           53.2         1338.0          0.000         17.272            0.1
     26/04/2011           2011            0.0            0.0        739.698           53.5         1322.5          0.000         22.352            0.1
     27/04/2011           2011            0.0            0.0        719.938           53.4         1316.3          0.000          0.508            0.1
     28/04/2011           2011            0.0            0.0        746.197           53.3         1309.9          0.000          0.508            0.1
     29/04/2011           2011            0.0            0.0        790.567           53.3         1297.9          0.000          0.000            0.1
     30/04/2011           2011            0.0            0.0        835.351           53.5         1271.1          0.000          0.254            0.2
     01/05/2011           2011            0.0            0.0        886.284           53.7         1263.2          0.000          0.000            0.2
     02/05/2011           2011            0.0            0.0        945.016           53.9         1262.2          0.000          0.000            0.1
     03/05/2011           2011            0.0            0.0        996.288           54.2         1261.1          0.000          0.000            0.1
     04/05/2011           2011            0.0            0.0       1047.409           54.5         1261.1          0.000          0.000            0.1
     05/05/2011           2011            0.0            0.0       1065.909           54.9         1261.1          0.000          0.000            0.2
     06/05/2011           2011            0.0            0.0       1082.394           55.6         1261.1          0.000          1.778            0.3
     07/05/2011           2011            0.0            0.0       1099.310           56.3         1261.1          0.000          0.254            0.3
     08/05/2011           2011            0.0            0.0       1116.774           57.1         1261.1          0.000          0.000            0.4
     09/05/2011           2011            0.0            0.0       1130.991           58.0         1194.8          0.000          4.572            0.4
     10/05/2011           2011            0.0            0.0       1145.733           59.2         1127.0          0.000          0.000            0.7
     11/05/2011           2011            0.0            0.0       1154.246           60.6         1036.7          0.000          9.144            0.8
     12/05/2011           2011            0.0            0.0       1155.236           61.7          960.3          0.000          5.842            0.7
     13/05/2011           2011            0.0            0.0       1153.430           62.6          932.5          0.000          1.778            0.5
     14/05/2011           2011            0.0            0.0       1133.907           63.3          919.6          0.000         11.684            0.3
     15/05/2011           2011            0.0            0.0       1111.468           63.8          894.6          0.000          4.064            0.3
     16/05/2011           2011            0.0            0.0       1106.074           64.3          880.3          0.000          0.000            0.3
     17/05/2011           2011            0.0            0.0       1113.891           64.7          869.9          0.000          0.000            0.3
     18/05/2011           2011            0.0            0.0       1128.800           65.1          864.4          0.000          0.000            0.4
     19/05/2011           2011            0.0            0.0       1147.631           65.7          864.4          0.000          0.000            0.5
     20/05/2011           2011            0.0            0.0       1161.489           66.3          799.5          0.000          7.874            0.6
     21/05/2011           2011            0.0            0.0       1156.371           66.9          735.7          0.000         15.494            0.6
     22/05/2011           2011            0.0            0.0       1138.177           67.3          689.5          0.000          0.762            0.7
     23/05/2011           2011            0.0            0.0       1135.338           67.9          659.2          0.000          0.000            0.7
     24/05/2011           2011            0.0            0.0       1141.978           68.6          638.2          0.000          1.270            0.7
     25/05/2011           2011            0.0            0.0       1124.023           69.2          620.7          0.000         30.734            0.4
     26/05/2011           2011            0.0            0.0       1077.533           69.6          606.6          0.000          0.000            0.4
     27/05/2011           2011            0.0            0.0       1064.807           69.9          596.6          0.000          0.762            0.4
     28/05/2011           2011            0.0            0.0       1066.801           70.2          580.4          0.000          0.000            0.5
     29/05/2011           2011            0.0            0.0       1072.686           70.6          569.8          0.000          0.254            0.5
     30/05/2011           2011            0.0            0.0       1085.003           71.2          565.0          0.000          0.000            0.9
     31/05/2011           2011            0.0            0.0       1102.633           71.9          565.0          0.000          0.254            1.0
     01/06/2011           2011            0.0            0.0       1123.958           72.7          565.0          0.000          0.000            0.9
     02/06/2011           2011            0.0            0.0       1145.448           73.4          565.0          0.000          3.048            0.8
     03/06/2011           2011            0.0            0.0       1170.508           74.5          565.0          0.000          0.000            1.2
     04/06/2011           2011            0.0            0.0       1204.950           75.7          565.0          0.000          0.000            1.3
     05/06/2011           2011            0.0            0.0       1249.050           77.0          565.0          0.000          0.000            1.3
     06/06/2011           2011            0.0            0.0       1303.960           78.5          565.0          0.000          0.000            1.5
     07/06/2011           2011            0.0            0.0       1366.442           80.3          565.0          0.000          0.000            1.6
     08/06/2011           2011            0.0            0.0       1399.751           82.1          565.0          0.000          0.000            1.6
     09/06/2011           2011            0.0            0.0       1457.496           83.3          536.6          0.000         11.938            1.2
     10/06/2011           2011            0.0            0.0       1478.681           83.9          515.9          0.000         16.764            0.7
     11/06/2011           2011            0.0            0.0       1485.072           84.4          494.1          0.000          0.000            0.7
     12/06/2011           2011            0.0            0.0       1486.020           84.9          480.2          0.000          0.000            0.7
     13/06/2011           2011            0.0            0.0       1489.087           85.4          468.0          0.000          0.000            0.8
     14/06/2011           2011            0.0            0.0       1493.424           86.0          434.8          0.000          4.318            0.8
     15/06/2011           2011            0.0            0.0       1490.294           86.6          402.1          0.000         34.544            0.7
     16/06/2011           2011            0.0            0.0       1461.626           87.1          381.1          0.000          0.000            0.9
     17/06/2011           2011            0.0            0.0       1444.546           87.7          369.1          0.000          0.000            1.1
     18/06/2011           2011            0.0            0.0       1440.087           88.5          362.7          0.000          0.000            1.2
     19/06/2011           2011            0.0            0.0       1442.631           89.5          362.7          0.000          0.000            1.3
     20/06/2011           2011            0.0            0.0       1447.261           90.3          333.7          0.000          5.842            1.2
     21/06/2011           2011            0.0            0.0       1446.385           91.1          306.9          0.000         20.828            1.0
     22/06/2011           2011            0.0            0.0       1428.442           91.6          284.1          0.000         13.970            0.9
     23/06/2011           2011            0.0            0.0       1406.823           92.0          270.5          0.000          1.016            0.8
     24/06/2011           2011            0.0            0.0       1394.214           92.3          259.7          0.000          0.000            0.8
     25/06/2011           2011            0.0            0.0       1364.338           92.8          250.6          0.000          0.000            0.8
     26/06/2011           2011            0.0            0.0       1170.278           93.3          245.9          0.000          0.000            1.0
     27/06/2011           2011            0.0            0.0       1188.089           94.0          245.3          0.000          1.524            1.1
     28/06/2011           2011            0.0            0.0       1220.996           94.7          245.3          0.000          0.000            1.0
     29/06/2011           2011            0.0            0.0       1263.836           95.5          245.3          0.000          0.000            1.1
     30/06/2011           2011            0.0            0.0       1319.193           96.7          245.3          0.000          0.000            1.3
     01/07/2011           2011            0.0            0.0       1380.085           98.1          245.3          0.000          0.254            1.5
     02/07/2011           2011            0.0            0.0       1401.977           99.6          245.3          0.000          0.000            1.5
     03/07/2011           2011            0.0            0.0       1455.389          100.8          245.3          0.000          0.000            1.3
     04/07/2011           2011            0.0            0.0       1485.528          102.1          245.3          0.000          0.000            1.3
     05/07/2011           2011            0.0            0.0       1509.123          103.2          245.3          0.000          0.000            1.3
     06/07/2011           2011            0.0            0.0       1530.027          104.5          245.3          0.000          0.000            1.3
     07/07/2011           2011            0.0            0.0       1549.185          105.9          245.3          0.000          0.000            1.4
     08/07/2011           2011            0.0            0.0       1567.882          107.4          245.3          0.000          0.000            1.5
     09/07/2011           2011            0.0            0.0       1589.360          109.0          245.3          0.000          0.000            1.6
     10/07/2011           2011            0.0            0.0       1614.138          110.7          245.3          0.000          0.762            1.6
     11/07/2011           2011            0.0            0.0       1628.228          112.2          226.8          0.000          5.080            1.7
     12/07/2011           2011            0.0            0.0       1646.291          113.4          211.7          0.000          1.524            1.4
     13/07/2011           2011            0.0            0.0       1667.166          114.5          202.5          0.000          0.000            1.2
     14/07/2011           2011            0.0            0.0       1689.835          115.6          194.5          0.000          2.032            1.2
     15/07/2011           2011            0.0            0.0       1713.594          116.5          178.9          0.000         38.100            1.2
     16/07/2011           2011            0.0            0.0       1731.401          117.7          168.4          0.000          0.762            1.6
     17/07/2011           2011            0.0            0.0       1739.972          119.3          163.1          0.000          0.000            1.9
     18/07/2011           2011            0.0            0.0       1745.299          121.2          162.7          0.000          0.000            2.1
     19/07/2011           2011            0.0            0.0       1750.954          123.1          162.7          0.000          0.000            2.0
     20/07/2011           2011            0.0            0.0       1758.687          125.2          162.7          0.000          0.000            2.0
     21/07/2011           2011            0.0            0.0       1768.310          127.0          162.7          0.000          1.524            1.9
     22/07/2011           2011            0.0            0.0       1780.035          128.6          149.7          0.000          8.890            1.7
     23/07/2011           2011            0.0            0.0       1792.009          130.1          137.7          0.000         13.970            1.7
     24/07/2011           2011            0.0            0.0       1802.790          131.5          129.3          0.000          0.000            1.7
     25/07/2011           2011            0.0            0.0       1811.733          132.9          124.7          0.000          0.000            1.5
     26/07/2011           2011            0.0            0.0       1820.036          134.4          123.4          0.000          0.000            1.6
     27/07/2011           2011            0.0            0.0       1828.374          136.1          123.4          0.000          0.000            1.8
     28/07/2011           2011            0.0            0.0       1838.311          137.8          113.5          0.000          8.890            1.7
     29/07/2011           2011            0.0            0.0       1850.835          139.3          107.6          0.000          0.000            1.7
     30/07/2011           2011            0.0            0.0       1865.892          140.9          104.8          0.000          0.000            1.6
     31/07/2011           2011            0.0            0.0       1883.355          142.7          104.8          0.000          0.000            1.7
     01/08/2011           2011            0.0            0.0       1902.909          144.6          104.8          0.000          0.000            1.8
     02/08/2011           2011            0.0            0.0       1924.047          146.7          104.8          0.000          0.000            1.9
     03/08/2011           2011            0.0            0.0       1946.106          148.7          104.8          0.000          0.000            1.8
     04/08/2011           2011            0.0            0.0       1968.358          150.2          104.8          0.000          0.000            1.6
     05/08/2011           2011            0.0            0.0       1964.703          151.7          104.8          0.000          0.000            1.5
     06/08/2011           2011            0.0            0.0       1977.921          153.3          104.8          0.000          0.000            1.6
     07/08/2011           2011            0.0            0.0       1987.752          154.8          104.8          0.000          3.048            1.5
     08/08/2011           2011            0.0            0.0       1998.045          156.2           96.4          0.000          4.572            1.6
     09/08/2011           2011            0.0            0.0       2008.084          157.4           91.4          0.000          0.000            1.3
     10/08/2011           2011            0.0            0.0       2017.788          158.6           89.0          0.000          0.000            1.2
     11/08/2011           2011            0.0            0.0       2027.244          159.9           88.2          0.000          0.000            1.3
     12/08/2011           2011            0.0            0.0       2038.089          161.3           88.2          0.000          0.000            1.3
     13/08/2011           2011            0.0            0.0       2050.479          162.0           81.4          0.000         45.212            1.1
     14/08/2011           2011            0.0            0.0       2063.341          162.7           76.7          0.000          0.000            1.2
     15/08/2011           2011            0.0            0.0       2071.597          163.6           74.2          0.000          0.000            1.3
     16/08/2011           2011            0.0            0.0       2075.231          164.7           73.4          0.000          0.000            1.3
     17/08/2011           2011            0.0            0.0       2075.517          165.8           73.4          0.000          0.000            1.3
     18/08/2011           2011            0.0            0.0       2074.262          166.8           73.4          0.000          0.000            1.2
     19/08/2011           2011            0.0            0.0       2073.027          168.1           73.4          0.000          0.000            1.2
     20/08/2011           2011            0.0            0.0       2072.648          169.3           67.5          0.000          7.366            1.3
     21/08/2011           2011            0.0            0.0       2073.988          170.4           63.9          0.000          0.000            1.1
     22/08/2011           2011            0.0            0.0       2077.138          171.6           61.7          0.000          0.000            1.2
     23/08/2011           2011            0.0            0.0       2081.473          172.6           56.7          0.000         34.290            1.2
     24/08/2011           2011            0.0            0.0       2086.629          173.5           53.4          0.000          0.254            1.3
     25/08/2011           2011            0.0            0.0       2089.686          174.6           51.6          0.000          0.000            1.3
     26/08/2011           2011            0.0            0.0       2090.573          175.7           50.7          0.000          0.000            1.3
     27/08/2011           2011            0.0            0.0       2090.088          176.8           50.7          0.000          0.000            1.2
     28/08/2011           2011            0.0            0.0       2089.305          177.9           50.7          0.000          0.000            1.1
     29/08/2011           2011            0.0            0.0       2089.149          178.8           50.7          0.000          0.000            1.0
     30/08/2011           2011            0.0            0.0       2089.779          179.7           47.6          0.000         14.224            1.0
     31/08/2011           2011            0.0            0.0       2091.428          180.9           44.7          0.000          0.000            1.3
     01/09/2011           2011            0.0            0.0       2093.869          182.5           42.9          0.000          0.000            1.6
     02/09/2011           2011            0.0            0.0       2096.715          184.0           41.1          0.000          2.794            1.6
     03/09/2011           2011            0.0            0.0       2099.848          184.8           38.4          0.000         23.876            1.1
     04/09/2011           2011            0.0            0.0       2101.551          185.3           37.1          0.000          0.000            0.9
     05/09/2011           2011            0.0            0.0       2098.515          185.8           36.4          0.000          0.000            0.8
     06/09/2011           2011            0.0            0.0       2092.139          186.4           35.9          0.000          0.000            0.7
     07/09/2011           2011            0.0            0.0       2084.194          187.0           35.8          0.000          0.000            0.7
     08/09/2011           2011            0.0            0.0       2076.486          187.8           35.8          0.000          0.000            0.9
     09/09/2011           2011            0.0            0.0       2070.295          188.6           35.8          0.000          0.000            0.9
     10/09/2011           2011            0.0            0.0       2066.294          189.6           35.8          0.000          0.000            0.9
     11/09/2011           2011            0.0            0.0       2064.723          190.6           35.8          0.000          0.000            1.0
     12/09/2011           2011            0.0            0.0       2065.583          191.8           35.8          0.000          0.000            1.1
     13/09/2011           2011            0.0            0.0       2068.767          192.9           35.8          0.000          0.000            1.0
     14/09/2011           2011            0.0            0.0       2074.121          193.6           35.8          0.000          0.000            0.7
     15/09/2011           2011            0.0            0.0       2081.467          194.1           35.8          0.000          0.000            0.5
     16/09/2011           2011            0.0            0.0       2090.603          194.5           35.8          0.000          0.000            0.5
     17/09/2011           2011            0.0            0.0       2101.309          194.9           35.8          0.000          0.254            0.5
     18/09/2011           2011            0.0            0.0       2113.125          195.5           34.4          0.000         17.018            0.6
     19/09/2011           2011            0.0            0.0       2125.817          196.1           32.9          0.000          0.000            0.7
     20/09/2011           2011            0.0            0.0       2138.301          196.8           31.6          0.000          0.762            0.8
     21/09/2011           2011            0.0            0.0       2150.013          197.4           30.8          0.000          0.000            0.7
     22/09/2011           2011            0.0            0.0       2160.736          197.9           30.4          0.000          0.000            0.6
     23/09/2011           2011            0.0            0.0       2170.506          198.3           30.1          0.000          0.000            0.5
     24/09/2011           2011            0.0            0.0       2179.514          198.7           29.9          0.000          0.000            0.4
     25/09/2011           2011            0.0            0.0       2188.006          199.1           29.8          0.000          0.000            0.5
     26/09/2011           2011            0.0            0.0       2195.980          199.6           28.8          0.000         11.430            0.5
     27/09/2011           2011            0.0            0.0       2202.979          200.1           27.7          0.000          0.000            0.6
     28/09/2011           2011            0.0            0.0       2208.806          200.8           26.5          0.000          0.000            0.7
     29/09/2011           2011            0.0            0.0       2213.474          201.4           25.7          0.000          0.000            0.7
     30/09/2011           2011            0.0            0.0       2217.252          201.9           25.4          0.000          0.000            0.6
     01/10/2011           2011            0.0            0.0       2134.142          202.3           25.3          0.000          0.000            0.4
     02/10/2011           2011            0.0            0.0       2137.081          202.8           25.2          0.000          0.000            0.5
     03/10/2011           2011            0.0            0.0       2140.298          203.3           25.2          0.000          0.000            0.5
     04/10/2011           2011            0.0            0.0       2144.002          203.9           25.2          0.000          0.000            0.6
     05/10/2011           2011            0.0            0.0       2147.632          204.7           25.2          0.000          0.000            0.7
     06/10/2011           2011            0.0            0.0       2151.124          205.5           25.2          0.000          0.000            0.8
     07/10/2011           2011            0.0            0.0       2154.731          206.5           25.2          0.000          0.000            0.9
     08/10/2011           2011            0.0            0.0       2158.513          207.7           25.2          0.000          0.000            1.0
     09/10/2011           2011            0.0            0.0       2162.482          208.7           25.2          0.000          0.000            0.9
     10/10/2011           2011            0.0            0.0       2166.558          209.6           23.7          0.000          4.064            1.0
     11/10/2011           2011            0.0            0.0       2170.889          210.4           22.4          0.000          0.000            0.8
     12/10/2011           2011            0.0            0.0       2175.259          210.9           21.3          0.000         30.480            0.7
     13/10/2011           2011            0.0            0.0       2179.594          211.2           20.7          0.000          1.270            0.6
     14/10/2011           2011            0.0            0.0       2183.007          211.6           20.3          0.000          0.000            0.5
     15/10/2011           2011            0.0            0.0       2185.143          211.9           20.0          0.000          0.000            0.5
     16/10/2011           2011            0.0            0.0       2185.881          212.3           19.8          0.000          0.254            0.4
     17/10/2011           2011            0.0            0.0       2185.346          212.6           19.7          0.000          0.000            0.4
     18/10/2011           2011            0.0            0.0       2183.802          212.8           19.7          0.000          0.000            0.3
     19/10/2011           2011            0.0            0.0       2181.558          213.0           19.6          0.000          0.000            0.2
     20/10/2011           2011            0.0            0.0       2178.912          213.2           19.6          0.000          0.000            0.2
     21/10/2011           2011            0.0            0.0       2176.133          213.3           19.5          0.000          0.000            0.2
     22/10/2011           2011            0.0            0.0       2173.460          213.6           19.5          0.000          0.000            0.3
     23/10/2011           2011            0.0            0.0       2171.093          213.9           19.5          0.000          0.000            0.4
     24/10/2011           2011            0.0            0.0       2169.190          214.2           19.5          0.000          0.000            0.4
     25/10/2011           2011            0.0            0.0       2167.865          214.7           19.5          0.000          0.000            0.5
     26/10/2011           2011            0.0            0.0       2167.183          215.0           19.5          0.000          0.000            0.4
     27/10/2011           2011            0.0            0.0       2167.159          215.2           19.5          0.000          0.000            0.3
     28/10/2011           2011            0.0            0.0       2167.767          215.4           19.5          0.000          0.000            0.2
     29/10/2011           2011            0.0            0.0       2168.949          215.6           19.5          0.000          0.000            0.2
     30/10/2011           2011            0.0            0.0       2170.523          215.8           19.5          0.000          1.524            0.2
     31/10/2011           2011            0.0            0.0       2172.642          215.9           19.5          0.000          0.000            0.2
     01/11/2011           2011            0.0            0.0       2175.105          216.2           19.5          0.000          0.000            0.3
     02/11/2011           2011            0.0            0.0       2177.764          216.4           19.4          0.000         14.478            0.2
     03/11/2011           2011            0.0            0.0       2180.549          216.5           19.4          0.000          0.000            0.2
     04/11/2011           2011            0.0            0.0       2183.090          216.6           19.3          0.000          0.000            0.1
     05/11/2011           2011            0.0            0.0       2185.182          216.7           19.3          0.000          0.000            0.1
     06/11/2011           2011            0.0            0.0       2186.734          216.9           19.1          0.000          0.000            0.2
     07/11/2011           2011            0.0            0.0       2187.757          217.1           19.0          0.000          0.000            0.2
     08/11/2011           2011            0.0            0.0       2188.360          217.2           18.9          0.000          5.080            0.2
     09/11/2011           2011            0.0            0.0       2188.476          217.1           18.8          0.000         16.764            0.1
     10/11/2011           2011            0.0            0.0       2187.709          216.9           18.8          0.000          0.000            0.1
     11/11/2011           2011            0.0            0.0       2184.860          216.8           18.8          0.000          0.000            0.1
     12/11/2011           2011            0.0            0.0       2179.815          216.8           18.7          0.000          0.000            0.1
     13/11/2011           2011            0.0            0.0       2172.457          216.8           18.6          0.000          0.000            0.1
     14/11/2011           2011            0.0            0.0       2162.636          216.8           18.4          0.000          0.000            0.2
     15/11/2011           2011            0.0            0.0       2148.228          216.8           18.4          0.000          0.000            0.1
     16/11/2011           2011            0.0            0.0       2204.818          216.8           18.4          0.000          0.000            0.1
     17/11/2011           2011            0.0            0.0       2182.283          216.8           18.4          0.000          0.000            0.0
     18/11/2011           2011            0.0            0.0       2162.765          216.8           18.3          0.000          0.000            0.1
     19/11/2011           2011            0.0            0.0       2145.748          216.8           18.3          0.000          0.000            0.1
     20/11/2011           2011            0.0            0.0       2131.080          216.8           18.3          0.000          0.000            0.0
     21/11/2011           2011            0.0            0.0       2118.496          216.8           18.3          0.000          0.000            0.0
     22/11/2011           2011            0.0            0.0       2107.718          216.8           18.3          0.000          0.000            0.0
     23/11/2011           2011            0.0            0.0       2098.504          216.8           18.3          0.000          0.000            0.1
     24/11/2011           2011            0.0            0.0       2090.687          216.9           18.1          0.000          0.000            0.2
     25/11/2011           2011            0.0            0.0       2084.113          217.0           18.1          0.000          0.254            0.2
     26/11/2011           2011            0.0            0.0       2078.279          217.0           18.0          0.000          5.080            0.1
     27/11/2011           2011            0.0            0.0       2072.576          217.0           18.0          0.000          0.000            0.1
     28/11/2011           2011            0.0            0.0       2066.605          216.9           18.0          0.000          0.000            0.0
     29/11/2011           2011            0.0            0.0       2060.315          216.8           18.0          0.000          0.000            0.0
     30/11/2011           2011            0.0            0.0       2053.943          216.8           18.0          0.000          0.000            0.0
     01/12/2011           2011            0.0            0.0       2047.817          216.7           18.0          0.000          0.000            0.0
     02/12/2011           2011            0.0            0.0       2042.115          216.6           18.0          0.000          2.032            0.0
     03/12/2011           2011            0.0            0.0       2036.809          216.4           18.0          0.000         27.432            0.0
     04/12/2011           2011            0.0            0.0       2029.029          216.1           18.0          0.000          0.000            0.0
     05/12/2011           2011            0.0            0.0       2012.133          215.8           18.0          0.000          0.000            0.0
     06/12/2011           2011            0.0            0.0       1984.240          215.6           18.0          0.000          0.000            0.0
     07/12/2011           2011            0.0            0.0       1929.932          215.3           18.0          0.000          0.000            0.0
     08/12/2011           2011            0.0            0.0       1865.206          215.1           18.0          0.000          0.000            0.0
     09/12/2011           2011            0.0            0.0       1828.500          214.9           18.0          0.000          0.000            0.0
     10/12/2011           2011            0.0            0.0       1801.612          214.8           18.0          0.000          0.000            0.0
     11/12/2011           2011            0.0            0.0       1780.473          214.6           18.0          0.000          0.000            0.0
     12/12/2011           2011            0.0            0.0       1763.251          214.4           17.9          0.000          0.000            0.0
     13/12/2011           2011            0.0            0.0       1748.990          214.2           17.9          0.000          0.000            0.0
     14/12/2011           2011            0.0            0.0       1737.100          214.0           17.8          0.000          0.000            0.0
     15/12/2011           2011            0.0            0.0       1727.159          213.8           17.8          0.000          0.000            0.0
     16/12/2011           2011            0.0            0.0       1718.842          213.7           17.8          0.000          0.000            0.0
     17/12/2011           2011            0.0            0.0       1711.911          213.5           17.8          0.000          0.000            0.0
     18/12/2011           2011            0.0            0.0       1706.381          213.3           17.8          0.000          0.000            0.0
     19/12/2011           2011            0.0            0.0       1702.164          213.2           17.8          0.000          0.000            0.0
     20/12/2011           2011            0.0            0.0       1699.045          213.0           17.8          0.000          0.000            0.0
     21/12/2011           2011            0.0            0.0       1696.943          212.8           17.8          0.000          0.000            0.0
     22/12/2011           2011            0.0            0.0       1695.700          212.7           17.8          0.000          0.000            0.0
     23/12/2011           2011            0.0            0.0       1695.047          212.5           17.8          0.000          0.000            0.0
     24/12/2011           2011            0.0            0.0       1694.913          212.4           17.8          0.000          0.000            0.0
     25/12/2011           2011            0.0            0.0       1695.410          212.3           17.8          0.000          0.000            0.0
     26/12/2011           2011            0.0            0.0       1696.632          212.1           17.8          0.000          0.000            0.0
     27/12/2011           2011            0.0            0.0       1698.488          212.0           17.8          0.000          0.000            0.0
     28/12/2011           2011            0.0            0.0       1700.832          211.8           17.8          0.000          0.000            0.0
     29/12/2011           2011            0.0            0.0       1703.635          211.7           17.8          0.000          0.000            0.0
     30/12/2011           2011            0.0            0.0       1704.608          211.5           17.8          0.000         12.400            0.0
     31/12/2011           2011            0.0            0.0       1698.424          211.3           17.8          0.000          5.900            0.0
