ApsimVersion = 7.9 r4044
Title = nash-2001
           Date           year          yield        biomass     watertable          no3()   surfaceom_wt            lai           Rain    dlt_n_min()
   (dd/mm/yyyy)         (year)        (kg/ha)        (kg/ha)           (mm)        (kg/ha)        (kg/ha)      (m^2/m^2)           (mm)        (kg/ha)
     01/01/2001           2001            0.0            0.0        726.497           47.3         2000.0          0.000          0.000            0.0
     02/01/2001           2001            0.0            0.0        765.873           47.5         2000.0          0.000          0.000            0.0
     03/01/2001           2001            0.0            0.0        800.368           47.6         2000.0          0.000          0.000            0.0
     04/01/2001           2001            0.0            0.0        832.773           47.5         2000.0          0.000          0.000           -0.0
     05/01/2001           2001            0.0            0.0        862.174           47.5         2000.0          0.000          0.000           -0.0
     06/01/2001           2001            0.0            0.0        890.851           47.4         2000.0          0.000          0.000           -0.0
     07/01/2001           2001            0.0            0.0        918.803           47.3         2000.0          0.000          0.000           -0.0
     08/01/2001           2001            0.0            0.0        942.508           47.3         2000.0          0.000          0.000           -0.0
     09/01/2001           2001            0.0            0.0        961.549           47.2         2000.0          0.000          0.000           -0.0
     10/01/2001           2001            0.0            0.0        978.117           47.1         2000.0          0.000          0.000           -0.0
     11/01/2001           2001            0.0            0.0        991.465           47.0         2000.0          0.000          0.000           -0.0
     12/01/2001           2001            0.0            0.0       1022.095           47.0         2000.0          0.000          0.000           -0.0
     13/01/2001           2001            0.0            0.0       1030.634           47.0         2000.0          0.000          6.858           -0.0
     14/01/2001           2001            0.0            0.0       1021.818           46.9         2000.0          0.000          0.000           -0.0
     15/01/2001           2001            0.0            0.0       1017.514           46.9         2000.0          0.000          0.000           -0.0
     16/01/2001           2001            0.0            0.0       1016.491           46.9         2000.0          0.000          0.000           -0.0
     17/01/2001           2001            0.0            0.0       1016.727           46.8         2000.0          0.000          0.000           -0.0
     18/01/2001           2001            0.0            0.0       1017.638           46.7         2000.0          0.000          0.000           -0.0
     19/01/2001           2001            0.0            0.0       1018.677           46.7         2000.0          0.000          0.000           -0.0
     20/01/2001           2001            0.0            0.0       1019.690           46.6         2000.0          0.000          0.000           -0.0
     21/01/2001           2001            0.0            0.0       1021.356           46.5         2000.0          0.000          0.000           -0.0
     22/01/2001           2001            0.0            0.0       1022.608           46.4         2000.0          0.000          0.000           -0.0
     23/01/2001           2001            0.0            0.0       1024.135           46.4         2000.0          0.000          0.000           -0.0
     24/01/2001           2001            0.0            0.0       1025.588           46.3         2000.0          0.000          0.000           -0.0
     25/01/2001           2001            0.0            0.0       1026.955           46.2         2000.0          0.000          0.000           -0.0
     26/01/2001           2001            0.0            0.0       1028.339           46.1         2000.0          0.000          0.000           -0.0
     27/01/2001           2001            0.0            0.0       1029.686           46.1         2000.0          0.000          0.000           -0.0
     28/01/2001           2001            0.0            0.0       1024.982           46.0         2000.0          0.000          3.581           -0.0
     29/01/2001           2001            0.0            0.0        993.532           46.0         2000.0          0.000         16.688           -0.0
     30/01/2001           2001            0.0            0.0        790.264           45.8         2000.0          0.000          0.000           -0.0
     31/01/2001           2001            0.0            0.0        809.755           45.6         2000.0          0.000          0.000           -0.0
     01/02/2001           2001            0.0            0.0        835.977           45.3         2000.0          0.000          0.000           -0.0
     02/02/2001           2001            0.0            0.0        861.909           45.1         2000.0          0.000          0.000           -0.0
     03/02/2001           2001            0.0            0.0        874.381           45.0         2000.0          0.000          3.378           -0.0
     04/02/2001           2001            0.0            0.0        888.386           44.8         2000.0          0.000          0.000           -0.0
     05/02/2001           2001            0.0            0.0        909.043           44.6         2000.0          0.000          0.000           -0.0
     06/02/2001           2001            0.0            0.0        931.244           44.5         2000.0          0.000          0.000           -0.0
     07/02/2001           2001            0.0            0.0        951.509           44.4         2000.0          0.000          0.000           -0.0
     08/02/2001           2001            0.0            0.0        907.780           44.3         2000.0          0.000         11.532           -0.0
     09/02/2001           2001            0.0            0.0        868.805           44.1         2000.0          0.000          3.785           -0.0
     10/02/2001           2001            0.0            0.0        865.870           43.9         2000.0          0.000          0.000           -0.0
     11/02/2001           2001            0.0            0.0        879.671           43.7         2000.0          0.000          0.000           -0.0
     12/02/2001           2001            0.0            0.0        900.677           43.5         2000.0          0.000          0.000           -0.0
     13/02/2001           2001            0.0            0.0        923.992           43.4         2000.0          0.000          0.000           -0.0
     14/02/2001           2001            0.0            0.0        924.457           43.3         2000.0          0.000          4.394           -0.0
     15/02/2001           2001            0.0            0.0        927.773           43.1         2000.0          0.000          0.000           -0.0
     16/02/2001           2001            0.0            0.0        939.740           43.0         2000.0          0.000          0.000           -0.0
     17/02/2001           2001            0.0            0.0        954.400           42.9         2000.0          0.000          0.000           -0.0
     18/02/2001           2001            0.0            0.0        969.254           42.7         2000.0          0.000          0.000           -0.0
     19/02/2001           2001            0.0            0.0        983.775           42.6         2000.0          0.000          0.000           -0.0
     20/02/2001           2001            0.0            0.0        993.247           42.6         2000.0          0.000          0.000           -0.0
     21/02/2001           2001            0.0            0.0       1033.527           42.5         2000.0          0.000          0.000           -0.0
     22/02/2001           2001            0.0            0.0       1040.562           42.4         2000.0          0.000          0.000           -0.0
     23/02/2001           2001            0.0            0.0       1040.202           42.4         2000.0          0.000          2.769           -0.0
     24/02/2001           2001            0.0            0.0       1025.068           42.4         2000.0          0.000          7.569           -0.0
     25/02/2001           2001            0.0            0.0       1013.778           42.3         2000.0          0.000          0.000           -0.0
     26/02/2001           2001            0.0            0.0       1009.942           42.2         2000.0          0.000          0.000           -0.0
     27/02/2001           2001            0.0            0.0       1008.883           42.1         2000.0          0.000          0.000           -0.0
     28/02/2001           2001            0.0            0.0       1009.381           42.1         2000.0          0.000          0.000           -0.0
     01/03/2001           2001            0.0            0.0       1010.766           42.0         2000.0          0.000          0.000           -0.0
     02/03/2001           2001            0.0            0.0       1013.361           41.9         2000.0          0.000          0.000           -0.0
     03/03/2001           2001            0.0            0.0       1016.769           41.8         2000.0          0.000          0.000           -0.0
     04/03/2001           2001            0.0            0.0       1019.917           41.8         2000.0          0.000          0.000           -0.0
     05/03/2001           2001            0.0            0.0       1023.335           41.7         2000.0          0.000          0.000           -0.0
     06/03/2001           2001            0.0            0.0       1026.014           41.6         2000.0          0.000          0.000           -0.0
     07/03/2001           2001            0.0            0.0       1028.560           41.6         2000.0          0.000          0.000           -0.0
     08/03/2001           2001            0.0            0.0       1031.164           41.5         2000.0          0.000          0.000           -0.0
     09/03/2001           2001            0.0            0.0       1033.641           41.4         2000.0          0.000          0.000           -0.0
     10/03/2001           2001            0.0            0.0       1035.876           41.4         2000.0          0.000          0.000           -0.0
     11/03/2001           2001            0.0            0.0       1018.684           41.4         2000.0          0.000         11.455           -0.0
     12/03/2001           2001            0.0            0.0       1005.977           41.3         2000.0          0.000          0.000           -0.0
     13/03/2001           2001            0.0            0.0       1001.738           41.2         2000.0          0.000          0.000           -0.0
     14/03/2001           2001            0.0            0.0       1003.429           41.1         1995.9          0.000          0.000            0.0
     15/03/2001           2001            0.0            0.0       1007.060           41.0         1995.9          0.000          0.000           -0.0
     16/03/2001           2001            0.0            0.0       1010.542           40.9         1995.9          0.000          0.000           -0.0
     17/03/2001           2001            0.0            0.0       1014.113           40.9         1995.9          0.000          0.000           -0.0
     18/03/2001           2001            0.0            0.0       1018.066           40.8         1995.9          0.000          0.000           -0.0
     19/03/2001           2001            0.0            0.0       1024.016           40.7         1995.9          0.000          0.000           -0.0
     20/03/2001           2001            0.0            0.0       1032.385           40.6         1995.9          0.000          0.000           -0.0
     21/03/2001           2001            0.0            0.0       1039.746           40.6         1994.6          0.000          0.000            0.0
     22/03/2001           2001            0.0            0.0       1047.563           40.5         1992.9          0.000          0.000            0.0
     23/03/2001           2001            0.0            0.0       1054.215           40.5         1992.9          0.000          0.000           -0.0
     24/03/2001           2001            0.0            0.0       1059.162           40.4         1992.9          0.000          0.000           -0.0
     25/03/2001           2001            0.0            0.0       1062.656           40.3         1992.9          0.000          0.000           -0.0
     26/03/2001           2001            0.0            0.0       1065.422           40.3         1992.9          0.000          0.000           -0.0
     27/03/2001           2001            0.0            0.0       1069.775           40.2         1992.9          0.000          0.000           -0.0
     28/03/2001           2001            0.0            0.0       1067.644           40.2         1992.2          0.000          5.817           -0.0
     29/03/2001           2001            0.0            0.0       1063.236           40.1         1990.0          0.000          0.000            0.0
     30/03/2001           2001            0.0            0.0       1058.962           40.1         1980.7          0.000          2.718            0.0
     31/03/2001           2001            0.0            0.0       1057.350           40.1         1980.3          0.000          0.000            0.0
     01/04/2001           2001            0.0            0.0       1060.608           40.0         1977.8          0.000          0.000            0.0
     02/04/2001           2001            0.0            0.0       1067.790           40.0         1970.7          0.000          0.000            0.0
     03/04/2001           2001            0.0            0.0       1077.095           40.1         1966.4          0.000          0.000            0.0
     04/04/2001           2001            0.0            0.0       1088.547           40.2         1956.1          0.000          0.000            0.1
     05/04/2001           2001            0.0            0.0       1093.952           40.5         1925.5          0.000          5.080            0.1
     06/04/2001           2001            0.0            0.0       1089.836           40.9         1890.0          0.000          3.302            0.1
     07/04/2001           2001            0.0            0.0       1087.832           41.5         1838.1          0.000          0.508            0.2
     08/04/2001           2001            0.0            0.0       1092.495           42.0         1812.0          0.000          0.000            0.2
     09/04/2001           2001            0.0            0.0       1099.332           42.5         1793.9          0.000          0.000            0.1
     10/04/2001           2001            0.0            0.0       1103.090           43.1         1762.5          0.000          3.810            0.2
     11/04/2001           2001            0.0            0.0       1061.768           44.1         1680.8          0.000         35.814            0.2
     12/04/2001           2001            0.0            0.0        992.687           44.8         1660.8          0.000          1.524            0.2
     13/04/2001           2001            0.0            0.0        908.762           45.2         1639.3          0.000          2.032            0.1
     14/04/2001           2001            0.0            0.0        846.427           45.6         1614.2          0.000          0.254            0.2
     15/04/2001           2001            0.0            0.0        892.745           45.9         1604.1          0.000          0.000            0.1
     16/04/2001           2001            0.0            0.0        933.038           46.1         1604.1          0.000          0.000            0.0
     17/04/2001           2001            0.0            0.0        977.196           46.2         1602.2          0.000          0.000            0.0
     18/04/2001           2001            0.0            0.0       1002.894           46.4         1599.3          0.000          0.000            0.1
     19/04/2001           2001            0.0            0.0       1050.805           46.8         1593.7          0.000          0.000            0.2
     20/04/2001           2001            0.0            0.0       1068.451           47.6         1593.7          0.000          0.508            0.4
     21/04/2001           2001            0.0            0.0       1080.059           48.6         1591.6          0.000          3.810            0.3
     22/04/2001           2001            0.0            0.0       1080.207           49.6         1507.7          0.000          6.350            0.4
     23/04/2001           2001            0.0            0.0       1078.897           50.5         1473.7          0.000          0.254            0.3
     24/04/2001           2001            0.0            0.0       1077.207           51.2         1089.3          0.000          4.826            0.2
     25/04/2001           2001            0.0            0.0       1082.041           51.8         1067.8          0.000          0.254            0.2
     26/04/2001           2001            0.0            0.0       1094.065           52.7         1032.3          0.000          0.000            0.4
     27/04/2001           2001            0.0            0.0       1111.325           53.7         1019.0          0.000          0.000            0.5
     28/04/2001           2001            0.0            0.0       1131.102           54.8         1016.8          0.000          0.000            0.5
     29/04/2001           2001            0.0            0.0       1153.786           56.0         1016.8          0.000          0.000            0.6
     30/04/2001           2001            0.0            0.0       1159.979           57.4          942.5          0.000         30.988            0.5
     01/05/2001           2001            0.0            0.0       1123.824           58.6          878.7          0.000          2.794            0.6
     02/05/2001           2001            0.0            0.0       1062.701           59.8          838.3          0.000         32.258            0.4
     03/05/2001           2001            0.0            0.0        889.500           60.6          809.1          0.000         13.208            0.4
     04/05/2001           2001            0.0            0.0        750.488           61.0          783.1          0.000          0.762            0.4
     05/05/2001           2001            0.0            0.0        758.704           61.3          759.5          0.000          4.318            0.3
     06/05/2001           2001            0.0            0.0        754.017           61.6          714.1          0.000          8.636            0.4
     07/05/2001           2001            0.0            0.0        786.422           61.9          693.1          0.000          0.254            0.4
     08/05/2001           2001            0.0            0.0        841.059           62.3          676.6          0.000          0.000            0.5
     09/05/2001           2001            0.0            0.0        906.721           62.8          660.6          0.000          1.524            0.6
     10/05/2001           2001            0.0            0.0        950.925           63.5          646.2          0.000          3.556            0.6
     11/05/2001           2001            0.0            0.0        992.993           64.1          642.6          0.000          0.254            0.5
     12/05/2001           2001            0.0            0.0       1042.306           64.6          642.6          0.000          0.000            0.4
     13/05/2001           2001            0.0            0.0       1059.676           65.2          642.6          0.000          2.032            0.4
     14/05/2001           2001            0.0            0.0       1075.487           65.9          642.6          0.000          0.000            0.7
     15/05/2001           2001            0.0            0.0       1095.014           67.0          642.6          0.000          0.000            1.1
     16/05/2001           2001            0.0            0.0       1117.651           68.2          642.6          0.000          0.000            1.1
     17/05/2001           2001            0.0            0.0       1142.887           69.4          642.6          0.000          0.000            1.0
     18/05/2001           2001            0.0            0.0       1173.584           70.4          642.6          0.000          0.000            0.9
     19/05/2001           2001            0.0            0.0       1215.387           71.5          642.6          0.000          0.000            0.9
     20/05/2001           2001            0.0            0.0       1252.442           72.5          591.8          0.000         15.240            0.8
     21/05/2001           2001            0.0            0.0       1257.150           73.2          576.3          0.000         11.176            0.5
     22/05/2001           2001            0.0            0.0       1233.526           73.6          568.0          0.000          1.270            0.4
     23/05/2001           2001            0.0            0.0       1211.585           73.9          562.9          0.000          3.302            0.3
     24/05/2001           2001            0.0            0.0       1180.934           74.1          551.8          0.000         12.954            0.3
     25/05/2001           2001            0.0            0.0       1146.215           74.3          537.5          0.000          2.032            0.3
     26/05/2001           2001            0.0            0.0       1116.368           74.6          520.7          0.000          6.604            0.3
     27/05/2001           2001            0.0            0.0       1106.512           74.8          506.7          0.000          0.000            0.4
     28/05/2001           2001            0.0            0.0       1111.174           75.1          496.2          0.000          0.000            0.5
     29/05/2001           2001            0.0            0.0       1124.259           75.5          489.0          0.000          0.000            0.6
     30/05/2001           2001            0.0            0.0       1141.200           75.9          487.2          0.000          0.000            0.6
     31/05/2001           2001            0.0            0.0       1154.348           76.2          475.1          0.000          5.842            0.4
     01/06/2001           2001            0.0            0.0       1150.310           76.5          461.3          0.000         10.668            0.4
     02/06/2001           2001            0.0            0.0       1145.566           76.7          448.6          0.000          0.000            0.4
     03/06/2001           2001            0.0            0.0       1147.895           76.9          441.2          0.000          0.000            0.4
     04/06/2001           2001            0.0            0.0       1155.434           77.1          434.7          0.000          0.000            0.4
     05/06/2001           2001            0.0            0.0       1150.659           77.3          422.4          0.000         13.208            0.3
     06/06/2001           2001            0.0            0.0       1138.617           77.6          401.7          0.000          0.254            0.5
     07/06/2001           2001            0.0            0.0       1136.649           77.9          383.2          0.000          0.000            0.7
     08/06/2001           2001            0.0            0.0       1145.168           78.4          373.4          0.000          0.000            0.8
     09/06/2001           2001            0.0            0.0       1162.269           79.0          372.6          0.000          0.000            0.9
     10/06/2001           2001            0.0            0.0       1191.558           79.9          372.6          0.000          0.000            1.2
     11/06/2001           2001            0.0            0.0       1229.266           81.1          372.6          0.000          1.778            1.4
     12/06/2001           2001            0.0            0.0       1277.209           82.2          372.6          0.000          1.016            1.2
     13/06/2001           2001            0.0            0.0       1332.482           83.5          372.6          0.000          0.000            1.4
     14/06/2001           2001            0.0            0.0       1376.824           84.6          342.7          0.000         18.542            1.1
     15/06/2001           2001            0.0            0.0       1387.961           85.4          324.0          0.000          0.000            1.0
     16/06/2001           2001            0.0            0.0       1394.533           86.2          314.2          0.000          0.000            1.1
     17/06/2001           2001            0.0            0.0       1443.762           87.2          308.8          0.000          2.286            1.2
     18/06/2001           2001            0.0            0.0       1459.660           88.4          284.1          0.000          6.858            1.4
     19/06/2001           2001            0.0            0.0       1472.353           89.3          269.0          0.000          0.000            1.2
     20/06/2001           2001            0.0            0.0       1485.811           90.2          258.6          0.000          0.000            1.1
     21/06/2001           2001            0.0            0.0       1500.687           91.0          254.3          0.000          0.000            1.0
     22/06/2001           2001            0.0            0.0       1516.663           91.8          254.3          0.000          0.000            0.9
     23/06/2001           2001            0.0            0.0       1533.004           92.6          254.3          0.000          0.000            0.9
     24/06/2001           2001            0.0            0.0       1549.220           93.6          254.3          0.000          0.000            1.1
     25/06/2001           2001            0.0            0.0       1565.911           95.2          254.3          0.000          0.000            1.4
     26/06/2001           2001            0.0            0.0       1584.968           97.0          254.3          0.000          0.000            1.7
     27/06/2001           2001            0.0            0.0       1607.908           98.9          254.3          0.000          0.000            1.7
     28/06/2001           2001            0.0            0.0       1622.189          100.6          254.3          0.000          0.000            1.7
     29/06/2001           2001            0.0            0.0       1640.338          102.3          254.3          0.000          0.000            1.7
     30/06/2001           2001            0.0            0.0       1660.387          104.0          254.3          0.000          0.000            1.7
     01/07/2001           2001            0.0            0.0       1682.711          105.4          254.3          0.000          0.000            1.4
     02/07/2001           2001            0.0            0.0       1706.251          106.5          254.3          0.000          0.000            1.2
     03/07/2001           2001            0.0            0.0       1730.286          107.9          254.3          0.000          1.270            1.5
     04/07/2001           2001            0.0            0.0       1753.566          109.6          254.3          0.000          0.000            1.6
     05/07/2001           2001            0.0            0.0       1775.678          111.0          254.3          0.000          0.000            1.5
     06/07/2001           2001            0.0            0.0       1796.146          112.4          254.3          0.000          0.000            1.4
     07/07/2001           2001            0.0            0.0       1814.676          113.8          254.3          0.000          0.000            1.4
     08/07/2001           2001            0.0            0.0       1832.843          115.6          254.3          0.000          0.000            1.7
     09/07/2001           2001            0.0            0.0       1854.993          117.7          254.3          0.000          0.000            1.9
     10/07/2001           2001            0.0            0.0       1880.500          119.8          254.3          0.000          0.000            2.0
     11/07/2001           2001            0.0            0.0       1907.890          121.6          254.3          0.000          0.000            1.8
     12/07/2001           2001            0.0            0.0       1935.799          123.2          254.3          0.000          0.000            1.7
     13/07/2001           2001            0.0            0.0       1963.058          124.9          254.3          0.000          0.000            1.7
     14/07/2001           2001            0.0            0.0       1963.410          126.7          254.3          0.000          0.000            1.7
     15/07/2001           2001            0.0            0.0       1978.653          128.4          254.3          0.000          0.000            1.7
     16/07/2001           2001            0.0            0.0       1989.647          130.1          254.3          0.000          0.000            1.7
     17/07/2001           2001            0.0            0.0       2000.431          131.7          234.0          0.000          7.620            2.0
     18/07/2001           2001            0.0            0.0       2011.034          133.4          220.8          0.000          0.254            1.7
     19/07/2001           2001            0.0            0.0       2021.134          135.1          203.2          0.000          9.398            1.9
     20/07/2001           2001            0.0            0.0       2031.432          136.6          186.9          0.000          5.334            1.8
     21/07/2001           2001            0.0            0.0       2043.272          138.3          175.8          0.000          0.254            1.9
     22/07/2001           2001            0.0            0.0       2056.524          139.9          164.3          0.000          3.048            1.8
     23/07/2001           2001            0.0            0.0       2070.761          141.5          155.2          0.000          1.778            1.8
     24/07/2001           2001            0.0            0.0       2085.610          142.6          142.7          0.000         32.512            1.4
     25/07/2001           2001            0.0            0.0       2099.137          143.7          134.4          0.000          0.000            1.4
     26/07/2001           2001            0.0            0.0       2107.591          144.8          130.1          0.000          0.000            1.4
     27/07/2001           2001            0.0            0.0       2111.748          146.0          128.3          0.000          0.000            1.4
     28/07/2001           2001            0.0            0.0       2112.908          147.3          128.3          0.000          0.000            1.4
     29/07/2001           2001            0.0            0.0       2112.715          148.6          128.3          0.000          0.000            1.4
     30/07/2001           2001            0.0            0.0       2112.580          150.2          128.3          0.000          0.000            1.5
     31/07/2001           2001            0.0            0.0       2113.465          152.4          128.3          0.000          0.000            1.9
     01/08/2001           2001            0.0            0.0       2115.911          154.4          128.3          0.000          0.762            1.9
     02/08/2001           2001            0.0            0.0       2119.580          156.1          118.0          0.000         22.098            1.8
     03/08/2001           2001            0.0            0.0       2124.743          157.8          111.1          0.000          0.000            1.9
     04/08/2001           2001            0.0            0.0       2130.516          159.4          107.7          0.000          0.000            1.8
     05/08/2001           2001            0.0            0.0       2136.449          161.1          107.5          0.000          0.000            1.7
     06/08/2001           2001            0.0            0.0       2142.651          163.1          107.5          0.000          0.000            1.8
     07/08/2001           2001            0.0            0.0       2149.346          165.3          107.5          0.000          0.000            2.0
     08/08/2001           2001            0.0            0.0       2156.737          167.4          107.5          0.000          0.000            2.0
     09/08/2001           2001            0.0            0.0       2164.944          169.2          107.5          0.000          0.000            1.7
     10/08/2001           2001            0.0            0.0       2173.992          170.6          107.5          0.000          0.000            1.4
     11/08/2001           2001            0.0            0.0       2183.827          171.9          107.5          0.000          0.000            1.4
     12/08/2001           2001            0.0            0.0       2194.336          173.3          107.5          0.000          0.000            1.4
     13/08/2001           2001            0.0            0.0       2205.366          174.7          107.5          0.000          0.000            1.4
     14/08/2001           2001            0.0            0.0       2216.749          175.9          107.5          0.000          0.254            1.2
     15/08/2001           2001            0.0            0.0       2141.149          176.7          102.2          0.000         24.130            1.1
     16/08/2001           2001            0.0            0.0       2149.274          177.6           96.5          0.000          0.000            1.1
     17/08/2001           2001            0.0            0.0       2154.731          178.5           92.8          0.000          0.000            1.1
     18/08/2001           2001            0.0            0.0       2159.131          179.4           87.6          0.000          6.604            1.0
     19/08/2001           2001            0.0            0.0       2162.660          180.3           83.0          0.000          0.000            1.1
     20/08/2001           2001            0.0            0.0       2165.468          181.3           80.3          0.000          0.000            1.1
     21/08/2001           2001            0.0            0.0       2167.802          182.3           77.8          0.000          1.270            1.1
     22/08/2001           2001            0.0            0.0       2169.738          183.5           76.3          0.000          0.000            1.3
     23/08/2001           2001            0.0            0.0       2171.562          184.8           76.3          0.000          0.000            1.3
     24/08/2001           2001            0.0            0.0       2173.400          186.2           76.1          0.000          3.810            1.4
     25/08/2001           2001            0.0            0.0       2175.420          187.4           70.0          0.000          4.572            1.3
     26/08/2001           2001            0.0            0.0       2177.654          188.6           66.0          0.000          0.000            1.2
     27/08/2001           2001            0.0            0.0       2180.116          189.9           63.7          0.000          0.000            1.2
     28/08/2001           2001            0.0            0.0       2182.803          191.2           62.8          0.000          0.000            1.2
     29/08/2001           2001            0.0            0.0       2185.704          192.6           62.8          0.000          0.000            1.3
     30/08/2001           2001            0.0            0.0       2188.801          193.9           62.8          0.000          0.000            1.2
     31/08/2001           2001            0.0            0.0       2192.072          195.1           62.8          0.000          0.000            1.1
     01/09/2001           2001            0.0            0.0       2195.492          196.2           62.8          0.000          0.000            1.0
     02/09/2001           2001            0.0            0.0       2199.033          197.4           62.8          0.000          0.000            1.1
     03/09/2001           2001            0.0            0.0       2202.666          198.6           62.8          0.000          0.000            1.2
     04/09/2001           2001            0.0            0.0       2206.362          199.8           62.8          0.000          0.000            1.2
     05/09/2001           2001            0.0            0.0       2210.090          201.1           62.8          0.000          0.000            1.2
     06/09/2001           2001            0.0            0.0       2213.827          202.1           57.8          0.000         29.210            1.3
     07/09/2001           2001            0.0            0.0       2217.490          202.1           53.1          0.000         62.738            0.9
     08/09/2001           2001            0.0            0.0       2219.556          202.1           50.7          0.000          6.858            0.8
     09/09/2001           2001            0.0            0.0       2213.264          202.1           48.8          0.000          0.000            0.8
     10/09/2001           2001            0.0            0.0       2197.366          202.3           47.3          0.000          0.000            0.8
     11/09/2001           2001            0.0            0.0       2171.573          202.8           46.0          0.000          0.000            0.9
     12/09/2001           2001            0.0            0.0       2193.378          203.4           45.5          0.000          0.000            1.0
     13/09/2001           2001            0.0            0.0       2112.096          203.9           45.3          0.000          0.000            0.8
     14/09/2001           2001            0.0            0.0       2065.847          204.2           44.2          0.000          5.080            0.6
     15/09/2001           2001            0.0            0.0       2034.577          204.6           42.4          0.000          0.000            0.7
     16/09/2001           2001            0.0            0.0       2009.291          204.9           40.5          0.000          5.334            0.7
     17/09/2001           2001            0.0            0.0       1987.246          205.3           38.5          0.000          1.778            0.7
     18/09/2001           2001            0.0            0.0       1979.449          205.6           37.1          0.000          0.000            0.7
     19/09/2001           2001            0.0            0.0       1941.121          206.0           35.6          0.000          0.000            0.7
     20/09/2001           2001            0.0            0.0       1915.350          206.2           33.9          0.000         21.844            0.6
     21/09/2001           2001            0.0            0.0       1883.637          206.3           32.4          0.000          0.000            0.7
     22/09/2001           2001            0.0            0.0       1850.574          206.6           31.1          0.000          0.000            0.7
     23/09/2001           2001            0.0            0.0       1825.725          206.8           30.6          0.000          0.000            0.6
     24/09/2001           2001            0.0            0.0       1806.496          206.9           30.4          0.000          0.000            0.4
     25/09/2001           2001            0.0            0.0       1792.810          207.1           30.3          0.000          0.000            0.4
     26/09/2001           2001            0.0            0.0       1784.704          207.3           30.2          0.000          0.000            0.4
     27/09/2001           2001            0.0            0.0       1781.787          207.6           30.2          0.000          0.000            0.5
     28/09/2001           2001            0.0            0.0       1783.312          208.0           30.2          0.000          0.000            0.6
     29/09/2001           2001            0.0            0.0       1788.363          208.4           30.2          0.000          0.000            0.5
     30/09/2001           2001            0.0            0.0       1796.017          208.9           30.2          0.000          0.000            0.5
     01/10/2001           2001            0.0            0.0       1805.433          209.4           30.2          0.000          0.000            0.7
     02/10/2001           2001            0.0            0.0       1815.885          210.1           30.2          0.000          0.000            0.7
     03/10/2001           2001            0.0            0.0       1826.839          210.7           30.2          0.000          0.000            0.6
     04/10/2001           2001            0.0            0.0       1840.456          211.1           30.2          0.000          0.000            0.5
     05/10/2001           2001            0.0            0.0       1857.806          211.4           30.2          0.000          0.000            0.4
     06/10/2001           2001            0.0            0.0       1878.300          211.6           30.2          0.000          0.000            0.3
     07/10/2001           2001            0.0            0.0       1901.008          211.9           30.2          0.000          0.000            0.3
     08/10/2001           2001            0.0            0.0       1924.968          212.2           30.2          0.000          0.000            0.4
     09/10/2001           2001            0.0            0.0       1949.160          212.7           28.7          0.000          6.096            0.5
     10/10/2001           2001            0.0            0.0       1972.211          213.2           27.9          0.000          4.064            0.5
     11/10/2001           2001            0.0            0.0       1967.496          213.6           27.3          0.000          0.000            0.5
     12/10/2001           2001            0.0            0.0       1978.455          214.0           26.8          0.000          0.000            0.4
     13/10/2001           2001            0.0            0.0       1987.170          214.2           26.3          0.000         16.256            0.3
     14/10/2001           2001            0.0            0.0       1995.124          214.3           26.0          0.000          0.000            0.3
     15/10/2001           2001            0.0            0.0       2000.818          214.4           25.9          0.000          0.000            0.2
     16/10/2001           2001            0.0            0.0       2004.541          214.5           25.8          0.000          0.000            0.2
     17/10/2001           2001            0.0            0.0       2006.702          214.6           25.7          0.000          0.000            0.2
     18/10/2001           2001            0.0            0.0       2007.848          214.7           25.5          0.000          0.000            0.2
     19/10/2001           2001            0.0            0.0       2008.525          214.9           25.4          0.000          0.000            0.3
     20/10/2001           2001            0.0            0.0       2009.185          215.1           25.2          0.000          0.000            0.3
     21/10/2001           2001            0.0            0.0       2010.147          215.4           25.1          0.000          0.254            0.3
     22/10/2001           2001            0.0            0.0       2011.402          215.7           24.7          0.000          6.096            0.3
     23/10/2001           2001            0.0            0.0       2012.760          216.0           23.7          0.000          0.254            0.4
     24/10/2001           2001            0.0            0.0       2013.987          216.2           23.5          0.000          1.778            0.3
     25/10/2001           2001            0.0            0.0       2014.910          216.3           23.4          0.000          0.000            0.2
     26/10/2001           2001            0.0            0.0       2015.465          216.3           23.4          0.000          0.000            0.1
     27/10/2001           2001            0.0            0.0       2015.721          216.4           23.4          0.000          0.000            0.1
     28/10/2001           2001            0.0            0.0       2015.865          216.5           23.1          0.000          0.000            0.2
     29/10/2001           2001            0.0            0.0       2016.122          216.7           22.9          0.000          0.000            0.2
     30/10/2001           2001            0.0            0.0       2016.670          216.8           22.8          0.000          0.000            0.2
     31/10/2001           2001            0.0            0.0       2017.595          217.1           22.4          0.000          0.000            0.3
     01/11/2001           2001            0.0            0.0       2018.823          217.5           21.9          0.000          1.524            0.4
     02/11/2001           2001            0.0            0.0       2020.526          217.8           21.8          0.000          0.000            0.3
     03/11/2001           2001            0.0            0.0       2022.590          218.1           21.7          0.000          0.000            0.3
     04/11/2001           2001            0.0            0.0       2025.008          218.3           21.6          0.000          0.000            0.3
     05/11/2001           2001            0.0            0.0       2027.774          218.6           21.6          0.000          0.000            0.3
     06/11/2001           2001            0.0            0.0       2030.897          219.0           21.6          0.000          0.000            0.4
     07/11/2001           2001            0.0            0.0       2034.698          219.5           21.6          0.000          0.000            0.6
     08/11/2001           2001            0.0            0.0       2039.450          219.8           21.6          0.000          0.000            0.3
     09/11/2001           2001            0.0            0.0       2045.278          220.0           21.6          0.000          0.000            0.2
     10/11/2001           2001            0.0            0.0       2052.215          220.3           21.6          0.000          0.000            0.2
     11/11/2001           2001            0.0            0.0       2060.238          220.4           21.6          0.000          0.000            0.2
     12/11/2001           2001            0.0            0.0       2069.286          220.6           21.6          0.000          0.000            0.2
     13/11/2001           2001            0.0            0.0       2079.155          221.0           20.9          0.000          4.826            0.3
     14/11/2001           2001            0.0            0.0       2089.702          221.4           20.0          0.000          0.000            0.5
     15/11/2001           2001            0.0            0.0       2100.481          221.8           19.5          0.000          0.000            0.4
     16/11/2001           2001            0.0            0.0       2111.180          222.2           18.9          0.000          0.508            0.4
     17/11/2001           2001            0.0            0.0       2121.574          222.6           18.5          0.000          0.254            0.4
     18/11/2001           2001            0.0            0.0       2131.421          223.0           18.1          0.000          3.302            0.4
     19/11/2001           2001            0.0            0.0       2140.495          223.1           18.0          0.000          0.000            0.2
     20/11/2001           2001            0.0            0.0       2148.664          223.2           18.0          0.000          0.000            0.1
     21/11/2001           2001            0.0            0.0       2155.930          223.4           17.9          0.000          0.000            0.2
     22/11/2001           2001            0.0            0.0       2162.415          223.6           17.7          0.000          0.000            0.2
     23/11/2001           2001            0.0            0.0       2168.350          223.8           17.5          0.000          3.480            0.2
     24/11/2001           2001            0.0            0.0       2172.718          223.9           17.1          0.000         10.973            0.3
     25/11/2001           2001            0.0            0.0       2174.571          223.8           17.1          0.000          0.000            0.2
     26/11/2001           2001            0.0            0.0       2173.176          223.7           17.0          0.000          6.782            0.1
     27/11/2001           2001            0.0            0.0       2166.119          223.6           17.0          0.000          0.000            0.1
     28/11/2001           2001            0.0            0.0       2153.684          223.4           17.0          0.000          0.000            0.1
     29/11/2001           2001            0.0            0.0       2136.649          223.3           17.0          0.000          0.000            0.1
     30/11/2001           2001            0.0            0.0       2116.542          223.2           17.0          0.000          0.000            0.1
     01/12/2001           2001            0.0            0.0       2095.299          223.1           17.0          0.000          0.000            0.1
     02/12/2001           2001            0.0            0.0       2074.918          223.0           16.9          0.000          0.000            0.1
     03/12/2001           2001            0.0            0.0       2057.169          222.9           16.9          0.000          0.000            0.1
     04/12/2001           2001            0.0            0.0       2043.229          223.0           16.5          0.000          0.000            0.2
     05/12/2001           2001            0.0            0.0       2031.473          223.0           16.2          0.000          3.785            0.2
     06/12/2001           2001            0.0            0.0       2021.122          222.9           16.2          0.000          0.000            0.1
     07/12/2001           2001            0.0            0.0       2011.149          222.8           16.2          0.000          0.000            0.1
     08/12/2001           2001            0.0            0.0       2001.214          222.7           16.2          0.000          0.000            0.0
     09/12/2001           2001            0.0            0.0       1991.141          222.6           16.2          0.000          0.000            0.0
     10/12/2001           2001            0.0            0.0       1980.652          222.6           16.1          0.000          0.000            0.0
     11/12/2001           2001            0.0            0.0       1967.914          222.5           16.1          0.000          0.000            0.1
     12/12/2001           2001            0.0            0.0       1975.935          222.4           16.1          0.000          0.000            0.0
     13/12/2001           2001            0.0            0.0       1966.178          222.4           16.1          0.000          0.000            0.0
     14/12/2001           2001            0.0            0.0       1958.267          222.3           16.1          0.000          0.000            0.0
     15/12/2001           2001            0.0            0.0       1951.609          222.2           16.1          0.000          0.000            0.0
     16/12/2001           2001            0.0            0.0       1945.902          222.1           16.1          0.000          0.000            0.0
     17/12/2001           2001            0.0            0.0       1941.056          222.1           16.0          0.000          0.000            0.0
     18/12/2001           2001            0.0            0.0       1937.115          222.0           16.0          0.000          0.000            0.0
     19/12/2001           2001            0.0            0.0       1934.094          222.0           16.0          0.000          0.000            0.0
     20/12/2001           2001            0.0            0.0       1931.981          221.9           16.0          0.000          0.000            0.0
     21/12/2001           2001            0.0            0.0       1930.276          221.8           16.0          0.000          3.327            0.0
     22/12/2001           2001            0.0            0.0       1928.031          221.7           16.0          0.000          0.000            0.0
     23/12/2001           2001            0.0            0.0       1924.737          221.6           16.0          0.000          0.000            0.0
     24/12/2001           2001            0.0            0.0       1920.363          221.5           16.0          0.000          0.000            0.0
     25/12/2001           2001            0.0            0.0       1915.103          221.4           16.0          0.000          0.000            0.0
     26/12/2001           2001            0.0            0.0       1909.228          221.3           16.0          0.000          0.000            0.0
     27/12/2001           2001            0.0            0.0       1902.994          221.2           16.0          0.000          0.000            0.0
     28/12/2001           2001            0.0            0.0       1896.609          221.1           16.0          0.000          0.000            0.0
     29/12/2001           2001            0.0            0.0       1890.223          221.0           16.0          0.000          0.000            0.0
     30/12/2001           2001            0.0            0.0       1883.935          220.9           16.0          0.000          0.000            0.0
     31/12/2001           2001            0.0            0.0       1877.816          220.8           16.0          0.000          0.000            0.0
