ApsimVersion = 7.9 r4044
Title = suth-2001
           Date           year          yield        biomass     watertable          no3()   surfaceom_wt            lai           Rain    dlt_n_min()
   (dd/mm/yyyy)         (year)        (kg/ha)        (kg/ha)           (mm)        (kg/ha)        (kg/ha)      (m^2/m^2)           (mm)        (kg/ha)
     01/01/2001           2001            0.0            0.0        704.089           79.2         2000.0          0.000          0.000            0.1
     02/01/2001           2001            0.0            0.0        717.562           79.1         2000.0          0.000          0.000            0.0
     03/01/2001           2001            0.0            0.0        729.564           79.0         2000.0          0.000          0.000            0.0
     04/01/2001           2001            0.0            0.0        743.788           78.8         2000.0          0.000          0.000           -0.0
     05/01/2001           2001            0.0            0.0        758.533           78.7         2000.0          0.000          0.000           -0.0
     06/01/2001           2001            0.0            0.0        775.568           78.5         2000.0          0.000          0.000           -0.0
     07/01/2001           2001            0.0            0.0        791.539           78.3         2000.0          0.000          0.000           -0.0
     08/01/2001           2001            0.0            0.0        806.749           78.2         2000.0          0.000          0.000           -0.0
     09/01/2001           2001            0.0            0.0        823.659           78.0         2000.0          0.000          0.000           -0.0
     10/01/2001           2001            0.0            0.0        844.324           77.8         1999.7          0.000          0.000           -0.0
     11/01/2001           2001            0.0            0.0        861.860           77.6         1999.7          0.000          0.000           -0.0
     12/01/2001           2001            0.0            0.0        897.874           77.5         1999.7          0.000          0.000           -0.0
     13/01/2001           2001            0.0            0.0        921.320           77.3         1999.7          0.000          0.000           -0.0
     14/01/2001           2001            0.0            0.0        892.358           77.3         1999.7          0.000         11.430           -0.0
     15/01/2001           2001            0.0            0.0        888.159           77.1         1999.7          0.000          0.000           -0.0
     16/01/2001           2001            0.0            0.0        890.252           76.9         1999.7          0.000          0.000           -0.0
     17/01/2001           2001            0.0            0.0        894.252           76.8         1999.7          0.000          0.000           -0.0
     18/01/2001           2001            0.0            0.0        898.923           76.6         1999.7          0.000          0.000           -0.0
     19/01/2001           2001            0.0            0.0        903.645           76.4         1999.7          0.000          0.000           -0.0
     20/01/2001           2001            0.0            0.0        908.649           76.3         1999.7          0.000          0.000           -0.0
     21/01/2001           2001            0.0            0.0        913.752           76.1         1999.7          0.000          0.000           -0.0
     22/01/2001           2001            0.0            0.0        919.624           75.9         1999.7          0.000          0.000           -0.0
     23/01/2001           2001            0.0            0.0        925.547           75.7         1999.7          0.000          0.000           -0.0
     24/01/2001           2001            0.0            0.0        931.151           75.6         1999.7          0.000          0.000           -0.0
     25/01/2001           2001            0.0            0.0        936.886           75.4         1999.7          0.000          0.000           -0.0
     26/01/2001           2001            0.0            0.0        939.540           75.3         1999.7          0.000          1.020           -0.0
     27/01/2001           2001            0.0            0.0        944.169           75.1         1999.7          0.000          0.000           -0.0
     28/01/2001           2001            0.0            0.0        950.377           74.9         1999.7          0.000          0.000           -0.0
     29/01/2001           2001            0.0            0.0        904.864           74.9         1999.7          0.000         17.530           -0.0
     30/01/2001           2001            0.0            0.0        867.932           74.8         1999.7          0.000          8.640           -0.0
     31/01/2001           2001            0.0            0.0        853.800           74.6         1999.7          0.000          0.000           -0.0
     01/02/2001           2001            0.0            0.0        746.103           74.4         1999.7          0.000          0.000           -0.0
     02/02/2001           2001            0.0            0.0        757.353           74.3         1999.7          0.000          0.000           -0.0
     03/02/2001           2001            0.0            0.0        757.429           74.1         1999.7          0.000          2.540           -0.0
     04/02/2001           2001            0.0            0.0        767.392           73.9         1999.7          0.000          0.000           -0.0
     05/02/2001           2001            0.0            0.0        781.633           73.8         1999.7          0.000          0.000           -0.0
     06/02/2001           2001            0.0            0.0        796.454           73.6         1999.7          0.000          0.000           -0.0
     07/02/2001           2001            0.0            0.0        807.836           73.5         1999.7          0.000          0.510           -0.0
     08/02/2001           2001            0.0            0.0        807.741           73.3         1999.7          0.000          2.030           -0.0
     09/02/2001           2001            0.0            0.0        816.817           73.1         1999.7          0.000          0.000           -0.0
     10/02/2001           2001            0.0            0.0        829.792           73.0         1999.7          0.000          0.000           -0.0
     11/02/2001           2001            0.0            0.0        844.366           72.8         1999.7          0.000          0.000           -0.0
     12/02/2001           2001            0.0            0.0        860.118           72.7         1999.7          0.000          0.000           -0.0
     13/02/2001           2001            0.0            0.0        867.964           72.5         1999.7          0.000          0.000           -0.0
     14/02/2001           2001            0.0            0.0        913.512           72.4         1999.7          0.000          1.780           -0.0
     15/02/2001           2001            0.0            0.0        918.479           72.3         1999.7          0.000          0.000           -0.0
     16/02/2001           2001            0.0            0.0        923.379           72.1         1999.7          0.000          0.000           -0.0
     17/02/2001           2001            0.0            0.0        928.632           72.0         1999.7          0.000          0.000           -0.0
     18/02/2001           2001            0.0            0.0        935.163           71.8         1999.7          0.000          0.000           -0.0
     19/02/2001           2001            0.0            0.0        941.834           71.7         1999.7          0.000          0.000           -0.0
     20/02/2001           2001            0.0            0.0        948.393           71.5         1999.7          0.000          0.000           -0.0
     21/02/2001           2001            0.0            0.0        955.199           71.4         1999.7          0.000          0.000           -0.0
     22/02/2001           2001            0.0            0.0        962.140           71.3         1999.7          0.000          0.000           -0.0
     23/02/2001           2001            0.0            0.0        969.345           71.1         1999.7          0.000          0.000           -0.0
     24/02/2001           2001            0.0            0.0        973.612           71.1         1999.7          0.000          8.640           -0.0
     25/02/2001           2001            0.0            0.0        936.514           71.0         1999.7          0.000          9.140           -0.0
     26/02/2001           2001            0.0            0.0        900.619           70.9         1999.7          0.000          0.000           -0.0
     27/02/2001           2001            0.0            0.0        902.225           70.7         1999.7          0.000          0.000           -0.0
     28/02/2001           2001            0.0            0.0        906.648           70.6         1999.7          0.000          0.000           -0.0
     01/03/2001           2001            0.0            0.0        912.168           70.4         1999.7          0.000          0.000           -0.0
     02/03/2001           2001            0.0            0.0        919.289           70.3         1999.7          0.000          0.000           -0.0
     03/03/2001           2001            0.0            0.0        930.334           70.2         1999.7          0.000          0.000           -0.0
     04/03/2001           2001            0.0            0.0        938.835           70.0         1999.7          0.000          0.000           -0.0
     05/03/2001           2001            0.0            0.0        946.446           69.9         1999.7          0.000          0.000           -0.0
     06/03/2001           2001            0.0            0.0        954.962           69.8         1999.7          0.000          0.000           -0.0
     07/03/2001           2001            0.0            0.0        962.909           69.6         1999.7          0.000          0.000           -0.0
     08/03/2001           2001            0.0            0.0        976.104           69.5         1999.7          0.000          0.000           -0.0
     09/03/2001           2001            0.0            0.0        989.737           69.4         1999.7          0.000          0.000           -0.0
     10/03/2001           2001            0.0            0.0        993.594           69.2         1999.7          0.000          0.000           -0.0
     11/03/2001           2001            0.0            0.0        997.533           69.1         1999.7          0.000          0.000           -0.0
     12/03/2001           2001            0.0            0.0        986.612           69.1         1999.7          0.000          8.130           -0.0
     13/03/2001           2001            0.0            0.0        984.474           68.9         1999.6          0.000          0.000           -0.0
     14/03/2001           2001            0.0            0.0        989.394           68.8         1995.6          0.000          0.000            0.0
     15/03/2001           2001            0.0            0.0        994.791           68.7         1995.6          0.000          0.000           -0.0
     16/03/2001           2001            0.0            0.0        999.963           68.5         1995.6          0.000          0.000           -0.0
     17/03/2001           2001            0.0            0.0       1006.576           68.4         1995.6          0.000          0.000           -0.0
     18/03/2001           2001            0.0            0.0       1014.218           68.3         1995.6          0.000          0.000           -0.0
     19/03/2001           2001            0.0            0.0       1021.217           68.1         1995.3          0.000          0.000           -0.0
     20/03/2001           2001            0.0            0.0       1031.618           68.0         1992.1          0.000          0.000            0.0
     21/03/2001           2001            0.0            0.0       1040.005           67.9         1992.1          0.000          0.000            0.0
     22/03/2001           2001            0.0            0.0       1047.066           67.8         1992.0          0.000          0.000           -0.0
     23/03/2001           2001            0.0            0.0       1053.139           67.7         1992.0          0.000          0.000           -0.0
     24/03/2001           2001            0.0            0.0       1058.310           67.5         1992.0          0.000          0.000           -0.0
     25/03/2001           2001            0.0            0.0       1062.967           67.4         1992.0          0.000          0.000           -0.0
     26/03/2001           2001            0.0            0.0       1068.213           67.3         1992.0          0.000          0.000           -0.0
     27/03/2001           2001            0.0            0.0       1077.905           67.2         1992.0          0.000          0.000           -0.0
     28/03/2001           2001            0.0            0.0       1086.658           67.1         1991.3          0.000          0.760           -0.0
     29/03/2001           2001            0.0            0.0       1093.770           66.9         1990.9          0.000          0.510            0.0
     30/03/2001           2001            0.0            0.0       1104.111           66.9         1988.0          0.000          0.000            0.0
     31/03/2001           2001            0.0            0.0       1110.730           66.8         1987.5          0.000          3.810            0.0
     01/04/2001           2001            0.0            0.0       1119.754           66.7         1986.9          0.000          0.000            0.0
     02/04/2001           2001            0.0            0.0       1134.206           66.6         1986.3          0.000          0.000            0.0
     03/04/2001           2001            0.0            0.0       1153.978           66.5         1986.3          0.000          0.000            0.0
     04/04/2001           2001            0.0            0.0       1168.178           66.5         1986.3          0.000          0.000            0.1
     05/04/2001           2001            0.0            0.0       1239.478           66.6         1986.3          0.000          0.000            0.1
     06/04/2001           2001            0.0            0.0       1237.034           66.8         1947.6          0.000          8.636            0.1
     07/04/2001           2001            0.0            0.0       1230.759           67.0         1909.5          0.000          1.524            0.1
     08/04/2001           2001            0.0            0.0       1231.240           67.1         1888.7          0.000          0.000            0.1
     09/04/2001           2001            0.0            0.0       1237.078           67.2         1864.2          0.000          0.000            0.2
     10/04/2001           2001            0.0            0.0       1224.461           67.5         1822.5          0.000         20.320            0.2
     11/04/2001           2001            0.0            0.0       1166.908           68.0         1774.3          0.000         36.830            0.2
     12/04/2001           2001            0.0            0.0        968.686           68.1         1759.3          0.000          0.254            0.1
     13/04/2001           2001            0.0            0.0        946.154           68.2         1744.6          0.000          6.096            0.1
     14/04/2001           2001            0.0            0.0        919.709           68.3         1718.6          0.000          0.000            0.1
     15/04/2001           2001            0.0            0.0        934.154           68.3         1714.9          0.000          0.000            0.1
     16/04/2001           2001            0.0            0.0        949.496           68.2         1714.9          0.000          0.000            0.0
     17/04/2001           2001            0.0            0.0        967.202           68.2         1713.3          0.000          0.000            0.0
     18/04/2001           2001            0.0            0.0        995.963           68.2         1707.8          0.000          0.000            0.1
     19/04/2001           2001            0.0            0.0       1011.319           68.2         1696.4          0.000          0.000            0.2
     20/04/2001           2001            0.0            0.0        964.345           68.8         1593.0          0.000         53.848            0.3
     21/04/2001           2001            0.0            0.0        878.508           69.0         1573.3          0.000          0.000            0.2
     22/04/2001           2001            0.0            0.0        825.633           69.1         1541.1          0.000         11.176            0.2
     23/04/2001           2001            0.0            0.0        716.162           69.1         1529.4          0.000          0.762            0.1
     24/04/2001           2001            0.0            0.0        742.277           69.1         1131.2          0.000          0.000            0.1
     25/04/2001           2001            0.0            0.0        782.924           69.2         1109.7          0.000          0.000            0.2
     26/04/2001           2001            0.0            0.0        838.691           69.4         1085.9          0.000          0.000            0.4
     27/04/2001           2001            0.0            0.0        879.396           69.8         1082.8          0.000          0.000            0.5
     28/04/2001           2001            0.0            0.0        954.997           70.3         1082.8          0.000          0.000            0.6
     29/04/2001           2001            0.0            0.0        977.929           71.0         1082.8          0.000          0.000            0.7
     30/04/2001           2001            0.0            0.0       1008.851           71.7         1082.8          0.000          1.778            0.6
     01/05/2001           2001            0.0            0.0       1024.661           72.4         1082.8          0.000          1.524            0.7
     02/05/2001           2001            0.0            0.0       1005.146           73.0         1042.3          0.000         16.510            0.5
     03/05/2001           2001            0.0            0.0        943.660           73.5         1016.1          0.000         20.066            0.4
     04/05/2001           2001            0.0            0.0        881.415           73.8          988.5          0.000          3.048            0.3
     05/05/2001           2001            0.0            0.0        672.947           74.1          949.7          0.000         27.686            0.3
     06/05/2001           2001            0.0            0.0        654.880           74.2          917.5          0.000          0.508            0.4
     07/05/2001           2001            0.0            0.0        683.609           74.3          899.3          0.000          0.000            0.4
     08/05/2001           2001            0.0            0.0        720.276           74.4          883.0          0.000          0.000            0.4
     09/05/2001           2001            0.0            0.0        763.473           74.7          871.8          0.000          0.000            0.6
     10/05/2001           2001            0.0            0.0        722.452           75.0          831.3          0.000         14.478            0.5
     11/05/2001           2001            0.0            0.0        727.189           75.1          805.9          0.000          0.000            0.5
     12/05/2001           2001            0.0            0.0        745.847           75.3          790.4          0.000          0.000            0.4
     13/05/2001           2001            0.0            0.0        781.896           75.4          764.1          0.000          0.000            0.5
     14/05/2001           2001            0.0            0.0        838.727           75.7          746.8          0.000          0.000            0.8
     15/05/2001           2001            0.0            0.0        879.859           76.4          745.4          0.000          0.000            1.1
     16/05/2001           2001            0.0            0.0        955.901           77.1          745.4          0.000          0.000            1.0
     17/05/2001           2001            0.0            0.0        977.300           77.8          745.4          0.000          0.000            0.9
     18/05/2001           2001            0.0            0.0       1015.073           78.5          745.4          0.000          0.000            0.9
     19/05/2001           2001            0.0            0.0       1026.745           79.1          690.0          0.000          5.334            0.8
     20/05/2001           2001            0.0            0.0        975.658           79.9          664.1          0.000         47.498            0.6
     21/05/2001           2001            0.0            0.0        893.501           80.1          652.9          0.000          0.762            0.4
     22/05/2001           2001            0.0            0.0        900.220           80.2          642.3          0.000          0.000            0.4
     23/05/2001           2001            0.0            0.0        883.470           80.4          635.6          0.000          9.906            0.3
     24/05/2001           2001            0.0            0.0        879.333           80.4          626.5          0.000          2.032            0.3
     25/05/2001           2001            0.0            0.0        887.815           80.4          606.9          0.000          0.000            0.4
     26/05/2001           2001            0.0            0.0        892.203           80.5          588.8          0.000          1.778            0.4
     27/05/2001           2001            0.0            0.0        904.236           80.6          567.0          0.000          0.000            0.5
     28/05/2001           2001            0.0            0.0        921.504           80.8          549.9          0.000          0.000            0.6
     29/05/2001           2001            0.0            0.0        941.324           81.0          537.7          0.000          0.000            0.6
     30/05/2001           2001            0.0            0.0        955.233           81.2          528.5          0.000          0.762            0.6
     31/05/2001           2001            0.0            0.0        965.554           81.4          522.9          0.000          0.762            0.5
     01/06/2001           2001            0.0            0.0        986.858           81.6          516.7          0.000          1.778            0.5
     02/06/2001           2001            0.0            0.0       1001.579           81.8          513.7          0.000          0.000            0.5
     03/06/2001           2001            0.0            0.0       1015.914           82.1          513.7          0.000          0.000            0.6
     04/06/2001           2001            0.0            0.0       1021.884           82.4          493.5          0.000          4.826            0.5
     05/06/2001           2001            0.0            0.0       1024.490           82.6          478.4          0.000          1.270            0.5
     06/06/2001           2001            0.0            0.0       1036.450           82.8          454.8          0.000          0.000            0.6
     07/06/2001           2001            0.0            0.0       1053.775           83.2          436.8          0.000          0.000            0.8
     08/06/2001           2001            0.0            0.0       1074.784           83.7          427.0          0.000          0.000            0.9
     09/06/2001           2001            0.0            0.0       1104.545           84.3          425.0          0.000          0.000            1.0
     10/06/2001           2001            0.0            0.0       1129.758           85.1          391.0          0.000          7.874            1.1
     11/06/2001           2001            0.0            0.0       1137.062           86.0          359.6          0.000          7.874            1.3
     12/06/2001           2001            0.0            0.0       1135.342           86.9          330.8          0.000          2.032            1.2
     13/06/2001           2001            0.0            0.0       1104.434           87.7          304.3          0.000         16.510            1.1
     14/06/2001           2001            0.0            0.0       1062.698           88.3          284.4          0.000          5.588            1.0
     15/06/2001           2001            0.0            0.0       1056.071           88.9          270.3          0.000          0.000            0.9
     16/06/2001           2001            0.0            0.0       1069.370           89.4          259.6          0.000          0.000            1.0
     17/06/2001           2001            0.0            0.0       1090.130           90.1          253.2          0.000          0.000            1.1
     18/06/2001           2001            0.0            0.0       1121.237           91.1          252.4          0.000          0.000            1.4
     19/06/2001           2001            0.0            0.0       1158.142           91.9          252.4          0.000          0.000            1.2
     20/06/2001           2001            0.0            0.0       1176.808           92.7          252.4          0.000          0.000            1.1
     21/06/2001           2001            0.0            0.0       1260.630           93.4          252.4          0.000          0.000            1.0
     22/06/2001           2001            0.0            0.0       1268.994           94.1          252.4          0.000          0.000            0.9
     23/06/2001           2001            0.0            0.0       1279.156           94.9          252.4          0.000          0.000            1.0
     24/06/2001           2001            0.0            0.0       1290.526           96.0          252.4          0.000          0.000            1.3
     25/06/2001           2001            0.0            0.0       1303.703           97.2          252.4          0.000          0.000            1.3
     26/06/2001           2001            0.0            0.0       1318.032           98.6          252.4          0.000          0.000            1.6
     27/06/2001           2001            0.0            0.0       1333.399          100.0          252.4          0.000          0.000            1.4
     28/06/2001           2001            0.0            0.0       1349.631          101.1          252.4          0.000          0.000            1.3
     29/06/2001           2001            0.0            0.0       1366.317          102.3          252.4          0.000          0.000            1.3
     30/06/2001           2001            0.0            0.0       1382.981          103.6          252.4          0.000          0.000            1.4
     01/07/2001           2001            0.0            0.0       1399.128          104.7          252.4          0.000          0.000            1.2
     02/07/2001           2001            0.0            0.0       1415.410          105.8          252.4          0.000          3.302            1.3
     03/07/2001           2001            0.0            0.0       1432.751          107.0          252.4          0.000          0.000            1.2
     04/07/2001           2001            0.0            0.0       1450.431          108.1          252.4          0.000          0.000            1.2
     05/07/2001           2001            0.0            0.0       1468.391          109.2          252.4          0.000          0.000            1.2
     06/07/2001           2001            0.0            0.0       1486.451          110.5          252.4          0.000          0.000            1.3
     07/07/2001           2001            0.0            0.0       1505.172          112.0          252.4          0.000          0.254            1.5
     08/07/2001           2001            0.0            0.0       1523.294          113.5          252.4          0.000          0.000            1.5
     09/07/2001           2001            0.0            0.0       1539.798          114.9          252.4          0.000          0.000            1.5
     10/07/2001           2001            0.0            0.0       1556.898          116.3          252.4          0.000          0.000            1.4
     11/07/2001           2001            0.0            0.0       1574.240          117.4          252.4          0.000          0.000            1.3
     12/07/2001           2001            0.0            0.0       1590.578          118.6          252.4          0.000          0.000            1.3
     13/07/2001           2001            0.0            0.0       1605.499          119.9          252.4          0.000          0.000            1.3
     14/07/2001           2001            0.0            0.0       1618.859          121.2          252.4          0.000          0.000            1.3
     15/07/2001           2001            0.0            0.0       1630.647          122.6          252.4          0.000          0.000            1.4
     16/07/2001           2001            0.0            0.0       1642.356          124.2          232.2          0.000         11.176            1.8
     17/07/2001           2001            0.0            0.0       1655.492          125.8          218.0          0.000          0.000            1.8
     18/07/2001           2001            0.0            0.0       1670.063          127.4          200.6          0.000          6.096            1.8
     19/07/2001           2001            0.0            0.0       1685.544          128.9          188.9          0.000          0.000            1.6
     20/07/2001           2001            0.0            0.0       1701.643          130.3          180.5          0.000          0.000            1.5
     21/07/2001           2001            0.0            0.0       1717.570          132.0          166.1          0.000          7.366            1.9
     22/07/2001           2001            0.0            0.0       1730.690          133.5          152.8          0.000         12.446            1.7
     23/07/2001           2001            0.0            0.0       1737.400          135.0          142.5          0.000          2.286            1.9
     24/07/2001           2001            0.0            0.0       1730.708          136.3          131.1          0.000         75.946            1.3
     25/07/2001           2001            0.0            0.0       1655.411          137.1          123.3          0.000          0.000            1.4
     26/07/2001           2001            0.0            0.0       1600.896          138.1          117.1          0.000          0.000            1.4
     27/07/2001           2001            0.0            0.0       1563.080          138.9          110.8          0.000          2.032            1.3
     28/07/2001           2001            0.0            0.0       1543.340          140.0          107.5          0.000          0.000            1.5
     29/07/2001           2001            0.0            0.0       1533.758          141.2          106.3          0.000          1.270            1.6
     30/07/2001           2001            0.0            0.0       1534.084          142.8          106.3          0.000          0.000            1.9
     31/07/2001           2001            0.0            0.0       1539.863          144.6          106.3          0.000          0.000            1.9
     01/08/2001           2001            0.0            0.0       1548.813          146.5          106.3          0.000          1.270            2.0
     02/08/2001           2001            0.0            0.0       1559.795          148.3          106.3          0.000          3.048            2.0
     03/08/2001           2001            0.0            0.0       1569.613          149.9           97.8          0.000         16.256            1.8
     04/08/2001           2001            0.0            0.0       1575.158          151.6           92.4          0.000          0.000            2.0
     05/08/2001           2001            0.0            0.0       1579.877          153.4           89.8          0.000          0.000            2.1
     06/08/2001           2001            0.0            0.0       1586.189          155.3           89.4          0.000          0.000            2.0
     07/08/2001           2001            0.0            0.0       1594.351          157.0           89.4          0.000          0.000            1.8
     08/08/2001           2001            0.0            0.0       1603.842          158.6           89.4          0.000          0.000            1.7
     09/08/2001           2001            0.0            0.0       1613.939          159.8           89.4          0.000          0.000            1.4
     10/08/2001           2001            0.0            0.0       1624.007          160.8           89.4          0.000          0.000            1.2
     11/08/2001           2001            0.0            0.0       1633.665          161.8           89.4          0.000          0.000            1.1
     12/08/2001           2001            0.0            0.0       1644.378          162.8           89.4          0.000          0.000            1.1
     13/08/2001           2001            0.0            0.0       1657.143          163.9           89.4          0.000          0.000            1.1
     14/08/2001           2001            0.0            0.0       1671.963          164.9           84.1          0.000          5.334            1.2
     15/08/2001           2001            0.0            0.0       1687.221          165.6           79.9          0.000         26.924            1.0
     16/08/2001           2001            0.0            0.0       1690.541          166.3           76.2          0.000          0.000            1.0
     17/08/2001           2001            0.0            0.0       1680.643          167.1           73.0          0.000          2.540            1.1
     18/08/2001           2001            0.0            0.0       1667.256          167.9           70.4          0.000          3.556            1.0
     19/08/2001           2001            0.0            0.0       1657.469          168.7           68.8          0.000          0.000            1.1
     20/08/2001           2001            0.0            0.0       1652.706          169.6           68.2          0.000          0.000            1.1
     21/08/2001           2001            0.0            0.0       1652.147          170.7           68.2          0.000          0.000            1.3
     22/08/2001           2001            0.0            0.0       1654.850          172.1           68.2          0.000          0.000            1.5
     23/08/2001           2001            0.0            0.0       1660.303          173.6           68.2          0.000          0.000            1.4
     24/08/2001           2001            0.0            0.0       1666.576          174.8           62.7          0.000         16.002            1.4
     25/08/2001           2001            0.0            0.0       1669.678          176.0           58.8          0.000          0.000            1.4
     26/08/2001           2001            0.0            0.0       1669.514          177.2           56.3          0.000          0.000            1.4
     27/08/2001           2001            0.0            0.0       1670.126          178.4           55.0          0.000          0.000            1.3
     28/08/2001           2001            0.0            0.0       1673.072          179.5           54.7          0.000          0.000            1.2
     29/08/2001           2001            0.0            0.0       1678.813          180.8           54.7          0.000          0.508            1.3
     30/08/2001           2001            0.0            0.0       1687.276          181.9           54.7          0.000          1.270            1.1
     31/08/2001           2001            0.0            0.0       1698.169          182.8           54.7          0.000          0.000            1.0
     01/09/2001           2001            0.0            0.0       1710.970          183.7           54.7          0.000          0.000            1.0
     02/09/2001           2001            0.0            0.0       1724.907          184.7           54.7          0.000          0.508            1.0
     03/09/2001           2001            0.0            0.0       1739.780          185.7           54.7          0.000          0.000            1.1
     04/09/2001           2001            0.0            0.0       1755.639          186.8           54.7          0.000          0.000            1.1
     05/09/2001           2001            0.0            0.0       1763.372          187.9           54.7          0.000          0.000            1.1
     06/09/2001           2001            0.0            0.0       1800.266          189.1           54.7          0.000          0.000            1.2
     07/09/2001           2001            0.0            0.0       1811.395          190.4           50.7          0.000         10.160            1.4
     08/09/2001           2001            0.0            0.0       1816.056          191.4           48.6          0.000          0.254            1.1
     09/09/2001           2001            0.0            0.0       1819.661          192.3           47.0          0.000          0.000            1.0
     10/09/2001           2001            0.0            0.0       1823.057          193.1           46.0          0.000          0.000            0.8
     11/09/2001           2001            0.0            0.0       1826.683          193.9           45.3          0.000          0.000            0.9
     12/09/2001           2001            0.0            0.0       1830.602          194.7           45.2          0.000          0.000            0.9
     13/09/2001           2001            0.0            0.0       1834.672          195.6           43.7          0.000          7.366            0.9
     14/09/2001           2001            0.0            0.0       1838.096          196.0           42.5          0.000         17.272            0.7
     15/09/2001           2001            0.0            0.0       1838.045          196.4           41.3          0.000          0.000            0.6
     16/09/2001           2001            0.0            0.0       1830.958          196.6           39.8          0.000         14.224            0.6
     17/09/2001           2001            0.0            0.0       1818.453          196.8           38.0          0.000          0.000            0.7
     18/09/2001           2001            0.0            0.0       1803.239          197.1           36.5          0.000          2.794            0.7
     19/09/2001           2001            0.0            0.0       1790.317          197.5           35.1          0.000          0.000            0.7
     20/09/2001           2001            0.0            0.0       1782.464          198.0           33.7          0.000          0.000            0.8
     21/09/2001           2001            0.0            0.0       1777.649          198.6           33.0          0.000          0.000            0.8
     22/09/2001           2001            0.0            0.0       1774.738          199.2           32.3          0.000          0.000            0.9
     23/09/2001           2001            0.0            0.0       1773.006          199.7           32.2          0.000          0.000            0.6
     24/09/2001           2001            0.0            0.0       1772.080          200.0           32.1          0.000          0.000            0.5
     25/09/2001           2001            0.0            0.0       1771.797          200.3           32.1          0.000          0.000            0.5
     26/09/2001           2001            0.0            0.0       1772.059          200.7           32.1          0.000          0.000            0.5
     27/09/2001           2001            0.0            0.0       1772.779          201.1           32.1          0.000          0.000            0.6
     28/09/2001           2001            0.0            0.0       1773.863          201.6           32.1          0.000          0.000            0.6
     29/09/2001           2001            0.0            0.0       1775.218          202.2           32.1          0.000          0.000            0.6
     30/09/2001           2001            0.0            0.0       1776.758          202.8           32.1          0.000          0.000            0.7
     01/10/2001           2001            0.0            0.0       1778.415          203.5           32.1          0.000          0.000            0.7
     02/10/2001           2001            0.0            0.0       1780.135          204.2           32.1          0.000          0.000            0.8
     03/10/2001           2001            0.0            0.0       1781.876          204.7           32.1          0.000          0.000            0.7
     04/10/2001           2001            0.0            0.0       1783.682          205.2           32.1          0.000          0.000            0.5
     05/10/2001           2001            0.0            0.0       1785.632          205.5           32.1          0.000          0.000            0.4
     06/10/2001           2001            0.0            0.0       1787.748          205.8           32.1          0.000          0.000            0.3
     07/10/2001           2001            0.0            0.0       1790.042          206.1           32.1          0.000          0.000            0.3
     08/10/2001           2001            0.0            0.0       1792.527          206.5           32.1          0.000          0.000            0.5
     09/10/2001           2001            0.0            0.0       1795.090          207.1           30.7          0.000          6.100            0.6
     10/10/2001           2001            0.0            0.0       1797.347          207.5           29.9          0.000          5.080            0.5
     11/10/2001           2001            0.0            0.0       1798.970          207.9           29.3          0.000          0.000            0.5
     12/10/2001           2001            0.0            0.0       1800.017          208.3           28.7          0.000          0.000            0.5
     13/10/2001           2001            0.0            0.0       1800.451          208.6           28.0          0.000          6.350            0.5
     14/10/2001           2001            0.0            0.0       1799.937          208.8           27.9          0.000          0.000            0.3
     15/10/2001           2001            0.0            0.0       1798.710          209.0           27.8          0.000          0.000            0.2
     16/10/2001           2001            0.0            0.0       1797.157          209.0           27.7          0.000          0.000            0.2
     17/10/2001           2001            0.0            0.0       1795.667          209.2           27.5          0.000          0.000            0.2
     18/10/2001           2001            0.0            0.0       1794.467          209.4           27.2          0.000          0.000            0.3
     19/10/2001           2001            0.0            0.0       1793.639          209.6           27.1          0.000          0.000            0.3
     20/10/2001           2001            0.0            0.0       1793.178          209.8           26.9          0.000          0.000            0.3
     21/10/2001           2001            0.0            0.0       1793.063          210.1           26.7          0.000          0.000            0.4
     22/10/2001           2001            0.0            0.0       1793.206          210.4           26.7          0.000          0.000            0.4
     23/10/2001           2001            0.0            0.0       1793.531          210.8           26.6          0.000          0.000            0.4
     24/10/2001           2001            0.0            0.0       1793.967          210.9           26.6          0.000          0.000            0.3
     25/10/2001           2001            0.0            0.0       1794.476          211.0           26.6          0.000          0.000            0.2
     26/10/2001           2001            0.0            0.0       1795.036          211.1           26.6          0.000          0.000            0.1
     27/10/2001           2001            0.0            0.0       1795.641          211.1           26.6          0.000          0.000            0.1
     28/10/2001           2001            0.0            0.0       1796.320          211.2           26.6          0.000          0.000            0.2
     29/10/2001           2001            0.0            0.0       1797.092          211.4           26.6          0.000          0.000            0.2
     30/10/2001           2001            0.0            0.0       1797.940          211.6           26.6          0.000          0.000            0.3
     31/10/2001           2001            0.0            0.0       1798.814          211.9           26.6          0.000          0.000            0.4
     01/11/2001           2001            0.0            0.0       1799.672          212.3           26.6          0.000          0.000            0.4
     02/11/2001           2001            0.0            0.0       1800.523          212.5           26.6          0.000          0.000            0.3
     03/11/2001           2001            0.0            0.0       1801.409          212.8           26.6          0.000          0.000            0.4
     04/11/2001           2001            0.0            0.0       1802.376          213.1           26.6          0.000          0.000            0.4
     05/11/2001           2001            0.0            0.0       1803.461          213.5           26.6          0.000          0.000            0.4
     06/11/2001           2001            0.0            0.0       1804.686          213.9           26.6          0.000          0.000            0.5
     07/11/2001           2001            0.0            0.0       1806.058          214.4           26.6          0.000          0.000            0.6
     08/11/2001           2001            0.0            0.0       1807.560          214.6           26.6          0.000          0.000            0.3
     09/11/2001           2001            0.0            0.0       1809.169          214.8           26.6          0.000          0.000            0.2
     10/11/2001           2001            0.0            0.0       1810.859          215.0           26.6          0.000          0.000            0.2
     11/11/2001           2001            0.0            0.0       1812.611          215.2           26.6          0.000          0.000            0.2
     12/11/2001           2001            0.0            0.0       1814.404          215.4           26.6          0.000          0.000            0.3
     13/11/2001           2001            0.0            0.0       1816.181          215.8           26.6          0.000          0.000            0.4
     14/11/2001           2001            0.0            0.0       1817.863          216.2           26.6          0.000          0.000            0.5
     15/11/2001           2001            0.0            0.0       1819.398          216.7           26.6          0.000          0.000            0.5
     16/11/2001           2001            0.0            0.0       1820.788          217.2           26.6          0.000          0.000            0.5
     17/11/2001           2001            0.0            0.0       1822.103          217.6           26.6          0.000          0.000            0.5
     18/11/2001           2001            0.0            0.0       1823.340          218.0           26.6          0.000          0.000            0.4
     19/11/2001           2001            0.0            0.0       1824.435          218.1           26.6          0.000          0.000            0.2
     20/11/2001           2001            0.0            0.0       1825.332          218.2           26.6          0.000          0.000            0.1
     21/11/2001           2001            0.0            0.0       1826.026          218.4           26.6          0.000          0.000            0.2
     22/11/2001           2001            0.0            0.0       1826.539          218.5           26.6          0.000          0.000            0.2
     23/11/2001           2001            0.0            0.0       1825.967          218.5           26.3          0.000         10.670            0.2
     24/11/2001           2001            0.0            0.0       1822.186          218.4           26.1          0.000         28.700            0.2
     25/11/2001           2001            0.0            0.0       1805.743          218.1           26.1          0.000          3.560            0.1
     26/11/2001           2001            0.0            0.0       1781.529          217.7           26.0          0.000         12.700            0.1
     27/11/2001           2001            0.0            0.0       1541.368          217.4           26.0          0.000          5.330            0.1
     28/11/2001           2001            0.0            0.0       1479.383          217.1           26.0          0.000          0.000            0.0
     29/11/2001           2001            0.0            0.0       1449.494          216.8           26.0          0.000          0.000            0.0
     30/11/2001           2001            0.0            0.0       1430.482          216.5           26.0          0.000          0.000            0.0
     01/12/2001           2001            0.0            0.0       1419.679          216.2           26.0          0.000          0.000            0.0
     02/12/2001           2001            0.0            0.0       1414.023          216.0           26.0          0.000          0.000            0.0
     03/12/2001           2001            0.0            0.0       1411.283          215.7           26.0          0.000          0.000            0.0
     04/12/2001           2001            0.0            0.0       1410.019          215.5           25.7          0.000          0.000            0.1
     05/12/2001           2001            0.0            0.0       1407.853          215.4           25.4          0.000          3.810            0.1
     06/12/2001           2001            0.0            0.0       1404.915          215.1           25.4          0.000          0.000            0.1
     07/12/2001           2001            0.0            0.0       1401.993          214.9           25.4          0.000          1.520            0.0
     08/12/2001           2001            0.0            0.0       1399.017          214.6           25.4          0.000          0.000            0.0
     09/12/2001           2001            0.0            0.0       1397.420          214.4           25.3          0.000          0.000            0.0
     10/12/2001           2001            0.0            0.0       1397.187          214.2           25.3          0.000          0.000            0.0
     11/12/2001           2001            0.0            0.0       1398.141          214.0           25.3          0.000          0.000            0.1
     12/12/2001           2001            0.0            0.0       1398.828          213.7           25.3          0.000          2.030            0.0
     13/12/2001           2001            0.0            0.0       1398.511          213.5           25.3          0.000          0.000            0.0
     14/12/2001           2001            0.0            0.0       1398.473          213.2           25.3          0.000          0.000            0.0
     15/12/2001           2001            0.0            0.0       1399.096          213.0           25.1          0.000          0.000            0.1
     16/12/2001           2001            0.0            0.0       1400.303          212.8           25.1          0.000          0.000            0.0
     17/12/2001           2001            0.0            0.0       1402.014          212.6           25.1          0.000          0.000            0.0
     18/12/2001           2001            0.0            0.0       1403.737          212.4           25.1          0.000          0.000            0.0
     19/12/2001           2001            0.0            0.0       1405.364          212.2           25.1          0.000          0.000            0.0
     20/12/2001           2001            0.0            0.0       1407.163          211.9           25.1          0.000          0.000            0.0
     21/12/2001           2001            0.0            0.0       1408.996          211.7           25.1          0.000          0.000            0.0
     22/12/2001           2001            0.0            0.0       1408.305          211.5           25.1          0.000          5.080            0.0
     23/12/2001           2001            0.0            0.0       1404.843          211.3           25.1          0.000          0.000            0.0
     24/12/2001           2001            0.0            0.0       1401.157          211.0           25.1          0.000          0.000            0.0
     25/12/2001           2001            0.0            0.0       1398.001          210.8           25.1          0.000          0.000            0.0
     26/12/2001           2001            0.0            0.0       1395.485          210.6           25.1          0.000          0.000            0.0
     27/12/2001           2001            0.0            0.0       1393.501          210.4           25.1          0.000          0.000            0.0
     28/12/2001           2001            0.0            0.0       1391.895          210.2           25.1          0.000          0.000            0.0
     29/12/2001           2001            0.0            0.0       1390.526          210.0           25.1          0.000          0.000            0.0
     30/12/2001           2001            0.0            0.0       1389.314          209.8           25.1          0.000          0.000            0.0
     31/12/2001           2001            0.0            0.0       1388.207          209.6           25.1          0.000          0.000            0.0
